#
# A fatal error has been detected by the Java Runtime Environment:
#
#  EXCEPTION_ACCESS_VIOLATION (0xc0000005) at pc=0x000000006e9cbbb1, pid=4148, tid=15420
#
# JRE version: OpenJDK Runtime Environment Corretto-11.0.12.7.1 (11.0.12+7) (build 11.0.12+7-LTS)
# Java VM: OpenJDK 64-Bit Server VM Corretto-11.0.12.7.1 (11.0.12+7-LTS, mixed mode, tiered, compressed oops, g1 gc, windows-amd64)
# Problematic frame:
# C  [gdx-box2d64.dll+0xbbb1]
#
# No core dump will be written. Minidumps are not enabled by default on client versions of Windows
#
# If you would like to submit a bug report, please visit:
#   https://github.com/corretto/corretto-11/issues/
# The crash happened outside the Java Virtual Machine in native code.
# See problematic frame for where to report the bug.
#

---------------  S U M M A R Y ------------

Command Line: -Dfile.encoding=windows-1252 -Duser.country=US -Duser.language=en -Duser.variant com.mygdx.nextlevel.desktop.DesktopLauncher

Host: Intel(R) Core(TM) i5-3570 CPU @ 3.40GHz, 4 cores, 7G,  Windows 10 , 64 bit Build 19041 (10.0.19041.1202)
Time: Thu Oct 14 20:57:55 2021 US Eastern Daylight Time elapsed time: 10.451256 seconds (0d 0h 0m 10s)

---------------  T H R E A D  ---------------

Current thread (0x000001ecc4df0000):  JavaThread "LWJGL Application" [_thread_in_native, id=15420, stack(0x000000740fd00000,0x000000740fe00000)]

Stack: [0x000000740fd00000,0x000000740fe00000],  sp=0x000000740fdfebd0,  free space=1018k
Native frames: (J=compiled Java code, j=interpreted, Vv=VM code, C=native code)
C  [gdx-box2d64.dll+0xbbb1]

Java frames: (J=compiled Java code, j=interpreted, Vv=VM code)
j  com.badlogic.gdx.physics.box2d.World.jniCreateBody(JIFFFFFFFFZZZZZF)J+0
j  com.badlogic.gdx.physics.box2d.World.createBody(Lcom/badlogic/gdx/physics/box2d/BodyDef;)Lcom/badlogic/gdx/physics/box2d/Body;+80
j  com.mygdx.nextlevel.actors.Actor.setBody(Lcom/badlogic/gdx/physics/box2d/BodyDef$BodyType;)V+79
j  com.mygdx.nextlevel.actors.Item.<init>(Lcom/badlogic/gdx/graphics/Texture;Lcom/badlogic/gdx/physics/box2d/World;Lcom/badlogic/gdx/math/Vector2;FF)V+53
j  com.mygdx.nextlevel.screens.GameScreen.render(F)V+395
j  com.badlogic.gdx.Game.render()V+19
j  com.mygdx.nextlevel.NextLevel.render()V+1
j  com.badlogic.gdx.backends.lwjgl.LwjglApplication.mainLoop()V+776
j  com.badlogic.gdx.backends.lwjgl.LwjglApplication$1.run()V+27
v  ~StubRoutines::call_stub

siginfo: EXCEPTION_ACCESS_VIOLATION (0xc0000005), reading address 0x000001eec588e5d0


Register to memory mapping:

RIP=0x000000006e9cbbb1 gdx-box2d64.dll
RAX=0x000000006ea10060 gdx-box2d64.dll
RBX=0x000001eec588e5d0 is an unknown value
RCX=0x000001ecc58740e0 points into unknown readable memory: 0x000001ecc588d470 | 70 d4 88 c5 ec 01 00 00
RDX=0x00000000000000b8 is an unknown value
RSP=0x000000740fdfebd0 is pointing into the stack for thread: 0x000001ecc4df0000
RBP=0x000001ecc5874110 points into unknown readable memory: 0x0000000000000000 | 00 00 00 00 00 00 00 00
RSI=0x000001ecc58740e0 points into unknown readable memory: 0x000001ecc588d470 | 70 d4 88 c5 ec 01 00 00
RDI=0x000000740fdfec90 is pointing into the stack for thread: 0x000001ecc4df0000
R8 =0x000001ecc58740e0 points into unknown readable memory: 0x000001ecc588d470 | 70 d4 88 c5 ec 01 00 00
R9 =0x0 is NULL
R10=0x0 is NULL
R11=0x0000000000000001 is an unknown value
R12=0x0 is NULL
R13=0x0000000000000006 is an unknown value
R14=0x000000740fdfee88 is pointing into the stack for thread: 0x000001ecc4df0000
R15=0x000001ecc4df0000 is a thread


Registers:
RAX=0x000000006ea10060, RBX=0x000001eec588e5d0, RCX=0x000001ecc58740e0, RDX=0x00000000000000b8
RSP=0x000000740fdfebd0, RBP=0x000001ecc5874110, RSI=0x000001ecc58740e0, RDI=0x000000740fdfec90
R8 =0x000001ecc58740e0, R9 =0x0000000000000000, R10=0x0000000000000000, R11=0x0000000000000001
R12=0x0000000000000000, R13=0x0000000000000006, R14=0x000000740fdfee88, R15=0x000001ecc4df0000
RIP=0x000000006e9cbbb1, EFLAGS=0x0000000000010202

Top of Stack: (sp=0x000000740fdfebd0)
0x000000740fdfebd0:   000001eccf5fee00 000001ecc4df0000
0x000000740fdfebe0:   00007ff8810703e8 000001eccd621d40
0x000000740fdfebf0:   0000000000000001 000001ecc58740e0
0x000000740fdfec00:   000000740fdfec90 000000740fdfede0
0x000000740fdfec10:   0000000000000000 000001eccf5fee00
0x000000740fdfec20:   000000740fdfee88 000000006e9e1163
0x000000740fdfec30:   000000740fdfecd0 000000740fdfecd0
0x000000740fdfec40:   0000000000000003 000001eccf5fee00
0x000000740fdfec50:   0000000000000001 000001ecc408eb90
0x000000740fdfec60:   00000000000b4a78 000000006e9e6a36
0x000000740fdfec70:   000001ecc4df0000 000000740fdfee88
0x000000740fdfec80:   000000740fdfede0 000001ecadd98f0b
0x000000740fdfec90:   4000000000000000 0000000000000000
0x000000740fdfeca0:   0000000000000000 0000000000000000
0x000000740fdfecb0:   0000010100000000 000000740fdfee01
0x000000740fdfecc0:   0000000000000000 000000003f800000 

Instructions: (pc=0x000000006e9cbbb1)
0x000000006e9cbab1:   3d 89 45 04 00 00 75 5e 48 8d 3d a1 45 04 00 bb
0x000000006e9cbac1:   01 00 00 00 31 f6 48 8d 2d 32 45 03 00 eb 04 48
0x000000006e9cbad1:   83 c7 01 48 63 c6 39 5c 85 00 7d 03 83 c6 01 83
0x000000006e9cbae1:   c3 01 40 88 37 81 fb 81 02 00 00 74 22 83 fe 0d
0x000000006e9cbaf1:   7e dd 48 8d 15 56 60 03 00 48 8d 0d bb 60 03 00
0x000000006e9cbb01:   41 b8 49 00 00 00 e8 c4 aa 02 00 eb c2 66 90 c6
0x000000006e9cbb11:   05 29 45 04 00 01 48 83 c4 28 5b 5e 5f 5d c3 57
0x000000006e9cbb21:   56 53 48 83 ec 20 8b 41 08 31 f6 31 db 48 89 cf
0x000000006e9cbb31:   85 c0 7e 19 48 8b 07 83 c3 01 48 8b 4c 30 08 48
0x000000006e9cbb41:   83 c6 10 e8 c7 08 00 00 39 5f 08 7f e7 48 8b 0f
0x000000006e9cbb51:   48 83 c4 20 5b 5e 5f e9 b3 08 00 00 90 66 90 41
0x000000006e9cbb61:   56 41 55 41 54 55 57 56 53 48 83 ec 20 48 63 da
0x000000006e9cbb71:   48 89 ce 83 fb 00 0f 84 66 01 00 00 0f 8e 42 01
0x000000006e9cbb81:   00 00 81 fb 80 02 00 00 0f 8f 21 01 00 00 48 8d
0x000000006e9cbb91:   05 ca 44 04 00 44 0f b6 2c 18 41 80 fd 0d 4c 89
0x000000006e9cbba1:   eb 77 2c 48 8d 2c de 48 8b 5d 10 48 85 db 74 45
0x000000006e9cbbb1:   48 8b 03 48 89 45 10 48 89 d8 48 83 c4 20 5b 5e
0x000000006e9cbbc1:   5f 5d 41 5c 41 5d 41 5e c3 66 0f 1f 44 00 00 48
0x000000006e9cbbd1:   8d 15 79 5f 03 00 48 8d 0d fa 5f 03 00 48 8d 2c
0x000000006e9cbbe1:   de 41 b8 70 00 00 00 e8 e3 a9 02 00 48 8b 5d 10
0x000000006e9cbbf1:   48 85 db 75 bb 4c 63 66 08 44 3b 66 0c 0f 84 1c
0x000000006e9cbc01:   01 00 00 49 c1 e4 04 4c 03 26 b9 00 40 00 00 e8
0x000000006e9cbc11:   eb 07 00 00 48 89 c3 4d 63 ed 49 89 44 24 08 48
0x000000006e9cbc21:   8d 05 d9 43 03 00 42 8b 3c a8 b8 00 40 00 00 99
0x000000006e9cbc31:   f7 ff 41 89 fd 41 89 3c 24 44 0f af e8 41 89 c6
0x000000006e9cbc41:   41 81 fd 00 40 00 00 0f 8f a6 00 00 00 41 83 fe
0x000000006e9cbc51:   01 7e 2a 4c 63 c7 41 8d 46 ff 31 d2 4d 89 c1 4a
0x000000006e9cbc61:   8d 0c 03 49 f7 d9 66 0f 1f 84 00 00 00 00 00 83
0x000000006e9cbc71:   c2 01 4a 89 0c 09 4c 01 c1 39 c2 75 f2 41 29 fd
0x000000006e9cbc81:   4d 63 ed 4a c7 04 2b 00 00 00 00 48 8b 03 48 89
0x000000006e9cbc91:   45 10 83 46 08 01 48 89 d8 48 83 c4 20 5b 5e 5f
0x000000006e9cbca1:   5d 41 5c 41 5d 41 5e c3 0f 1f 80 00 00 00 00 89 


Stack slot to memory mapping:
stack at sp + 0 slots: {method} {0x000001eccf5fee08} 'jniCreateBody' '(JIFFFFFFFFZZZZZF)J' in 'com/badlogic/gdx/physics/box2d/World'
stack at sp + 1 slots: 0x000001ecc4df0000 is a thread
stack at sp + 2 slots: 0x00007ff8810703e8 jvm.dll
stack at sp + 3 slots: 0x000001eccd621d40 points into unknown readable memory: 0x4a28855100010013 | 13 00 01 00 51 85 28 4a
stack at sp + 4 slots: 0x0000000000000001 is an unknown value
stack at sp + 5 slots: 0x000001ecc58740e0 points into unknown readable memory: 0x000001ecc588d470 | 70 d4 88 c5 ec 01 00 00
stack at sp + 6 slots: 0x000000740fdfec90 is pointing into the stack for thread: 0x000001ecc4df0000
stack at sp + 7 slots: 0x000000740fdfede0 is pointing into the stack for thread: 0x000001ecc4df0000


---------------  P R O C E S S  ---------------

Threads class SMR info:
_java_thread_list=0x000001ecc7433ed0, length=12, elements={
0x000001ecc3e55800, 0x000001ecc3e5f000, 0x000001ecc3e4e000, 0x000001ecc3e51800,
0x000001ecc3e66000, 0x000001ecc3e6d800, 0x000001ecc3e78800, 0x000001ecc482e000,
0x000001ecc494d800, 0x000001ecc4df0000, 0x000001eca5672000, 0x000001eccd418800
}

Java Threads: ( => current thread )
  0x000001ecc3e55800 JavaThread "Reference Handler" daemon [_thread_blocked, id=9788, stack(0x000000740f100000,0x000000740f200000)]
  0x000001ecc3e5f000 JavaThread "Finalizer" daemon [_thread_blocked, id=18104, stack(0x000000740f200000,0x000000740f300000)]
  0x000001ecc3e4e000 JavaThread "Signal Dispatcher" daemon [_thread_blocked, id=13012, stack(0x000000740f300000,0x000000740f400000)]
  0x000001ecc3e51800 JavaThread "Attach Listener" daemon [_thread_blocked, id=10160, stack(0x000000740f400000,0x000000740f500000)]
  0x000001ecc3e66000 JavaThread "Service Thread" daemon [_thread_blocked, id=552, stack(0x000000740f500000,0x000000740f600000)]
  0x000001ecc3e6d800 JavaThread "C2 CompilerThread0" daemon [_thread_blocked, id=12652, stack(0x000000740f600000,0x000000740f700000)]
  0x000001ecc3e78800 JavaThread "C1 CompilerThread0" daemon [_thread_blocked, id=15680, stack(0x000000740f700000,0x000000740f800000)]
  0x000001ecc482e000 JavaThread "Sweeper thread" daemon [_thread_blocked, id=19136, stack(0x000000740f800000,0x000000740f900000)]
  0x000001ecc494d800 JavaThread "Common-Cleaner" daemon [_thread_blocked, id=15468, stack(0x000000740fa00000,0x000000740fb00000)]
=>0x000001ecc4df0000 JavaThread "LWJGL Application" [_thread_in_native, id=15420, stack(0x000000740fd00000,0x000000740fe00000)]
  0x000001eca5672000 JavaThread "DestroyJavaVM" [_thread_blocked, id=10140, stack(0x000000740ea00000,0x000000740eb00000)]
  0x000001eccd418800 JavaThread "LWJGL Timer" daemon [_thread_blocked, id=15380, stack(0x0000007410400000,0x0000007410500000)]

Other Threads:
  0x000001ecc3e1d800 VMThread "VM Thread" [stack: 0x000000740f000000,0x000000740f100000] [id=8108]
  0x000001ecc494d000 WatcherThread [stack: 0x000000740f900000,0x000000740fa00000] [id=13152]
  0x000001eca568d000 GCTaskThread "GC Thread#0" [stack: 0x000000740eb00000,0x000000740ec00000] [id=3924]
  0x000001ecc752d800 GCTaskThread "GC Thread#1" [stack: 0x0000007410100000,0x0000007410200000] [id=4656]
  0x000001ecc752e800 GCTaskThread "GC Thread#2" [stack: 0x0000007410200000,0x0000007410300000] [id=13744]
  0x000001ecc7518000 GCTaskThread "GC Thread#3" [stack: 0x0000007410300000,0x0000007410400000] [id=4124]
  0x000001eca56bf800 ConcurrentGCThread "G1 Main Marker" [stack: 0x000000740ec00000,0x000000740ed00000] [id=980]
  0x000001eca56c2800 ConcurrentGCThread "G1 Conc#0" [stack: 0x000000740ed00000,0x000000740ee00000] [id=5816]
  0x000001ecc3c90800 ConcurrentGCThread "G1 Refine#0" [stack: 0x000000740ee00000,0x000000740ef00000] [id=8068]
  0x000001ecc3c91000 ConcurrentGCThread "G1 Young RemSet Sampling" [stack: 0x000000740ef00000,0x000000740f000000] [id=11652]

Threads with active compile tasks:

VM state:not at safepoint (normal execution)

VM Mutex/Monitor currently owned by a thread: None

Heap address: 0x0000000080800000, size: 2040 MB, Compressed Oops mode: 32-bit
Narrow klass base: 0x0000000000000000, Narrow klass shift: 3
Compressed class space size: 1073741824 Address: 0x0000000100000000

Heap:
 garbage-first heap   total 131072K, used 57036K [0x0000000080800000, 0x0000000100000000)
  region size 1024K, 58 young (59392K), 3 survivors (3072K)
 Metaspace       used 12025K, capacity 12091K, committed 12288K, reserved 1060864K
  class space    used 970K, capacity 990K, committed 1024K, reserved 1048576K
Heap Regions: E=young(eden), S=young(survivor), O=old, HS=humongous(starts), HC=humongous(continues), CS=collection set, F=free, A=archive, TAMS=top-at-mark-start (previous, next)
|   0|0x0000000080800000, 0x0000000080811400, 0x0000000080900000|  6%| O|  |TAMS 0x0000000080800000, 0x0000000080800000| Untracked 
|   1|0x0000000080900000, 0x0000000080900000, 0x0000000080a00000|  0%| F|  |TAMS 0x0000000080900000, 0x0000000080900000| Untracked 
|   2|0x0000000080a00000, 0x0000000080a00000, 0x0000000080b00000|  0%| F|  |TAMS 0x0000000080a00000, 0x0000000080a00000| Untracked 
|   3|0x0000000080b00000, 0x0000000080b00000, 0x0000000080c00000|  0%| F|  |TAMS 0x0000000080b00000, 0x0000000080b00000| Untracked 
|   4|0x0000000080c00000, 0x0000000080c00000, 0x0000000080d00000|  0%| F|  |TAMS 0x0000000080c00000, 0x0000000080c00000| Untracked 
|   5|0x0000000080d00000, 0x0000000080d00000, 0x0000000080e00000|  0%| F|  |TAMS 0x0000000080d00000, 0x0000000080d00000| Untracked 
|   6|0x0000000080e00000, 0x0000000080e00000, 0x0000000080f00000|  0%| F|  |TAMS 0x0000000080e00000, 0x0000000080e00000| Untracked 
|   7|0x0000000080f00000, 0x0000000080f00000, 0x0000000081000000|  0%| F|  |TAMS 0x0000000080f00000, 0x0000000080f00000| Untracked 
|   8|0x0000000081000000, 0x0000000081000000, 0x0000000081100000|  0%| F|  |TAMS 0x0000000081000000, 0x0000000081000000| Untracked 
|   9|0x0000000081100000, 0x0000000081100000, 0x0000000081200000|  0%| F|  |TAMS 0x0000000081100000, 0x0000000081100000| Untracked 
|  10|0x0000000081200000, 0x0000000081200000, 0x0000000081300000|  0%| F|  |TAMS 0x0000000081200000, 0x0000000081200000| Untracked 
|  11|0x0000000081300000, 0x0000000081300000, 0x0000000081400000|  0%| F|  |TAMS 0x0000000081300000, 0x0000000081300000| Untracked 
|  12|0x0000000081400000, 0x0000000081400000, 0x0000000081500000|  0%| F|  |TAMS 0x0000000081400000, 0x0000000081400000| Untracked 
|  13|0x0000000081500000, 0x0000000081500000, 0x0000000081600000|  0%| F|  |TAMS 0x0000000081500000, 0x0000000081500000| Untracked 
|  14|0x0000000081600000, 0x0000000081600000, 0x0000000081700000|  0%| F|  |TAMS 0x0000000081600000, 0x0000000081600000| Untracked 
|  15|0x0000000081700000, 0x0000000081700000, 0x0000000081800000|  0%| F|  |TAMS 0x0000000081700000, 0x0000000081700000| Untracked 
|  16|0x0000000081800000, 0x0000000081800000, 0x0000000081900000|  0%| F|  |TAMS 0x0000000081800000, 0x0000000081800000| Untracked 
|  17|0x0000000081900000, 0x0000000081900000, 0x0000000081a00000|  0%| F|  |TAMS 0x0000000081900000, 0x0000000081900000| Untracked 
|  18|0x0000000081a00000, 0x0000000081a00000, 0x0000000081b00000|  0%| F|  |TAMS 0x0000000081a00000, 0x0000000081a00000| Untracked 
|  19|0x0000000081b00000, 0x0000000081b00000, 0x0000000081c00000|  0%| F|  |TAMS 0x0000000081b00000, 0x0000000081b00000| Untracked 
|  20|0x0000000081c00000, 0x0000000081c00000, 0x0000000081d00000|  0%| F|  |TAMS 0x0000000081c00000, 0x0000000081c00000| Untracked 
|  21|0x0000000081d00000, 0x0000000081d00000, 0x0000000081e00000|  0%| F|  |TAMS 0x0000000081d00000, 0x0000000081d00000| Untracked 
|  22|0x0000000081e00000, 0x0000000081e00000, 0x0000000081f00000|  0%| F|  |TAMS 0x0000000081e00000, 0x0000000081e00000| Untracked 
|  23|0x0000000081f00000, 0x0000000081f00000, 0x0000000082000000|  0%| F|  |TAMS 0x0000000081f00000, 0x0000000081f00000| Untracked 
|  24|0x0000000082000000, 0x0000000082000000, 0x0000000082100000|  0%| F|  |TAMS 0x0000000082000000, 0x0000000082000000| Untracked 
|  25|0x0000000082100000, 0x0000000082100000, 0x0000000082200000|  0%| F|  |TAMS 0x0000000082100000, 0x0000000082100000| Untracked 
|  26|0x0000000082200000, 0x0000000082200000, 0x0000000082300000|  0%| F|  |TAMS 0x0000000082200000, 0x0000000082200000| Untracked 
|  27|0x0000000082300000, 0x0000000082300000, 0x0000000082400000|  0%| F|  |TAMS 0x0000000082300000, 0x0000000082300000| Untracked 
|  28|0x0000000082400000, 0x0000000082400000, 0x0000000082500000|  0%| F|  |TAMS 0x0000000082400000, 0x0000000082400000| Untracked 
|  29|0x0000000082500000, 0x0000000082500000, 0x0000000082600000|  0%| F|  |TAMS 0x0000000082500000, 0x0000000082500000| Untracked 
|  30|0x0000000082600000, 0x0000000082600000, 0x0000000082700000|  0%| F|  |TAMS 0x0000000082600000, 0x0000000082600000| Untracked 
|  31|0x0000000082700000, 0x0000000082700000, 0x0000000082800000|  0%| F|  |TAMS 0x0000000082700000, 0x0000000082700000| Untracked 
|  32|0x0000000082800000, 0x0000000082800000, 0x0000000082900000|  0%| F|  |TAMS 0x0000000082800000, 0x0000000082800000| Untracked 
|  33|0x0000000082900000, 0x0000000082900000, 0x0000000082a00000|  0%| F|  |TAMS 0x0000000082900000, 0x0000000082900000| Untracked 
|  34|0x0000000082a00000, 0x0000000082a00000, 0x0000000082b00000|  0%| F|  |TAMS 0x0000000082a00000, 0x0000000082a00000| Untracked 
|  35|0x0000000082b00000, 0x0000000082b00000, 0x0000000082c00000|  0%| F|  |TAMS 0x0000000082b00000, 0x0000000082b00000| Untracked 
|  36|0x0000000082c00000, 0x0000000082c00000, 0x0000000082d00000|  0%| F|  |TAMS 0x0000000082c00000, 0x0000000082c00000| Untracked 
|  37|0x0000000082d00000, 0x0000000082d00000, 0x0000000082e00000|  0%| F|  |TAMS 0x0000000082d00000, 0x0000000082d00000| Untracked 
|  38|0x0000000082e00000, 0x0000000082e00000, 0x0000000082f00000|  0%| F|  |TAMS 0x0000000082e00000, 0x0000000082e00000| Untracked 
|  39|0x0000000082f00000, 0x0000000082f00000, 0x0000000083000000|  0%| F|  |TAMS 0x0000000082f00000, 0x0000000082f00000| Untracked 
|  40|0x0000000083000000, 0x0000000083000000, 0x0000000083100000|  0%| F|  |TAMS 0x0000000083000000, 0x0000000083000000| Untracked 
|  41|0x0000000083100000, 0x0000000083100000, 0x0000000083200000|  0%| F|  |TAMS 0x0000000083100000, 0x0000000083100000| Untracked 
|  42|0x0000000083200000, 0x0000000083200000, 0x0000000083300000|  0%| F|  |TAMS 0x0000000083200000, 0x0000000083200000| Untracked 
|  43|0x0000000083300000, 0x0000000083300000, 0x0000000083400000|  0%| F|  |TAMS 0x0000000083300000, 0x0000000083300000| Untracked 
|  44|0x0000000083400000, 0x0000000083400000, 0x0000000083500000|  0%| F|  |TAMS 0x0000000083400000, 0x0000000083400000| Untracked 
|  45|0x0000000083500000, 0x0000000083500000, 0x0000000083600000|  0%| F|  |TAMS 0x0000000083500000, 0x0000000083500000| Untracked 
|  46|0x0000000083600000, 0x0000000083600000, 0x0000000083700000|  0%| F|  |TAMS 0x0000000083600000, 0x0000000083600000| Untracked 
|  47|0x0000000083700000, 0x0000000083700000, 0x0000000083800000|  0%| F|  |TAMS 0x0000000083700000, 0x0000000083700000| Untracked 
|  48|0x0000000083800000, 0x0000000083800000, 0x0000000083900000|  0%| F|  |TAMS 0x0000000083800000, 0x0000000083800000| Untracked 
|  49|0x0000000083900000, 0x00000000839a1d28, 0x0000000083a00000| 63%| S|CS|TAMS 0x0000000083900000, 0x0000000083900000| Complete 
|  50|0x0000000083a00000, 0x0000000083b00000, 0x0000000083b00000|100%| S|CS|TAMS 0x0000000083a00000, 0x0000000083a00000| Complete 
|  51|0x0000000083b00000, 0x0000000083c00000, 0x0000000083c00000|100%| S|CS|TAMS 0x0000000083b00000, 0x0000000083b00000| Complete 
|  52|0x0000000083c00000, 0x0000000083c00000, 0x0000000083d00000|  0%| F|  |TAMS 0x0000000083c00000, 0x0000000083c00000| Untracked 
|  53|0x0000000083d00000, 0x0000000083d00000, 0x0000000083e00000|  0%| F|  |TAMS 0x0000000083d00000, 0x0000000083d00000| Untracked 
|  54|0x0000000083e00000, 0x0000000083e00000, 0x0000000083f00000|  0%| F|  |TAMS 0x0000000083e00000, 0x0000000083e00000| Untracked 
|  55|0x0000000083f00000, 0x0000000083f00000, 0x0000000084000000|  0%| F|  |TAMS 0x0000000083f00000, 0x0000000083f00000| Untracked 
|  56|0x0000000084000000, 0x0000000084000000, 0x0000000084100000|  0%| F|  |TAMS 0x0000000084000000, 0x0000000084000000| Untracked 
|  57|0x0000000084100000, 0x0000000084100000, 0x0000000084200000|  0%| F|  |TAMS 0x0000000084100000, 0x0000000084100000| Untracked 
|  58|0x0000000084200000, 0x0000000084200000, 0x0000000084300000|  0%| F|  |TAMS 0x0000000084200000, 0x0000000084200000| Untracked 
|  59|0x0000000084300000, 0x0000000084300000, 0x0000000084400000|  0%| F|  |TAMS 0x0000000084300000, 0x0000000084300000| Untracked 
|  60|0x0000000084400000, 0x0000000084400000, 0x0000000084500000|  0%| F|  |TAMS 0x0000000084400000, 0x0000000084400000| Untracked 
|  61|0x0000000084500000, 0x0000000084500000, 0x0000000084600000|  0%| F|  |TAMS 0x0000000084500000, 0x0000000084500000| Untracked 
|  62|0x0000000084600000, 0x0000000084600000, 0x0000000084700000|  0%| F|  |TAMS 0x0000000084600000, 0x0000000084600000| Untracked 
|  63|0x0000000084700000, 0x0000000084700000, 0x0000000084800000|  0%| F|  |TAMS 0x0000000084700000, 0x0000000084700000| Untracked 
|  64|0x0000000084800000, 0x0000000084800000, 0x0000000084900000|  0%| F|  |TAMS 0x0000000084800000, 0x0000000084800000| Untracked 
|  65|0x0000000084900000, 0x0000000084900000, 0x0000000084a00000|  0%| F|  |TAMS 0x0000000084900000, 0x0000000084900000| Untracked 
|  66|0x0000000084a00000, 0x0000000084a00000, 0x0000000084b00000|  0%| F|  |TAMS 0x0000000084a00000, 0x0000000084a00000| Untracked 
|  67|0x0000000084b00000, 0x0000000084b00000, 0x0000000084c00000|  0%| F|  |TAMS 0x0000000084b00000, 0x0000000084b00000| Untracked 
|  68|0x0000000084c00000, 0x0000000084c00000, 0x0000000084d00000|  0%| F|  |TAMS 0x0000000084c00000, 0x0000000084c00000| Untracked 
|  69|0x0000000084d00000, 0x0000000084d00000, 0x0000000084e00000|  0%| F|  |TAMS 0x0000000084d00000, 0x0000000084d00000| Untracked 
|  70|0x0000000084e00000, 0x0000000084e00000, 0x0000000084f00000|  0%| F|  |TAMS 0x0000000084e00000, 0x0000000084e00000| Untracked 
|  71|0x0000000084f00000, 0x0000000084f00000, 0x0000000085000000|  0%| F|  |TAMS 0x0000000084f00000, 0x0000000084f00000| Untracked 
|  72|0x0000000085000000, 0x0000000085000000, 0x0000000085100000|  0%| F|  |TAMS 0x0000000085000000, 0x0000000085000000| Untracked 
|  73|0x0000000085100000, 0x0000000085200000, 0x0000000085200000|100%| E|  |TAMS 0x0000000085100000, 0x0000000085100000| Complete 
|  74|0x0000000085200000, 0x0000000085300000, 0x0000000085300000|100%| E|  |TAMS 0x0000000085200000, 0x0000000085200000| Complete 
|  75|0x0000000085300000, 0x0000000085400000, 0x0000000085400000|100%| E|CS|TAMS 0x0000000085300000, 0x0000000085300000| Complete 
|  76|0x0000000085400000, 0x0000000085500000, 0x0000000085500000|100%| E|CS|TAMS 0x0000000085400000, 0x0000000085400000| Complete 
|  77|0x0000000085500000, 0x0000000085600000, 0x0000000085600000|100%| E|CS|TAMS 0x0000000085500000, 0x0000000085500000| Complete 
|  78|0x0000000085600000, 0x0000000085700000, 0x0000000085700000|100%| E|CS|TAMS 0x0000000085600000, 0x0000000085600000| Complete 
|  79|0x0000000085700000, 0x0000000085800000, 0x0000000085800000|100%| E|CS|TAMS 0x0000000085700000, 0x0000000085700000| Complete 
|  80|0x0000000085800000, 0x0000000085900000, 0x0000000085900000|100%| E|CS|TAMS 0x0000000085800000, 0x0000000085800000| Complete 
|  81|0x0000000085900000, 0x0000000085a00000, 0x0000000085a00000|100%| E|CS|TAMS 0x0000000085900000, 0x0000000085900000| Complete 
|  82|0x0000000085a00000, 0x0000000085b00000, 0x0000000085b00000|100%| E|CS|TAMS 0x0000000085a00000, 0x0000000085a00000| Complete 
|  83|0x0000000085b00000, 0x0000000085c00000, 0x0000000085c00000|100%| E|CS|TAMS 0x0000000085b00000, 0x0000000085b00000| Complete 
|  84|0x0000000085c00000, 0x0000000085d00000, 0x0000000085d00000|100%| E|CS|TAMS 0x0000000085c00000, 0x0000000085c00000| Complete 
|  85|0x0000000085d00000, 0x0000000085e00000, 0x0000000085e00000|100%| E|CS|TAMS 0x0000000085d00000, 0x0000000085d00000| Complete 
|  86|0x0000000085e00000, 0x0000000085f00000, 0x0000000085f00000|100%| E|CS|TAMS 0x0000000085e00000, 0x0000000085e00000| Complete 
|  87|0x0000000085f00000, 0x0000000086000000, 0x0000000086000000|100%| E|CS|TAMS 0x0000000085f00000, 0x0000000085f00000| Complete 
|  88|0x0000000086000000, 0x0000000086100000, 0x0000000086100000|100%| E|CS|TAMS 0x0000000086000000, 0x0000000086000000| Complete 
|  89|0x0000000086100000, 0x0000000086200000, 0x0000000086200000|100%| E|CS|TAMS 0x0000000086100000, 0x0000000086100000| Complete 
|  90|0x0000000086200000, 0x0000000086300000, 0x0000000086300000|100%| E|CS|TAMS 0x0000000086200000, 0x0000000086200000| Complete 
|  91|0x0000000086300000, 0x0000000086400000, 0x0000000086400000|100%| E|CS|TAMS 0x0000000086300000, 0x0000000086300000| Complete 
|  92|0x0000000086400000, 0x0000000086500000, 0x0000000086500000|100%| E|CS|TAMS 0x0000000086400000, 0x0000000086400000| Complete 
|  93|0x0000000086500000, 0x0000000086600000, 0x0000000086600000|100%| E|CS|TAMS 0x0000000086500000, 0x0000000086500000| Complete 
|  94|0x0000000086600000, 0x0000000086700000, 0x0000000086700000|100%| E|CS|TAMS 0x0000000086600000, 0x0000000086600000| Complete 
|  95|0x0000000086700000, 0x0000000086800000, 0x0000000086800000|100%| E|CS|TAMS 0x0000000086700000, 0x0000000086700000| Complete 
|  96|0x0000000086800000, 0x0000000086900000, 0x0000000086900000|100%| E|CS|TAMS 0x0000000086800000, 0x0000000086800000| Complete 
|  97|0x0000000086900000, 0x0000000086a00000, 0x0000000086a00000|100%| E|CS|TAMS 0x0000000086900000, 0x0000000086900000| Complete 
|  98|0x0000000086a00000, 0x0000000086b00000, 0x0000000086b00000|100%| E|CS|TAMS 0x0000000086a00000, 0x0000000086a00000| Complete 
|  99|0x0000000086b00000, 0x0000000086c00000, 0x0000000086c00000|100%| E|CS|TAMS 0x0000000086b00000, 0x0000000086b00000| Complete 
| 100|0x0000000086c00000, 0x0000000086d00000, 0x0000000086d00000|100%| E|CS|TAMS 0x0000000086c00000, 0x0000000086c00000| Complete 
| 101|0x0000000086d00000, 0x0000000086e00000, 0x0000000086e00000|100%| E|CS|TAMS 0x0000000086d00000, 0x0000000086d00000| Complete 
| 102|0x0000000086e00000, 0x0000000086f00000, 0x0000000086f00000|100%| E|CS|TAMS 0x0000000086e00000, 0x0000000086e00000| Complete 
| 103|0x0000000086f00000, 0x0000000087000000, 0x0000000087000000|100%| E|CS|TAMS 0x0000000086f00000, 0x0000000086f00000| Complete 
| 104|0x0000000087000000, 0x0000000087100000, 0x0000000087100000|100%| E|CS|TAMS 0x0000000087000000, 0x0000000087000000| Complete 
| 105|0x0000000087100000, 0x0000000087200000, 0x0000000087200000|100%| E|CS|TAMS 0x0000000087100000, 0x0000000087100000| Complete 
| 106|0x0000000087200000, 0x0000000087300000, 0x0000000087300000|100%| E|CS|TAMS 0x0000000087200000, 0x0000000087200000| Complete 
| 107|0x0000000087300000, 0x0000000087400000, 0x0000000087400000|100%| E|CS|TAMS 0x0000000087300000, 0x0000000087300000| Complete 
| 108|0x0000000087400000, 0x0000000087500000, 0x0000000087500000|100%| E|CS|TAMS 0x0000000087400000, 0x0000000087400000| Complete 
| 109|0x0000000087500000, 0x0000000087600000, 0x0000000087600000|100%| E|CS|TAMS 0x0000000087500000, 0x0000000087500000| Complete 
| 110|0x0000000087600000, 0x0000000087700000, 0x0000000087700000|100%| E|CS|TAMS 0x0000000087600000, 0x0000000087600000| Complete 
| 111|0x0000000087700000, 0x0000000087800000, 0x0000000087800000|100%| E|CS|TAMS 0x0000000087700000, 0x0000000087700000| Complete 
| 112|0x0000000087800000, 0x0000000087900000, 0x0000000087900000|100%| E|CS|TAMS 0x0000000087800000, 0x0000000087800000| Complete 
| 113|0x0000000087900000, 0x0000000087a00000, 0x0000000087a00000|100%| E|CS|TAMS 0x0000000087900000, 0x0000000087900000| Complete 
| 114|0x0000000087a00000, 0x0000000087b00000, 0x0000000087b00000|100%| E|CS|TAMS 0x0000000087a00000, 0x0000000087a00000| Complete 
| 115|0x0000000087b00000, 0x0000000087c00000, 0x0000000087c00000|100%| E|CS|TAMS 0x0000000087b00000, 0x0000000087b00000| Complete 
| 116|0x0000000087c00000, 0x0000000087d00000, 0x0000000087d00000|100%| E|CS|TAMS 0x0000000087c00000, 0x0000000087c00000| Complete 
| 117|0x0000000087d00000, 0x0000000087e00000, 0x0000000087e00000|100%| E|CS|TAMS 0x0000000087d00000, 0x0000000087d00000| Complete 
| 118|0x0000000087e00000, 0x0000000087f00000, 0x0000000087f00000|100%| E|CS|TAMS 0x0000000087e00000, 0x0000000087e00000| Complete 
| 119|0x0000000087f00000, 0x0000000088000000, 0x0000000088000000|100%| E|CS|TAMS 0x0000000087f00000, 0x0000000087f00000| Complete 
| 120|0x0000000088000000, 0x0000000088100000, 0x0000000088100000|100%| E|CS|TAMS 0x0000000088000000, 0x0000000088000000| Complete 
| 121|0x0000000088100000, 0x0000000088200000, 0x0000000088200000|100%| E|CS|TAMS 0x0000000088100000, 0x0000000088100000| Complete 
| 122|0x0000000088200000, 0x0000000088300000, 0x0000000088300000|100%| E|CS|TAMS 0x0000000088200000, 0x0000000088200000| Complete 
| 123|0x0000000088300000, 0x0000000088400000, 0x0000000088400000|100%| E|CS|TAMS 0x0000000088300000, 0x0000000088300000| Complete 
| 124|0x0000000088400000, 0x0000000088500000, 0x0000000088500000|100%| E|CS|TAMS 0x0000000088400000, 0x0000000088400000| Complete 
| 125|0x0000000088500000, 0x0000000088600000, 0x0000000088600000|100%| E|CS|TAMS 0x0000000088500000, 0x0000000088500000| Complete 
| 126|0x0000000088600000, 0x0000000088700000, 0x0000000088700000|100%| E|CS|TAMS 0x0000000088600000, 0x0000000088600000| Complete 
| 127|0x0000000088700000, 0x0000000088800000, 0x0000000088800000|100%| E|CS|TAMS 0x0000000088700000, 0x0000000088700000| Complete 

Card table byte_map: [0x000001ecbd190000,0x000001ecbd590000] _byte_map_base: 0x000001ecbcd8c000

Marking Bits (Prev, Next): (CMBitMap*) 0x000001eca56b6bb8, (CMBitMap*) 0x000001eca56b6bf0
 Prev Bits: [0x000001ecbd990000, 0x000001ecbf970000)
 Next Bits: [0x000001ecbf970000, 0x000001ecc1950000)

Polling page: 0x000001eca35a0000

Metaspace:

Usage:
  Non-class:     10.84 MB capacity,    10.80 MB (>99%) used,    37.54 KB ( <1%) free+waste,     8.94 KB ( <1%) overhead. 
      Class:    990.00 KB capacity,   970.71 KB ( 98%) used,    16.73 KB (  2%) free+waste,     2.56 KB ( <1%) overhead. 
       Both:     11.81 MB capacity,    11.74 MB (>99%) used,    54.27 KB ( <1%) free+waste,    11.50 KB ( <1%) overhead. 

Virtual space:
  Non-class space:       12.00 MB reserved,      11.00 MB ( 92%) committed 
      Class space:        1.00 GB reserved,       1.00 MB ( <1%) committed 
             Both:        1.01 GB reserved,      12.00 MB (  1%) committed 

Chunk freelists:
   Non-Class:  99.00 KB
       Class:  2.00 KB
        Both:  101.00 KB

MaxMetaspaceSize: 17179869184.00 GB
CompressedClassSpaceSize: 1.00 GB
Initial GC threshold: 20.80 MB
Current GC threshold: 20.80 MB
CDS: off

CodeHeap 'non-profiled nmethods': size=120064Kb used=515Kb max_used=515Kb free=119548Kb
 bounds [0x000001ecb5850000, 0x000001ecb5ac0000, 0x000001ecbcd90000]
CodeHeap 'profiled nmethods': size=120000Kb used=2736Kb max_used=2736Kb free=117263Kb
 bounds [0x000001ecae320000, 0x000001ecae5d0000, 0x000001ecb5850000]
CodeHeap 'non-nmethods': size=5696Kb used=1273Kb max_used=1297Kb free=4422Kb
 bounds [0x000001ecadd90000, 0x000001ecae000000, 0x000001ecae320000]
 total_blobs=1943 nmethods=1380 adapters=476
 compilation: enabled
              stopped_count=0, restarted_count=0
 full_count=0

Compilation events (20 events):
Event: 10.195 Thread 0x000001ecc3e78800 nmethod 1367 0x000001ecae5c4210 code [0x000001ecae5c43e0, 0x000001ecae5c46a8]
Event: 10.248 Thread 0x000001ecc3e78800 1368       3       com.badlogic.gdx.scenes.scene2d.Group::computeTransform (126 bytes)
Event: 10.248 Thread 0x000001ecc3e78800 nmethod 1368 0x000001ecae5c4790 code [0x000001ecae5c49a0, 0x000001ecae5c4e18]
Event: 10.263 Thread 0x000001ecc3e78800 1369       3       java.io.OutputStream::<init> (5 bytes)
Event: 10.263 Thread 0x000001ecc3e78800 nmethod 1369 0x000001ecae5c5010 code [0x000001ecae5c51c0, 0x000001ecae5c5318]
Event: 10.279 Thread 0x000001ecc3e78800 1370       3       org.lwjgl.opengl.APIUtil::getBufferInt (8 bytes)
Event: 10.279 Thread 0x000001ecc3e78800 nmethod 1370 0x000001ecae5c5410 code [0x000001ecae5c55c0, 0x000001ecae5c56b8]
Event: 10.367 Thread 0x000001ecc3e78800 1371  s    3       java.io.BufferedInputStream::available (35 bytes)
Event: 10.367 Thread 0x000001ecc3e78800 nmethod 1371 0x000001ecae5c5790 code [0x000001ecae5c5980, 0x000001ecae5c5e98]
Event: 10.416 Thread 0x000001ecc3e78800 1372       3       org.lwjgl.MemoryUtil::getAddressSafe (13 bytes)
Event: 10.416 Thread 0x000001ecc3e78800 nmethod 1372 0x000001ecae5c6010 code [0x000001ecae5c6200, 0x000001ecae5c6558]
Event: 10.428 Thread 0x000001ecc3e78800 1373       3       com.badlogic.gdx.graphics.Texture::<init> (11 bytes)
Event: 10.429 Thread 0x000001ecc3e78800 nmethod 1373 0x000001ecae5c6710 code [0x000001ecae5c6940, 0x000001ecae5c6dc8]
Event: 10.429 Thread 0x000001ecc3e78800 1374       3       com.badlogic.gdx.graphics.TextureData$Factory::loadFromFile (108 bytes)
Event: 10.430 Thread 0x000001ecc3e78800 nmethod 1374 0x000001ecae5c7090 code [0x000001ecae5c7440, 0x000001ecae5c88d8]
Event: 10.430 Thread 0x000001ecc3e78800 1375       3       com.badlogic.gdx.files.FileHandle::estimateLength (18 bytes)
Event: 10.430 Thread 0x000001ecc3e78800 nmethod 1375 0x000001ecae5c9110 code [0x000001ecae5c92c0, 0x000001ecae5c94c8]
Event: 10.430 Thread 0x000001ecc3e78800 1376   !   3       com.badlogic.gdx.files.FileHandle::length (74 bytes)
Event: 10.431 Thread 0x000001ecc3e78800 nmethod 1376 0x000001ecae5c9590 code [0x000001ecae5c9840, 0x000001ecae5ca498]
Event: 10.434 Thread 0x000001ecc3e78800 1378       3       com.badlogic.gdx.graphics.glutils.FileTextureData::prepare (114 bytes)

GC Heap History (4 events):
Event: 0.983 GC heap before
{Heap before GC invocations=0 (full 0):
 garbage-first heap   total 131072K, used 13312K [0x0000000080800000, 0x0000000100000000)
  region size 1024K, 14 young (14336K), 0 survivors (0K)
 Metaspace       used 10406K, capacity 10523K, committed 10624K, reserved 1058816K
  class space    used 862K, capacity 894K, committed 896K, reserved 1048576K
}
Event: 0.990 GC heap after
{Heap after GC invocations=1 (full 0):
 garbage-first heap   total 131072K, used 2117K [0x0000000080800000, 0x0000000100000000)
  region size 1024K, 2 young (2048K), 2 survivors (2048K)
 Metaspace       used 10406K, capacity 10523K, committed 10624K, reserved 1058816K
  class space    used 862K, capacity 894K, committed 896K, reserved 1048576K
}
Event: 6.757 GC heap before
{Heap before GC invocations=1 (full 0):
 garbage-first heap   total 131072K, used 79941K [0x0000000080800000, 0x0000000100000000)
  region size 1024K, 76 young (77824K), 2 survivors (2048K)
 Metaspace       used 11927K, capacity 12027K, committed 12288K, reserved 1060864K
  class space    used 970K, capacity 990K, committed 1024K, reserved 1048576K
}
Event: 6.760 GC heap after
{Heap after GC invocations=2 (full 0):
 garbage-first heap   total 131072K, used 2764K [0x0000000080800000, 0x0000000100000000)
  region size 1024K, 3 young (3072K), 3 survivors (3072K)
 Metaspace       used 11927K, capacity 12027K, committed 12288K, reserved 1060864K
  class space    used 970K, capacity 990K, committed 1024K, reserved 1048576K
}

Deoptimization events (20 events):
Event: 2.432 Thread 0x000001ecc4df0000 DEOPT PACKING pc=0x000001ecae455d47 sp=0x000000740fdfdce0
Event: 2.432 Thread 0x000001ecc4df0000 DEOPT UNPACKING pc=0x000001ecaddda95e sp=0x000000740fdfd240 mode 0
Event: 2.432 Thread 0x000001ecc4df0000 DEOPT PACKING pc=0x000001ecae455d47 sp=0x000000740fdfdce0
Event: 2.432 Thread 0x000001ecc4df0000 DEOPT UNPACKING pc=0x000001ecaddda95e sp=0x000000740fdfd240 mode 0
Event: 2.432 Thread 0x000001ecc4df0000 DEOPT PACKING pc=0x000001ecae455d47 sp=0x000000740fdfdce0
Event: 2.432 Thread 0x000001ecc4df0000 DEOPT UNPACKING pc=0x000001ecaddda95e sp=0x000000740fdfd240 mode 0
Event: 2.433 Thread 0x000001ecc4df0000 DEOPT PACKING pc=0x000001ecae455d47 sp=0x000000740fdfdce0
Event: 2.433 Thread 0x000001ecc4df0000 DEOPT UNPACKING pc=0x000001ecaddda95e sp=0x000000740fdfd240 mode 0
Event: 2.434 Thread 0x000001ecc4df0000 DEOPT PACKING pc=0x000001ecae455d47 sp=0x000000740fdfdce0
Event: 2.434 Thread 0x000001ecc4df0000 DEOPT UNPACKING pc=0x000001ecaddda95e sp=0x000000740fdfd240 mode 0
Event: 2.435 Thread 0x000001ecc4df0000 DEOPT PACKING pc=0x000001ecae455d47 sp=0x000000740fdfdce0
Event: 2.435 Thread 0x000001ecc4df0000 DEOPT UNPACKING pc=0x000001ecaddda95e sp=0x000000740fdfd240 mode 0
Event: 2.435 Thread 0x000001ecc4df0000 DEOPT PACKING pc=0x000001ecae455d47 sp=0x000000740fdfdce0
Event: 2.435 Thread 0x000001ecc4df0000 DEOPT UNPACKING pc=0x000001ecaddda95e sp=0x000000740fdfd240 mode 0
Event: 2.435 Thread 0x000001ecc4df0000 DEOPT PACKING pc=0x000001ecae455d47 sp=0x000000740fdfdce0
Event: 2.435 Thread 0x000001ecc4df0000 DEOPT UNPACKING pc=0x000001ecaddda95e sp=0x000000740fdfd240 mode 0
Event: 7.257 Thread 0x000001ecc4df0000 DEOPT PACKING pc=0x000001ecae4f31bb sp=0x000000740fdfe780
Event: 7.257 Thread 0x000001ecc4df0000 DEOPT UNPACKING pc=0x000001ecaddda95e sp=0x000000740fdfdcc0 mode 0
Event: 9.829 Thread 0x000001ecc4df0000 DEOPT PACKING pc=0x000001ecae505cf8 sp=0x000000740fdfe690
Event: 9.829 Thread 0x000001ecc4df0000 DEOPT UNPACKING pc=0x000001ecaddda95e sp=0x000000740fdfdc78 mode 0

Classes redefined (0 events):
No events

Internal exceptions (7 events):
Event: 0.292 Thread 0x000001eca5672000 Exception <a 'java/security/PrivilegedActionException'{0x00000000884b1a38}> (0x00000000884b1a38) thrown at [./src/hotspot/share/prims/jvm.cpp, line 1306]
Event: 0.292 Thread 0x000001eca5672000 Exception <a 'java/security/PrivilegedActionException'{0x00000000884b4218}> (0x00000000884b4218) thrown at [./src/hotspot/share/prims/jvm.cpp, line 1306]
Event: 0.292 Thread 0x000001eca5672000 Exception <a 'java/security/PrivilegedActionException'{0x00000000884b5210}> (0x00000000884b5210) thrown at [./src/hotspot/share/prims/jvm.cpp, line 1306]
Event: 0.295 Thread 0x000001eca5672000 Exception <a 'java/security/PrivilegedActionException'{0x00000000884c6e38}> (0x00000000884c6e38) thrown at [./src/hotspot/share/prims/jvm.cpp, line 1306]
Event: 0.295 Thread 0x000001eca5672000 Exception <a 'java/security/PrivilegedActionException'{0x00000000884c79f8}> (0x00000000884c79f8) thrown at [./src/hotspot/share/prims/jvm.cpp, line 1306]
Event: 0.295 Thread 0x000001eca5672000 Exception <a 'java/security/PrivilegedActionException'{0x00000000884c8578}> (0x00000000884c8578) thrown at [./src/hotspot/share/prims/jvm.cpp, line 1306]
Event: 0.873 Thread 0x000001ecc4df0000 Exception <a 'java/lang/NoSuchMethodError'{0x0000000087e02858}: 'int java.lang.invoke.DirectMethodHandle$Holder.invokeSpecialIFC(java.lang.Object, java.lang.Object, int)'> (0x0000000087e02858) thrown at [./src/hotspot/share/interpreter/linkResolver.cpp, line 773]

Events (20 events):
Event: 3.041 Loaded shared library C:\Users\noblr\AppData\Local\Temp\libgdxnoblr\1cecf4f6\lwjgl64.dll
Event: 3.084 Loaded shared library C:\Users\noblr\.jdks\corretto-11.0.12-1\bin\java.dll
Event: 3.718 loading class org/lwjgl/opengl/WindowsKeycodes
Event: 3.718 loading class org/lwjgl/opengl/WindowsKeycodes done
Event: 3.806 Loaded shared library C:\Users\noblr\AppData\Local\Temp\libgdxnoblr\1cecf4f6\lwjgl64.dll
Event: 3.808 Loaded shared library C:\Users\noblr\AppData\Local\Temp\libgdxnoblr\1cecf4f6\lwjgl64.dll
Event: 4.173 Loaded shared library C:\Users\noblr\AppData\Local\Temp\libgdxnoblr\1cecf4f6\lwjgl64.dll
Event: 4.440 Loaded shared library C:\Users\noblr\AppData\Local\Temp\libgdxnoblr\1cecf4f6\lwjgl64.dll
Event: 5.140 Loaded shared library C:\Users\noblr\AppData\Local\Temp\libgdxnoblr\1cecf4f6\lwjgl64.dll
Event: 5.275 Loaded shared library C:\Users\noblr\AppData\Local\Temp\libgdxnoblr\1cecf4f6\lwjgl64.dll
Event: 5.509 Loaded shared library C:\Users\noblr\AppData\Local\Temp\libgdxnoblr\1cecf4f6\lwjgl64.dll
Event: 6.277 Loaded shared library C:\Users\noblr\AppData\Local\Temp\libgdxnoblr\1cecf4f6\lwjgl64.dll
Event: 6.279 Loaded shared library C:\Users\noblr\AppData\Local\Temp\libgdxnoblr\1cecf4f6\lwjgl64.dll
Event: 6.757 Executing VM operation: G1CollectForAllocation
Event: 6.760 Executing VM operation: G1CollectForAllocation done
Event: 8.427 Loaded shared library C:\Users\noblr\AppData\Local\Temp\libgdxnoblr\1cecf4f6\lwjgl64.dll
Event: 9.615 Loaded shared library C:\Users\noblr\AppData\Local\Temp\libgdxnoblr\6bae761b\gdx64.dll
Event: 10.365 loading class com/mygdx/nextlevel/actors/Item
Event: 10.365 loading class com/mygdx/nextlevel/actors/Item done
Event: 10.434 Loaded shared library C:\Users\noblr\AppData\Local\Temp\libgdxnoblr\1cecf4f6\lwjgl64.dll


Dynamic libraries:
0x00007ff76da60000 - 0x00007ff76da6d000 	C:\Users\noblr\.jdks\corretto-11.0.12-1\bin\java.exe
0x00007ff930170000 - 0x00007ff930365000 	C:\Windows\SYSTEM32\ntdll.dll
0x00007ff90d7f0000 - 0x00007ff90d805000 	C:\Program Files\Avast Software\Avast\aswhook.dll
0x00007ff92f660000 - 0x00007ff92f71e000 	C:\Windows\System32\KERNEL32.DLL
0x00007ff92dca0000 - 0x00007ff92df69000 	C:\Windows\System32\KERNELBASE.dll
0x00007ff92dfa0000 - 0x00007ff92e0a0000 	C:\Windows\System32\ucrtbase.dll
0x00007ff8eb930000 - 0x00007ff8eb949000 	C:\Users\noblr\.jdks\corretto-11.0.12-1\bin\VCRUNTIME140.dll
0x00007ff8eb910000 - 0x00007ff8eb927000 	C:\Users\noblr\.jdks\corretto-11.0.12-1\bin\jli.dll
0x00007ff92f890000 - 0x00007ff92fa31000 	C:\Windows\System32\USER32.dll
0x00007ff92df70000 - 0x00007ff92df92000 	C:\Windows\System32\win32u.dll
0x00007ff914100000 - 0x00007ff91439a000 	C:\Windows\WinSxS\amd64_microsoft.windows.common-controls_6595b64144ccf1df_6.0.19041.1110_none_60b5254171f9507e\COMCTL32.dll
0x00007ff92f800000 - 0x00007ff92f82b000 	C:\Windows\System32\GDI32.dll
0x00007ff92ee70000 - 0x00007ff92ef0e000 	C:\Windows\System32\msvcrt.dll
0x00007ff92d8e0000 - 0x00007ff92d9eb000 	C:\Windows\System32\gdi32full.dll
0x00007ff92d9f0000 - 0x00007ff92da8d000 	C:\Windows\System32\msvcp_win.dll
0x00007ff92fea0000 - 0x00007ff92fed0000 	C:\Windows\System32\IMM32.DLL
0x00007ff8a4b60000 - 0x00007ff8a4bfb000 	C:\Users\noblr\.jdks\corretto-11.0.12-1\bin\msvcp140.dll
0x00007ff8807d0000 - 0x00007ff88132a000 	C:\Users\noblr\.jdks\corretto-11.0.12-1\bin\server\jvm.dll
0x00007ff930080000 - 0x00007ff93012c000 	C:\Windows\System32\ADVAPI32.dll
0x00007ff92fc40000 - 0x00007ff92fcdb000 	C:\Windows\System32\sechost.dll
0x00007ff92fd70000 - 0x00007ff92fe9a000 	C:\Windows\System32\RPCRT4.dll
0x00007ff92fce0000 - 0x00007ff92fce8000 	C:\Windows\System32\PSAPI.DLL
0x00007ff91ec00000 - 0x00007ff91ec27000 	C:\Windows\SYSTEM32\WINMM.dll
0x00007ff926f60000 - 0x00007ff926f6a000 	C:\Windows\SYSTEM32\VERSION.dll
0x00007ff919db0000 - 0x00007ff919db9000 	C:\Windows\SYSTEM32\WSOCK32.dll
0x00007ff92fa50000 - 0x00007ff92fabb000 	C:\Windows\System32\WS2_32.dll
0x00007ff92b7b0000 - 0x00007ff92b7c2000 	C:\Windows\SYSTEM32\kernel.appcore.dll
0x00007ff926d10000 - 0x00007ff926d20000 	C:\Users\noblr\.jdks\corretto-11.0.12-1\bin\verify.dll
0x00007ff92b180000 - 0x00007ff92b364000 	C:\Windows\SYSTEM32\DBGHELP.DLL
0x00007ff9235b0000 - 0x00007ff9235dc000 	C:\Windows\SYSTEM32\dbgcore.DLL
0x00007ff92e130000 - 0x00007ff92e1b3000 	C:\Windows\System32\bcryptPrimitives.dll
0x00007ff8eb2d0000 - 0x00007ff8eb2f8000 	C:\Users\noblr\.jdks\corretto-11.0.12-1\bin\java.dll
0x00007ff921370000 - 0x00007ff92137a000 	C:\Users\noblr\.jdks\corretto-11.0.12-1\bin\jimage.dll
0x00007ff8c3be0000 - 0x00007ff8c3bf7000 	C:\Users\noblr\.jdks\corretto-11.0.12-1\bin\zip.dll
0x00007ff92ef20000 - 0x00007ff92f65f000 	C:\Windows\System32\SHELL32.dll
0x00007ff92b9b0000 - 0x00007ff92c140000 	C:\Windows\SYSTEM32\windows.storage.dll
0x00007ff92e520000 - 0x00007ff92e875000 	C:\Windows\System32\combase.dll
0x00007ff92d200000 - 0x00007ff92d22c000 	C:\Windows\SYSTEM32\Wldp.dll
0x00007ff92e320000 - 0x00007ff92e3cd000 	C:\Windows\System32\SHCORE.dll
0x00007ff92ee10000 - 0x00007ff92ee65000 	C:\Windows\System32\shlwapi.dll
0x00007ff92d7d0000 - 0x00007ff92d7ef000 	C:\Windows\SYSTEM32\profapi.dll
0x00007ff8c18d0000 - 0x00007ff8c18e9000 	C:\Users\noblr\.jdks\corretto-11.0.12-1\bin\net.dll
0x00007ff9240c0000 - 0x00007ff9241c8000 	C:\Windows\SYSTEM32\WINHTTP.dll
0x00007ff92cf70000 - 0x00007ff92cfda000 	C:\Windows\system32\mswsock.dll
0x00007ff8c18b0000 - 0x00007ff8c18c2000 	C:\Users\noblr\.jdks\corretto-11.0.12-1\bin\nio.dll
0x0000000065ac0000 - 0x0000000065aea000 	C:\Users\noblr\AppData\Local\Temp\libgdxnoblr\6bae761b\gdx64.dll
0x0000000180000000 - 0x0000000180053000 	C:\Users\noblr\AppData\Local\Temp\libgdxnoblr\1cecf4f6\lwjgl64.dll
0x00007ff8eb330000 - 0x00007ff8eb455000 	C:\Windows\SYSTEM32\OPENGL32.dll
0x00007ff8f02c0000 - 0x00007ff8f02ec000 	C:\Windows\SYSTEM32\GLU32.dll
0x000001ecc5380000 - 0x000001ecc53e4000 	C:\Users\noblr\AppData\Local\Temp\libgdxnoblr\1cecf4f6\OpenAL64.dll
0x00007ff92e3f0000 - 0x00007ff92e51a000 	C:\Windows\System32\ole32.dll
0x00007ff92b0b0000 - 0x00007ff92b14e000 	C:\Windows\system32\uxtheme.dll
0x00007ff92e880000 - 0x00007ff92e929000 	C:\Windows\System32\clbcatq.dll
0x00007ff896d90000 - 0x00007ff896e2c000 	C:\Windows\SYSTEM32\dsound.dll
0x00007ff92d650000 - 0x00007ff92d69b000 	C:\Windows\SYSTEM32\powrprof.dll
0x00007ff905280000 - 0x00007ff9052a6000 	C:\Windows\SYSTEM32\winmmbase.dll
0x00007ff92d630000 - 0x00007ff92d642000 	C:\Windows\SYSTEM32\UMPDC.dll
0x00007ff926850000 - 0x00007ff9268d5000 	C:\Windows\System32\MMDevApi.dll
0x00007ff92d5c0000 - 0x00007ff92d5f4000 	C:\Windows\System32\DEVOBJ.dll
0x00007ff92d890000 - 0x00007ff92d8de000 	C:\Windows\System32\cfgmgr32.dll
0x00007ff9268e0000 - 0x00007ff926a61000 	C:\Windows\SYSTEM32\AUDIOSES.DLL
0x00007ff92e250000 - 0x00007ff92e31d000 	C:\Windows\System32\OLEAUT32.dll
0x00007ff92b3c0000 - 0x00007ff92b3d4000 	C:\Windows\SYSTEM32\resourcepolicyclient.dll
0x00007ff91f250000 - 0x00007ff91f2fe000 	C:\Windows\SYSTEM32\mscms.dll
0x00007ff91f230000 - 0x00007ff91f241000 	C:\Windows\SYSTEM32\ColorAdapterClient.dll
0x00007ff92d790000 - 0x00007ff92d7be000 	C:\Windows\SYSTEM32\USERENV.dll
0x00007ff92fb20000 - 0x00007ff92fc35000 	C:\Windows\System32\MSCTF.dll
0x00007ff90b500000 - 0x00007ff90b5f9000 	C:\Windows\SYSTEM32\textinputframework.dll
0x00007ff929fc0000 - 0x00007ff92a31e000 	C:\Windows\System32\CoreUIComponents.dll
0x00007ff92a320000 - 0x00007ff92a412000 	C:\Windows\System32\CoreMessaging.dll
0x00007ff929540000 - 0x00007ff929694000 	C:\Windows\SYSTEM32\wintypes.dll
0x00007ff92c580000 - 0x00007ff92c5b3000 	C:\Windows\SYSTEM32\ntmarta.dll
0x00007ff926d90000 - 0x00007ff926df6000 	C:\Windows\system32\Oleacc.dll
0x00007ff9258f0000 - 0x00007ff9259e9000 	C:\Windows\System32\AppXDeploymentClient.dll
0x00007ff8ffa30000 - 0x00007ff8ffa5b000 	C:\Windows\System32\DriverStore\FileRepository\u0366490.inf_amd64_c0dea8a43cb81731\B366217\atig6pxx.dll
0x00007ff8cdc50000 - 0x00007ff8d0a3a000 	C:\Windows\System32\DriverStore\FileRepository\u0366490.inf_amd64_c0dea8a43cb81731\B366217\atio6axx.dll
0x00007ff92e930000 - 0x00007ff92eda2000 	C:\Windows\System32\SETUPAPI.dll
0x00007ff92e0a0000 - 0x00007ff92e0c7000 	C:\Windows\System32\bcrypt.dll
0x00007ff8fdef0000 - 0x00007ff8fdf14000 	C:\Windows\SYSTEM32\dxva2.dll
0x00007ff92b4c0000 - 0x00007ff92b4ef000 	C:\Windows\SYSTEM32\dwmapi.dll
0x00007ff8ff9f0000 - 0x00007ff8ffa2c000 	C:\Windows\System32\DriverStore\FileRepository\u0366490.inf_amd64_c0dea8a43cb81731\B366217\atig6txx.dll
0x00007ff920000000 - 0x00007ff9201b3000 	C:\Windows\SYSTEM32\atiadlxx.dll
0x00007ff92a930000 - 0x00007ff92aa26000 	C:\Windows\SYSTEM32\PROPSYS.dll
0x00007ff90d500000 - 0x00007ff90d549000 	C:\Windows\SYSTEM32\pdh.dll
0x00007ff92e0d0000 - 0x00007ff92e130000 	C:\Windows\System32\WINTRUST.dll
0x00007ff92db40000 - 0x00007ff92dc96000 	C:\Windows\System32\CRYPT32.dll
0x00007ff92d3f0000 - 0x00007ff92d402000 	C:\Windows\SYSTEM32\MSASN1.dll
0x00007ff91b910000 - 0x00007ff91b94b000 	C:\Windows\SYSTEM32\dxcore.dll
0x00007ff8a8d30000 - 0x00007ff8a8d73000 	C:\Windows\SYSTEM32\icm32.dll
0x000000006e9c0000 - 0x000000006ea1b000 	C:\Users\noblr\AppData\Local\Temp\libgdxnoblr\19bf02c5\gdx-box2d64.dll

dbghelp: loaded successfully - version: 4.0.5 - missing functions: none
symbol engine: initialized successfully - sym options: 0x614 - pdb path: .;C:\Users\noblr\.jdks\corretto-11.0.12-1\bin;C:\Windows\SYSTEM32;C:\Program Files\Avast Software\Avast;C:\Windows\WinSxS\amd64_microsoft.windows.common-controls_6595b64144ccf1df_6.0.19041.1110_none_60b5254171f9507e;C:\Users\noblr\.jdks\corretto-11.0.12-1\bin\server;C:\Users\noblr\AppData\Local\Temp\libgdxnoblr\6bae761b;C:\Users\noblr\AppData\Local\Temp\libgdxnoblr\1cecf4f6;C:\Windows\System32\DriverStore\FileRepository\u0366490.inf_amd64_c0dea8a43cb81731\B366217;C:\Users\noblr\AppData\Local\Temp\libgdxnoblr\19bf02c5

VM Arguments:
jvm_args: -Dfile.encoding=windows-1252 -Duser.country=US -Duser.language=en -Duser.variant 
java_command: com.mygdx.nextlevel.desktop.DesktopLauncher
java_class_path (initial): D:\OneDrive - purdue.edu\2021-2 Fall Classes\CS 307\Next Level\Next Level\desktop\build\classes\java\main;D:\OneDrive - purdue.edu\2021-2 Fall Classes\CS 307\Next Level\Next Level\desktop\build\resources\main;C:\Users\noblr\.gradle\caches\modules-2\files-2.1\com.badlogicgames.gdx\gdx-backend-lwjgl\1.9.14\76d214441fa6faed9a4b9a2c02473f0d0a467a52\gdx-backend-lwjgl-1.9.14.jar;C:\Users\noblr\.gradle\caches\modules-2\files-2.1\com.badlogicgames.gdx\gdx-platform\1.9.14\c972092618b729ebfec229c9214fb9e87861fb7a\gdx-platform-1.9.14-natives-desktop.jar;C:\Users\noblr\.gradle\caches\modules-2\files-2.1\com.badlogicgames.gdx\gdx-box2d-platform\1.9.14\3c70a6038ec970ae49f96292ed48bd2a098a7f47\gdx-box2d-platform-1.9.14-natives-desktop.jar;D:\OneDrive - purdue.edu\2021-2 Fall Classes\CS 307\Next Level\Next Level\core\build\libs\core-1.0.jar;C:\Users\noblr\.gradle\caches\modules-2\files-2.1\com.badlogicgames.box2dlights\box2dlights\1.5\6902dbcd250c95a27973aa24a147a95b3828d348\box2dlights-1.5.jar;C:\Users\noblr\.gradle\caches\modules-2\files-2.1\com.badlogicgames.gdx\gdx-box2d\1.9.14\1c52434c5c7ad1a19e08dcc53047eb1cd79b5e62\gdx-box2d-1.9.14.jar;C:\Users\noblr\.gradle\caches\modules-2\files-2.1\com.kotcrab.vis\vis-ui\1.5.0\cf5f4d925657b14c50716417b1b207ab3a4b0008\vis-ui-1.5.0.jar;C:\Users\noblr\.gradle\caches\modules-2\files-2.1\com.badlogicgames.gdx\gdx\1.10.0\74c240f79dc4fb6b766a834249600d0a019d0489\gdx-1.10.0.jar;C:\Users\noblr\.gradle\caches\modules-2\files-2.1\org.lwjgl.lwjgl\lwjgl_util\2.9.3\751f06b62424da056954c67288fd5c494431e350\lwjgl_util-2.9.3.jar;C:\Users\noblr\.gradle\caches\modules-2\files-2.1\org.lwjgl.lwjgl\lwjgl\2.9.3\3df168ac74e4a8c96562cdff24ad352e255bf89c\lwjgl-2.9.3.jar;C:\Users\noblr\.gradle\caches\modules-2\files-2.1\com.badlogicgames.jlayer\jlayer\1.0.1-gdx\7cca83cec5c1b2f011362f4d85aabd71a73b049d\jlayer-1.0.1-gdx.jar;C:\Users\noblr\.gradle\caches\modules-2\files-2.1\org.jcraft\jorbis\0.0.17\8872d22b293e8f5d7d56ff92be966e6dc28ebdc6\
Launcher Type: SUN_STANDARD

[Global flags]
     intx CICompilerCount                          = 3                                         {product} {ergonomic}
     uint ConcGCThreads                            = 1                                         {product} {ergonomic}
     uint G1ConcRefinementThreads                  = 4                                         {product} {ergonomic}
   size_t G1HeapRegionSize                         = 1048576                                   {product} {ergonomic}
    uintx GCDrainStackTargetSize                   = 64                                        {product} {ergonomic}
   size_t InitialHeapSize                          = 134217728                                 {product} {ergonomic}
   size_t MarkStackSize                            = 4194304                                   {product} {ergonomic}
   size_t MaxHeapSize                              = 2139095040                                {product} {ergonomic}
   size_t MaxNewSize                               = 1283457024                                {product} {ergonomic}
   size_t MinHeapDeltaBytes                        = 1048576                                   {product} {ergonomic}
    uintx NonNMethodCodeHeapSize                   = 5830732                                {pd product} {ergonomic}
    uintx NonProfiledCodeHeapSize                  = 122913754                              {pd product} {ergonomic}
    uintx ProfiledCodeHeapSize                     = 122913754                              {pd product} {ergonomic}
    uintx ReservedCodeCacheSize                    = 251658240                              {pd product} {ergonomic}
     bool SegmentedCodeCache                       = true                                      {product} {ergonomic}
     bool UseCompressedClassPointers               = true                                 {lp64_product} {ergonomic}
     bool UseCompressedOops                        = true                                 {lp64_product} {ergonomic}
     bool UseG1GC                                  = true                                      {product} {ergonomic}
     bool UseLargePagesIndividualAllocation        = false                                  {pd product} {ergonomic}

Logging:
Log output configuration:
 #0: stdout all=warning uptime,level,tags
 #1: stderr all=off uptime,level,tags

Environment Variables:
PATH=D:\Oculus\Support\oculus-runtime;C:\Program Files (x86)\Common Files\Oracle\Java\javapath;C:\Program Files (x86)\NVIDIA Corporation\PhysX\Common;C:\Windows\system32;C:\Windows;C:\Windows\System32\Wbem;C:\Windows\System32\WindowsPowerShell\v1.0\;C:\Windows\System32\OpenSSH\;D:\Programs\AOMEI\AOMEI Backupper 6.0.0;D:\Programs\nodejs\;C:\Program Files\Git\cmd;D:\Programs\PuTTY\;C:\Users\noblr\AppData\Local\Programs\Python\Python39\Scripts\;C:\Users\noblr\AppData\Local\Programs\Python\Python39\;C:\Users\noblr\AppData\Local\Microsoft\WindowsApps;D:\Visual Studio\Microsoft VS Code\bin;C:\Users\noblr\AppData\Local\GitHubDesktop\bin;D:\Programs\adb\platform-tools;C:\Users\noblr\AppData\Roaming\npm;C:\Users\noblr\AppData\Local\gitkraken\bin
USERNAME=noblr
OS=Windows_NT
PROCESSOR_IDENTIFIER=Intel64 Family 6 Model 58 Stepping 9, GenuineIntel



---------------  S Y S T E M  ---------------

OS: Windows 10 , 64 bit Build 19041 (10.0.19041.1202)
OS uptime: 1 days 16:57 hours

CPU:total 4 (initial active 4) (4 cores per cpu, 1 threads per core) family 6 model 58 stepping 9 microcode 0x21, cmov, cx8, fxsr, mmx, sse, sse2, sse3, ssse3, sse4.1, sse4.2, popcnt, avx, aes, clmul, erms, tsc, tscinvbit, tscinv

Memory: 4k page, system-wide physical 8159M (2879M free)
TotalPageFile size 20447M (AvailPageFile size 7729M)
current process WorkingSet (physical memory assigned to process): 185M, peak: 200M
current process commit charge ("private bytes"): 1108M, peak: 1108M

vm_info: OpenJDK 64-Bit Server VM (11.0.12+7-LTS) for windows-amd64 JRE (11.0.12+7-LTS), built on Jul 13 2021 17:58:36 by "Administrator" with unknown MS VC++:1916

END.
