#
# A fatal error has been detected by the Java Runtime Environment:
#
#  EXCEPTION_ACCESS_VIOLATION (0xc0000005) at pc=0x000000006e9cbbb1, pid=4836, tid=19752
#
# JRE version: OpenJDK Runtime Environment AdoptOpenJDK (15.0.1+9) (build 15.0.1+9)
# Java VM: OpenJDK 64-Bit Server VM AdoptOpenJDK (15.0.1+9, mixed mode, sharing, tiered, compressed oops, g1 gc, windows-amd64)
# Problematic frame:
# C  [gdx-box2d64.dll+0xbbb1]
#
# No core dump will be written. Minidumps are not enabled by default on client versions of Windows
#
# If you would like to submit a bug report, please visit:
#   https://github.com/AdoptOpenJDK/openjdk-support/issues
# The crash happened outside the Java Virtual Machine in native code.
# See problematic frame for where to report the bug.
#

---------------  S U M M A R Y ------------

Command Line: -Dfile.encoding=windows-1252 -Duser.country=US -Duser.language=en -Duser.variant com.mygdx.nextlevel.desktop.DesktopLauncher

Host: AMD Ryzen 5 3600 6-Core Processor              , 12 cores, 31G,  Windows 10 , 64 bit Build 19041 (10.0.19041.1202)
Time: Fri Oct 15 11:10:55 2021 US Eastern Daylight Time elapsed time: 9.714068 seconds (0d 0h 0m 9s)

---------------  T H R E A D  ---------------

Current thread (0x000001c96176a910):  JavaThread "LWJGL Application" [_thread_in_native, id=19752, stack(0x0000003ee8e00000,0x0000003ee8f00000)]

Stack: [0x0000003ee8e00000,0x0000003ee8f00000],  sp=0x0000003ee8efe920,  free space=1018k
Native frames: (J=compiled Java code, j=interpreted, Vv=VM code, C=native code)
C  [gdx-box2d64.dll+0xbbb1]

Java frames: (J=compiled Java code, j=interpreted, Vv=VM code)
j  com.badlogic.gdx.physics.box2d.World.jniCreateBody(JIFFFFFFFFZZZZZF)J+0
j  com.badlogic.gdx.physics.box2d.World.createBody(Lcom/badlogic/gdx/physics/box2d/BodyDef;)Lcom/badlogic/gdx/physics/box2d/Body;+80
j  com.mygdx.nextlevel.actors.Actor.setBody(Lcom/badlogic/gdx/physics/box2d/BodyDef$BodyType;)V+79
j  com.mygdx.nextlevel.actors.Item.<init>(Lcom/badlogic/gdx/graphics/Texture;Lcom/badlogic/gdx/physics/box2d/World;Lcom/badlogic/gdx/math/Vector2;FF)V+53
J 1432 c1 com.mygdx.nextlevel.screens.GameScreen.render(F)V (1870 bytes) @ 0x000001c93b8431bc [0x000001c93b840320+0x0000000000002e9c]
j  com.badlogic.gdx.Game.render()V+19
j  com.mygdx.nextlevel.NextLevel.render()V+1
j  com.badlogic.gdx.backends.lwjgl.LwjglApplication.mainLoop()V+776
j  com.badlogic.gdx.backends.lwjgl.LwjglApplication$1.run()V+27
v  ~StubRoutines::call_stub

siginfo: EXCEPTION_ACCESS_VIOLATION (0xc0000005), reading address 0x000001cb623f3130


Register to memory mapping:

RIP=0x000000006e9cbbb1 gdx-box2d64.dll
RAX=0x000000006ea10060 gdx-box2d64.dll
RBX=0x000001cb623f3130 is an unknown value
RCX=0x000001c9623d8ac0 points into unknown readable memory: 0x000001c9623f1e50 | 50 1e 3f 62 c9 01 00 00
RDX=0x00000000000000b8 is an unknown value
RSP=0x0000003ee8efe920 is pointing into the stack for thread: 0x000001c96176a910
RBP=0x000001c9623d8af0 points into unknown readable memory: 0x0000000000000000 | 00 00 00 00 00 00 00 00
RSI=0x000001c9623d8ac0 points into unknown readable memory: 0x000001c9623f1e50 | 50 1e 3f 62 c9 01 00 00
RDI=0x0000003ee8efe9e0 is pointing into the stack for thread: 0x000001c96176a910
R8 =0x000001c9623d8ac0 points into unknown readable memory: 0x000001c9623f1e50 | 50 1e 3f 62 c9 01 00 00
R9 =0x0 is NULL
R10=0x0 is NULL
R11=0x0000000000000001 is an unknown value
R12=0x0 is NULL
R13=0x0000000000000006 is an unknown value
R14=0x0000003ee8efebd8 is pointing into the stack for thread: 0x000001c96176a910
R15=0x000001c96176a910 is a thread


Registers:
RAX=0x000000006ea10060, RBX=0x000001cb623f3130, RCX=0x000001c9623d8ac0, RDX=0x00000000000000b8
RSP=0x0000003ee8efe920, RBP=0x000001c9623d8af0, RSI=0x000001c9623d8ac0, RDI=0x0000003ee8efe9e0
R8 =0x000001c9623d8ac0, R9 =0x0000000000000000, R10=0x0000000000000000, R11=0x0000000000000001
R12=0x0000000000000000, R13=0x0000000000000006, R14=0x0000003ee8efebd8, R15=0x000001c96176a910
RIP=0x000000006e9cbbb1, EFLAGS=0x0000000000010206

Top of Stack: (sp=0x0000003ee8efe920)
0x0000003ee8efe920:   00007ffd5b1a8a50 000001c9659c2420
0x0000003ee8efe930:   000000000000000b ffffffffffffffff
0x0000003ee8efe940:   0000000000000001 000001c9623d8ac0
0x0000003ee8efe950:   0000003ee8efe9e0 0000003ee8efeb30
0x0000003ee8efe960:   0000000000000000 000001c961111d80
0x0000003ee8efe970:   0000003ee8efebd8 000000006e9e1163
0x0000003ee8efe980:   000001c900000003 000001c96103ff20
0x0000003ee8efe990:   000001c96176a910 000001c96103ff20
0x0000003ee8efe9a0:   0000000000000001 0000000000000274
0x0000003ee8efe9b0:   0000000000022f3a 000000006e9e6a36
0x0000003ee8efe9c0:   000001c961111d80 0000000000000000
0x0000003ee8efe9d0:   0000003ee8efeb30 000001c93b018b8b
0x0000003ee8efe9e0:   4000000000000000 0000000000000000
0x0000003ee8efe9f0:   0000000000000000 0000000000000000
0x0000003ee8efea00:   0000010100000000 0000003ee8efeb01
0x0000003ee8efea10:   0000000000000000 000000003f800000 

Instructions: (pc=0x000000006e9cbbb1)
0x000000006e9cbab1:   3d 89 45 04 00 00 75 5e 48 8d 3d a1 45 04 00 bb
0x000000006e9cbac1:   01 00 00 00 31 f6 48 8d 2d 32 45 03 00 eb 04 48
0x000000006e9cbad1:   83 c7 01 48 63 c6 39 5c 85 00 7d 03 83 c6 01 83
0x000000006e9cbae1:   c3 01 40 88 37 81 fb 81 02 00 00 74 22 83 fe 0d
0x000000006e9cbaf1:   7e dd 48 8d 15 56 60 03 00 48 8d 0d bb 60 03 00
0x000000006e9cbb01:   41 b8 49 00 00 00 e8 c4 aa 02 00 eb c2 66 90 c6
0x000000006e9cbb11:   05 29 45 04 00 01 48 83 c4 28 5b 5e 5f 5d c3 57
0x000000006e9cbb21:   56 53 48 83 ec 20 8b 41 08 31 f6 31 db 48 89 cf
0x000000006e9cbb31:   85 c0 7e 19 48 8b 07 83 c3 01 48 8b 4c 30 08 48
0x000000006e9cbb41:   83 c6 10 e8 c7 08 00 00 39 5f 08 7f e7 48 8b 0f
0x000000006e9cbb51:   48 83 c4 20 5b 5e 5f e9 b3 08 00 00 90 66 90 41
0x000000006e9cbb61:   56 41 55 41 54 55 57 56 53 48 83 ec 20 48 63 da
0x000000006e9cbb71:   48 89 ce 83 fb 00 0f 84 66 01 00 00 0f 8e 42 01
0x000000006e9cbb81:   00 00 81 fb 80 02 00 00 0f 8f 21 01 00 00 48 8d
0x000000006e9cbb91:   05 ca 44 04 00 44 0f b6 2c 18 41 80 fd 0d 4c 89
0x000000006e9cbba1:   eb 77 2c 48 8d 2c de 48 8b 5d 10 48 85 db 74 45
0x000000006e9cbbb1:   48 8b 03 48 89 45 10 48 89 d8 48 83 c4 20 5b 5e
0x000000006e9cbbc1:   5f 5d 41 5c 41 5d 41 5e c3 66 0f 1f 44 00 00 48
0x000000006e9cbbd1:   8d 15 79 5f 03 00 48 8d 0d fa 5f 03 00 48 8d 2c
0x000000006e9cbbe1:   de 41 b8 70 00 00 00 e8 e3 a9 02 00 48 8b 5d 10
0x000000006e9cbbf1:   48 85 db 75 bb 4c 63 66 08 44 3b 66 0c 0f 84 1c
0x000000006e9cbc01:   01 00 00 49 c1 e4 04 4c 03 26 b9 00 40 00 00 e8
0x000000006e9cbc11:   eb 07 00 00 48 89 c3 4d 63 ed 49 89 44 24 08 48
0x000000006e9cbc21:   8d 05 d9 43 03 00 42 8b 3c a8 b8 00 40 00 00 99
0x000000006e9cbc31:   f7 ff 41 89 fd 41 89 3c 24 44 0f af e8 41 89 c6
0x000000006e9cbc41:   41 81 fd 00 40 00 00 0f 8f a6 00 00 00 41 83 fe
0x000000006e9cbc51:   01 7e 2a 4c 63 c7 41 8d 46 ff 31 d2 4d 89 c1 4a
0x000000006e9cbc61:   8d 0c 03 49 f7 d9 66 0f 1f 84 00 00 00 00 00 83
0x000000006e9cbc71:   c2 01 4a 89 0c 09 4c 01 c1 39 c2 75 f2 41 29 fd
0x000000006e9cbc81:   4d 63 ed 4a c7 04 2b 00 00 00 00 48 8b 03 48 89
0x000000006e9cbc91:   45 10 83 46 08 01 48 89 d8 48 83 c4 20 5b 5e 5f
0x000000006e9cbca1:   5d 41 5c 41 5d 41 5e c3 0f 1f 80 00 00 00 00 89 


Stack slot to memory mapping:
stack at sp + 0 slots: 0x00007ffd5b1a8a50 jvm.dll
stack at sp + 1 slots: 0x000001c9659c2420 points into unknown readable memory: 0x4a280013d34e0001 | 01 00 4e d3 13 00 28 4a
stack at sp + 2 slots: 0x000000000000000b is an unknown value
stack at sp + 3 slots: 0xffffffffffffffff is an unknown value
stack at sp + 4 slots: 0x0000000000000001 is an unknown value
stack at sp + 5 slots: 0x000001c9623d8ac0 points into unknown readable memory: 0x000001c9623f1e50 | 50 1e 3f 62 c9 01 00 00
stack at sp + 6 slots: 0x0000003ee8efe9e0 is pointing into the stack for thread: 0x000001c96176a910
stack at sp + 7 slots: 0x0000003ee8efeb30 is pointing into the stack for thread: 0x000001c96176a910


---------------  P R O C E S S  ---------------

Threads class SMR info:
_java_thread_list=0x000001c9659c5690, length=13, elements={
0x000001c961198160, 0x000001c9611994d0, 0x000001c9611b0070, 0x000001c9611b2b30,
0x000001c9611b3d80, 0x000001c9611b7320, 0x000001c9611c2310, 0x000001c9611c35a0,
0x000001c9612f4210, 0x000001c961320700, 0x000001c96176a910, 0x000001c9313002f0,
0x000001c965986d60
}

Java Threads: ( => current thread )
  0x000001c961198160 JavaThread "Reference Handler" daemon [_thread_blocked, id=19736, stack(0x0000003ee8100000,0x0000003ee8200000)]
  0x000001c9611994d0 JavaThread "Finalizer" daemon [_thread_blocked, id=14056, stack(0x0000003ee8200000,0x0000003ee8300000)]
  0x000001c9611b0070 JavaThread "Signal Dispatcher" daemon [_thread_blocked, id=11988, stack(0x0000003ee8300000,0x0000003ee8400000)]
  0x000001c9611b2b30 JavaThread "Attach Listener" daemon [_thread_blocked, id=7696, stack(0x0000003ee8400000,0x0000003ee8500000)]
  0x000001c9611b3d80 JavaThread "Service Thread" daemon [_thread_blocked, id=17424, stack(0x0000003ee8500000,0x0000003ee8600000)]
  0x000001c9611b7320 JavaThread "C2 CompilerThread0" daemon [_thread_blocked, id=20276, stack(0x0000003ee8600000,0x0000003ee8700000)]
  0x000001c9611c2310 JavaThread "C1 CompilerThread0" daemon [_thread_blocked, id=10332, stack(0x0000003ee8700000,0x0000003ee8800000)]
  0x000001c9611c35a0 JavaThread "Sweeper thread" daemon [_thread_blocked, id=18384, stack(0x0000003ee8800000,0x0000003ee8900000)]
  0x000001c9612f4210 JavaThread "Notification Thread" daemon [_thread_blocked, id=20036, stack(0x0000003ee8900000,0x0000003ee8a00000)]
  0x000001c961320700 JavaThread "Common-Cleaner" daemon [_thread_blocked, id=16756, stack(0x0000003ee8b00000,0x0000003ee8c00000)]
=>0x000001c96176a910 JavaThread "LWJGL Application" [_thread_in_native, id=19752, stack(0x0000003ee8e00000,0x0000003ee8f00000)]
  0x000001c9313002f0 JavaThread "DestroyJavaVM" [_thread_blocked, id=20068, stack(0x0000003ee7a00000,0x0000003ee7b00000)]
  0x000001c965986d60 JavaThread "LWJGL Timer" daemon [_thread_blocked, id=6624, stack(0x0000003ee9600000,0x0000003ee9700000)]

Other Threads:
  0x000001c961195130 VMThread "VM Thread" [stack: 0x0000003ee8000000,0x0000003ee8100000] [id=11252]
  0x000001c9613046f0 WatcherThread [stack: 0x0000003ee8a00000,0x0000003ee8b00000] [id=7088]
  0x000001c9313768c0 GCTaskThread "GC Thread#0" [stack: 0x0000003ee7b00000,0x0000003ee7c00000] [id=4744]
  0x000001c961882880 GCTaskThread "GC Thread#1" [stack: 0x0000003ee9400000,0x0000003ee9500000] [id=17244]
  0x000001c961883ed0 GCTaskThread "GC Thread#2" [stack: 0x0000003ee9500000,0x0000003ee9600000] [id=6648]
  0x000001c961881230 GCTaskThread "GC Thread#3" [stack: 0x0000003ee9700000,0x0000003ee9800000] [id=6860]
  0x000001c961881890 GCTaskThread "GC Thread#4" [stack: 0x0000003ee9800000,0x0000003ee9900000] [id=14104]
  0x000001c961882bb0 GCTaskThread "GC Thread#5" [stack: 0x0000003ee9900000,0x0000003ee9a00000] [id=2236]
  0x000001c961880bd0 GCTaskThread "GC Thread#6" [stack: 0x0000003ee9a00000,0x0000003ee9b00000] [id=8548]
  0x000001c961881bc0 GCTaskThread "GC Thread#7" [stack: 0x0000003ee9b00000,0x0000003ee9c00000] [id=17520]
  0x000001c961883870 GCTaskThread "GC Thread#8" [stack: 0x0000003ee9c00000,0x0000003ee9d00000] [id=8116]
  0x000001c961884200 GCTaskThread "GC Thread#9" [stack: 0x0000003ee9d00000,0x0000003ee9e00000] [id=17252]
  0x000001c931388b30 ConcurrentGCThread "G1 Main Marker" [stack: 0x0000003ee7c00000,0x0000003ee7d00000] [id=6880]
  0x000001c931389f40 ConcurrentGCThread "G1 Conc#0" [stack: 0x0000003ee7d00000,0x0000003ee7e00000] [id=1688]
  0x000001c96080a110 ConcurrentGCThread "G1 Refine#0" [stack: 0x0000003ee7e00000,0x0000003ee7f00000] [id=2344]
  0x000001c96080ab20 ConcurrentGCThread "G1 Young RemSet Sampling" [stack: 0x0000003ee7f00000,0x0000003ee8000000] [id=12424]

Threads with active compile tasks:

VM state: not at safepoint (normal execution)

VM Mutex/Monitor currently owned by a thread: None

Heap address: 0x0000000600c00000, size: 8180 MB, Compressed Oops mode: Zero based, Oop shift amount: 3
CDS archive(s) mapped at: [0x0000000800000000-0x0000000800b50000-0x0000000800b50000), size 11862016, SharedBaseAddress: 0x0000000800000000, ArchiveRelocationMode: 0.
Compressed class space mapped at: 0x0000000800b50000-0x0000000840b50000, size: 1073741824
Narrow klass base: 0x0000000800000000, Narrow klass shift: 3, Narrow klass range: 0x100000000

GC Precious Log:
 CPUs: 12 total, 12 available
 Memory: 32717M
 Large Page Support: Disabled
 NUMA Support: Disabled
 Compressed Oops: Enabled (Zero based)
 Heap Region Size: 4M
 Heap Min Capacity: 8M
 Heap Initial Capacity: 512M
 Heap Max Capacity: 8180M
 Pre-touch: Disabled
 Parallel Workers: 10
 Concurrent Workers: 3
 Concurrent Refinement Workers: 10
 Periodic GC: Disabled

Heap:
 garbage-first heap   total 524288K, used 203642K [0x0000000600c00000, 0x0000000800000000)
  region size 4096K, 52 young (212992K), 1 survivors (4096K)
 Metaspace       used 6290K, capacity 9054K, committed 9216K, reserved 1058816K
  class space    used 453K, capacity 745K, committed 768K, reserved 1048576K

Heap Regions: E=young(eden), S=young(survivor), O=old, HS=humongous(starts), HC=humongous(continues), CS=collection set, F=free, OA=open archive, CA=closed archive, TAMS=top-at-mark-start (previous, next)
|   0|0x0000000600c00000, 0x0000000600ea2200, 0x0000000601000000| 65%| O|  |TAMS 0x0000000600c00000, 0x0000000600c00000| Untracked 
|   1|0x0000000601000000, 0x0000000601000000, 0x0000000601400000|  0%| F|  |TAMS 0x0000000601000000, 0x0000000601000000| Untracked 
|   2|0x0000000601400000, 0x0000000601400000, 0x0000000601800000|  0%| F|  |TAMS 0x0000000601400000, 0x0000000601400000| Untracked 
|   3|0x0000000601800000, 0x0000000601800000, 0x0000000601c00000|  0%| F|  |TAMS 0x0000000601800000, 0x0000000601800000| Untracked 
|   4|0x0000000601c00000, 0x0000000601c00000, 0x0000000602000000|  0%| F|  |TAMS 0x0000000601c00000, 0x0000000601c00000| Untracked 
|   5|0x0000000602000000, 0x0000000602000000, 0x0000000602400000|  0%| F|  |TAMS 0x0000000602000000, 0x0000000602000000| Untracked 
|   6|0x0000000602400000, 0x0000000602400000, 0x0000000602800000|  0%| F|  |TAMS 0x0000000602400000, 0x0000000602400000| Untracked 
|   7|0x0000000602800000, 0x0000000602800000, 0x0000000602c00000|  0%| F|  |TAMS 0x0000000602800000, 0x0000000602800000| Untracked 
|   8|0x0000000602c00000, 0x0000000602c00000, 0x0000000603000000|  0%| F|  |TAMS 0x0000000602c00000, 0x0000000602c00000| Untracked 
|   9|0x0000000603000000, 0x0000000603000000, 0x0000000603400000|  0%| F|  |TAMS 0x0000000603000000, 0x0000000603000000| Untracked 
|  10|0x0000000603400000, 0x0000000603400000, 0x0000000603800000|  0%| F|  |TAMS 0x0000000603400000, 0x0000000603400000| Untracked 
|  11|0x0000000603800000, 0x0000000603800000, 0x0000000603c00000|  0%| F|  |TAMS 0x0000000603800000, 0x0000000603800000| Untracked 
|  12|0x0000000603c00000, 0x0000000603c00000, 0x0000000604000000|  0%| F|  |TAMS 0x0000000603c00000, 0x0000000603c00000| Untracked 
|  13|0x0000000604000000, 0x0000000604000000, 0x0000000604400000|  0%| F|  |TAMS 0x0000000604000000, 0x0000000604000000| Untracked 
|  14|0x0000000604400000, 0x0000000604400000, 0x0000000604800000|  0%| F|  |TAMS 0x0000000604400000, 0x0000000604400000| Untracked 
|  15|0x0000000604800000, 0x0000000604800000, 0x0000000604c00000|  0%| F|  |TAMS 0x0000000604800000, 0x0000000604800000| Untracked 
|  16|0x0000000604c00000, 0x0000000604c00000, 0x0000000605000000|  0%| F|  |TAMS 0x0000000604c00000, 0x0000000604c00000| Untracked 
|  17|0x0000000605000000, 0x0000000605000000, 0x0000000605400000|  0%| F|  |TAMS 0x0000000605000000, 0x0000000605000000| Untracked 
|  18|0x0000000605400000, 0x0000000605400000, 0x0000000605800000|  0%| F|  |TAMS 0x0000000605400000, 0x0000000605400000| Untracked 
|  19|0x0000000605800000, 0x0000000605800000, 0x0000000605c00000|  0%| F|  |TAMS 0x0000000605800000, 0x0000000605800000| Untracked 
|  20|0x0000000605c00000, 0x0000000605c00000, 0x0000000606000000|  0%| F|  |TAMS 0x0000000605c00000, 0x0000000605c00000| Untracked 
|  21|0x0000000606000000, 0x0000000606000000, 0x0000000606400000|  0%| F|  |TAMS 0x0000000606000000, 0x0000000606000000| Untracked 
|  22|0x0000000606400000, 0x0000000606400000, 0x0000000606800000|  0%| F|  |TAMS 0x0000000606400000, 0x0000000606400000| Untracked 
|  23|0x0000000606800000, 0x0000000606800000, 0x0000000606c00000|  0%| F|  |TAMS 0x0000000606800000, 0x0000000606800000| Untracked 
|  24|0x0000000606c00000, 0x0000000606c00000, 0x0000000607000000|  0%| F|  |TAMS 0x0000000606c00000, 0x0000000606c00000| Untracked 
|  25|0x0000000607000000, 0x0000000607000000, 0x0000000607400000|  0%| F|  |TAMS 0x0000000607000000, 0x0000000607000000| Untracked 
|  26|0x0000000607400000, 0x0000000607400000, 0x0000000607800000|  0%| F|  |TAMS 0x0000000607400000, 0x0000000607400000| Untracked 
|  27|0x0000000607800000, 0x0000000607800000, 0x0000000607c00000|  0%| F|  |TAMS 0x0000000607800000, 0x0000000607800000| Untracked 
|  28|0x0000000607c00000, 0x0000000607c00000, 0x0000000608000000|  0%| F|  |TAMS 0x0000000607c00000, 0x0000000607c00000| Untracked 
|  29|0x0000000608000000, 0x0000000608000000, 0x0000000608400000|  0%| F|  |TAMS 0x0000000608000000, 0x0000000608000000| Untracked 
|  30|0x0000000608400000, 0x0000000608400000, 0x0000000608800000|  0%| F|  |TAMS 0x0000000608400000, 0x0000000608400000| Untracked 
|  31|0x0000000608800000, 0x0000000608800000, 0x0000000608c00000|  0%| F|  |TAMS 0x0000000608800000, 0x0000000608800000| Untracked 
|  32|0x0000000608c00000, 0x0000000608c00000, 0x0000000609000000|  0%| F|  |TAMS 0x0000000608c00000, 0x0000000608c00000| Untracked 
|  33|0x0000000609000000, 0x0000000609000000, 0x0000000609400000|  0%| F|  |TAMS 0x0000000609000000, 0x0000000609000000| Untracked 
|  34|0x0000000609400000, 0x0000000609400000, 0x0000000609800000|  0%| F|  |TAMS 0x0000000609400000, 0x0000000609400000| Untracked 
|  35|0x0000000609800000, 0x0000000609800000, 0x0000000609c00000|  0%| F|  |TAMS 0x0000000609800000, 0x0000000609800000| Untracked 
|  36|0x0000000609c00000, 0x0000000609c00000, 0x000000060a000000|  0%| F|  |TAMS 0x0000000609c00000, 0x0000000609c00000| Untracked 
|  37|0x000000060a000000, 0x000000060a000000, 0x000000060a400000|  0%| F|  |TAMS 0x000000060a000000, 0x000000060a000000| Untracked 
|  38|0x000000060a400000, 0x000000060a400000, 0x000000060a800000|  0%| F|  |TAMS 0x000000060a400000, 0x000000060a400000| Untracked 
|  39|0x000000060a800000, 0x000000060a800000, 0x000000060ac00000|  0%| F|  |TAMS 0x000000060a800000, 0x000000060a800000| Untracked 
|  40|0x000000060ac00000, 0x000000060ac00000, 0x000000060b000000|  0%| F|  |TAMS 0x000000060ac00000, 0x000000060ac00000| Untracked 
|  41|0x000000060b000000, 0x000000060b000000, 0x000000060b400000|  0%| F|  |TAMS 0x000000060b000000, 0x000000060b000000| Untracked 
|  42|0x000000060b400000, 0x000000060b400000, 0x000000060b800000|  0%| F|  |TAMS 0x000000060b400000, 0x000000060b400000| Untracked 
|  43|0x000000060b800000, 0x000000060b800000, 0x000000060bc00000|  0%| F|  |TAMS 0x000000060b800000, 0x000000060b800000| Untracked 
|  44|0x000000060bc00000, 0x000000060bc00000, 0x000000060c000000|  0%| F|  |TAMS 0x000000060bc00000, 0x000000060bc00000| Untracked 
|  45|0x000000060c000000, 0x000000060c000000, 0x000000060c400000|  0%| F|  |TAMS 0x000000060c000000, 0x000000060c000000| Untracked 
|  46|0x000000060c400000, 0x000000060c400000, 0x000000060c800000|  0%| F|  |TAMS 0x000000060c400000, 0x000000060c400000| Untracked 
|  47|0x000000060c800000, 0x000000060c800000, 0x000000060cc00000|  0%| F|  |TAMS 0x000000060c800000, 0x000000060c800000| Untracked 
|  48|0x000000060cc00000, 0x000000060cc00000, 0x000000060d000000|  0%| F|  |TAMS 0x000000060cc00000, 0x000000060cc00000| Untracked 
|  49|0x000000060d000000, 0x000000060d000000, 0x000000060d400000|  0%| F|  |TAMS 0x000000060d000000, 0x000000060d000000| Untracked 
|  50|0x000000060d400000, 0x000000060d400000, 0x000000060d800000|  0%| F|  |TAMS 0x000000060d400000, 0x000000060d400000| Untracked 
|  51|0x000000060d800000, 0x000000060d800000, 0x000000060dc00000|  0%| F|  |TAMS 0x000000060d800000, 0x000000060d800000| Untracked 
|  52|0x000000060dc00000, 0x000000060dc00000, 0x000000060e000000|  0%| F|  |TAMS 0x000000060dc00000, 0x000000060dc00000| Untracked 
|  53|0x000000060e000000, 0x000000060e000000, 0x000000060e400000|  0%| F|  |TAMS 0x000000060e000000, 0x000000060e000000| Untracked 
|  54|0x000000060e400000, 0x000000060e400000, 0x000000060e800000|  0%| F|  |TAMS 0x000000060e400000, 0x000000060e400000| Untracked 
|  55|0x000000060e800000, 0x000000060e800000, 0x000000060ec00000|  0%| F|  |TAMS 0x000000060e800000, 0x000000060e800000| Untracked 
|  56|0x000000060ec00000, 0x000000060ec00000, 0x000000060f000000|  0%| F|  |TAMS 0x000000060ec00000, 0x000000060ec00000| Untracked 
|  57|0x000000060f000000, 0x000000060f000000, 0x000000060f400000|  0%| F|  |TAMS 0x000000060f000000, 0x000000060f000000| Untracked 
|  58|0x000000060f400000, 0x000000060f400000, 0x000000060f800000|  0%| F|  |TAMS 0x000000060f400000, 0x000000060f400000| Untracked 
|  59|0x000000060f800000, 0x000000060f800000, 0x000000060fc00000|  0%| F|  |TAMS 0x000000060f800000, 0x000000060f800000| Untracked 
|  60|0x000000060fc00000, 0x000000060fc00000, 0x0000000610000000|  0%| F|  |TAMS 0x000000060fc00000, 0x000000060fc00000| Untracked 
|  61|0x0000000610000000, 0x0000000610000000, 0x0000000610400000|  0%| F|  |TAMS 0x0000000610000000, 0x0000000610000000| Untracked 
|  62|0x0000000610400000, 0x0000000610400000, 0x0000000610800000|  0%| F|  |TAMS 0x0000000610400000, 0x0000000610400000| Untracked 
|  63|0x0000000610800000, 0x0000000610800000, 0x0000000610c00000|  0%| F|  |TAMS 0x0000000610800000, 0x0000000610800000| Untracked 
|  64|0x0000000610c00000, 0x0000000610c00000, 0x0000000611000000|  0%| F|  |TAMS 0x0000000610c00000, 0x0000000610c00000| Untracked 
|  65|0x0000000611000000, 0x0000000611000000, 0x0000000611400000|  0%| F|  |TAMS 0x0000000611000000, 0x0000000611000000| Untracked 
|  66|0x0000000611400000, 0x0000000611400000, 0x0000000611800000|  0%| F|  |TAMS 0x0000000611400000, 0x0000000611400000| Untracked 
|  67|0x0000000611800000, 0x0000000611800000, 0x0000000611c00000|  0%| F|  |TAMS 0x0000000611800000, 0x0000000611800000| Untracked 
|  68|0x0000000611c00000, 0x0000000611c00000, 0x0000000612000000|  0%| F|  |TAMS 0x0000000611c00000, 0x0000000611c00000| Untracked 
|  69|0x0000000612000000, 0x0000000612000000, 0x0000000612400000|  0%| F|  |TAMS 0x0000000612000000, 0x0000000612000000| Untracked 
|  70|0x0000000612400000, 0x0000000612400000, 0x0000000612800000|  0%| F|  |TAMS 0x0000000612400000, 0x0000000612400000| Untracked 
|  71|0x0000000612800000, 0x0000000612800000, 0x0000000612c00000|  0%| F|  |TAMS 0x0000000612800000, 0x0000000612800000| Untracked 
|  72|0x0000000612c00000, 0x0000000612c00000, 0x0000000613000000|  0%| F|  |TAMS 0x0000000612c00000, 0x0000000612c00000| Untracked 
|  73|0x0000000613000000, 0x0000000613000000, 0x0000000613400000|  0%| F|  |TAMS 0x0000000613000000, 0x0000000613000000| Untracked 
|  74|0x0000000613400000, 0x0000000613400000, 0x0000000613800000|  0%| F|  |TAMS 0x0000000613400000, 0x0000000613400000| Untracked 
|  75|0x0000000613800000, 0x0000000613800000, 0x0000000613c00000|  0%| F|  |TAMS 0x0000000613800000, 0x0000000613800000| Untracked 
|  76|0x0000000613c00000, 0x0000000613c75310, 0x0000000614000000| 11%| E|  |TAMS 0x0000000613c00000, 0x0000000613c00000| Complete 
|  77|0x0000000614000000, 0x00000006143d4c40, 0x0000000614400000| 95%| E|  |TAMS 0x0000000614000000, 0x0000000614000000| Complete 
|  78|0x0000000614400000, 0x0000000614800000, 0x0000000614800000|100%| E|CS|TAMS 0x0000000614400000, 0x0000000614400000| Complete 
|  79|0x0000000614800000, 0x0000000614c00000, 0x0000000614c00000|100%| E|CS|TAMS 0x0000000614800000, 0x0000000614800000| Complete 
|  80|0x0000000614c00000, 0x0000000615000000, 0x0000000615000000|100%| E|CS|TAMS 0x0000000614c00000, 0x0000000614c00000| Complete 
|  81|0x0000000615000000, 0x0000000615400000, 0x0000000615400000|100%| E|CS|TAMS 0x0000000615000000, 0x0000000615000000| Complete 
|  82|0x0000000615400000, 0x0000000615800000, 0x0000000615800000|100%| E|CS|TAMS 0x0000000615400000, 0x0000000615400000| Complete 
|  83|0x0000000615800000, 0x0000000615c00000, 0x0000000615c00000|100%| E|CS|TAMS 0x0000000615800000, 0x0000000615800000| Complete 
|  84|0x0000000615c00000, 0x0000000616000000, 0x0000000616000000|100%| E|CS|TAMS 0x0000000615c00000, 0x0000000615c00000| Complete 
|  85|0x0000000616000000, 0x0000000616400000, 0x0000000616400000|100%| E|CS|TAMS 0x0000000616000000, 0x0000000616000000| Complete 
|  86|0x0000000616400000, 0x0000000616800000, 0x0000000616800000|100%| E|CS|TAMS 0x0000000616400000, 0x0000000616400000| Complete 
|  87|0x0000000616800000, 0x0000000616c00000, 0x0000000616c00000|100%| E|CS|TAMS 0x0000000616800000, 0x0000000616800000| Complete 
|  88|0x0000000616c00000, 0x0000000617000000, 0x0000000617000000|100%| E|CS|TAMS 0x0000000616c00000, 0x0000000616c00000| Complete 
|  89|0x0000000617000000, 0x0000000617400000, 0x0000000617400000|100%| E|CS|TAMS 0x0000000617000000, 0x0000000617000000| Complete 
|  90|0x0000000617400000, 0x0000000617800000, 0x0000000617800000|100%| E|CS|TAMS 0x0000000617400000, 0x0000000617400000| Complete 
|  91|0x0000000617800000, 0x0000000617c00000, 0x0000000617c00000|100%| E|CS|TAMS 0x0000000617800000, 0x0000000617800000| Complete 
|  92|0x0000000617c00000, 0x0000000618000000, 0x0000000618000000|100%| E|CS|TAMS 0x0000000617c00000, 0x0000000617c00000| Complete 
|  93|0x0000000618000000, 0x0000000618400000, 0x0000000618400000|100%| E|CS|TAMS 0x0000000618000000, 0x0000000618000000| Complete 
|  94|0x0000000618400000, 0x0000000618800000, 0x0000000618800000|100%| E|CS|TAMS 0x0000000618400000, 0x0000000618400000| Complete 
|  95|0x0000000618800000, 0x0000000618c00000, 0x0000000618c00000|100%| E|CS|TAMS 0x0000000618800000, 0x0000000618800000| Complete 
|  96|0x0000000618c00000, 0x0000000619000000, 0x0000000619000000|100%| E|CS|TAMS 0x0000000618c00000, 0x0000000618c00000| Complete 
|  97|0x0000000619000000, 0x0000000619400000, 0x0000000619400000|100%| E|CS|TAMS 0x0000000619000000, 0x0000000619000000| Complete 
|  98|0x0000000619400000, 0x0000000619800000, 0x0000000619800000|100%| E|CS|TAMS 0x0000000619400000, 0x0000000619400000| Complete 
|  99|0x0000000619800000, 0x0000000619c00000, 0x0000000619c00000|100%| E|CS|TAMS 0x0000000619800000, 0x0000000619800000| Complete 
| 100|0x0000000619c00000, 0x000000061a000000, 0x000000061a000000|100%| E|CS|TAMS 0x0000000619c00000, 0x0000000619c00000| Complete 
| 101|0x000000061a000000, 0x000000061a400000, 0x000000061a400000|100%| E|CS|TAMS 0x000000061a000000, 0x000000061a000000| Complete 
| 102|0x000000061a400000, 0x000000061a800000, 0x000000061a800000|100%| E|CS|TAMS 0x000000061a400000, 0x000000061a400000| Complete 
| 103|0x000000061a800000, 0x000000061ac00000, 0x000000061ac00000|100%| E|CS|TAMS 0x000000061a800000, 0x000000061a800000| Complete 
| 104|0x000000061ac00000, 0x000000061b000000, 0x000000061b000000|100%| E|CS|TAMS 0x000000061ac00000, 0x000000061ac00000| Complete 
| 105|0x000000061b000000, 0x000000061b400000, 0x000000061b400000|100%| E|CS|TAMS 0x000000061b000000, 0x000000061b000000| Complete 
| 106|0x000000061b400000, 0x000000061b800000, 0x000000061b800000|100%| E|CS|TAMS 0x000000061b400000, 0x000000061b400000| Complete 
| 107|0x000000061b800000, 0x000000061bc00000, 0x000000061bc00000|100%| E|CS|TAMS 0x000000061b800000, 0x000000061b800000| Complete 
| 108|0x000000061bc00000, 0x000000061c000000, 0x000000061c000000|100%| E|CS|TAMS 0x000000061bc00000, 0x000000061bc00000| Complete 
| 109|0x000000061c000000, 0x000000061c400000, 0x000000061c400000|100%| E|CS|TAMS 0x000000061c000000, 0x000000061c000000| Complete 
| 110|0x000000061c400000, 0x000000061c800000, 0x000000061c800000|100%| E|CS|TAMS 0x000000061c400000, 0x000000061c400000| Complete 
| 111|0x000000061c800000, 0x000000061cc00000, 0x000000061cc00000|100%| E|CS|TAMS 0x000000061c800000, 0x000000061c800000| Complete 
| 112|0x000000061cc00000, 0x000000061d000000, 0x000000061d000000|100%| E|CS|TAMS 0x000000061cc00000, 0x000000061cc00000| Complete 
| 113|0x000000061d000000, 0x000000061d400000, 0x000000061d400000|100%| E|CS|TAMS 0x000000061d000000, 0x000000061d000000| Complete 
| 114|0x000000061d400000, 0x000000061d800000, 0x000000061d800000|100%| E|CS|TAMS 0x000000061d400000, 0x000000061d400000| Complete 
| 115|0x000000061d800000, 0x000000061dc00000, 0x000000061dc00000|100%| E|CS|TAMS 0x000000061d800000, 0x000000061d800000| Complete 
| 116|0x000000061dc00000, 0x000000061e000000, 0x000000061e000000|100%| E|CS|TAMS 0x000000061dc00000, 0x000000061dc00000| Complete 
| 117|0x000000061e000000, 0x000000061e400000, 0x000000061e400000|100%| E|CS|TAMS 0x000000061e000000, 0x000000061e000000| Complete 
| 118|0x000000061e400000, 0x000000061e800000, 0x000000061e800000|100%| E|CS|TAMS 0x000000061e400000, 0x000000061e400000| Complete 
| 119|0x000000061e800000, 0x000000061e83c8d0, 0x000000061ec00000|  5%| S|CS|TAMS 0x000000061e800000, 0x000000061e800000| Complete 
| 120|0x000000061ec00000, 0x000000061f000000, 0x000000061f000000|100%| E|CS|TAMS 0x000000061ec00000, 0x000000061ec00000| Complete 
| 121|0x000000061f000000, 0x000000061f400000, 0x000000061f400000|100%| E|CS|TAMS 0x000000061f000000, 0x000000061f000000| Complete 
| 122|0x000000061f400000, 0x000000061f800000, 0x000000061f800000|100%| E|CS|TAMS 0x000000061f400000, 0x000000061f400000| Complete 
| 123|0x000000061f800000, 0x000000061fc00000, 0x000000061fc00000|100%| E|CS|TAMS 0x000000061f800000, 0x000000061f800000| Complete 
| 124|0x000000061fc00000, 0x0000000620000000, 0x0000000620000000|100%| E|CS|TAMS 0x000000061fc00000, 0x000000061fc00000| Complete 
| 125|0x0000000620000000, 0x0000000620400000, 0x0000000620400000|100%| E|CS|TAMS 0x0000000620000000, 0x0000000620000000| Complete 
| 126|0x0000000620400000, 0x0000000620800000, 0x0000000620800000|100%| E|CS|TAMS 0x0000000620400000, 0x0000000620400000| Complete 
| 127|0x0000000620800000, 0x0000000620c00000, 0x0000000620c00000|100%| E|CS|TAMS 0x0000000620800000, 0x0000000620800000| Complete 

Card table byte_map: [0x000001c94bc90000,0x000001c94cc90000] _byte_map_base: 0x000001c948c8a000

Marking Bits (Prev, Next): (CMBitMap*) 0x000001c931378140, (CMBitMap*) 0x000001c931378180
 Prev Bits: [0x000001c94dc90000, 0x000001c955c60000)
 Next Bits: [0x000001c955c60000, 0x000001c95dc30000)

Polling page: 0x000001c9313e0000

Metaspace:

Usage:
  Non-class:      8.11 MB capacity,     5.70 MB ( 70%) used,     2.41 MB ( 30%) free+waste,     4.50 KB ( <1%) overhead. 
      Class:    745.00 KB capacity,   453.74 KB ( 61%) used,   290.20 KB ( 39%) free+waste,     1.06 KB ( <1%) overhead. 
       Both:      8.84 MB capacity,     6.14 MB ( 69%) used,     2.69 MB ( 30%) free+waste,     5.56 KB ( <1%) overhead. 

Virtual space:
  Non-class space:       10.00 MB reserved,       8.25 MB ( 83%) committed 
      Class space:        1.00 GB reserved,     768.00 KB ( <1%) committed 
             Both:        1.01 GB reserved,       9.00 MB ( <1%) committed 

Chunk freelists:
   Non-Class:  139.00 KB
       Class:  23.00 KB
        Both:  162.00 KB

MaxMetaspaceSize: 17179869184.00 GB
CompressedClassSpaceSize: 1.00 GB

CodeHeap 'non-profiled nmethods': size=120000Kb used=635Kb max_used=635Kb free=119364Kb
 bounds [0x000001c942ae0000, 0x000001c942d50000, 0x000001c94a010000]
CodeHeap 'profiled nmethods': size=120000Kb used=2864Kb max_used=2864Kb free=117135Kb
 bounds [0x000001c93b5b0000, 0x000001c93b880000, 0x000001c942ae0000]
CodeHeap 'non-nmethods': size=5760Kb used=1297Kb max_used=1327Kb free=4463Kb
 bounds [0x000001c93b010000, 0x000001c93b280000, 0x000001c93b5b0000]
 total_blobs=2116 nmethods=1524 adapters=505
 compilation: enabled
              stopped_count=0, restarted_count=0
 full_count=0

Compilation events (20 events):
Event: 9.251 Thread 0x000001c9611c2310 1516       3       com.badlogic.gdx.backends.lwjgl.DefaultLwjglInput::updateMouse (321 bytes)
Event: 9.252 Thread 0x000001c9611c2310 nmethod 1516 0x000001c93b878110 code [0x000001c93b878500, 0x000001c93b879d48]
Event: 9.252 Thread 0x000001c9611c2310 1514       3       com.badlogic.gdx.backends.lwjgl.DefaultLwjglInput::update (13 bytes)
Event: 9.252 Thread 0x000001c9611c2310 nmethod 1514 0x000001c93b87a610 code [0x000001c93b87a7c0, 0x000001c93b87a968]
Event: 9.252 Thread 0x000001c9611c2310 1515       3       com.badlogic.gdx.backends.lwjgl.DefaultLwjglInput::updateTime (24 bytes)
Event: 9.252 Thread 0x000001c9611c2310 nmethod 1515 0x000001c93b87aa90 code [0x000001c93b87ac40, 0x000001c93b87ad78]
Event: 9.252 Thread 0x000001c9611c2310 1517   !   3       com.badlogic.gdx.backends.lwjgl.LwjglGraphics::shouldRender (44 bytes)
Event: 9.252 Thread 0x000001c9611c2310 nmethod 1517 0x000001c93b87ae10 code [0x000001c93b87afc0, 0x000001c93b87b2a8]
Event: 9.252 Thread 0x000001c9611c2310 1518       3       com.badlogic.gdx.backends.lwjgl.DefaultLwjglInput::processEvents (12 bytes)
Event: 9.252 Thread 0x000001c9611c2310 nmethod 1518 0x000001c93b87b390 code [0x000001c93b87b540, 0x000001c93b87b6a8]
Event: 9.252 Thread 0x000001c9611c2310 1520       3       com.badlogic.gdx.utils.IntArray::addAll (14 bytes)
Event: 9.252 Thread 0x000001c9611c2310 nmethod 1520 0x000001c93b87b790 code [0x000001c93b87b940, 0x000001c93b87baa8]
Event: 9.252 Thread 0x000001c9611c2310 1521       3       com.badlogic.gdx.utils.IntArray::addAll (70 bytes)
Event: 9.252 Thread 0x000001c9611c2310 nmethod 1521 0x000001c93b87bb90 code [0x000001c93b87bd80, 0x000001c93b87c1d8]
Event: 9.401 Thread 0x000001c9611b7320 1522 %     4       com.badlogic.gdx.utils.StreamUtils::copyStream @ 0 (22 bytes)
Event: 9.404 Thread 0x000001c9611b7320 nmethod 1522% 0x000001c942b7d510 code [0x000001c942b7d6c0, 0x000001c942b7db68]
Event: 9.584 Thread 0x000001c9611b7320 1523       4       java.io.WinNTFileSystem::prefixLength (91 bytes)
Event: 9.586 Thread 0x000001c9611b7320 nmethod 1523 0x000001c942b7de90 code [0x000001c942b7e060, 0x000001c942b7e448]
Event: 9.617 Thread 0x000001c9611b7320 1524       4       com.badlogic.gdx.physics.box2d.Body::getPosition (43 bytes)
Event: 9.618 Thread 0x000001c9611b7320 nmethod 1524 0x000001c942b7e910 code [0x000001c942b7eaa0, 0x000001c942b7eba8]

GC Heap History (4 events):
Event: 2.063 GC heap before
{Heap before GC invocations=0 (full 0):
 garbage-first heap   total 524288K, used 24576K [0x0000000600c00000, 0x0000000800000000)
  region size 4096K, 6 young (24576K), 0 survivors (0K)
 Metaspace       used 5899K, capacity 8734K, committed 8960K, reserved 1056768K
  class space    used 452K, capacity 745K, committed 768K, reserved 1048576K
}
Event: 2.065 GC heap after
{Heap after GC invocations=1 (full 0):
 garbage-first heap   total 524288K, used 2861K [0x0000000600c00000, 0x0000000800000000)
  region size 4096K, 1 young (4096K), 1 survivors (4096K)
 Metaspace       used 5899K, capacity 8734K, committed 8960K, reserved 1056768K
  class space    used 452K, capacity 745K, committed 768K, reserved 1048576K
}
Event: 3.010 GC heap before
{Heap before GC invocations=1 (full 0):
 garbage-first heap   total 524288K, used 27437K [0x0000000600c00000, 0x0000000800000000)
  region size 4096K, 8 young (32768K), 1 survivors (4096K)
 Metaspace       used 6009K, capacity 8798K, committed 8960K, reserved 1056768K
  class space    used 452K, capacity 745K, committed 768K, reserved 1048576K
}
Event: 3.011 GC heap after
{Heap after GC invocations=2 (full 0):
 garbage-first heap   total 524288K, used 2938K [0x0000000600c00000, 0x0000000800000000)
  region size 4096K, 1 young (4096K), 1 survivors (4096K)
 Metaspace       used 6009K, capacity 8798K, committed 8960K, reserved 1056768K
  class space    used 452K, capacity 745K, committed 768K, reserved 1048576K
}

Deoptimization events (20 events):
Event: 0.500 Thread 0x000001c96176a910 DEOPT PACKING pc=0x000001c93b6d01fb sp=0x0000003ee8efe550
Event: 0.500 Thread 0x000001c96176a910 DEOPT UNPACKING pc=0x000001c93b05e23f sp=0x0000003ee8efd9c0 mode 0
Event: 0.969 Thread 0x000001c96176a910 DEOPT PACKING pc=0x000001c93b70ea62 sp=0x0000003ee8eff080
Event: 0.969 Thread 0x000001c96176a910 DEOPT UNPACKING pc=0x000001c93b05e23f sp=0x0000003ee8efe608 mode 0
Event: 1.002 Thread 0x000001c96176a910 DEOPT PACKING pc=0x000001c93b70ea62 sp=0x0000003ee8eff080
Event: 1.002 Thread 0x000001c96176a910 DEOPT UNPACKING pc=0x000001c93b05e23f sp=0x0000003ee8efe608 mode 0
Event: 1.036 Thread 0x000001c96176a910 DEOPT PACKING pc=0x000001c93b70ea62 sp=0x0000003ee8eff080
Event: 1.036 Thread 0x000001c96176a910 DEOPT UNPACKING pc=0x000001c93b05e23f sp=0x0000003ee8efe608 mode 0
Event: 1.086 Thread 0x000001c96176a910 DEOPT PACKING pc=0x000001c93b70ea62 sp=0x0000003ee8eff080
Event: 1.086 Thread 0x000001c96176a910 DEOPT UNPACKING pc=0x000001c93b05e23f sp=0x0000003ee8efe608 mode 0
Event: 1.153 Thread 0x000001c96176a910 DEOPT PACKING pc=0x000001c93b70ea62 sp=0x0000003ee8eff080
Event: 1.153 Thread 0x000001c96176a910 DEOPT UNPACKING pc=0x000001c93b05e23f sp=0x0000003ee8efe608 mode 0
Event: 1.186 Thread 0x000001c96176a910 DEOPT PACKING pc=0x000001c93b70ea62 sp=0x0000003ee8eff080
Event: 1.186 Thread 0x000001c96176a910 DEOPT UNPACKING pc=0x000001c93b05e23f sp=0x0000003ee8efe608 mode 0
Event: 2.018 Thread 0x000001c96176a910 DEOPT PACKING pc=0x000001c93b6d6277 sp=0x0000003ee8efe440
Event: 2.018 Thread 0x000001c96176a910 DEOPT UNPACKING pc=0x000001c93b05e23f sp=0x0000003ee8efd9a0 mode 0
Event: 5.201 Thread 0x000001c96176a910 DEOPT PACKING pc=0x000001c93b76d183 sp=0x0000003ee8efe900
Event: 5.201 Thread 0x000001c96176a910 DEOPT UNPACKING pc=0x000001c93b05e23f sp=0x0000003ee8efde20 mode 0
Event: 6.833 Thread 0x000001c96176a910 DEOPT PACKING pc=0x000001c93b777a7f sp=0x0000003ee8efe590
Event: 6.833 Thread 0x000001c96176a910 DEOPT UNPACKING pc=0x000001c93b05e23f sp=0x0000003ee8efdad8 mode 0

Classes unloaded (0 events):
No events

Classes redefined (0 events):
No events

Internal exceptions (0 events):
No events

Events (20 events):
Event: 2.492 Loaded shared library C:\Users\nicho\AppData\Local\Temp\libgdxnicho\1cecf4f6\lwjgl64.dll
Event: 2.611 Loaded shared library C:\Users\nicho\AppData\Local\Temp\libgdxnicho\1cecf4f6\lwjgl64.dll
Event: 2.675 Loaded shared library C:\Users\nicho\AppData\Local\Temp\libgdxnicho\1cecf4f6\lwjgl64.dll
Event: 2.975 Loaded shared library C:\Users\nicho\AppData\Local\Temp\libgdxnicho\1cecf4f6\lwjgl64.dll
Event: 3.010 Executing VM operation: G1CollectForAllocation
Event: 3.011 Executing VM operation: G1CollectForAllocation done
Event: 3.392 Loaded shared library C:\Users\nicho\AppData\Local\Temp\libgdxnicho\1cecf4f6\lwjgl64.dll
Event: 3.408 Loaded shared library C:\Users\nicho\AppData\Local\Temp\libgdxnicho\1cecf4f6\lwjgl64.dll
Event: 3.508 Loaded shared library C:\Users\nicho\AppData\Local\Temp\libgdxnicho\1cecf4f6\lwjgl64.dll
Event: 3.842 Loaded shared library C:\Users\nicho\AppData\Local\Temp\libgdxnicho\1cecf4f6\lwjgl64.dll
Event: 3.843 Loaded shared library C:\Users\nicho\AppData\Local\Temp\libgdxnicho\1cecf4f6\lwjgl64.dll
Event: 4.952 Loaded shared library C:\Users\nicho\AppData\Local\Temp\libgdxnicho\1cecf4f6\lwjgl64.dll
Event: 5.515 Loaded shared library C:\Users\nicho\AppData\Local\Temp\libgdxnicho\1cecf4f6\lwjgl64.dll
Event: 5.516 Loaded shared library C:\Users\nicho\AppData\Local\Temp\libgdxnicho\1cecf4f6\lwjgl64.dll
Event: 5.633 Loaded shared library C:\Users\nicho\AppData\Local\Temp\libgdxnicho\6bae761b\gdx64.dll
Event: 6.164 Loaded shared library C:\Users\nicho\AppData\Local\Temp\libgdxnicho\1cecf4f6\lwjgl64.dll
Event: 6.166 Loaded shared library C:\Users\nicho\AppData\Local\Temp\libgdxnicho\6bae761b\gdx64.dll
Event: 8.296 Loaded shared library C:\Users\nicho\AppData\Local\Temp\libgdxnicho\1cecf4f6\lwjgl64.dll
Event: 9.233 Loaded shared library C:\Users\nicho\AppData\Local\Temp\libgdxnicho\1cecf4f6\lwjgl64.dll
Event: 9.234 Loaded shared library C:\Users\nicho\AppData\Local\Temp\libgdxnicho\1cecf4f6\lwjgl64.dll


Dynamic libraries:
0x00007ff602840000 - 0x00007ff60284d000 	C:\Program Files\AdoptOpenJDK\jdk-15.0.1.9-hotspot\bin\java.exe
0x00007ffda7910000 - 0x00007ffda7b05000 	C:\WINDOWS\SYSTEM32\ntdll.dll
0x00007ffda6bc0000 - 0x00007ffda6c7e000 	C:\WINDOWS\System32\KERNEL32.DLL
0x00007ffda54b0000 - 0x00007ffda5779000 	C:\WINDOWS\System32\KERNELBASE.dll
0x00007ffda5090000 - 0x00007ffda5190000 	C:\WINDOWS\System32\ucrtbase.dll
0x00007ffda17a0000 - 0x00007ffda17b5000 	C:\Program Files\AdoptOpenJDK\jdk-15.0.1.9-hotspot\bin\VCRUNTIME140.dll
0x00007ffda17c0000 - 0x00007ffda17d8000 	C:\Program Files\AdoptOpenJDK\jdk-15.0.1.9-hotspot\bin\jli.dll
0x00007ffda7530000 - 0x00007ffda76d1000 	C:\WINDOWS\System32\USER32.dll
0x00007ffda52a0000 - 0x00007ffda52c2000 	C:\WINDOWS\System32\win32u.dll
0x00007ffd97a60000 - 0x00007ffd97cfa000 	C:\WINDOWS\WinSxS\amd64_microsoft.windows.common-controls_6595b64144ccf1df_6.0.19041.1110_none_60b5254171f9507e\COMCTL32.dll
0x00007ffda71d0000 - 0x00007ffda71fb000 	C:\WINDOWS\System32\GDI32.dll
0x00007ffda7370000 - 0x00007ffda740e000 	C:\WINDOWS\System32\msvcrt.dll
0x00007ffda5190000 - 0x00007ffda529b000 	C:\WINDOWS\System32\gdi32full.dll
0x00007ffda5360000 - 0x00007ffda53fd000 	C:\WINDOWS\System32\msvcp_win.dll
0x00007ffda5bb0000 - 0x00007ffda5be0000 	C:\WINDOWS\System32\IMM32.DLL
0x00007ffd958c0000 - 0x00007ffd9595b000 	C:\Program Files\AdoptOpenJDK\jdk-15.0.1.9-hotspot\bin\msvcp140.dll
0x00007ffd5a900000 - 0x00007ffd5b48e000 	C:\Program Files\AdoptOpenJDK\jdk-15.0.1.9-hotspot\bin\server\jvm.dll
0x00007ffda7200000 - 0x00007ffda72ac000 	C:\WINDOWS\System32\ADVAPI32.dll
0x00007ffda7750000 - 0x00007ffda77eb000 	C:\WINDOWS\System32\sechost.dll
0x00007ffda6a10000 - 0x00007ffda6b3a000 	C:\WINDOWS\System32\RPCRT4.dll
0x00007ffda5f40000 - 0x00007ffda5f48000 	C:\WINDOWS\System32\PSAPI.DLL
0x00007ffd99b50000 - 0x00007ffd99b77000 	C:\WINDOWS\SYSTEM32\WINMM.dll
0x00007ffda02e0000 - 0x00007ffda02e9000 	C:\WINDOWS\SYSTEM32\WSOCK32.dll
0x00007ffd9d990000 - 0x00007ffd9d99a000 	C:\WINDOWS\SYSTEM32\VERSION.dll
0x00007ffda76e0000 - 0x00007ffda774b000 	C:\WINDOWS\System32\WS2_32.dll
0x00007ffda38d0000 - 0x00007ffda38e2000 	C:\WINDOWS\SYSTEM32\kernel.appcore.dll
0x00007ffda22d0000 - 0x00007ffda22da000 	C:\Program Files\AdoptOpenJDK\jdk-15.0.1.9-hotspot\bin\jimage.dll
0x00007ffda2dc0000 - 0x00007ffda2fa4000 	C:\WINDOWS\SYSTEM32\DBGHELP.DLL
0x00007ffd8b9c0000 - 0x00007ffd8b9ec000 	C:\WINDOWS\SYSTEM32\dbgcore.DLL
0x00007ffda52d0000 - 0x00007ffda5353000 	C:\WINDOWS\System32\bcryptPrimitives.dll
0x00007ffda1770000 - 0x00007ffda1795000 	C:\Program Files\AdoptOpenJDK\jdk-15.0.1.9-hotspot\bin\java.dll
0x00007ffda62d0000 - 0x00007ffda6a0f000 	C:\WINDOWS\System32\SHELL32.dll
0x00007ffda2fb0000 - 0x00007ffda3740000 	C:\WINDOWS\SYSTEM32\windows.storage.dll
0x00007ffda5be0000 - 0x00007ffda5f35000 	C:\WINDOWS\System32\combase.dll
0x00007ffda4a80000 - 0x00007ffda4aac000 	C:\WINDOWS\SYSTEM32\Wldp.dll
0x00007ffda72c0000 - 0x00007ffda736d000 	C:\WINDOWS\System32\SHCORE.dll
0x00007ffda59c0000 - 0x00007ffda5a15000 	C:\WINDOWS\System32\shlwapi.dll
0x00007ffda4f70000 - 0x00007ffda4f8f000 	C:\WINDOWS\SYSTEM32\profapi.dll
0x00007ffda1720000 - 0x00007ffda1739000 	C:\Program Files\AdoptOpenJDK\jdk-15.0.1.9-hotspot\bin\net.dll
0x00007ffd99d50000 - 0x00007ffd99e58000 	C:\WINDOWS\SYSTEM32\WINHTTP.dll
0x00007ffda47e0000 - 0x00007ffda484a000 	C:\WINDOWS\system32\mswsock.dll
0x00007ffda02a0000 - 0x00007ffda02b2000 	C:\Program Files\AdoptOpenJDK\jdk-15.0.1.9-hotspot\bin\nio.dll
0x00007ffd9d730000 - 0x00007ffd9d748000 	C:\Program Files\AdoptOpenJDK\jdk-15.0.1.9-hotspot\bin\zip.dll
0x0000000065ac0000 - 0x0000000065aea000 	C:\Users\nicho\AppData\Local\Temp\libgdxnicho\6bae761b\gdx64.dll
0x00007ffda1710000 - 0x00007ffda1720000 	C:\Program Files\AdoptOpenJDK\jdk-15.0.1.9-hotspot\bin\verify.dll
0x0000000180000000 - 0x0000000180053000 	C:\Users\nicho\AppData\Local\Temp\libgdxnicho\1cecf4f6\lwjgl64.dll
0x00007ffd523e0000 - 0x00007ffd52505000 	C:\WINDOWS\SYSTEM32\OPENGL32.dll
0x00007ffd7b810000 - 0x00007ffd7b83c000 	C:\WINDOWS\SYSTEM32\GLU32.dll
0x000001c961ef0000 - 0x000001c961f54000 	C:\Users\nicho\AppData\Local\Temp\libgdxnicho\1cecf4f6\OpenAL64.dll
0x00007ffda5a80000 - 0x00007ffda5baa000 	C:\WINDOWS\System32\ole32.dll
0x00007ffda25a0000 - 0x00007ffda263e000 	C:\WINDOWS\system32\uxtheme.dll
0x00007ffd44e30000 - 0x00007ffd45011000 	C:\Program Files (x86)\Stardock\Fences\FencesMenu64.dll
0x00007ffda7100000 - 0x00007ffda71cd000 	C:\WINDOWS\System32\OLEAUT32.dll
0x00007ffda4f30000 - 0x00007ffda4f5e000 	C:\WINDOWS\SYSTEM32\USERENV.dll
0x00007ffda06c0000 - 0x00007ffda06d4000 	C:\WINDOWS\SYSTEM32\WTSAPI32.dll
0x00007ffd97d00000 - 0x00007ffd97ea9000 	C:\WINDOWS\WinSxS\amd64_microsoft.windows.gdiplus_6595b64144ccf1df_1.1.19041.1288_none_91a663c8cc864906\gdiplus.dll
0x00007ffda5f50000 - 0x00007ffda5ff9000 	C:\WINDOWS\System32\clbcatq.dll
0x00007ffd8f9c0000 - 0x00007ffd8fa5c000 	C:\WINDOWS\SYSTEM32\dsound.dll
0x00007ffda45f0000 - 0x00007ffda463b000 	C:\WINDOWS\SYSTEM32\powrprof.dll
0x00007ffd8f960000 - 0x00007ffd8f986000 	C:\WINDOWS\SYSTEM32\winmmbase.dll
0x00007ffda4460000 - 0x00007ffda4472000 	C:\WINDOWS\SYSTEM32\UMPDC.dll
0x00007ffd9d5a0000 - 0x00007ffd9d625000 	C:\WINDOWS\System32\MMDevApi.dll
0x00007ffda4dd0000 - 0x00007ffda4e04000 	C:\WINDOWS\System32\DEVOBJ.dll
0x00007ffda5910000 - 0x00007ffda595e000 	C:\WINDOWS\System32\cfgmgr32.dll
0x00007ffd9d7c0000 - 0x00007ffd9d941000 	C:\WINDOWS\SYSTEM32\AUDIOSES.DLL
0x00007ffda2730000 - 0x00007ffda2744000 	C:\WINDOWS\SYSTEM32\resourcepolicyclient.dll
0x00007ffd9d630000 - 0x00007ffd9d6de000 	C:\WINDOWS\SYSTEM32\mscms.dll
0x00007ffd9d580000 - 0x00007ffd9d591000 	C:\WINDOWS\SYSTEM32\ColorAdapterClient.dll
0x00007ffda7410000 - 0x00007ffda7525000 	C:\WINDOWS\System32\MSCTF.dll
0x00007ffd805c0000 - 0x00007ffd806b9000 	C:\WINDOWS\SYSTEM32\textinputframework.dll
0x00007ffda1dd0000 - 0x00007ffda212e000 	C:\WINDOWS\System32\CoreUIComponents.dll
0x00007ffda2130000 - 0x00007ffda2222000 	C:\WINDOWS\System32\CoreMessaging.dll
0x00007ffda3d20000 - 0x00007ffda3d53000 	C:\WINDOWS\SYSTEM32\ntmarta.dll
0x00007ffda0900000 - 0x00007ffda0a54000 	C:\WINDOWS\SYSTEM32\wintypes.dll
0x00007ffd9e770000 - 0x00007ffd9e869000 	C:\Windows\System32\AppXDeploymentClient.dll
0x00007ffd1be10000 - 0x00007ffd1e930000 	C:\WINDOWS\System32\DriverStore\FileRepository\nv_dispi.inf_amd64_19c79fb6254e3b11\nvoglv64.dll
0x00007ffda6c80000 - 0x00007ffda70f2000 	C:\WINDOWS\System32\SETUPAPI.dll
0x00007ffda5780000 - 0x00007ffda57a7000 	C:\WINDOWS\System32\bcrypt.dll
0x00007ffda4c10000 - 0x00007ffda4c22000 	C:\WINDOWS\SYSTEM32\msasn1.dll
0x00007ffd9d950000 - 0x00007ffd9d981000 	C:\WINDOWS\SYSTEM32\cryptnet.dll
0x00007ffda57b0000 - 0x00007ffda5906000 	C:\WINDOWS\System32\CRYPT32.dll
0x00007ffd9a7c0000 - 0x00007ffd9a90a000 	C:\WINDOWS\SYSTEM32\drvstore.dll
0x00007ffda49f0000 - 0x00007ffda49fc000 	C:\WINDOWS\SYSTEM32\cryptbase.dll
0x00007ffda5030000 - 0x00007ffda5090000 	C:\WINDOWS\System32\WINTRUST.dll
0x00007ffd9b420000 - 0x00007ffd9b45b000 	C:\WINDOWS\SYSTEM32\dxcore.dll
0x00007ffd6a7d0000 - 0x00007ffd6aa93000 	C:\WINDOWS\system32\nvspcap64.dll
0x00007ffda2830000 - 0x00007ffda285f000 	C:\WINDOWS\SYSTEM32\dwmapi.dll
0x00007ffd97380000 - 0x00007ffd973c3000 	C:\WINDOWS\SYSTEM32\icm32.dll
0x00007ffda3d90000 - 0x00007ffda3dea000 	C:\WINDOWS\SYSTEM32\WINSTA.dll
0x000000006e9c0000 - 0x000000006ea1b000 	C:\Users\nicho\AppData\Local\Temp\libgdxnicho\19bf02c5\gdx-box2d64.dll

dbghelp: loaded successfully - version: 4.0.5 - missing functions: none
symbol engine: initialized successfully - sym options: 0x614 - pdb path: .;C:\Program Files\AdoptOpenJDK\jdk-15.0.1.9-hotspot\bin;C:\WINDOWS\SYSTEM32;C:\WINDOWS\WinSxS\amd64_microsoft.windows.common-controls_6595b64144ccf1df_6.0.19041.1110_none_60b5254171f9507e;C:\Program Files\AdoptOpenJDK\jdk-15.0.1.9-hotspot\bin\server;C:\Users\nicho\AppData\Local\Temp\libgdxnicho\6bae761b;C:\Users\nicho\AppData\Local\Temp\libgdxnicho\1cecf4f6;C:\Program Files (x86)\Stardock\Fences;C:\WINDOWS\WinSxS\amd64_microsoft.windows.gdiplus_6595b64144ccf1df_1.1.19041.1288_none_91a663c8cc864906;C:\WINDOWS\System32\DriverStore\FileRepository\nv_dispi.inf_amd64_19c79fb6254e3b11;C:\Users\nicho\AppData\Local\Temp\libgdxnicho\19bf02c5

VM Arguments:
jvm_args: -Dfile.encoding=windows-1252 -Duser.country=US -Duser.language=en -Duser.variant 
java_command: com.mygdx.nextlevel.desktop.DesktopLauncher
java_class_path (initial): C:\Users\nicho\Projects\code\Level-Up\Next Level\desktop\build\classes\java\main;C:\Users\nicho\Projects\code\Level-Up\Next Level\desktop\build\resources\main;C:\Users\nicho\.gradle\caches\modules-2\files-2.1\com.badlogicgames.gdx\gdx-backend-lwjgl\1.9.14\76d214441fa6faed9a4b9a2c02473f0d0a467a52\gdx-backend-lwjgl-1.9.14.jar;C:\Users\nicho\.gradle\caches\modules-2\files-2.1\com.badlogicgames.gdx\gdx-platform\1.9.14\c972092618b729ebfec229c9214fb9e87861fb7a\gdx-platform-1.9.14-natives-desktop.jar;C:\Users\nicho\.gradle\caches\modules-2\files-2.1\com.badlogicgames.gdx\gdx-box2d-platform\1.9.14\3c70a6038ec970ae49f96292ed48bd2a098a7f47\gdx-box2d-platform-1.9.14-natives-desktop.jar;C:\Users\nicho\Projects\code\Level-Up\Next Level\core\build\libs\core-1.0.jar;C:\Users\nicho\.gradle\caches\modules-2\files-2.1\com.badlogicgames.box2dlights\box2dlights\1.5\6902dbcd250c95a27973aa24a147a95b3828d348\box2dlights-1.5.jar;C:\Users\nicho\.gradle\caches\modules-2\files-2.1\com.badlogicgames.gdx\gdx-box2d\1.9.14\1c52434c5c7ad1a19e08dcc53047eb1cd79b5e62\gdx-box2d-1.9.14.jar;C:\Users\nicho\.gradle\caches\modules-2\files-2.1\com.kotcrab.vis\vis-ui\1.5.0\cf5f4d925657b14c50716417b1b207ab3a4b0008\vis-ui-1.5.0.jar;C:\Users\nicho\.gradle\caches\modules-2\files-2.1\com.badlogicgames.gdx\gdx\1.10.0\74c240f79dc4fb6b766a834249600d0a019d0489\gdx-1.10.0.jar;C:\Users\nicho\.gradle\caches\modules-2\files-2.1\org.lwjgl.lwjgl\lwjgl_util\2.9.3\751f06b62424da056954c67288fd5c494431e350\lwjgl_util-2.9.3.jar;C:\Users\nicho\.gradle\caches\modules-2\files-2.1\org.lwjgl.lwjgl\lwjgl\2.9.3\3df168ac74e4a8c96562cdff24ad352e255bf89c\lwjgl-2.9.3.jar;C:\Users\nicho\.gradle\caches\modules-2\files-2.1\com.badlogicgames.jlayer\jlayer\1.0.1-gdx\7cca83cec5c1b2f011362f4d85aabd71a73b049d\jlayer-1.0.1-gdx.jar;C:\Users\nicho\.gradle\caches\modules-2\files-2.1\org.jcraft\jorbis\0.0.17\8872d22b293e8f5d7d56ff92be966e6dc28ebdc6\jorbis-0.0.17.jar;C:\Users\nicho\.gradle\caches\modules-2\files-2.1\org.xer
Launcher Type: SUN_STANDARD

[Global flags]
     intx CICompilerCount                          = 4                                         {product} {ergonomic}
     uint ConcGCThreads                            = 3                                         {product} {ergonomic}
     uint G1ConcRefinementThreads                  = 10                                        {product} {ergonomic}
   size_t G1HeapRegionSize                         = 4194304                                   {product} {ergonomic}
    uintx GCDrainStackTargetSize                   = 64                                        {product} {ergonomic}
   size_t InitialHeapSize                          = 536870912                                 {product} {ergonomic}
   size_t MarkStackSize                            = 4194304                                   {product} {ergonomic}
   size_t MaxHeapSize                              = 8577351680                                {product} {ergonomic}
   size_t MaxNewSize                               = 5146411008                                {product} {ergonomic}
   size_t MinHeapDeltaBytes                        = 4194304                                   {product} {ergonomic}
   size_t MinHeapSize                              = 8388608                                   {product} {ergonomic}
    uintx NonNMethodCodeHeapSize                   = 5839372                                {pd product} {ergonomic}
    uintx NonProfiledCodeHeapSize                  = 122909434                              {pd product} {ergonomic}
    uintx ProfiledCodeHeapSize                     = 122909434                              {pd product} {ergonomic}
    uintx ReservedCodeCacheSize                    = 251658240                              {pd product} {ergonomic}
     bool SegmentedCodeCache                       = true                                      {product} {ergonomic}
   size_t SoftMaxHeapSize                          = 8577351680                             {manageable} {ergonomic}
     bool UseCompressedClassPointers               = true                                 {lp64_product} {ergonomic}
     bool UseCompressedOops                        = true                                 {lp64_product} {ergonomic}
     bool UseG1GC                                  = true                                      {product} {ergonomic}
     bool UseLargePagesIndividualAllocation        = false                                  {pd product} {ergonomic}

Logging:
Log output configuration:
 #0: stdout all=warning uptime,level,tags
 #1: stderr all=off uptime,level,tags

Environment Variables:
PATH=C:\Program Files\AdoptOpenJDK\jdk-15.0.1.9-hotspot\bin;C:\Program Files (x86)\Common Files\Oracle\Java\javapath;C:\WINDOWS\system32;C:\WINDOWS;C:\WINDOWS\System32\Wbem;C:\WINDOWS\System32\WindowsPowerShell\v1.0\;C:\WINDOWS\System32\OpenSSH\;C:\Program Files\NVIDIA Corporation\NVIDIA NvDLISR;C:\Program Files (x86)\NVIDIA Corporation\PhysX\Common;C:\PROGRA~1\MATLAB\R2020a\bin;C:\Program Files\MATLAB\R2020a\bin;C:\Program Files\PuTTY\;C:\Program Files\Git\cmd;C:\Program Files\nodejs\;C:\WINDOWS\system32;C:\WINDOWS;C:\WINDOWS\System32\Wbem;C:\WINDOWS\System32\WindowsPowerShell\v1.0\;C:\WINDOWS\System32\OpenSSH\;C:\Program Files (x86)\HP\Common\HPDestPlgIn\;C:\Users\nicho\AppData\Local\Microsoft\WindowsApps;C:\Users\nicho\AppData\Local\GitHubDesktop\bin;C:\Users\nicho\AppData\Local\Programs\Microsoft VS Code\bin;C:\Users\nicho\Projects\bin;C:\Users\nicho\AppData\Roaming\npm;C:\Users\nicho\AppData\Local\Microsoft\WindowsApps;C:\Program Files (x86)\HP\Common\HPDestPlgIn\;C:\Program Files\JetBrains\IntelliJ IDEA 2021.2.2\bin;
USERNAME=nicho
OS=Windows_NT
PROCESSOR_IDENTIFIER=AMD64 Family 23 Model 113 Stepping 0, AuthenticAMD



---------------  S Y S T E M  ---------------

OS:
 Windows 10 , 64 bit Build 19041 (10.0.19041.1202)
OS uptime: 0 days 2:38 hours

CPU: total 12 (initial active 12) (12 cores per cpu, 2 threads per core) family 23 model 113 stepping 0 microcode 0x0, cmov, cx8, fxsr, mmx, sse, sse2, sse3, ssse3, sse4.1, sse4.2, popcnt, vzeroupper, avx, avx2, aes, clmul, 3dnowpref, lzcnt, sse4a, ht, tsc, tscinvbit, tscinv, bmi1, bmi2, adx, sha, fma, clflush, clflushopt

Memory: 4k page, system-wide physical 32717M (27426M free)
TotalPageFile size 37743M (AvailPageFile size 24137M)
current process WorkingSet (physical memory assigned to process): 315M, peak: 321M
current process commit charge ("private bytes"): 2503M, peak: 2506M

vm_info: OpenJDK 64-Bit Server VM (15.0.1+9) for windows-amd64 JRE (15.0.1+9), built on Oct 23 2020 04:11:16 by "" with MS VC++ 15.9 (VS2017)

END.
