#
# A fatal error has been detected by the Java Runtime Environment:
#
#  EXCEPTION_ACCESS_VIOLATION (0xc0000005) at pc=0x000000006e9cbbb1, pid=8212, tid=19812
#
# JRE version: OpenJDK Runtime Environment AdoptOpenJDK (15.0.1+9) (build 15.0.1+9)
# Java VM: OpenJDK 64-Bit Server VM AdoptOpenJDK (15.0.1+9, mixed mode, sharing, tiered, compressed oops, g1 gc, windows-amd64)
# Problematic frame:
# C  [gdx-box2d64.dll+0xbbb1]
#
# No core dump will be written. Minidumps are not enabled by default on client versions of Windows
#
# If you would like to submit a bug report, please visit:
#   https://github.com/AdoptOpenJDK/openjdk-support/issues
# The crash happened outside the Java Virtual Machine in native code.
# See problematic frame for where to report the bug.
#

---------------  S U M M A R Y ------------

Command Line: -Dfile.encoding=windows-1252 -Duser.country=US -Duser.language=en -Duser.variant com.mygdx.nextlevel.desktop.DesktopLauncher

Host: AMD Ryzen 5 3600 6-Core Processor              , 12 cores, 31G,  Windows 10 , 64 bit Build 19041 (10.0.19041.1202)
Time: Fri Oct 15 11:02:34 2021 US Eastern Daylight Time elapsed time: 6.270756 seconds (0d 0h 0m 6s)

---------------  T H R E A D  ---------------

Current thread (0x0000022d9452c490):  JavaThread "LWJGL Application" [_thread_in_native, id=19812, stack(0x000000d7ccb00000,0x000000d7ccc00000)]

Stack: [0x000000d7ccb00000,0x000000d7ccc00000],  sp=0x000000d7ccbfea70,  free space=1018k
Native frames: (J=compiled Java code, j=interpreted, Vv=VM code, C=native code)
C  [gdx-box2d64.dll+0xbbb1]

Java frames: (J=compiled Java code, j=interpreted, Vv=VM code)
j  com.badlogic.gdx.physics.box2d.World.jniCreateBody(JIFFFFFFFFZZZZZF)J+0
j  com.badlogic.gdx.physics.box2d.World.createBody(Lcom/badlogic/gdx/physics/box2d/BodyDef;)Lcom/badlogic/gdx/physics/box2d/Body;+80
j  com.mygdx.nextlevel.actors.Actor.setBody(Lcom/badlogic/gdx/physics/box2d/BodyDef$BodyType;)V+79
j  com.mygdx.nextlevel.actors.Item.<init>(Lcom/badlogic/gdx/graphics/Texture;Lcom/badlogic/gdx/physics/box2d/World;Lcom/badlogic/gdx/math/Vector2;FF)V+53
J 1435 c1 com.mygdx.nextlevel.screens.GameScreen.render(F)V (1870 bytes) @ 0x0000022dee2961bc [0x0000022dee293320+0x0000000000002e9c]
j  com.badlogic.gdx.Game.render()V+19
j  com.mygdx.nextlevel.NextLevel.render()V+1
j  com.badlogic.gdx.backends.lwjgl.LwjglApplication.mainLoop()V+776
j  com.badlogic.gdx.backends.lwjgl.LwjglApplication$1.run()V+27
v  ~StubRoutines::call_stub

siginfo: EXCEPTION_ACCESS_VIOLATION (0xc0000005), reading address 0x0000022f95083070


Register to memory mapping:

RIP=0x000000006e9cbbb1 gdx-box2d64.dll
RAX=0x000000006ea10060 gdx-box2d64.dll
RBX=0x0000022f95083070 is an unknown value
RCX=0x0000022d95068ac0 points into unknown readable memory: 0x0000022d95081e50 | 50 1e 08 95 2d 02 00 00
RDX=0x00000000000000b8 is an unknown value
RSP=0x000000d7ccbfea70 is pointing into the stack for thread: 0x0000022d9452c490
RBP=0x0000022d95068af0 points into unknown readable memory: 0x0000000000000000 | 00 00 00 00 00 00 00 00
RSI=0x0000022d95068ac0 points into unknown readable memory: 0x0000022d95081e50 | 50 1e 08 95 2d 02 00 00
RDI=0x000000d7ccbfeb30 is pointing into the stack for thread: 0x0000022d9452c490
R8 =0x0000022d95068ac0 points into unknown readable memory: 0x0000022d95081e50 | 50 1e 08 95 2d 02 00 00
R9 =0x0 is NULL
R10=0x0 is NULL
R11=0x0000000000000001 is an unknown value
R12=0x0 is NULL
R13=0x0000000000000006 is an unknown value
R14=0x000000d7ccbfed28 is pointing into the stack for thread: 0x0000022d9452c490
R15=0x0000022d9452c490 is a thread


Registers:
RAX=0x000000006ea10060, RBX=0x0000022f95083070, RCX=0x0000022d95068ac0, RDX=0x00000000000000b8
RSP=0x000000d7ccbfea70, RBP=0x0000022d95068af0, RSI=0x0000022d95068ac0, RDI=0x000000d7ccbfeb30
R8 =0x0000022d95068ac0, R9 =0x0000000000000000, R10=0x0000000000000000, R11=0x0000000000000001
R12=0x0000000000000000, R13=0x0000000000000006, R14=0x000000d7ccbfed28, R15=0x0000022d9452c490
RIP=0x000000006e9cbbb1, EFLAGS=0x0000000000010202

Top of Stack: (sp=0x000000d7ccbfea70)
0x000000d7ccbfea70:   00007ffd5b1a8a50 0000022d984e7ae0
0x000000d7ccbfea80:   000000000000000b ffffffffffffffff
0x000000d7ccbfea90:   0000000000000001 0000022d95068ac0
0x000000d7ccbfeaa0:   000000d7ccbfeb30 000000d7ccbfec80
0x000000d7ccbfeab0:   0000000000000000 0000022d93c5c048
0x000000d7ccbfeac0:   000000d7ccbfed28 000000006e9e1163
0x000000d7ccbfead0:   0000000000000003 0000022d93c5c048
0x000000d7ccbfeae0:   0000022d9452c490 0000022d93c5c048
0x000000d7ccbfeaf0:   0000000000000001 0000022d934dba20
0x000000d7ccbfeb00:   000000000001f244 000000006e9e6a36
0x000000d7ccbfeb10:   0000022d93c5c048 0000000000000000
0x000000d7ccbfeb20:   000000d7ccbfec80 0000022deda78b8b
0x000000d7ccbfeb30:   4000000000000000 0000000000000000
0x000000d7ccbfeb40:   0000000000000000 0000000000000000
0x000000d7ccbfeb50:   0000010100000000 000000d7ccbfed01
0x000000d7ccbfeb60:   0000000000000000 000000003f800000 

Instructions: (pc=0x000000006e9cbbb1)
0x000000006e9cbab1:   3d 89 45 04 00 00 75 5e 48 8d 3d a1 45 04 00 bb
0x000000006e9cbac1:   01 00 00 00 31 f6 48 8d 2d 32 45 03 00 eb 04 48
0x000000006e9cbad1:   83 c7 01 48 63 c6 39 5c 85 00 7d 03 83 c6 01 83
0x000000006e9cbae1:   c3 01 40 88 37 81 fb 81 02 00 00 74 22 83 fe 0d
0x000000006e9cbaf1:   7e dd 48 8d 15 56 60 03 00 48 8d 0d bb 60 03 00
0x000000006e9cbb01:   41 b8 49 00 00 00 e8 c4 aa 02 00 eb c2 66 90 c6
0x000000006e9cbb11:   05 29 45 04 00 01 48 83 c4 28 5b 5e 5f 5d c3 57
0x000000006e9cbb21:   56 53 48 83 ec 20 8b 41 08 31 f6 31 db 48 89 cf
0x000000006e9cbb31:   85 c0 7e 19 48 8b 07 83 c3 01 48 8b 4c 30 08 48
0x000000006e9cbb41:   83 c6 10 e8 c7 08 00 00 39 5f 08 7f e7 48 8b 0f
0x000000006e9cbb51:   48 83 c4 20 5b 5e 5f e9 b3 08 00 00 90 66 90 41
0x000000006e9cbb61:   56 41 55 41 54 55 57 56 53 48 83 ec 20 48 63 da
0x000000006e9cbb71:   48 89 ce 83 fb 00 0f 84 66 01 00 00 0f 8e 42 01
0x000000006e9cbb81:   00 00 81 fb 80 02 00 00 0f 8f 21 01 00 00 48 8d
0x000000006e9cbb91:   05 ca 44 04 00 44 0f b6 2c 18 41 80 fd 0d 4c 89
0x000000006e9cbba1:   eb 77 2c 48 8d 2c de 48 8b 5d 10 48 85 db 74 45
0x000000006e9cbbb1:   48 8b 03 48 89 45 10 48 89 d8 48 83 c4 20 5b 5e
0x000000006e9cbbc1:   5f 5d 41 5c 41 5d 41 5e c3 66 0f 1f 44 00 00 48
0x000000006e9cbbd1:   8d 15 79 5f 03 00 48 8d 0d fa 5f 03 00 48 8d 2c
0x000000006e9cbbe1:   de 41 b8 70 00 00 00 e8 e3 a9 02 00 48 8b 5d 10
0x000000006e9cbbf1:   48 85 db 75 bb 4c 63 66 08 44 3b 66 0c 0f 84 1c
0x000000006e9cbc01:   01 00 00 49 c1 e4 04 4c 03 26 b9 00 40 00 00 e8
0x000000006e9cbc11:   eb 07 00 00 48 89 c3 4d 63 ed 49 89 44 24 08 48
0x000000006e9cbc21:   8d 05 d9 43 03 00 42 8b 3c a8 b8 00 40 00 00 99
0x000000006e9cbc31:   f7 ff 41 89 fd 41 89 3c 24 44 0f af e8 41 89 c6
0x000000006e9cbc41:   41 81 fd 00 40 00 00 0f 8f a6 00 00 00 41 83 fe
0x000000006e9cbc51:   01 7e 2a 4c 63 c7 41 8d 46 ff 31 d2 4d 89 c1 4a
0x000000006e9cbc61:   8d 0c 03 49 f7 d9 66 0f 1f 84 00 00 00 00 00 83
0x000000006e9cbc71:   c2 01 4a 89 0c 09 4c 01 c1 39 c2 75 f2 41 29 fd
0x000000006e9cbc81:   4d 63 ed 4a c7 04 2b 00 00 00 00 48 8b 03 48 89
0x000000006e9cbc91:   45 10 83 46 08 01 48 89 d8 48 83 c4 20 5b 5e 5f
0x000000006e9cbca1:   5d 41 5c 41 5d 41 5e c3 0f 1f 80 00 00 00 00 89 


Stack slot to memory mapping:
stack at sp + 0 slots: 0x00007ffd5b1a8a50 jvm.dll
stack at sp + 1 slots: 0x0000022d984e7ae0 points into unknown readable memory: 0x4a280013d34e0001 | 01 00 4e d3 13 00 28 4a
stack at sp + 2 slots: 0x000000000000000b is an unknown value
stack at sp + 3 slots: 0xffffffffffffffff is an unknown value
stack at sp + 4 slots: 0x0000000000000001 is an unknown value
stack at sp + 5 slots: 0x0000022d95068ac0 points into unknown readable memory: 0x0000022d95081e50 | 50 1e 08 95 2d 02 00 00
stack at sp + 6 slots: 0x000000d7ccbfeb30 is pointing into the stack for thread: 0x0000022d9452c490
stack at sp + 7 slots: 0x000000d7ccbfec80 is pointing into the stack for thread: 0x0000022d9452c490


---------------  P R O C E S S  ---------------

Threads class SMR info:
_java_thread_list=0x0000022d98711470, length=13, elements={
0x0000022d934697e0, 0x0000022d9346a3b0, 0x0000022d93480820, 0x0000022d934832e0,
0x0000022d93483d90, 0x0000022d93490da0, 0x0000022d93491940, 0x0000022d9349a440,
0x0000022d93e497a0, 0x0000022d93e52720, 0x0000022d9452c490, 0x0000022de3da2670,
0x0000022d984f4da0
}

Java Threads: ( => current thread )
  0x0000022d934697e0 JavaThread "Reference Handler" daemon [_thread_blocked, id=5964, stack(0x000000d7cbe00000,0x000000d7cbf00000)]
  0x0000022d9346a3b0 JavaThread "Finalizer" daemon [_thread_blocked, id=2108, stack(0x000000d7cbf00000,0x000000d7cc000000)]
  0x0000022d93480820 JavaThread "Signal Dispatcher" daemon [_thread_blocked, id=568, stack(0x000000d7cc000000,0x000000d7cc100000)]
  0x0000022d934832e0 JavaThread "Attach Listener" daemon [_thread_blocked, id=6528, stack(0x000000d7cc100000,0x000000d7cc200000)]
  0x0000022d93483d90 JavaThread "Service Thread" daemon [_thread_blocked, id=20056, stack(0x000000d7cc200000,0x000000d7cc300000)]
  0x0000022d93490da0 JavaThread "C2 CompilerThread0" daemon [_thread_blocked, id=19544, stack(0x000000d7cc300000,0x000000d7cc400000)]
  0x0000022d93491940 JavaThread "C1 CompilerThread0" daemon [_thread_blocked, id=8552, stack(0x000000d7cc400000,0x000000d7cc500000)]
  0x0000022d9349a440 JavaThread "Sweeper thread" daemon [_thread_blocked, id=5736, stack(0x000000d7cc500000,0x000000d7cc600000)]
  0x0000022d93e497a0 JavaThread "Notification Thread" daemon [_thread_blocked, id=15472, stack(0x000000d7cc600000,0x000000d7cc700000)]
  0x0000022d93e52720 JavaThread "Common-Cleaner" daemon [_thread_blocked, id=18716, stack(0x000000d7cc800000,0x000000d7cc900000)]
=>0x0000022d9452c490 JavaThread "LWJGL Application" [_thread_in_native, id=19812, stack(0x000000d7ccb00000,0x000000d7ccc00000)]
  0x0000022de3da2670 JavaThread "DestroyJavaVM" [_thread_blocked, id=4884, stack(0x000000d7cb700000,0x000000d7cb800000)]
  0x0000022d984f4da0 JavaThread "LWJGL Timer" daemon [_thread_blocked, id=1540, stack(0x000000d7cd300000,0x000000d7cd400000)]

Other Threads:
  0x0000022d93463f40 VMThread "VM Thread" [stack: 0x000000d7cbd00000,0x000000d7cbe00000] [id=2480]
  0x0000022d93e4a280 WatcherThread [stack: 0x000000d7cc700000,0x000000d7cc800000] [id=5036]
  0x0000022de3e18600 GCTaskThread "GC Thread#0" [stack: 0x000000d7cb800000,0x000000d7cb900000] [id=672]
  0x0000022d93e49140 GCTaskThread "GC Thread#1" [stack: 0x000000d7cd100000,0x000000d7cd200000] [id=3776]
  0x0000022d93e457e0 GCTaskThread "GC Thread#2" [stack: 0x000000d7cd200000,0x000000d7cd300000] [id=15888]
  0x0000022d985b2530 GCTaskThread "GC Thread#3" [stack: 0x000000d7cd400000,0x000000d7cd500000] [id=14064]
  0x0000022d985b41e0 GCTaskThread "GC Thread#4" [stack: 0x000000d7cd500000,0x000000d7cd600000] [id=11184]
  0x0000022d985b0bb0 GCTaskThread "GC Thread#5" [stack: 0x000000d7cd600000,0x000000d7cd700000] [id=15696]
  0x0000022d985b2860 GCTaskThread "GC Thread#6" [stack: 0x000000d7cd700000,0x000000d7cd800000] [id=10780]
  0x0000022d985b0880 GCTaskThread "GC Thread#7" [stack: 0x000000d7cd800000,0x000000d7cd900000] [id=19200]
  0x0000022d985b3520 GCTaskThread "GC Thread#8" [stack: 0x000000d7cd900000,0x000000d7cda00000] [id=7380]
  0x0000022d985b2200 GCTaskThread "GC Thread#9" [stack: 0x000000d7cda00000,0x000000d7cdb00000] [id=4860]
  0x0000022de3e29860 ConcurrentGCThread "G1 Main Marker" [stack: 0x000000d7cb900000,0x000000d7cba00000] [id=19304]
  0x0000022de3e2bc80 ConcurrentGCThread "G1 Conc#0" [stack: 0x000000d7cba00000,0x000000d7cbb00000] [id=16336]
  0x0000022de3e7d3e0 ConcurrentGCThread "G1 Refine#0" [stack: 0x000000d7cbb00000,0x000000d7cbc00000] [id=12416]
  0x0000022de3e7e060 ConcurrentGCThread "G1 Young RemSet Sampling" [stack: 0x000000d7cbc00000,0x000000d7cbd00000] [id=5172]

Threads with active compile tasks:

VM state: not at safepoint (normal execution)

VM Mutex/Monitor currently owned by a thread: None

Heap address: 0x0000000600c00000, size: 8180 MB, Compressed Oops mode: Zero based, Oop shift amount: 3
CDS archive(s) mapped at: [0x0000000800000000-0x0000000800b50000-0x0000000800b50000), size 11862016, SharedBaseAddress: 0x0000000800000000, ArchiveRelocationMode: 0.
Compressed class space mapped at: 0x0000000800b50000-0x0000000840b50000, size: 1073741824
Narrow klass base: 0x0000000800000000, Narrow klass shift: 3, Narrow klass range: 0x100000000

GC Precious Log:
 CPUs: 12 total, 12 available
 Memory: 32717M
 Large Page Support: Disabled
 NUMA Support: Disabled
 Compressed Oops: Enabled (Zero based)
 Heap Region Size: 4M
 Heap Min Capacity: 8M
 Heap Initial Capacity: 512M
 Heap Max Capacity: 8180M
 Pre-touch: Disabled
 Parallel Workers: 10
 Concurrent Workers: 3
 Concurrent Refinement Workers: 10
 Periodic GC: Disabled

Heap:
 garbage-first heap   total 524288K, used 101310K [0x0000000600c00000, 0x0000000800000000)
  region size 4096K, 27 young (110592K), 1 survivors (4096K)
 Metaspace       used 6211K, capacity 8990K, committed 9216K, reserved 1058816K
  class space    used 453K, capacity 745K, committed 768K, reserved 1048576K

Heap Regions: E=young(eden), S=young(survivor), O=old, HS=humongous(starts), HC=humongous(continues), CS=collection set, F=free, OA=open archive, CA=closed archive, TAMS=top-at-mark-start (previous, next)
|   0|0x0000000600c00000, 0x0000000600ea2000, 0x0000000601000000| 65%| O|  |TAMS 0x0000000600c00000, 0x0000000600c00000| Untracked 
|   1|0x0000000601000000, 0x0000000601000000, 0x0000000601400000|  0%| F|  |TAMS 0x0000000601000000, 0x0000000601000000| Untracked 
|   2|0x0000000601400000, 0x0000000601400000, 0x0000000601800000|  0%| F|  |TAMS 0x0000000601400000, 0x0000000601400000| Untracked 
|   3|0x0000000601800000, 0x0000000601800000, 0x0000000601c00000|  0%| F|  |TAMS 0x0000000601800000, 0x0000000601800000| Untracked 
|   4|0x0000000601c00000, 0x0000000601c00000, 0x0000000602000000|  0%| F|  |TAMS 0x0000000601c00000, 0x0000000601c00000| Untracked 
|   5|0x0000000602000000, 0x0000000602000000, 0x0000000602400000|  0%| F|  |TAMS 0x0000000602000000, 0x0000000602000000| Untracked 
|   6|0x0000000602400000, 0x0000000602400000, 0x0000000602800000|  0%| F|  |TAMS 0x0000000602400000, 0x0000000602400000| Untracked 
|   7|0x0000000602800000, 0x0000000602800000, 0x0000000602c00000|  0%| F|  |TAMS 0x0000000602800000, 0x0000000602800000| Untracked 
|   8|0x0000000602c00000, 0x0000000602c00000, 0x0000000603000000|  0%| F|  |TAMS 0x0000000602c00000, 0x0000000602c00000| Untracked 
|   9|0x0000000603000000, 0x0000000603000000, 0x0000000603400000|  0%| F|  |TAMS 0x0000000603000000, 0x0000000603000000| Untracked 
|  10|0x0000000603400000, 0x0000000603400000, 0x0000000603800000|  0%| F|  |TAMS 0x0000000603400000, 0x0000000603400000| Untracked 
|  11|0x0000000603800000, 0x0000000603800000, 0x0000000603c00000|  0%| F|  |TAMS 0x0000000603800000, 0x0000000603800000| Untracked 
|  12|0x0000000603c00000, 0x0000000603c00000, 0x0000000604000000|  0%| F|  |TAMS 0x0000000603c00000, 0x0000000603c00000| Untracked 
|  13|0x0000000604000000, 0x0000000604000000, 0x0000000604400000|  0%| F|  |TAMS 0x0000000604000000, 0x0000000604000000| Untracked 
|  14|0x0000000604400000, 0x0000000604400000, 0x0000000604800000|  0%| F|  |TAMS 0x0000000604400000, 0x0000000604400000| Untracked 
|  15|0x0000000604800000, 0x0000000604800000, 0x0000000604c00000|  0%| F|  |TAMS 0x0000000604800000, 0x0000000604800000| Untracked 
|  16|0x0000000604c00000, 0x0000000604c00000, 0x0000000605000000|  0%| F|  |TAMS 0x0000000604c00000, 0x0000000604c00000| Untracked 
|  17|0x0000000605000000, 0x0000000605000000, 0x0000000605400000|  0%| F|  |TAMS 0x0000000605000000, 0x0000000605000000| Untracked 
|  18|0x0000000605400000, 0x0000000605400000, 0x0000000605800000|  0%| F|  |TAMS 0x0000000605400000, 0x0000000605400000| Untracked 
|  19|0x0000000605800000, 0x0000000605800000, 0x0000000605c00000|  0%| F|  |TAMS 0x0000000605800000, 0x0000000605800000| Untracked 
|  20|0x0000000605c00000, 0x0000000605c00000, 0x0000000606000000|  0%| F|  |TAMS 0x0000000605c00000, 0x0000000605c00000| Untracked 
|  21|0x0000000606000000, 0x0000000606000000, 0x0000000606400000|  0%| F|  |TAMS 0x0000000606000000, 0x0000000606000000| Untracked 
|  22|0x0000000606400000, 0x0000000606400000, 0x0000000606800000|  0%| F|  |TAMS 0x0000000606400000, 0x0000000606400000| Untracked 
|  23|0x0000000606800000, 0x0000000606800000, 0x0000000606c00000|  0%| F|  |TAMS 0x0000000606800000, 0x0000000606800000| Untracked 
|  24|0x0000000606c00000, 0x0000000606c00000, 0x0000000607000000|  0%| F|  |TAMS 0x0000000606c00000, 0x0000000606c00000| Untracked 
|  25|0x0000000607000000, 0x0000000607000000, 0x0000000607400000|  0%| F|  |TAMS 0x0000000607000000, 0x0000000607000000| Untracked 
|  26|0x0000000607400000, 0x0000000607400000, 0x0000000607800000|  0%| F|  |TAMS 0x0000000607400000, 0x0000000607400000| Untracked 
|  27|0x0000000607800000, 0x0000000607800000, 0x0000000607c00000|  0%| F|  |TAMS 0x0000000607800000, 0x0000000607800000| Untracked 
|  28|0x0000000607c00000, 0x0000000607c00000, 0x0000000608000000|  0%| F|  |TAMS 0x0000000607c00000, 0x0000000607c00000| Untracked 
|  29|0x0000000608000000, 0x0000000608000000, 0x0000000608400000|  0%| F|  |TAMS 0x0000000608000000, 0x0000000608000000| Untracked 
|  30|0x0000000608400000, 0x0000000608400000, 0x0000000608800000|  0%| F|  |TAMS 0x0000000608400000, 0x0000000608400000| Untracked 
|  31|0x0000000608800000, 0x0000000608800000, 0x0000000608c00000|  0%| F|  |TAMS 0x0000000608800000, 0x0000000608800000| Untracked 
|  32|0x0000000608c00000, 0x0000000608c00000, 0x0000000609000000|  0%| F|  |TAMS 0x0000000608c00000, 0x0000000608c00000| Untracked 
|  33|0x0000000609000000, 0x0000000609000000, 0x0000000609400000|  0%| F|  |TAMS 0x0000000609000000, 0x0000000609000000| Untracked 
|  34|0x0000000609400000, 0x0000000609400000, 0x0000000609800000|  0%| F|  |TAMS 0x0000000609400000, 0x0000000609400000| Untracked 
|  35|0x0000000609800000, 0x0000000609800000, 0x0000000609c00000|  0%| F|  |TAMS 0x0000000609800000, 0x0000000609800000| Untracked 
|  36|0x0000000609c00000, 0x0000000609c00000, 0x000000060a000000|  0%| F|  |TAMS 0x0000000609c00000, 0x0000000609c00000| Untracked 
|  37|0x000000060a000000, 0x000000060a000000, 0x000000060a400000|  0%| F|  |TAMS 0x000000060a000000, 0x000000060a000000| Untracked 
|  38|0x000000060a400000, 0x000000060a400000, 0x000000060a800000|  0%| F|  |TAMS 0x000000060a400000, 0x000000060a400000| Untracked 
|  39|0x000000060a800000, 0x000000060a800000, 0x000000060ac00000|  0%| F|  |TAMS 0x000000060a800000, 0x000000060a800000| Untracked 
|  40|0x000000060ac00000, 0x000000060ac00000, 0x000000060b000000|  0%| F|  |TAMS 0x000000060ac00000, 0x000000060ac00000| Untracked 
|  41|0x000000060b000000, 0x000000060b000000, 0x000000060b400000|  0%| F|  |TAMS 0x000000060b000000, 0x000000060b000000| Untracked 
|  42|0x000000060b400000, 0x000000060b400000, 0x000000060b800000|  0%| F|  |TAMS 0x000000060b400000, 0x000000060b400000| Untracked 
|  43|0x000000060b800000, 0x000000060b800000, 0x000000060bc00000|  0%| F|  |TAMS 0x000000060b800000, 0x000000060b800000| Untracked 
|  44|0x000000060bc00000, 0x000000060bc00000, 0x000000060c000000|  0%| F|  |TAMS 0x000000060bc00000, 0x000000060bc00000| Untracked 
|  45|0x000000060c000000, 0x000000060c000000, 0x000000060c400000|  0%| F|  |TAMS 0x000000060c000000, 0x000000060c000000| Untracked 
|  46|0x000000060c400000, 0x000000060c400000, 0x000000060c800000|  0%| F|  |TAMS 0x000000060c400000, 0x000000060c400000| Untracked 
|  47|0x000000060c800000, 0x000000060c800000, 0x000000060cc00000|  0%| F|  |TAMS 0x000000060c800000, 0x000000060c800000| Untracked 
|  48|0x000000060cc00000, 0x000000060cc00000, 0x000000060d000000|  0%| F|  |TAMS 0x000000060cc00000, 0x000000060cc00000| Untracked 
|  49|0x000000060d000000, 0x000000060d000000, 0x000000060d400000|  0%| F|  |TAMS 0x000000060d000000, 0x000000060d000000| Untracked 
|  50|0x000000060d400000, 0x000000060d400000, 0x000000060d800000|  0%| F|  |TAMS 0x000000060d400000, 0x000000060d400000| Untracked 
|  51|0x000000060d800000, 0x000000060d800000, 0x000000060dc00000|  0%| F|  |TAMS 0x000000060d800000, 0x000000060d800000| Untracked 
|  52|0x000000060dc00000, 0x000000060dc00000, 0x000000060e000000|  0%| F|  |TAMS 0x000000060dc00000, 0x000000060dc00000| Untracked 
|  53|0x000000060e000000, 0x000000060e000000, 0x000000060e400000|  0%| F|  |TAMS 0x000000060e000000, 0x000000060e000000| Untracked 
|  54|0x000000060e400000, 0x000000060e400000, 0x000000060e800000|  0%| F|  |TAMS 0x000000060e400000, 0x000000060e400000| Untracked 
|  55|0x000000060e800000, 0x000000060e800000, 0x000000060ec00000|  0%| F|  |TAMS 0x000000060e800000, 0x000000060e800000| Untracked 
|  56|0x000000060ec00000, 0x000000060ec00000, 0x000000060f000000|  0%| F|  |TAMS 0x000000060ec00000, 0x000000060ec00000| Untracked 
|  57|0x000000060f000000, 0x000000060f000000, 0x000000060f400000|  0%| F|  |TAMS 0x000000060f000000, 0x000000060f000000| Untracked 
|  58|0x000000060f400000, 0x000000060f400000, 0x000000060f800000|  0%| F|  |TAMS 0x000000060f400000, 0x000000060f400000| Untracked 
|  59|0x000000060f800000, 0x000000060f800000, 0x000000060fc00000|  0%| F|  |TAMS 0x000000060f800000, 0x000000060f800000| Untracked 
|  60|0x000000060fc00000, 0x000000060fc00000, 0x0000000610000000|  0%| F|  |TAMS 0x000000060fc00000, 0x000000060fc00000| Untracked 
|  61|0x0000000610000000, 0x0000000610000000, 0x0000000610400000|  0%| F|  |TAMS 0x0000000610000000, 0x0000000610000000| Untracked 
|  62|0x0000000610400000, 0x0000000610400000, 0x0000000610800000|  0%| F|  |TAMS 0x0000000610400000, 0x0000000610400000| Untracked 
|  63|0x0000000610800000, 0x0000000610800000, 0x0000000610c00000|  0%| F|  |TAMS 0x0000000610800000, 0x0000000610800000| Untracked 
|  64|0x0000000610c00000, 0x0000000610c00000, 0x0000000611000000|  0%| F|  |TAMS 0x0000000610c00000, 0x0000000610c00000| Untracked 
|  65|0x0000000611000000, 0x0000000611000000, 0x0000000611400000|  0%| F|  |TAMS 0x0000000611000000, 0x0000000611000000| Untracked 
|  66|0x0000000611400000, 0x0000000611400000, 0x0000000611800000|  0%| F|  |TAMS 0x0000000611400000, 0x0000000611400000| Untracked 
|  67|0x0000000611800000, 0x0000000611800000, 0x0000000611c00000|  0%| F|  |TAMS 0x0000000611800000, 0x0000000611800000| Untracked 
|  68|0x0000000611c00000, 0x0000000611c00000, 0x0000000612000000|  0%| F|  |TAMS 0x0000000611c00000, 0x0000000611c00000| Untracked 
|  69|0x0000000612000000, 0x0000000612000000, 0x0000000612400000|  0%| F|  |TAMS 0x0000000612000000, 0x0000000612000000| Untracked 
|  70|0x0000000612400000, 0x0000000612400000, 0x0000000612800000|  0%| F|  |TAMS 0x0000000612400000, 0x0000000612400000| Untracked 
|  71|0x0000000612800000, 0x0000000612800000, 0x0000000612c00000|  0%| F|  |TAMS 0x0000000612800000, 0x0000000612800000| Untracked 
|  72|0x0000000612c00000, 0x0000000612c00000, 0x0000000613000000|  0%| F|  |TAMS 0x0000000612c00000, 0x0000000612c00000| Untracked 
|  73|0x0000000613000000, 0x0000000613000000, 0x0000000613400000|  0%| F|  |TAMS 0x0000000613000000, 0x0000000613000000| Untracked 
|  74|0x0000000613400000, 0x0000000613400000, 0x0000000613800000|  0%| F|  |TAMS 0x0000000613400000, 0x0000000613400000| Untracked 
|  75|0x0000000613800000, 0x0000000613800000, 0x0000000613c00000|  0%| F|  |TAMS 0x0000000613800000, 0x0000000613800000| Untracked 
|  76|0x0000000613c00000, 0x0000000613c00000, 0x0000000614000000|  0%| F|  |TAMS 0x0000000613c00000, 0x0000000613c00000| Untracked 
|  77|0x0000000614000000, 0x0000000614000000, 0x0000000614400000|  0%| F|  |TAMS 0x0000000614000000, 0x0000000614000000| Untracked 
|  78|0x0000000614400000, 0x0000000614400000, 0x0000000614800000|  0%| F|  |TAMS 0x0000000614400000, 0x0000000614400000| Untracked 
|  79|0x0000000614800000, 0x0000000614800000, 0x0000000614c00000|  0%| F|  |TAMS 0x0000000614800000, 0x0000000614800000| Untracked 
|  80|0x0000000614c00000, 0x0000000614c00000, 0x0000000615000000|  0%| F|  |TAMS 0x0000000614c00000, 0x0000000614c00000| Untracked 
|  81|0x0000000615000000, 0x0000000615000000, 0x0000000615400000|  0%| F|  |TAMS 0x0000000615000000, 0x0000000615000000| Untracked 
|  82|0x0000000615400000, 0x0000000615400000, 0x0000000615800000|  0%| F|  |TAMS 0x0000000615400000, 0x0000000615400000| Untracked 
|  83|0x0000000615800000, 0x0000000615800000, 0x0000000615c00000|  0%| F|  |TAMS 0x0000000615800000, 0x0000000615800000| Untracked 
|  84|0x0000000615c00000, 0x0000000615c00000, 0x0000000616000000|  0%| F|  |TAMS 0x0000000615c00000, 0x0000000615c00000| Untracked 
|  85|0x0000000616000000, 0x0000000616000000, 0x0000000616400000|  0%| F|  |TAMS 0x0000000616000000, 0x0000000616000000| Untracked 
|  86|0x0000000616400000, 0x0000000616400000, 0x0000000616800000|  0%| F|  |TAMS 0x0000000616400000, 0x0000000616400000| Untracked 
|  87|0x0000000616800000, 0x0000000616800000, 0x0000000616c00000|  0%| F|  |TAMS 0x0000000616800000, 0x0000000616800000| Untracked 
|  88|0x0000000616c00000, 0x0000000616c00000, 0x0000000617000000|  0%| F|  |TAMS 0x0000000616c00000, 0x0000000616c00000| Untracked 
|  89|0x0000000617000000, 0x0000000617000000, 0x0000000617400000|  0%| F|  |TAMS 0x0000000617000000, 0x0000000617000000| Untracked 
|  90|0x0000000617400000, 0x0000000617400000, 0x0000000617800000|  0%| F|  |TAMS 0x0000000617400000, 0x0000000617400000| Untracked 
|  91|0x0000000617800000, 0x0000000617800000, 0x0000000617c00000|  0%| F|  |TAMS 0x0000000617800000, 0x0000000617800000| Untracked 
|  92|0x0000000617c00000, 0x0000000617c00000, 0x0000000618000000|  0%| F|  |TAMS 0x0000000617c00000, 0x0000000617c00000| Untracked 
|  93|0x0000000618000000, 0x0000000618000000, 0x0000000618400000|  0%| F|  |TAMS 0x0000000618000000, 0x0000000618000000| Untracked 
|  94|0x0000000618400000, 0x0000000618400000, 0x0000000618800000|  0%| F|  |TAMS 0x0000000618400000, 0x0000000618400000| Untracked 
|  95|0x0000000618800000, 0x0000000618800000, 0x0000000618c00000|  0%| F|  |TAMS 0x0000000618800000, 0x0000000618800000| Untracked 
|  96|0x0000000618c00000, 0x0000000618c00000, 0x0000000619000000|  0%| F|  |TAMS 0x0000000618c00000, 0x0000000618c00000| Untracked 
|  97|0x0000000619000000, 0x0000000619000000, 0x0000000619400000|  0%| F|  |TAMS 0x0000000619000000, 0x0000000619000000| Untracked 
|  98|0x0000000619400000, 0x0000000619400000, 0x0000000619800000|  0%| F|  |TAMS 0x0000000619400000, 0x0000000619400000| Untracked 
|  99|0x0000000619800000, 0x0000000619800000, 0x0000000619c00000|  0%| F|  |TAMS 0x0000000619800000, 0x0000000619800000| Untracked 
| 100|0x0000000619c00000, 0x0000000619c00000, 0x000000061a000000|  0%| F|  |TAMS 0x0000000619c00000, 0x0000000619c00000| Untracked 
| 101|0x000000061a000000, 0x000000061a3d4c40, 0x000000061a400000| 95%| E|  |TAMS 0x000000061a000000, 0x000000061a000000| Complete 
| 102|0x000000061a400000, 0x000000061a800000, 0x000000061a800000|100%| E|  |TAMS 0x000000061a400000, 0x000000061a400000| Complete 
| 103|0x000000061a800000, 0x000000061ac00000, 0x000000061ac00000|100%| E|CS|TAMS 0x000000061a800000, 0x000000061a800000| Complete 
| 104|0x000000061ac00000, 0x000000061b000000, 0x000000061b000000|100%| E|CS|TAMS 0x000000061ac00000, 0x000000061ac00000| Complete 
| 105|0x000000061b000000, 0x000000061b400000, 0x000000061b400000|100%| E|CS|TAMS 0x000000061b000000, 0x000000061b000000| Complete 
| 106|0x000000061b400000, 0x000000061b800000, 0x000000061b800000|100%| E|CS|TAMS 0x000000061b400000, 0x000000061b400000| Complete 
| 107|0x000000061b800000, 0x000000061bc00000, 0x000000061bc00000|100%| E|CS|TAMS 0x000000061b800000, 0x000000061b800000| Complete 
| 108|0x000000061bc00000, 0x000000061c000000, 0x000000061c000000|100%| E|CS|TAMS 0x000000061bc00000, 0x000000061bc00000| Complete 
| 109|0x000000061c000000, 0x000000061c400000, 0x000000061c400000|100%| E|CS|TAMS 0x000000061c000000, 0x000000061c000000| Complete 
| 110|0x000000061c400000, 0x000000061c800000, 0x000000061c800000|100%| E|CS|TAMS 0x000000061c400000, 0x000000061c400000| Complete 
| 111|0x000000061c800000, 0x000000061cc00000, 0x000000061cc00000|100%| E|CS|TAMS 0x000000061c800000, 0x000000061c800000| Complete 
| 112|0x000000061cc00000, 0x000000061d000000, 0x000000061d000000|100%| E|CS|TAMS 0x000000061cc00000, 0x000000061cc00000| Complete 
| 113|0x000000061d000000, 0x000000061d400000, 0x000000061d400000|100%| E|CS|TAMS 0x000000061d000000, 0x000000061d000000| Complete 
| 114|0x000000061d400000, 0x000000061d800000, 0x000000061d800000|100%| E|CS|TAMS 0x000000061d400000, 0x000000061d400000| Complete 
| 115|0x000000061d800000, 0x000000061dc00000, 0x000000061dc00000|100%| E|CS|TAMS 0x000000061d800000, 0x000000061d800000| Complete 
| 116|0x000000061dc00000, 0x000000061e000000, 0x000000061e000000|100%| E|CS|TAMS 0x000000061dc00000, 0x000000061dc00000| Complete 
| 117|0x000000061e000000, 0x000000061e400000, 0x000000061e400000|100%| E|CS|TAMS 0x000000061e000000, 0x000000061e000000| Complete 
| 118|0x000000061e400000, 0x000000061e800000, 0x000000061e800000|100%| E|CS|TAMS 0x000000061e400000, 0x000000061e400000| Complete 
| 119|0x000000061e800000, 0x000000061e84da80, 0x000000061ec00000|  7%| S|CS|TAMS 0x000000061e800000, 0x000000061e800000| Complete 
| 120|0x000000061ec00000, 0x000000061f000000, 0x000000061f000000|100%| E|CS|TAMS 0x000000061ec00000, 0x000000061ec00000| Complete 
| 121|0x000000061f000000, 0x000000061f400000, 0x000000061f400000|100%| E|CS|TAMS 0x000000061f000000, 0x000000061f000000| Complete 
| 122|0x000000061f400000, 0x000000061f800000, 0x000000061f800000|100%| E|CS|TAMS 0x000000061f400000, 0x000000061f400000| Complete 
| 123|0x000000061f800000, 0x000000061fc00000, 0x000000061fc00000|100%| E|CS|TAMS 0x000000061f800000, 0x000000061f800000| Complete 
| 124|0x000000061fc00000, 0x0000000620000000, 0x0000000620000000|100%| E|CS|TAMS 0x000000061fc00000, 0x000000061fc00000| Complete 
| 125|0x0000000620000000, 0x0000000620400000, 0x0000000620400000|100%| E|CS|TAMS 0x0000000620000000, 0x0000000620000000| Complete 
| 126|0x0000000620400000, 0x0000000620800000, 0x0000000620800000|100%| E|CS|TAMS 0x0000000620400000, 0x0000000620400000| Complete 
| 127|0x0000000620800000, 0x0000000620c00000, 0x0000000620c00000|100%| E|CS|TAMS 0x0000000620800000, 0x0000000620800000| Complete 

Card table byte_map: [0x0000022dfe710000,0x0000022dff710000] _byte_map_base: 0x0000022dfb70a000

Marking Bits (Prev, Next): (CMBitMap*) 0x0000022de3e18e70, (CMBitMap*) 0x0000022de3e18eb0
 Prev Bits: [0x0000022d81000000, 0x0000022d88fd0000)
 Next Bits: [0x0000022d88fd0000, 0x0000022d90fa0000)

Polling page: 0x0000022de3ac0000

Metaspace:

Usage:
  Non-class:      8.05 MB capacity,     5.62 MB ( 70%) used,     2.42 MB ( 30%) free+waste,     4.44 KB ( <1%) overhead. 
      Class:    745.00 KB capacity,   453.74 KB ( 61%) used,   290.20 KB ( 39%) free+waste,     1.06 KB ( <1%) overhead. 
       Both:      8.78 MB capacity,     6.07 MB ( 69%) used,     2.71 MB ( 31%) free+waste,     5.50 KB ( <1%) overhead. 

Virtual space:
  Non-class space:       10.00 MB reserved,       8.25 MB ( 83%) committed 
      Class space:        1.00 GB reserved,     768.00 KB ( <1%) committed 
             Both:        1.01 GB reserved,       9.00 MB ( <1%) committed 

Chunk freelists:
   Non-Class:  139.00 KB
       Class:  23.00 KB
        Both:  162.00 KB

MaxMetaspaceSize: 17179869184.00 GB
CompressedClassSpaceSize: 1.00 GB

CodeHeap 'non-profiled nmethods': size=120000Kb used=513Kb max_used=513Kb free=119486Kb
 bounds [0x0000022df5540000, 0x0000022df57b0000, 0x0000022dfca70000]
CodeHeap 'profiled nmethods': size=120000Kb used=2659Kb max_used=2659Kb free=117340Kb
 bounds [0x0000022dee010000, 0x0000022dee2b0000, 0x0000022df5540000]
CodeHeap 'non-nmethods': size=5760Kb used=1297Kb max_used=1323Kb free=4462Kb
 bounds [0x0000022deda70000, 0x0000022dedce0000, 0x0000022dee010000]
 total_blobs=2033 nmethods=1441 adapters=505
 compilation: enabled
              stopped_count=0, restarted_count=0
 full_count=0

Compilation events (20 events):
Event: 5.984 Thread 0x0000022d93491940 1432       3       com.badlogic.gdx.graphics.Texture::<init> (8 bytes)
Event: 5.984 Thread 0x0000022d93491940 nmethod 1432 0x0000022dee291890 code [0x0000022dee291a60, 0x0000022dee291da8]
Event: 6.016 Thread 0x0000022d93490da0 1433       4       com.badlogic.gdx.graphics.Color::clamp (126 bytes)
Event: 6.017 Thread 0x0000022d93490da0 nmethod 1433 0x0000022df55bf890 code [0x0000022df55bfa40, 0x0000022df55bfc98]
Event: 6.066 Thread 0x0000022d93490da0 1434       4       com.badlogic.gdx.math.Matrix4::set (17 bytes)
Event: 6.067 Thread 0x0000022d93490da0 nmethod 1434 0x0000022df55bfe10 code [0x0000022df55bff80, 0x0000022df55c0078]
Event: 6.100 Thread 0x0000022d93491940 1435       3       com.mygdx.nextlevel.screens.GameScreen::render (1870 bytes)
Event: 6.105 Thread 0x0000022d93491940 nmethod 1435 0x0000022dee291f90 code [0x0000022dee293320, 0x0000022dee2a1a78]
Event: 6.105 Thread 0x0000022d93491940 1436       3       com.badlogic.gdx.math.Matrix4::cpy (9 bytes)
Event: 6.105 Thread 0x0000022d93491940 nmethod 1436 0x0000022dee2a5a90 code [0x0000022dee2a5c60, 0x0000022dee2a6048]
Event: 6.105 Thread 0x0000022d93491940 1437       3       com.badlogic.gdx.math.Matrix4::<init> (19 bytes)
Event: 6.105 Thread 0x0000022d93491940 nmethod 1437 0x0000022dee2a6210 code [0x0000022dee2a63c0, 0x0000022dee2a66e8]
Event: 6.116 Thread 0x0000022d93491940 1438       3       com.badlogic.gdx.physics.box2d.World::getJoints (47 bytes)
Event: 6.116 Thread 0x0000022d93491940 nmethod 1438 0x0000022dee2a6810 code [0x0000022dee2a6a20, 0x0000022dee2a7058]
Event: 6.116 Thread 0x0000022d93491940 1439       3       com.badlogic.gdx.physics.box2d.World::getContactList (160 bytes)
Event: 6.117 Thread 0x0000022d93491940 nmethod 1439 0x0000022dee2a7310 code [0x0000022dee2a75a0, 0x0000022dee2a84c8]
Event: 6.117 Thread 0x0000022d93491940 1440       3       com.badlogic.gdx.physics.box2d.World::getContactCount (9 bytes)
Event: 6.117 Thread 0x0000022d93491940 nmethod 1440 0x0000022dee2a8a10 code [0x0000022dee2a8bc0, 0x0000022dee2a8ce8]
Event: 6.216 Thread 0x0000022d93490da0 1441       4       com.badlogic.gdx.math.Vector3::nor (32 bytes)
Event: 6.217 Thread 0x0000022d93490da0 nmethod 1441 0x0000022df55c0190 code [0x0000022df55c0340, 0x0000022df55c0418]

GC Heap History (4 events):
Event: 1.845 GC heap before
{Heap before GC invocations=0 (full 0):
 garbage-first heap   total 524288K, used 24576K [0x0000000600c00000, 0x0000000800000000)
  region size 4096K, 6 young (24576K), 0 survivors (0K)
 Metaspace       used 5871K, capacity 8734K, committed 8960K, reserved 1056768K
  class space    used 452K, capacity 745K, committed 768K, reserved 1048576K
}
Event: 1.847 GC heap after
{Heap after GC invocations=1 (full 0):
 garbage-first heap   total 524288K, used 2858K [0x0000000600c00000, 0x0000000800000000)
  region size 4096K, 1 young (4096K), 1 survivors (4096K)
 Metaspace       used 5871K, capacity 8734K, committed 8960K, reserved 1056768K
  class space    used 452K, capacity 745K, committed 768K, reserved 1048576K
}
Event: 2.784 GC heap before
{Heap before GC invocations=1 (full 0):
 garbage-first heap   total 524288K, used 27434K [0x0000000600c00000, 0x0000000800000000)
  region size 4096K, 8 young (32768K), 1 survivors (4096K)
 Metaspace       used 6007K, capacity 8798K, committed 8960K, reserved 1056768K
  class space    used 453K, capacity 745K, committed 768K, reserved 1048576K
}
Event: 2.786 GC heap after
{Heap after GC invocations=2 (full 0):
 garbage-first heap   total 524288K, used 3006K [0x0000000600c00000, 0x0000000800000000)
  region size 4096K, 1 young (4096K), 1 survivors (4096K)
 Metaspace       used 6007K, capacity 8798K, committed 8960K, reserved 1056768K
  class space    used 453K, capacity 745K, committed 768K, reserved 1048576K
}

Deoptimization events (20 events):
Event: 1.800 Thread 0x0000022d9452c490 DEOPT PACKING pc=0x0000022dee1326f7 sp=0x000000d7ccbfdf50
Event: 1.800 Thread 0x0000022d9452c490 DEOPT UNPACKING pc=0x0000022dedabe23f sp=0x000000d7ccbfd4b0 mode 0
Event: 1.801 Thread 0x0000022d9452c490 DEOPT PACKING pc=0x0000022dee1326f7 sp=0x000000d7ccbfdf50
Event: 1.801 Thread 0x0000022d9452c490 DEOPT UNPACKING pc=0x0000022dedabe23f sp=0x000000d7ccbfd4b0 mode 0
Event: 1.802 Thread 0x0000022d9452c490 DEOPT PACKING pc=0x0000022dee1326f7 sp=0x000000d7ccbfdf50
Event: 1.802 Thread 0x0000022d9452c490 DEOPT UNPACKING pc=0x0000022dedabe23f sp=0x000000d7ccbfd4b0 mode 0
Event: 1.802 Thread 0x0000022d9452c490 DEOPT PACKING pc=0x0000022dee1326f7 sp=0x000000d7ccbfdf50
Event: 1.802 Thread 0x0000022d9452c490 DEOPT UNPACKING pc=0x0000022dedabe23f sp=0x000000d7ccbfd4b0 mode 0
Event: 1.802 Thread 0x0000022d9452c490 DEOPT PACKING pc=0x0000022dee1326f7 sp=0x000000d7ccbfdf50
Event: 1.802 Thread 0x0000022d9452c490 DEOPT UNPACKING pc=0x0000022dedabe23f sp=0x000000d7ccbfd4b0 mode 0
Event: 1.803 Thread 0x0000022d9452c490 DEOPT PACKING pc=0x0000022dee1326f7 sp=0x000000d7ccbfdfa0
Event: 1.803 Thread 0x0000022d9452c490 DEOPT UNPACKING pc=0x0000022dedabe23f sp=0x000000d7ccbfd500 mode 0
Event: 1.803 Thread 0x0000022d9452c490 DEOPT PACKING pc=0x0000022dee1326f7 sp=0x000000d7ccbfdfa0
Event: 1.803 Thread 0x0000022d9452c490 DEOPT UNPACKING pc=0x0000022dedabe23f sp=0x000000d7ccbfd500 mode 0
Event: 1.804 Thread 0x0000022d9452c490 DEOPT PACKING pc=0x0000022dee1326f7 sp=0x000000d7ccbfdfa0
Event: 1.804 Thread 0x0000022d9452c490 DEOPT UNPACKING pc=0x0000022dedabe23f sp=0x000000d7ccbfd500 mode 0
Event: 1.804 Thread 0x0000022d9452c490 DEOPT PACKING pc=0x0000022dee1326f7 sp=0x000000d7ccbfdfa0
Event: 1.804 Thread 0x0000022d9452c490 DEOPT UNPACKING pc=0x0000022dedabe23f sp=0x000000d7ccbfd500 mode 0
Event: 4.917 Thread 0x0000022d9452c490 DEOPT PACKING pc=0x0000022dee1b8c83 sp=0x000000d7ccbfe960
Event: 4.917 Thread 0x0000022d9452c490 DEOPT UNPACKING pc=0x0000022dedabe23f sp=0x000000d7ccbfde80 mode 0

Classes unloaded (0 events):
No events

Classes redefined (0 events):
No events

Internal exceptions (0 events):
No events

Events (20 events):
Event: 2.009 Loaded shared library C:\Users\nicho\AppData\Local\Temp\libgdxnicho\1cecf4f6\lwjgl64.dll
Event: 2.057 Loaded shared library C:\Users\nicho\AppData\Local\Temp\libgdxnicho\1cecf4f6\lwjgl64.dll
Event: 2.120 Loaded shared library C:\Users\nicho\AppData\Local\Temp\libgdxnicho\1cecf4f6\lwjgl64.dll
Event: 2.120 Loaded shared library C:\Users\nicho\AppData\Local\Temp\libgdxnicho\1cecf4f6\lwjgl64.dll
Event: 2.484 Loaded shared library C:\Users\nicho\AppData\Local\Temp\libgdxnicho\1cecf4f6\lwjgl64.dll
Event: 2.684 Loaded shared library C:\Users\nicho\AppData\Local\Temp\libgdxnicho\1cecf4f6\lwjgl64.dll
Event: 2.784 Executing VM operation: G1CollectForAllocation
Event: 2.786 Executing VM operation: G1CollectForAllocation done
Event: 2.801 Loaded shared library C:\Users\nicho\AppData\Local\Temp\libgdxnicho\1cecf4f6\lwjgl64.dll
Event: 2.934 Loaded shared library C:\Users\nicho\AppData\Local\Temp\libgdxnicho\1cecf4f6\lwjgl64.dll
Event: 3.167 Loaded shared library C:\Users\nicho\AppData\Local\Temp\libgdxnicho\1cecf4f6\lwjgl64.dll
Event: 3.267 Loaded shared library C:\Users\nicho\AppData\Local\Temp\libgdxnicho\1cecf4f6\lwjgl64.dll
Event: 3.467 Loaded shared library C:\Program Files\AdoptOpenJDK\jdk-15.0.1.9-hotspot\bin\java.dll
Event: 3.585 Loaded shared library C:\Users\nicho\AppData\Local\Temp\libgdxnicho\1cecf4f6\lwjgl64.dll
Event: 3.585 Loaded shared library C:\Users\nicho\AppData\Local\Temp\libgdxnicho\1cecf4f6\lwjgl64.dll
Event: 4.533 Loaded shared library C:\Users\nicho\AppData\Local\Temp\libgdxnicho\1cecf4f6\lwjgl64.dll
Event: 5.033 Loaded shared library C:\Users\nicho\AppData\Local\Temp\libgdxnicho\1cecf4f6\lwjgl64.dll
Event: 5.517 Loaded shared library C:\Users\nicho\AppData\Local\Temp\libgdxnicho\6bae761b\gdx64.dll
Event: 5.847 Loaded shared library C:\Users\nicho\AppData\Local\Temp\libgdxnicho\1cecf4f6\lwjgl64.dll
Event: 5.850 Loaded shared library C:\Users\nicho\AppData\Local\Temp\libgdxnicho\6bae761b\gdx64.dll


Dynamic libraries:
0x00007ff602840000 - 0x00007ff60284d000 	C:\Program Files\AdoptOpenJDK\jdk-15.0.1.9-hotspot\bin\java.exe
0x00007ffda7910000 - 0x00007ffda7b05000 	C:\WINDOWS\SYSTEM32\ntdll.dll
0x00007ffda6bc0000 - 0x00007ffda6c7e000 	C:\WINDOWS\System32\KERNEL32.DLL
0x00007ffda54b0000 - 0x00007ffda5779000 	C:\WINDOWS\System32\KERNELBASE.dll
0x00007ffda5090000 - 0x00007ffda5190000 	C:\WINDOWS\System32\ucrtbase.dll
0x00007ffda17a0000 - 0x00007ffda17b5000 	C:\Program Files\AdoptOpenJDK\jdk-15.0.1.9-hotspot\bin\VCRUNTIME140.dll
0x00007ffda17c0000 - 0x00007ffda17d8000 	C:\Program Files\AdoptOpenJDK\jdk-15.0.1.9-hotspot\bin\jli.dll
0x00007ffda7530000 - 0x00007ffda76d1000 	C:\WINDOWS\System32\USER32.dll
0x00007ffd97a60000 - 0x00007ffd97cfa000 	C:\WINDOWS\WinSxS\amd64_microsoft.windows.common-controls_6595b64144ccf1df_6.0.19041.1110_none_60b5254171f9507e\COMCTL32.dll
0x00007ffda52a0000 - 0x00007ffda52c2000 	C:\WINDOWS\System32\win32u.dll
0x00007ffda71d0000 - 0x00007ffda71fb000 	C:\WINDOWS\System32\GDI32.dll
0x00007ffda7370000 - 0x00007ffda740e000 	C:\WINDOWS\System32\msvcrt.dll
0x00007ffda5190000 - 0x00007ffda529b000 	C:\WINDOWS\System32\gdi32full.dll
0x00007ffda5360000 - 0x00007ffda53fd000 	C:\WINDOWS\System32\msvcp_win.dll
0x00007ffda5bb0000 - 0x00007ffda5be0000 	C:\WINDOWS\System32\IMM32.DLL
0x00007ffd958c0000 - 0x00007ffd9595b000 	C:\Program Files\AdoptOpenJDK\jdk-15.0.1.9-hotspot\bin\msvcp140.dll
0x00007ffd5a900000 - 0x00007ffd5b48e000 	C:\Program Files\AdoptOpenJDK\jdk-15.0.1.9-hotspot\bin\server\jvm.dll
0x00007ffda7200000 - 0x00007ffda72ac000 	C:\WINDOWS\System32\ADVAPI32.dll
0x00007ffda7750000 - 0x00007ffda77eb000 	C:\WINDOWS\System32\sechost.dll
0x00007ffda6a10000 - 0x00007ffda6b3a000 	C:\WINDOWS\System32\RPCRT4.dll
0x00007ffda5f40000 - 0x00007ffda5f48000 	C:\WINDOWS\System32\PSAPI.DLL
0x00007ffda02e0000 - 0x00007ffda02e9000 	C:\WINDOWS\SYSTEM32\WSOCK32.dll
0x00007ffd99b50000 - 0x00007ffd99b77000 	C:\WINDOWS\SYSTEM32\WINMM.dll
0x00007ffda76e0000 - 0x00007ffda774b000 	C:\WINDOWS\System32\WS2_32.dll
0x00007ffd9d990000 - 0x00007ffd9d99a000 	C:\WINDOWS\SYSTEM32\VERSION.dll
0x00007ffda38d0000 - 0x00007ffda38e2000 	C:\WINDOWS\SYSTEM32\kernel.appcore.dll
0x00007ffda22d0000 - 0x00007ffda22da000 	C:\Program Files\AdoptOpenJDK\jdk-15.0.1.9-hotspot\bin\jimage.dll
0x00007ffda2dc0000 - 0x00007ffda2fa4000 	C:\WINDOWS\SYSTEM32\DBGHELP.DLL
0x00007ffd8b9c0000 - 0x00007ffd8b9ec000 	C:\WINDOWS\SYSTEM32\dbgcore.DLL
0x00007ffda52d0000 - 0x00007ffda5353000 	C:\WINDOWS\System32\bcryptPrimitives.dll
0x00007ffda1770000 - 0x00007ffda1795000 	C:\Program Files\AdoptOpenJDK\jdk-15.0.1.9-hotspot\bin\java.dll
0x00007ffda62d0000 - 0x00007ffda6a0f000 	C:\WINDOWS\System32\SHELL32.dll
0x00007ffda2fb0000 - 0x00007ffda3740000 	C:\WINDOWS\SYSTEM32\windows.storage.dll
0x00007ffda5be0000 - 0x00007ffda5f35000 	C:\WINDOWS\System32\combase.dll
0x00007ffda4a80000 - 0x00007ffda4aac000 	C:\WINDOWS\SYSTEM32\Wldp.dll
0x00007ffda72c0000 - 0x00007ffda736d000 	C:\WINDOWS\System32\SHCORE.dll
0x00007ffda59c0000 - 0x00007ffda5a15000 	C:\WINDOWS\System32\shlwapi.dll
0x00007ffda4f70000 - 0x00007ffda4f8f000 	C:\WINDOWS\SYSTEM32\profapi.dll
0x00007ffda1720000 - 0x00007ffda1739000 	C:\Program Files\AdoptOpenJDK\jdk-15.0.1.9-hotspot\bin\net.dll
0x00007ffd99d50000 - 0x00007ffd99e58000 	C:\WINDOWS\SYSTEM32\WINHTTP.dll
0x00007ffda47e0000 - 0x00007ffda484a000 	C:\WINDOWS\system32\mswsock.dll
0x00007ffda02a0000 - 0x00007ffda02b2000 	C:\Program Files\AdoptOpenJDK\jdk-15.0.1.9-hotspot\bin\nio.dll
0x00007ffd9d730000 - 0x00007ffd9d748000 	C:\Program Files\AdoptOpenJDK\jdk-15.0.1.9-hotspot\bin\zip.dll
0x0000000065ac0000 - 0x0000000065aea000 	C:\Users\nicho\AppData\Local\Temp\libgdxnicho\6bae761b\gdx64.dll
0x00007ffda1710000 - 0x00007ffda1720000 	C:\Program Files\AdoptOpenJDK\jdk-15.0.1.9-hotspot\bin\verify.dll
0x0000000180000000 - 0x0000000180053000 	C:\Users\nicho\AppData\Local\Temp\libgdxnicho\1cecf4f6\lwjgl64.dll
0x00007ffd523e0000 - 0x00007ffd52505000 	C:\WINDOWS\SYSTEM32\OPENGL32.dll
0x00007ffd7b810000 - 0x00007ffd7b83c000 	C:\WINDOWS\SYSTEM32\GLU32.dll
0x0000022d94a40000 - 0x0000022d94aa4000 	C:\Users\nicho\AppData\Local\Temp\libgdxnicho\1cecf4f6\OpenAL64.dll
0x00007ffda5a80000 - 0x00007ffda5baa000 	C:\WINDOWS\System32\ole32.dll
0x00007ffda25a0000 - 0x00007ffda263e000 	C:\WINDOWS\system32\uxtheme.dll
0x00007ffd44e30000 - 0x00007ffd45011000 	C:\Program Files (x86)\Stardock\Fences\FencesMenu64.dll
0x00007ffda7100000 - 0x00007ffda71cd000 	C:\WINDOWS\System32\OLEAUT32.dll
0x00007ffda06c0000 - 0x00007ffda06d4000 	C:\WINDOWS\SYSTEM32\WTSAPI32.dll
0x00007ffda4f30000 - 0x00007ffda4f5e000 	C:\WINDOWS\SYSTEM32\USERENV.dll
0x00007ffd97d00000 - 0x00007ffd97ea9000 	C:\WINDOWS\WinSxS\amd64_microsoft.windows.gdiplus_6595b64144ccf1df_1.1.19041.1288_none_91a663c8cc864906\gdiplus.dll
0x00007ffda5f50000 - 0x00007ffda5ff9000 	C:\WINDOWS\System32\clbcatq.dll
0x00007ffd8f9c0000 - 0x00007ffd8fa5c000 	C:\WINDOWS\SYSTEM32\dsound.dll
0x00007ffd8f960000 - 0x00007ffd8f986000 	C:\WINDOWS\SYSTEM32\winmmbase.dll
0x00007ffda45f0000 - 0x00007ffda463b000 	C:\WINDOWS\SYSTEM32\powrprof.dll
0x00007ffda4460000 - 0x00007ffda4472000 	C:\WINDOWS\SYSTEM32\UMPDC.dll
0x00007ffd9d5a0000 - 0x00007ffd9d625000 	C:\WINDOWS\System32\MMDevApi.dll
0x00007ffda4dd0000 - 0x00007ffda4e04000 	C:\WINDOWS\System32\DEVOBJ.dll
0x00007ffda5910000 - 0x00007ffda595e000 	C:\WINDOWS\System32\cfgmgr32.dll
0x00007ffd9d7c0000 - 0x00007ffd9d941000 	C:\WINDOWS\SYSTEM32\AUDIOSES.DLL
0x00007ffda2730000 - 0x00007ffda2744000 	C:\WINDOWS\SYSTEM32\resourcepolicyclient.dll
0x00007ffd9d630000 - 0x00007ffd9d6de000 	C:\WINDOWS\SYSTEM32\mscms.dll
0x00007ffd9d580000 - 0x00007ffd9d591000 	C:\WINDOWS\SYSTEM32\ColorAdapterClient.dll
0x00007ffda7410000 - 0x00007ffda7525000 	C:\WINDOWS\System32\MSCTF.dll
0x00007ffd805c0000 - 0x00007ffd806b9000 	C:\WINDOWS\SYSTEM32\textinputframework.dll
0x00007ffda2130000 - 0x00007ffda2222000 	C:\WINDOWS\System32\CoreMessaging.dll
0x00007ffda1dd0000 - 0x00007ffda212e000 	C:\WINDOWS\System32\CoreUIComponents.dll
0x00007ffda3d20000 - 0x00007ffda3d53000 	C:\WINDOWS\SYSTEM32\ntmarta.dll
0x00007ffda0900000 - 0x00007ffda0a54000 	C:\WINDOWS\SYSTEM32\wintypes.dll
0x00007ffd9e770000 - 0x00007ffd9e869000 	C:\Windows\System32\AppXDeploymentClient.dll
0x00007ffd1be10000 - 0x00007ffd1e930000 	C:\WINDOWS\System32\DriverStore\FileRepository\nv_dispi.inf_amd64_19c79fb6254e3b11\nvoglv64.dll
0x00007ffda6c80000 - 0x00007ffda70f2000 	C:\WINDOWS\System32\SETUPAPI.dll
0x00007ffda5780000 - 0x00007ffda57a7000 	C:\WINDOWS\System32\bcrypt.dll
0x00007ffda4c10000 - 0x00007ffda4c22000 	C:\WINDOWS\SYSTEM32\msasn1.dll
0x00007ffd9d950000 - 0x00007ffd9d981000 	C:\WINDOWS\SYSTEM32\cryptnet.dll
0x00007ffda57b0000 - 0x00007ffda5906000 	C:\WINDOWS\System32\CRYPT32.dll
0x00007ffd9a7c0000 - 0x00007ffd9a90a000 	C:\WINDOWS\SYSTEM32\drvstore.dll
0x00007ffda49f0000 - 0x00007ffda49fc000 	C:\WINDOWS\SYSTEM32\cryptbase.dll
0x00007ffda5030000 - 0x00007ffda5090000 	C:\WINDOWS\System32\WINTRUST.dll
0x00007ffd9b420000 - 0x00007ffd9b45b000 	C:\WINDOWS\SYSTEM32\dxcore.dll
0x00007ffd6a7d0000 - 0x00007ffd6aa93000 	C:\WINDOWS\system32\nvspcap64.dll
0x00007ffda2830000 - 0x00007ffda285f000 	C:\WINDOWS\SYSTEM32\dwmapi.dll
0x00007ffd86ea0000 - 0x00007ffd86ee3000 	C:\WINDOWS\SYSTEM32\icm32.dll
0x00007ffda3d90000 - 0x00007ffda3dea000 	C:\WINDOWS\SYSTEM32\WINSTA.dll
0x000000006e9c0000 - 0x000000006ea1b000 	C:\Users\nicho\AppData\Local\Temp\libgdxnicho\19bf02c5\gdx-box2d64.dll

dbghelp: loaded successfully - version: 4.0.5 - missing functions: none
symbol engine: initialized successfully - sym options: 0x614 - pdb path: .;C:\Program Files\AdoptOpenJDK\jdk-15.0.1.9-hotspot\bin;C:\WINDOWS\SYSTEM32;C:\WINDOWS\WinSxS\amd64_microsoft.windows.common-controls_6595b64144ccf1df_6.0.19041.1110_none_60b5254171f9507e;C:\Program Files\AdoptOpenJDK\jdk-15.0.1.9-hotspot\bin\server;C:\Users\nicho\AppData\Local\Temp\libgdxnicho\6bae761b;C:\Users\nicho\AppData\Local\Temp\libgdxnicho\1cecf4f6;C:\Program Files (x86)\Stardock\Fences;C:\WINDOWS\WinSxS\amd64_microsoft.windows.gdiplus_6595b64144ccf1df_1.1.19041.1288_none_91a663c8cc864906;C:\WINDOWS\System32\DriverStore\FileRepository\nv_dispi.inf_amd64_19c79fb6254e3b11;C:\Users\nicho\AppData\Local\Temp\libgdxnicho\19bf02c5

VM Arguments:
jvm_args: -Dfile.encoding=windows-1252 -Duser.country=US -Duser.language=en -Duser.variant 
java_command: com.mygdx.nextlevel.desktop.DesktopLauncher
java_class_path (initial): C:\Users\nicho\Projects\code\Level-Up\Next Level\desktop\build\classes\java\main;C:\Users\nicho\Projects\code\Level-Up\Next Level\desktop\build\resources\main;C:\Users\nicho\.gradle\caches\modules-2\files-2.1\com.badlogicgames.gdx\gdx-backend-lwjgl\1.9.14\76d214441fa6faed9a4b9a2c02473f0d0a467a52\gdx-backend-lwjgl-1.9.14.jar;C:\Users\nicho\.gradle\caches\modules-2\files-2.1\com.badlogicgames.gdx\gdx-platform\1.9.14\c972092618b729ebfec229c9214fb9e87861fb7a\gdx-platform-1.9.14-natives-desktop.jar;C:\Users\nicho\.gradle\caches\modules-2\files-2.1\com.badlogicgames.gdx\gdx-box2d-platform\1.9.14\3c70a6038ec970ae49f96292ed48bd2a098a7f47\gdx-box2d-platform-1.9.14-natives-desktop.jar;C:\Users\nicho\Projects\code\Level-Up\Next Level\core\build\libs\core-1.0.jar;C:\Users\nicho\.gradle\caches\modules-2\files-2.1\com.badlogicgames.box2dlights\box2dlights\1.5\6902dbcd250c95a27973aa24a147a95b3828d348\box2dlights-1.5.jar;C:\Users\nicho\.gradle\caches\modules-2\files-2.1\com.badlogicgames.gdx\gdx-box2d\1.9.14\1c52434c5c7ad1a19e08dcc53047eb1cd79b5e62\gdx-box2d-1.9.14.jar;C:\Users\nicho\.gradle\caches\modules-2\files-2.1\com.kotcrab.vis\vis-ui\1.5.0\cf5f4d925657b14c50716417b1b207ab3a4b0008\vis-ui-1.5.0.jar;C:\Users\nicho\.gradle\caches\modules-2\files-2.1\com.badlogicgames.gdx\gdx\1.10.0\74c240f79dc4fb6b766a834249600d0a019d0489\gdx-1.10.0.jar;C:\Users\nicho\.gradle\caches\modules-2\files-2.1\org.lwjgl.lwjgl\lwjgl_util\2.9.3\751f06b62424da056954c67288fd5c494431e350\lwjgl_util-2.9.3.jar;C:\Users\nicho\.gradle\caches\modules-2\files-2.1\org.lwjgl.lwjgl\lwjgl\2.9.3\3df168ac74e4a8c96562cdff24ad352e255bf89c\lwjgl-2.9.3.jar;C:\Users\nicho\.gradle\caches\modules-2\files-2.1\com.badlogicgames.jlayer\jlayer\1.0.1-gdx\7cca83cec5c1b2f011362f4d85aabd71a73b049d\jlayer-1.0.1-gdx.jar;C:\Users\nicho\.gradle\caches\modules-2\files-2.1\org.jcraft\jorbis\0.0.17\8872d22b293e8f5d7d56ff92be966e6dc28ebdc6\jorbis-0.0.17.jar;C:\Users\nicho\.gradle\caches\modules-2\files-2.1\org.xer
Launcher Type: SUN_STANDARD

[Global flags]
     intx CICompilerCount                          = 4                                         {product} {ergonomic}
     uint ConcGCThreads                            = 3                                         {product} {ergonomic}
     uint G1ConcRefinementThreads                  = 10                                        {product} {ergonomic}
   size_t G1HeapRegionSize                         = 4194304                                   {product} {ergonomic}
    uintx GCDrainStackTargetSize                   = 64                                        {product} {ergonomic}
   size_t InitialHeapSize                          = 536870912                                 {product} {ergonomic}
   size_t MarkStackSize                            = 4194304                                   {product} {ergonomic}
   size_t MaxHeapSize                              = 8577351680                                {product} {ergonomic}
   size_t MaxNewSize                               = 5146411008                                {product} {ergonomic}
   size_t MinHeapDeltaBytes                        = 4194304                                   {product} {ergonomic}
   size_t MinHeapSize                              = 8388608                                   {product} {ergonomic}
    uintx NonNMethodCodeHeapSize                   = 5839372                                {pd product} {ergonomic}
    uintx NonProfiledCodeHeapSize                  = 122909434                              {pd product} {ergonomic}
    uintx ProfiledCodeHeapSize                     = 122909434                              {pd product} {ergonomic}
    uintx ReservedCodeCacheSize                    = 251658240                              {pd product} {ergonomic}
     bool SegmentedCodeCache                       = true                                      {product} {ergonomic}
   size_t SoftMaxHeapSize                          = 8577351680                             {manageable} {ergonomic}
     bool UseCompressedClassPointers               = true                                 {lp64_product} {ergonomic}
     bool UseCompressedOops                        = true                                 {lp64_product} {ergonomic}
     bool UseG1GC                                  = true                                      {product} {ergonomic}
     bool UseLargePagesIndividualAllocation        = false                                  {pd product} {ergonomic}

Logging:
Log output configuration:
 #0: stdout all=warning uptime,level,tags
 #1: stderr all=off uptime,level,tags

Environment Variables:
PATH=C:\Program Files\AdoptOpenJDK\jdk-15.0.1.9-hotspot\bin;C:\Program Files (x86)\Common Files\Oracle\Java\javapath;C:\WINDOWS\system32;C:\WINDOWS;C:\WINDOWS\System32\Wbem;C:\WINDOWS\System32\WindowsPowerShell\v1.0\;C:\WINDOWS\System32\OpenSSH\;C:\Program Files\NVIDIA Corporation\NVIDIA NvDLISR;C:\Program Files (x86)\NVIDIA Corporation\PhysX\Common;C:\PROGRA~1\MATLAB\R2020a\bin;C:\Program Files\MATLAB\R2020a\bin;C:\Program Files\PuTTY\;C:\Program Files\Git\cmd;C:\Program Files\nodejs\;C:\WINDOWS\system32;C:\WINDOWS;C:\WINDOWS\System32\Wbem;C:\WINDOWS\System32\WindowsPowerShell\v1.0\;C:\WINDOWS\System32\OpenSSH\;C:\Program Files (x86)\HP\Common\HPDestPlgIn\;C:\Users\nicho\AppData\Local\Microsoft\WindowsApps;C:\Users\nicho\AppData\Local\GitHubDesktop\bin;C:\Users\nicho\AppData\Local\Programs\Microsoft VS Code\bin;C:\Users\nicho\Projects\bin;C:\Users\nicho\AppData\Roaming\npm;C:\Users\nicho\AppData\Local\Microsoft\WindowsApps;C:\Program Files (x86)\HP\Common\HPDestPlgIn\;C:\Program Files\JetBrains\IntelliJ IDEA 2021.2.2\bin;
USERNAME=nicho
OS=Windows_NT
PROCESSOR_IDENTIFIER=AMD64 Family 23 Model 113 Stepping 0, AuthenticAMD



---------------  S Y S T E M  ---------------

OS:
 Windows 10 , 64 bit Build 19041 (10.0.19041.1202)
OS uptime: 0 days 2:30 hours

CPU: total 12 (initial active 12) (12 cores per cpu, 2 threads per core) family 23 model 113 stepping 0 microcode 0x0, cmov, cx8, fxsr, mmx, sse, sse2, sse3, ssse3, sse4.1, sse4.2, popcnt, vzeroupper, avx, avx2, aes, clmul, 3dnowpref, lzcnt, sse4a, ht, tsc, tscinvbit, tscinv, bmi1, bmi2, adx, sha, fma, clflush, clflushopt

Memory: 4k page, system-wide physical 32717M (27600M free)
TotalPageFile size 37581M (AvailPageFile size 24749M)
current process WorkingSet (physical memory assigned to process): 226M, peak: 231M
current process commit charge ("private bytes"): 1776M, peak: 1779M

vm_info: OpenJDK 64-Bit Server VM (15.0.1+9) for windows-amd64 JRE (15.0.1+9), built on Oct 23 2020 04:11:16 by "" with MS VC++ 15.9 (VS2017)

END.
