#
# A fatal error has been detected by the Java Runtime Environment:
#
#  EXCEPTION_ACCESS_VIOLATION (0xc0000005) at pc=0x000000006e9cbbb1, pid=4708, tid=15364
#
# JRE version: OpenJDK Runtime Environment Corretto-15.0.2.7.1 (15.0.2+7) (build 15.0.2+7)
# Java VM: OpenJDK 64-Bit Server VM Corretto-15.0.2.7.1 (15.0.2+7, mixed mode, sharing, tiered, compressed oops, g1 gc, windows-amd64)
# Problematic frame:
# C  [gdx-box2d64.dll+0xbbb1]
#
# No core dump will be written. Minidumps are not enabled by default on client versions of Windows
#
# If you would like to submit a bug report, please visit:
#   https://github.com/corretto/corretto-jdk/issues/
# The crash happened outside the Java Virtual Machine in native code.
# See problematic frame for where to report the bug.
#

---------------  S U M M A R Y ------------

Command Line: -Dfile.encoding=windows-1252 -Duser.country=US -Duser.language=en -Duser.variant com.mygdx.nextlevel.desktop.DesktopLauncher

Host: Intel(R) Core(TM) i7-10875H CPU @ 2.30GHz, 16 cores, 31G,  Windows 10 , 64 bit Build 19041 (10.0.19041.1202)
Time: Sat Oct 16 10:58:54 2021 US Eastern Daylight Time elapsed time: 26.760211 seconds (0d 0h 0m 26s)

---------------  T H R E A D  ---------------

Current thread (0x000002a8dacc2820):  JavaThread "LWJGL Application" [_thread_in_native, id=15364, stack(0x000000f0d0f00000,0x000000f0d1000000)]

Stack: [0x000000f0d0f00000,0x000000f0d1000000],  sp=0x000000f0d0ffead0,  free space=1018k
Native frames: (J=compiled Java code, j=interpreted, Vv=VM code, C=native code)
C  [gdx-box2d64.dll+0xbbb1]

Java frames: (J=compiled Java code, j=interpreted, Vv=VM code)
j  com.badlogic.gdx.physics.box2d.World.jniCreateBody(JIFFFFFFFFZZZZZF)J+0
j  com.badlogic.gdx.physics.box2d.World.createBody(Lcom/badlogic/gdx/physics/box2d/BodyDef;)Lcom/badlogic/gdx/physics/box2d/Body;+80
j  com.mygdx.nextlevel.actors.Actor.setBody(Lcom/badlogic/gdx/physics/box2d/BodyDef$BodyType;)V+79
j  com.mygdx.nextlevel.actors.Item.<init>(Lcom/badlogic/gdx/graphics/Texture;Lcom/badlogic/gdx/physics/box2d/World;Lcom/badlogic/gdx/math/Vector2;FF)V+53
j  com.mygdx.nextlevel.screens.GameScreen.render(F)V+464
J 1553 c1 com.mygdx.nextlevel.NextLevel.render()V (5 bytes) @ 0x000002a8b52ab6b4 [0x000002a8b52ab460+0x0000000000000254]
j  com.badlogic.gdx.backends.lwjgl.LwjglApplication.mainLoop()V+776
j  com.badlogic.gdx.backends.lwjgl.LwjglApplication$1.run()V+27
v  ~StubRoutines::call_stub

siginfo: EXCEPTION_ACCESS_VIOLATION (0xc0000005), reading address 0x000002aadb571eb0


Register to memory mapping:

RIP=0x000000006e9cbbb1 gdx-box2d64.dll
RAX=0x000000006ea10060 gdx-box2d64.dll
RBX=0x000002aadb571eb0 is an unknown value
RCX=0x000002a8db557780 points into unknown readable memory: 0x000002a8db570b10 | 10 0b 57 db a8 02 00 00
RDX=0x00000000000000b8 is an unknown value
RSP=0x000000f0d0ffead0 is pointing into the stack for thread: 0x000002a8dacc2820
RBP=0x000002a8db5577b0 points into unknown readable memory: 0x0000000000000000 | 00 00 00 00 00 00 00 00
RSI=0x000002a8db557780 points into unknown readable memory: 0x000002a8db570b10 | 10 0b 57 db a8 02 00 00
RDI=0x000000f0d0ffeb90 is pointing into the stack for thread: 0x000002a8dacc2820
R8 =0x000002a8db557780 points into unknown readable memory: 0x000002a8db570b10 | 10 0b 57 db a8 02 00 00
R9 =0x0 is NULL
R10=0x0 is NULL
R11=0x0000000000000001 is an unknown value
R12=0x0 is NULL
R13=0x0000000000000006 is an unknown value
R14=0x000000f0d0ffed80 is pointing into the stack for thread: 0x000002a8dacc2820
R15=0x000002a8dacc2820 is a thread


Registers:
RAX=0x000000006ea10060, RBX=0x000002aadb571eb0, RCX=0x000002a8db557780, RDX=0x00000000000000b8
RSP=0x000000f0d0ffead0, RBP=0x000002a8db5577b0, RSI=0x000002a8db557780, RDI=0x000000f0d0ffeb90
R8 =0x000002a8db557780, R9 =0x0000000000000000, R10=0x0000000000000000, R11=0x0000000000000001
R12=0x0000000000000000, R13=0x0000000000000006, R14=0x000000f0d0ffed80, R15=0x000002a8dacc2820
RIP=0x000000006e9cbbb1, EFLAGS=0x0000000000010202

Top of Stack: (sp=0x000000f0d0ffead0)
0x000000f0d0ffead0:   00007ff96910ab50 000002a8db263560
0x000000f0d0ffeae0:   00007ff90000000b ffffffffffffffff
0x000000f0d0ffeaf0:   0000000000000001 000002a8db557780
0x000000f0d0ffeb00:   000000f0d0ffeb90 000000f0d0ffecd8
0x000000f0d0ffeb10:   0000000000000000 000002a8da74e090
0x000000f0d0ffeb20:   000000f0d0ffed80 000000006e9e1163
0x000000f0d0ffeb30:   000002a800000003 000002a8da74e090
0x000000f0d0ffeb40:   000002a8dacc2820 000002a8da74e090
0x000000f0d0ffeb50:   0000000000000001 000002a8d9fbba20
0x000000f0d0ffeb60:   000000000001f620 000000006e9e6a36
0x000000f0d0ffeb70:   000002a8da74e090 0000000000000000
0x000000f0d0ffeb80:   000000f0d0ffecd8 000002a8b4898b8b
0x000000f0d0ffeb90:   4000000000000000 0000000000000000
0x000000f0d0ffeba0:   0000000000000000 0000000000000000
0x000000f0d0ffebb0:   0000010100000000 000000f0d0ffed01
0x000000f0d0ffebc0:   0000000000000000 000000003f800000 

Instructions: (pc=0x000000006e9cbbb1)
0x000000006e9cbab1:   3d 89 45 04 00 00 75 5e 48 8d 3d a1 45 04 00 bb
0x000000006e9cbac1:   01 00 00 00 31 f6 48 8d 2d 32 45 03 00 eb 04 48
0x000000006e9cbad1:   83 c7 01 48 63 c6 39 5c 85 00 7d 03 83 c6 01 83
0x000000006e9cbae1:   c3 01 40 88 37 81 fb 81 02 00 00 74 22 83 fe 0d
0x000000006e9cbaf1:   7e dd 48 8d 15 56 60 03 00 48 8d 0d bb 60 03 00
0x000000006e9cbb01:   41 b8 49 00 00 00 e8 c4 aa 02 00 eb c2 66 90 c6
0x000000006e9cbb11:   05 29 45 04 00 01 48 83 c4 28 5b 5e 5f 5d c3 57
0x000000006e9cbb21:   56 53 48 83 ec 20 8b 41 08 31 f6 31 db 48 89 cf
0x000000006e9cbb31:   85 c0 7e 19 48 8b 07 83 c3 01 48 8b 4c 30 08 48
0x000000006e9cbb41:   83 c6 10 e8 c7 08 00 00 39 5f 08 7f e7 48 8b 0f
0x000000006e9cbb51:   48 83 c4 20 5b 5e 5f e9 b3 08 00 00 90 66 90 41
0x000000006e9cbb61:   56 41 55 41 54 55 57 56 53 48 83 ec 20 48 63 da
0x000000006e9cbb71:   48 89 ce 83 fb 00 0f 84 66 01 00 00 0f 8e 42 01
0x000000006e9cbb81:   00 00 81 fb 80 02 00 00 0f 8f 21 01 00 00 48 8d
0x000000006e9cbb91:   05 ca 44 04 00 44 0f b6 2c 18 41 80 fd 0d 4c 89
0x000000006e9cbba1:   eb 77 2c 48 8d 2c de 48 8b 5d 10 48 85 db 74 45
0x000000006e9cbbb1:   48 8b 03 48 89 45 10 48 89 d8 48 83 c4 20 5b 5e
0x000000006e9cbbc1:   5f 5d 41 5c 41 5d 41 5e c3 66 0f 1f 44 00 00 48
0x000000006e9cbbd1:   8d 15 79 5f 03 00 48 8d 0d fa 5f 03 00 48 8d 2c
0x000000006e9cbbe1:   de 41 b8 70 00 00 00 e8 e3 a9 02 00 48 8b 5d 10
0x000000006e9cbbf1:   48 85 db 75 bb 4c 63 66 08 44 3b 66 0c 0f 84 1c
0x000000006e9cbc01:   01 00 00 49 c1 e4 04 4c 03 26 b9 00 40 00 00 e8
0x000000006e9cbc11:   eb 07 00 00 48 89 c3 4d 63 ed 49 89 44 24 08 48
0x000000006e9cbc21:   8d 05 d9 43 03 00 42 8b 3c a8 b8 00 40 00 00 99
0x000000006e9cbc31:   f7 ff 41 89 fd 41 89 3c 24 44 0f af e8 41 89 c6
0x000000006e9cbc41:   41 81 fd 00 40 00 00 0f 8f a6 00 00 00 41 83 fe
0x000000006e9cbc51:   01 7e 2a 4c 63 c7 41 8d 46 ff 31 d2 4d 89 c1 4a
0x000000006e9cbc61:   8d 0c 03 49 f7 d9 66 0f 1f 84 00 00 00 00 00 83
0x000000006e9cbc71:   c2 01 4a 89 0c 09 4c 01 c1 39 c2 75 f2 41 29 fd
0x000000006e9cbc81:   4d 63 ed 4a c7 04 2b 00 00 00 00 48 8b 03 48 89
0x000000006e9cbc91:   45 10 83 46 08 01 48 89 d8 48 83 c4 20 5b 5e 5f
0x000000006e9cbca1:   5d 41 5c 41 5d 41 5e c3 0f 1f 80 00 00 00 00 89 


Stack slot to memory mapping:
stack at sp + 0 slots: 0x00007ff96910ab50 jvm.dll
stack at sp + 1 slots: 0x000002a8db263560 points into unknown readable memory: 0x4a280013fc5f0001 | 01 00 5f fc 13 00 28 4a
stack at sp + 2 slots: 0x00007ff90000000b is an unknown value
stack at sp + 3 slots: 0xffffffffffffffff is an unknown value
stack at sp + 4 slots: 0x0000000000000001 is an unknown value
stack at sp + 5 slots: 0x000002a8db557780 points into unknown readable memory: 0x000002a8db570b10 | 10 0b 57 db a8 02 00 00
stack at sp + 6 slots: 0x000000f0d0ffeb90 is pointing into the stack for thread: 0x000002a8dacc2820
stack at sp + 7 slots: 0x000000f0d0ffecd8 is pointing into the stack for thread: 0x000002a8dacc2820


---------------  P R O C E S S  ---------------

Threads class SMR info:
_java_thread_list=0x000002a8e3149130, length=16, elements={
0x000002a8d95e34e0, 0x000002a8d95e40b0, 0x000002a8d9600520, 0x000002a8d9602ef0,
0x000002a8d96049b0, 0x000002a8d9605790, 0x000002a8d960a840, 0x000002a8d960b330,
0x000002a8da970500, 0x000002a8da971cf0, 0x000002a8dacc2820, 0x000002a8ac37b1c0,
0x000002a8db33c680, 0x000002a8daeddc10, 0x000002a8daede120, 0x000002a8db33f0c0
}

Java Threads: ( => current thread )
  0x000002a8d95e34e0 JavaThread "Reference Handler" daemon [_thread_blocked, id=12788, stack(0x000000f0d0200000,0x000000f0d0300000)]
  0x000002a8d95e40b0 JavaThread "Finalizer" daemon [_thread_blocked, id=8944, stack(0x000000f0d0300000,0x000000f0d0400000)]
  0x000002a8d9600520 JavaThread "Signal Dispatcher" daemon [_thread_blocked, id=11712, stack(0x000000f0d0400000,0x000000f0d0500000)]
  0x000002a8d9602ef0 JavaThread "Attach Listener" daemon [_thread_blocked, id=12048, stack(0x000000f0d0500000,0x000000f0d0600000)]
  0x000002a8d96049b0 JavaThread "Service Thread" daemon [_thread_blocked, id=5352, stack(0x000000f0d0600000,0x000000f0d0700000)]
  0x000002a8d9605790 JavaThread "C2 CompilerThread0" daemon [_thread_blocked, id=5664, stack(0x000000f0d0700000,0x000000f0d0800000)]
  0x000002a8d960a840 JavaThread "C1 CompilerThread0" daemon [_thread_blocked, id=5616, stack(0x000000f0d0800000,0x000000f0d0900000)]
  0x000002a8d960b330 JavaThread "Sweeper thread" daemon [_thread_blocked, id=5008, stack(0x000000f0d0900000,0x000000f0d0a00000)]
  0x000002a8da970500 JavaThread "Notification Thread" daemon [_thread_blocked, id=4908, stack(0x000000f0d0c00000,0x000000f0d0d00000)]
  0x000002a8da971cf0 JavaThread "Common-Cleaner" daemon [_thread_blocked, id=12652, stack(0x000000f0d0e00000,0x000000f0d0f00000)]
=>0x000002a8dacc2820 JavaThread "LWJGL Application" [_thread_in_native, id=15364, stack(0x000000f0d0f00000,0x000000f0d1000000)]
  0x000002a8ac37b1c0 JavaThread "DestroyJavaVM" [_thread_blocked, id=14300, stack(0x000000f0cfb00000,0x000000f0cfc00000)]
  0x000002a8db33c680 JavaThread "C1 CompilerThread1" daemon [_thread_blocked, id=6684, stack(0x000000f0d1600000,0x000000f0d1700000)]
  0x000002a8daeddc10 JavaThread "C1 CompilerThread2" daemon [_thread_blocked, id=11384, stack(0x000000f0d1700000,0x000000f0d1800000)]
  0x000002a8daede120 JavaThread "C1 CompilerThread3" daemon [_thread_blocked, id=15800, stack(0x000000f0d1800000,0x000000f0d1900000)]
  0x000002a8db33f0c0 JavaThread "LWJGL Timer" daemon [_thread_blocked, id=15720, stack(0x000000f0d1b00000,0x000000f0d1c00000)]

Other Threads:
  0x000002a8da831cb0 VMThread "VM Thread" [stack: 0x000000f0d0100000,0x000000f0d0200000] [id=13236]
  0x000002a8da9709d0 WatcherThread [stack: 0x000000f0d0d00000,0x000000f0d0e00000] [id=4904]
  0x000002a8ac3f6a40 GCTaskThread "GC Thread#0" [stack: 0x000000f0cfc00000,0x000000f0cfd00000] [id=10924]
  0x000002a8db100880 GCTaskThread "GC Thread#1" [stack: 0x000000f0d1a00000,0x000000f0d1b00000] [id=16444]
  0x000002a8db100bb0 GCTaskThread "GC Thread#2" [stack: 0x000000f0d1c00000,0x000000f0d1d00000] [id=16448]
  0x000002a8db1041e0 GCTaskThread "GC Thread#3" [stack: 0x000000f0d1d00000,0x000000f0d1e00000] [id=16452]
  0x000002a8db101ba0 GCTaskThread "GC Thread#4" [stack: 0x000000f0d1e00000,0x000000f0d1f00000] [id=16456]
  0x000002a8db102200 GCTaskThread "GC Thread#5" [stack: 0x000000f0d1f00000,0x000000f0d2000000] [id=16460]
  0x000002a8db102530 GCTaskThread "GC Thread#6" [stack: 0x000000f0d2000000,0x000000f0d2100000] [id=16464]
  0x000002a8db102860 GCTaskThread "GC Thread#7" [stack: 0x000000f0d2100000,0x000000f0d2200000] [id=16468]
  0x000002a8db102b90 GCTaskThread "GC Thread#8" [stack: 0x000000f0d2200000,0x000000f0d2300000] [id=16472]
  0x000002a8db103b80 GCTaskThread "GC Thread#9" [stack: 0x000000f0d2300000,0x000000f0d2400000] [id=16476]
  0x000002a8db1031f0 GCTaskThread "GC Thread#10" [stack: 0x000000f0d2400000,0x000000f0d2500000] [id=16480]
  0x000002a8db102ec0 GCTaskThread "GC Thread#11" [stack: 0x000000f0d2500000,0x000000f0d2600000] [id=16484]
  0x000002a8ac408a30 ConcurrentGCThread "G1 Main Marker" [stack: 0x000000f0cfd00000,0x000000f0cfe00000] [id=11028]
  0x000002a8ac409620 ConcurrentGCThread "G1 Conc#0" [stack: 0x000000f0cfe00000,0x000000f0cff00000] [id=16116]
  0x000002a8d94e5c10 ConcurrentGCThread "G1 Refine#0" [stack: 0x000000f0cff00000,0x000000f0d0000000] [id=4632]
  0x000002a8d94e7820 ConcurrentGCThread "G1 Young RemSet Sampling" [stack: 0x000000f0d0000000,0x000000f0d0100000] [id=13240]

Threads with active compile tasks:

VM state: not at safepoint (normal execution)

VM Mutex/Monitor currently owned by a thread: None

Heap address: 0x0000000603c00000, size: 8132 MB, Compressed Oops mode: Zero based, Oop shift amount: 3
CDS archive(s) mapped at: [0x0000000800000000-0x0000000800b50000-0x0000000800b50000), size 11862016, SharedBaseAddress: 0x0000000800000000, ArchiveRelocationMode: 0.
Compressed class space mapped at: 0x0000000800b50000-0x0000000840b50000, size: 1073741824
Narrow klass base: 0x0000000800000000, Narrow klass shift: 3, Narrow klass range: 0x100000000

GC Precious Log:
 CPUs: 16 total, 16 available
 Memory: 32512M
 Large Page Support: Disabled
 NUMA Support: Disabled
 Compressed Oops: Enabled (Zero based)
 Heap Region Size: 4M
 Heap Min Capacity: 8M
 Heap Initial Capacity: 512M
 Heap Max Capacity: 8132M
 Pre-touch: Disabled
 Parallel Workers: 13
 Concurrent Workers: 3
 Concurrent Refinement Workers: 13
 Periodic GC: Disabled

Heap:
 garbage-first heap   total 524288K, used 84772K [0x0000000603c00000, 0x0000000800000000)
  region size 4096K, 23 young (94208K), 1 survivors (4096K)
 Metaspace       used 6265K, capacity 8990K, committed 9216K, reserved 1058816K
  class space    used 452K, capacity 745K, committed 768K, reserved 1048576K

Heap Regions: E=young(eden), S=young(survivor), O=old, HS=humongous(starts), HC=humongous(continues), CS=collection set, F=free, OA=open archive, CA=closed archive, TAMS=top-at-mark-start (previous, next)
|   0|0x0000000603c00000, 0x0000000603c00000, 0x0000000604000000|  0%| F|  |TAMS 0x0000000603c00000, 0x0000000603c00000| Untracked 
|   1|0x0000000604000000, 0x0000000604000000, 0x0000000604400000|  0%| F|  |TAMS 0x0000000604000000, 0x0000000604000000| Untracked 
|   2|0x0000000604400000, 0x0000000604400000, 0x0000000604800000|  0%| F|  |TAMS 0x0000000604400000, 0x0000000604400000| Untracked 
|   3|0x0000000604800000, 0x0000000604800000, 0x0000000604c00000|  0%| F|  |TAMS 0x0000000604800000, 0x0000000604800000| Untracked 
|   4|0x0000000604c00000, 0x0000000604c00000, 0x0000000605000000|  0%| F|  |TAMS 0x0000000604c00000, 0x0000000604c00000| Untracked 
|   5|0x0000000605000000, 0x0000000605000000, 0x0000000605400000|  0%| F|  |TAMS 0x0000000605000000, 0x0000000605000000| Untracked 
|   6|0x0000000605400000, 0x0000000605400000, 0x0000000605800000|  0%| F|  |TAMS 0x0000000605400000, 0x0000000605400000| Untracked 
|   7|0x0000000605800000, 0x0000000605800000, 0x0000000605c00000|  0%| F|  |TAMS 0x0000000605800000, 0x0000000605800000| Untracked 
|   8|0x0000000605c00000, 0x0000000605c00000, 0x0000000606000000|  0%| F|  |TAMS 0x0000000605c00000, 0x0000000605c00000| Untracked 
|   9|0x0000000606000000, 0x0000000606000000, 0x0000000606400000|  0%| F|  |TAMS 0x0000000606000000, 0x0000000606000000| Untracked 
|  10|0x0000000606400000, 0x0000000606400000, 0x0000000606800000|  0%| F|  |TAMS 0x0000000606400000, 0x0000000606400000| Untracked 
|  11|0x0000000606800000, 0x0000000606800000, 0x0000000606c00000|  0%| F|  |TAMS 0x0000000606800000, 0x0000000606800000| Untracked 
|  12|0x0000000606c00000, 0x0000000606c00000, 0x0000000607000000|  0%| F|  |TAMS 0x0000000606c00000, 0x0000000606c00000| Untracked 
|  13|0x0000000607000000, 0x0000000607000000, 0x0000000607400000|  0%| F|  |TAMS 0x0000000607000000, 0x0000000607000000| Untracked 
|  14|0x0000000607400000, 0x0000000607400000, 0x0000000607800000|  0%| F|  |TAMS 0x0000000607400000, 0x0000000607400000| Untracked 
|  15|0x0000000607800000, 0x0000000607800000, 0x0000000607c00000|  0%| F|  |TAMS 0x0000000607800000, 0x0000000607800000| Untracked 
|  16|0x0000000607c00000, 0x0000000607c00000, 0x0000000608000000|  0%| F|  |TAMS 0x0000000607c00000, 0x0000000607c00000| Untracked 
|  17|0x0000000608000000, 0x0000000608000000, 0x0000000608400000|  0%| F|  |TAMS 0x0000000608000000, 0x0000000608000000| Untracked 
|  18|0x0000000608400000, 0x0000000608400000, 0x0000000608800000|  0%| F|  |TAMS 0x0000000608400000, 0x0000000608400000| Untracked 
|  19|0x0000000608800000, 0x0000000608800000, 0x0000000608c00000|  0%| F|  |TAMS 0x0000000608800000, 0x0000000608800000| Untracked 
|  20|0x0000000608c00000, 0x0000000608c00000, 0x0000000609000000|  0%| F|  |TAMS 0x0000000608c00000, 0x0000000608c00000| Untracked 
|  21|0x0000000609000000, 0x0000000609000000, 0x0000000609400000|  0%| F|  |TAMS 0x0000000609000000, 0x0000000609000000| Untracked 
|  22|0x0000000609400000, 0x0000000609400000, 0x0000000609800000|  0%| F|  |TAMS 0x0000000609400000, 0x0000000609400000| Untracked 
|  23|0x0000000609800000, 0x0000000609800000, 0x0000000609c00000|  0%| F|  |TAMS 0x0000000609800000, 0x0000000609800000| Untracked 
|  24|0x0000000609c00000, 0x0000000609c00000, 0x000000060a000000|  0%| F|  |TAMS 0x0000000609c00000, 0x0000000609c00000| Untracked 
|  25|0x000000060a000000, 0x000000060a000000, 0x000000060a400000|  0%| F|  |TAMS 0x000000060a000000, 0x000000060a000000| Untracked 
|  26|0x000000060a400000, 0x000000060a400000, 0x000000060a800000|  0%| F|  |TAMS 0x000000060a400000, 0x000000060a400000| Untracked 
|  27|0x000000060a800000, 0x000000060a800000, 0x000000060ac00000|  0%| F|  |TAMS 0x000000060a800000, 0x000000060a800000| Untracked 
|  28|0x000000060ac00000, 0x000000060ac00000, 0x000000060b000000|  0%| F|  |TAMS 0x000000060ac00000, 0x000000060ac00000| Untracked 
|  29|0x000000060b000000, 0x000000060b000000, 0x000000060b400000|  0%| F|  |TAMS 0x000000060b000000, 0x000000060b000000| Untracked 
|  30|0x000000060b400000, 0x000000060b400000, 0x000000060b800000|  0%| F|  |TAMS 0x000000060b400000, 0x000000060b400000| Untracked 
|  31|0x000000060b800000, 0x000000060b800000, 0x000000060bc00000|  0%| F|  |TAMS 0x000000060b800000, 0x000000060b800000| Untracked 
|  32|0x000000060bc00000, 0x000000060bc00000, 0x000000060c000000|  0%| F|  |TAMS 0x000000060bc00000, 0x000000060bc00000| Untracked 
|  33|0x000000060c000000, 0x000000060c000000, 0x000000060c400000|  0%| F|  |TAMS 0x000000060c000000, 0x000000060c000000| Untracked 
|  34|0x000000060c400000, 0x000000060c400000, 0x000000060c800000|  0%| F|  |TAMS 0x000000060c400000, 0x000000060c400000| Untracked 
|  35|0x000000060c800000, 0x000000060c800000, 0x000000060cc00000|  0%| F|  |TAMS 0x000000060c800000, 0x000000060c800000| Untracked 
|  36|0x000000060cc00000, 0x000000060cc00000, 0x000000060d000000|  0%| F|  |TAMS 0x000000060cc00000, 0x000000060cc00000| Untracked 
|  37|0x000000060d000000, 0x000000060d000000, 0x000000060d400000|  0%| F|  |TAMS 0x000000060d000000, 0x000000060d000000| Untracked 
|  38|0x000000060d400000, 0x000000060d400000, 0x000000060d800000|  0%| F|  |TAMS 0x000000060d400000, 0x000000060d400000| Untracked 
|  39|0x000000060d800000, 0x000000060d800000, 0x000000060dc00000|  0%| F|  |TAMS 0x000000060d800000, 0x000000060d800000| Untracked 
|  40|0x000000060dc00000, 0x000000060dc00000, 0x000000060e000000|  0%| F|  |TAMS 0x000000060dc00000, 0x000000060dc00000| Untracked 
|  41|0x000000060e000000, 0x000000060e000000, 0x000000060e400000|  0%| F|  |TAMS 0x000000060e000000, 0x000000060e000000| Untracked 
|  42|0x000000060e400000, 0x000000060e400000, 0x000000060e800000|  0%| F|  |TAMS 0x000000060e400000, 0x000000060e400000| Untracked 
|  43|0x000000060e800000, 0x000000060e800000, 0x000000060ec00000|  0%| F|  |TAMS 0x000000060e800000, 0x000000060e800000| Untracked 
|  44|0x000000060ec00000, 0x000000060ec00000, 0x000000060f000000|  0%| F|  |TAMS 0x000000060ec00000, 0x000000060ec00000| Untracked 
|  45|0x000000060f000000, 0x000000060f000000, 0x000000060f400000|  0%| F|  |TAMS 0x000000060f000000, 0x000000060f000000| Untracked 
|  46|0x000000060f400000, 0x000000060f400000, 0x000000060f800000|  0%| F|  |TAMS 0x000000060f400000, 0x000000060f400000| Untracked 
|  47|0x000000060f800000, 0x000000060f800000, 0x000000060fc00000|  0%| F|  |TAMS 0x000000060f800000, 0x000000060f800000| Untracked 
|  48|0x000000060fc00000, 0x000000060fc00000, 0x0000000610000000|  0%| F|  |TAMS 0x000000060fc00000, 0x000000060fc00000| Untracked 
|  49|0x0000000610000000, 0x0000000610000000, 0x0000000610400000|  0%| F|  |TAMS 0x0000000610000000, 0x0000000610000000| Untracked 
|  50|0x0000000610400000, 0x0000000610400000, 0x0000000610800000|  0%| F|  |TAMS 0x0000000610400000, 0x0000000610400000| Untracked 
|  51|0x0000000610800000, 0x0000000610800000, 0x0000000610c00000|  0%| F|  |TAMS 0x0000000610800000, 0x0000000610800000| Untracked 
|  52|0x0000000610c00000, 0x0000000610c00000, 0x0000000611000000|  0%| F|  |TAMS 0x0000000610c00000, 0x0000000610c00000| Untracked 
|  53|0x0000000611000000, 0x0000000611000000, 0x0000000611400000|  0%| F|  |TAMS 0x0000000611000000, 0x0000000611000000| Untracked 
|  54|0x0000000611400000, 0x0000000611400000, 0x0000000611800000|  0%| F|  |TAMS 0x0000000611400000, 0x0000000611400000| Untracked 
|  55|0x0000000611800000, 0x0000000611800000, 0x0000000611c00000|  0%| F|  |TAMS 0x0000000611800000, 0x0000000611800000| Untracked 
|  56|0x0000000611c00000, 0x0000000611c00000, 0x0000000612000000|  0%| F|  |TAMS 0x0000000611c00000, 0x0000000611c00000| Untracked 
|  57|0x0000000612000000, 0x0000000612000000, 0x0000000612400000|  0%| F|  |TAMS 0x0000000612000000, 0x0000000612000000| Untracked 
|  58|0x0000000612400000, 0x0000000612400000, 0x0000000612800000|  0%| F|  |TAMS 0x0000000612400000, 0x0000000612400000| Untracked 
|  59|0x0000000612800000, 0x0000000612800000, 0x0000000612c00000|  0%| F|  |TAMS 0x0000000612800000, 0x0000000612800000| Untracked 
|  60|0x0000000612c00000, 0x0000000612c00000, 0x0000000613000000|  0%| F|  |TAMS 0x0000000612c00000, 0x0000000612c00000| Untracked 
|  61|0x0000000613000000, 0x0000000613000000, 0x0000000613400000|  0%| F|  |TAMS 0x0000000613000000, 0x0000000613000000| Untracked 
|  62|0x0000000613400000, 0x0000000613400000, 0x0000000613800000|  0%| F|  |TAMS 0x0000000613400000, 0x0000000613400000| Untracked 
|  63|0x0000000613800000, 0x0000000613800000, 0x0000000613c00000|  0%| F|  |TAMS 0x0000000613800000, 0x0000000613800000| Untracked 
|  64|0x0000000613c00000, 0x0000000613c00000, 0x0000000614000000|  0%| F|  |TAMS 0x0000000613c00000, 0x0000000613c00000| Untracked 
|  65|0x0000000614000000, 0x0000000614000000, 0x0000000614400000|  0%| F|  |TAMS 0x0000000614000000, 0x0000000614000000| Untracked 
|  66|0x0000000614400000, 0x0000000614400000, 0x0000000614800000|  0%| F|  |TAMS 0x0000000614400000, 0x0000000614400000| Untracked 
|  67|0x0000000614800000, 0x0000000614800000, 0x0000000614c00000|  0%| F|  |TAMS 0x0000000614800000, 0x0000000614800000| Untracked 
|  68|0x0000000614c00000, 0x0000000614c00000, 0x0000000615000000|  0%| F|  |TAMS 0x0000000614c00000, 0x0000000614c00000| Untracked 
|  69|0x0000000615000000, 0x0000000615000000, 0x0000000615400000|  0%| F|  |TAMS 0x0000000615000000, 0x0000000615000000| Untracked 
|  70|0x0000000615400000, 0x0000000615400000, 0x0000000615800000|  0%| F|  |TAMS 0x0000000615400000, 0x0000000615400000| Untracked 
|  71|0x0000000615800000, 0x0000000615800000, 0x0000000615c00000|  0%| F|  |TAMS 0x0000000615800000, 0x0000000615800000| Untracked 
|  72|0x0000000615c00000, 0x0000000615c00000, 0x0000000616000000|  0%| F|  |TAMS 0x0000000615c00000, 0x0000000615c00000| Untracked 
|  73|0x0000000616000000, 0x0000000616000000, 0x0000000616400000|  0%| F|  |TAMS 0x0000000616000000, 0x0000000616000000| Untracked 
|  74|0x0000000616400000, 0x0000000616400000, 0x0000000616800000|  0%| F|  |TAMS 0x0000000616400000, 0x0000000616400000| Untracked 
|  75|0x0000000616800000, 0x0000000616800000, 0x0000000616c00000|  0%| F|  |TAMS 0x0000000616800000, 0x0000000616800000| Untracked 
|  76|0x0000000616c00000, 0x0000000616c00000, 0x0000000617000000|  0%| F|  |TAMS 0x0000000616c00000, 0x0000000616c00000| Untracked 
|  77|0x0000000617000000, 0x0000000617000000, 0x0000000617400000|  0%| F|  |TAMS 0x0000000617000000, 0x0000000617000000| Untracked 
|  78|0x0000000617400000, 0x0000000617400000, 0x0000000617800000|  0%| F|  |TAMS 0x0000000617400000, 0x0000000617400000| Untracked 
|  79|0x0000000617800000, 0x0000000617800000, 0x0000000617c00000|  0%| F|  |TAMS 0x0000000617800000, 0x0000000617800000| Untracked 
|  80|0x0000000617c00000, 0x0000000617c00000, 0x0000000618000000|  0%| F|  |TAMS 0x0000000617c00000, 0x0000000617c00000| Untracked 
|  81|0x0000000618000000, 0x0000000618000000, 0x0000000618400000|  0%| F|  |TAMS 0x0000000618000000, 0x0000000618000000| Untracked 
|  82|0x0000000618400000, 0x0000000618400000, 0x0000000618800000|  0%| F|  |TAMS 0x0000000618400000, 0x0000000618400000| Untracked 
|  83|0x0000000618800000, 0x0000000618800000, 0x0000000618c00000|  0%| F|  |TAMS 0x0000000618800000, 0x0000000618800000| Untracked 
|  84|0x0000000618c00000, 0x0000000618c00000, 0x0000000619000000|  0%| F|  |TAMS 0x0000000618c00000, 0x0000000618c00000| Untracked 
|  85|0x0000000619000000, 0x0000000619000000, 0x0000000619400000|  0%| F|  |TAMS 0x0000000619000000, 0x0000000619000000| Untracked 
|  86|0x0000000619400000, 0x0000000619400000, 0x0000000619800000|  0%| F|  |TAMS 0x0000000619400000, 0x0000000619400000| Untracked 
|  87|0x0000000619800000, 0x0000000619800000, 0x0000000619c00000|  0%| F|  |TAMS 0x0000000619800000, 0x0000000619800000| Untracked 
|  88|0x0000000619c00000, 0x0000000619c00000, 0x000000061a000000|  0%| F|  |TAMS 0x0000000619c00000, 0x0000000619c00000| Untracked 
|  89|0x000000061a000000, 0x000000061a000000, 0x000000061a400000|  0%| F|  |TAMS 0x000000061a000000, 0x000000061a000000| Untracked 
|  90|0x000000061a400000, 0x000000061a400000, 0x000000061a800000|  0%| F|  |TAMS 0x000000061a400000, 0x000000061a400000| Untracked 
|  91|0x000000061a800000, 0x000000061a800000, 0x000000061ac00000|  0%| F|  |TAMS 0x000000061a800000, 0x000000061a800000| Untracked 
|  92|0x000000061ac00000, 0x000000061ac00000, 0x000000061b000000|  0%| F|  |TAMS 0x000000061ac00000, 0x000000061ac00000| Untracked 
|  93|0x000000061b000000, 0x000000061b000000, 0x000000061b400000|  0%| F|  |TAMS 0x000000061b000000, 0x000000061b000000| Untracked 
|  94|0x000000061b400000, 0x000000061b400000, 0x000000061b800000|  0%| F|  |TAMS 0x000000061b400000, 0x000000061b400000| Untracked 
|  95|0x000000061b800000, 0x000000061b800000, 0x000000061bc00000|  0%| F|  |TAMS 0x000000061b800000, 0x000000061b800000| Untracked 
|  96|0x000000061bc00000, 0x000000061bc00000, 0x000000061c000000|  0%| F|  |TAMS 0x000000061bc00000, 0x000000061bc00000| Untracked 
|  97|0x000000061c000000, 0x000000061c000000, 0x000000061c400000|  0%| F|  |TAMS 0x000000061c000000, 0x000000061c000000| Untracked 
|  98|0x000000061c400000, 0x000000061c400000, 0x000000061c800000|  0%| F|  |TAMS 0x000000061c400000, 0x000000061c400000| Untracked 
|  99|0x000000061c800000, 0x000000061c800000, 0x000000061cc00000|  0%| F|  |TAMS 0x000000061c800000, 0x000000061c800000| Untracked 
| 100|0x000000061cc00000, 0x000000061cc00000, 0x000000061d000000|  0%| F|  |TAMS 0x000000061cc00000, 0x000000061cc00000| Untracked 
| 101|0x000000061d000000, 0x000000061d000000, 0x000000061d400000|  0%| F|  |TAMS 0x000000061d000000, 0x000000061d000000| Untracked 
| 102|0x000000061d400000, 0x000000061d400000, 0x000000061d800000|  0%| F|  |TAMS 0x000000061d400000, 0x000000061d400000| Untracked 
| 103|0x000000061d800000, 0x000000061d800000, 0x000000061dc00000|  0%| F|  |TAMS 0x000000061d800000, 0x000000061d800000| Untracked 
| 104|0x000000061dc00000, 0x000000061dc00000, 0x000000061e000000|  0%| F|  |TAMS 0x000000061dc00000, 0x000000061dc00000| Untracked 
| 105|0x000000061e000000, 0x000000061e3d4c40, 0x000000061e400000| 95%| E|  |TAMS 0x000000061e000000, 0x000000061e000000| Complete 
| 106|0x000000061e400000, 0x000000061e7a9880, 0x000000061e800000| 91%| E|  |TAMS 0x000000061e400000, 0x000000061e400000| Complete 
| 107|0x000000061e800000, 0x000000061ec00000, 0x000000061ec00000|100%| E|CS|TAMS 0x000000061e800000, 0x000000061e800000| Complete 
| 108|0x000000061ec00000, 0x000000061f000000, 0x000000061f000000|100%| E|CS|TAMS 0x000000061ec00000, 0x000000061ec00000| Complete 
| 109|0x000000061f000000, 0x000000061f400000, 0x000000061f400000|100%| E|CS|TAMS 0x000000061f000000, 0x000000061f000000| Complete 
| 110|0x000000061f400000, 0x000000061f800000, 0x000000061f800000|100%| E|CS|TAMS 0x000000061f400000, 0x000000061f400000| Complete 
| 111|0x000000061f800000, 0x000000061fc00000, 0x000000061fc00000|100%| E|CS|TAMS 0x000000061f800000, 0x000000061f800000| Complete 
| 112|0x000000061fc00000, 0x0000000620000000, 0x0000000620000000|100%| E|CS|TAMS 0x000000061fc00000, 0x000000061fc00000| Complete 
| 113|0x0000000620000000, 0x0000000620400000, 0x0000000620400000|100%| E|CS|TAMS 0x0000000620000000, 0x0000000620000000| Complete 
| 114|0x0000000620400000, 0x0000000620800000, 0x0000000620800000|100%| E|CS|TAMS 0x0000000620400000, 0x0000000620400000| Complete 
| 115|0x0000000620800000, 0x0000000620c00000, 0x0000000620c00000|100%| E|CS|TAMS 0x0000000620800000, 0x0000000620800000| Complete 
| 116|0x0000000620c00000, 0x0000000621000000, 0x0000000621000000|100%| E|CS|TAMS 0x0000000620c00000, 0x0000000620c00000| Complete 
| 117|0x0000000621000000, 0x0000000621400000, 0x0000000621400000|100%| E|CS|TAMS 0x0000000621000000, 0x0000000621000000| Complete 
| 118|0x0000000621400000, 0x00000006216c9180, 0x0000000621800000| 69%| S|CS|TAMS 0x0000000621400000, 0x0000000621400000| Complete 
| 119|0x0000000621800000, 0x0000000621c00000, 0x0000000621c00000|100%| E|CS|TAMS 0x0000000621800000, 0x0000000621800000| Complete 
| 120|0x0000000621c00000, 0x0000000622000000, 0x0000000622000000|100%| E|CS|TAMS 0x0000000621c00000, 0x0000000621c00000| Complete 
| 121|0x0000000622000000, 0x0000000622400000, 0x0000000622400000|100%| E|CS|TAMS 0x0000000622000000, 0x0000000622000000| Complete 
| 122|0x0000000622400000, 0x0000000622800000, 0x0000000622800000|100%| E|CS|TAMS 0x0000000622400000, 0x0000000622400000| Complete 
| 123|0x0000000622800000, 0x0000000622c00000, 0x0000000622c00000|100%| E|CS|TAMS 0x0000000622800000, 0x0000000622800000| Complete 
| 124|0x0000000622c00000, 0x0000000623000000, 0x0000000623000000|100%| E|CS|TAMS 0x0000000622c00000, 0x0000000622c00000| Complete 
| 125|0x0000000623000000, 0x0000000623400000, 0x0000000623400000|100%| E|CS|TAMS 0x0000000623000000, 0x0000000623000000| Complete 
| 126|0x0000000623400000, 0x0000000623800000, 0x0000000623800000|100%| E|CS|TAMS 0x0000000623400000, 0x0000000623400000| Complete 
| 127|0x0000000623800000, 0x0000000623c00000, 0x0000000623c00000|100%| E|CS|TAMS 0x0000000623800000, 0x0000000623800000| Complete 

Card table byte_map: [0x000002a8c5110000,0x000002a8c6100000] _byte_map_base: 0x000002a8c20f2000

Marking Bits (Prev, Next): (CMBitMap*) 0x000002a8ac3f72b0, (CMBitMap*) 0x000002a8ac3f72f0
 Prev Bits: [0x000002a8c70f0000, 0x000002a8cf000000)
 Next Bits: [0x000002a8cf000000, 0x000002a8d6f10000)

Polling page: 0x000002a8aa2e0000

Metaspace:

Usage:
  Non-class:      8.05 MB capacity,     5.68 MB ( 70%) used,     2.37 MB ( 29%) free+waste,     4.44 KB ( <1%) overhead. 
      Class:    745.00 KB capacity,   452.94 KB ( 61%) used,   291.00 KB ( 39%) free+waste,     1.06 KB ( <1%) overhead. 
       Both:      8.78 MB capacity,     6.12 MB ( 70%) used,     2.66 MB ( 30%) free+waste,     5.50 KB ( <1%) overhead. 

Virtual space:
  Non-class space:       10.00 MB reserved,       8.25 MB ( 83%) committed 
      Class space:        1.00 GB reserved,     768.00 KB ( <1%) committed 
             Both:        1.01 GB reserved,       9.00 MB ( <1%) committed 

Chunk freelists:
   Non-Class:  139.00 KB
       Class:  23.00 KB
        Both:  162.00 KB

MaxMetaspaceSize: 17179869184.00 GB
CompressedClassSpaceSize: 1.00 GB

CodeHeap 'non-profiled nmethods': size=119168Kb used=509Kb max_used=509Kb free=118659Kb
 bounds [0x000002a8bc430000, 0x000002a8bc6a0000, 0x000002a8c3890000]
CodeHeap 'profiled nmethods': size=119104Kb used=2894Kb max_used=2894Kb free=116209Kb
 bounds [0x000002a8b4fe0000, 0x000002a8b52c0000, 0x000002a8bc430000]
CodeHeap 'non-nmethods': size=7488Kb used=2985Kb max_used=3011Kb free=4502Kb
 bounds [0x000002a8b4890000, 0x000002a8b4bf0000, 0x000002a8b4fe0000]
 total_blobs=2178 nmethods=1583 adapters=505
 compilation: enabled
              stopped_count=0, restarted_count=0
 full_count=0

Compilation events (20 events):
Event: 26.564 Thread 0x000002a8d9605790 1574       4       com.badlogic.gdx.physics.box2d.Fixture::getType (66 bytes)
Event: 26.564 Thread 0x000002a8d9605790 nmethod 1574 0x000002a8bc4ab490 code [0x000002a8bc4ab620, 0x000002a8bc4ab6e8]
Event: 26.640 Thread 0x000002a8daeddc10 1575       3       org.lwjgl.BufferChecks::checkBufferSize (20 bytes)
Event: 26.640 Thread 0x000002a8daeddc10 nmethod 1575 0x000002a8b52b1d10 code [0x000002a8b52b1ec0, 0x000002a8b52b20c8]
Event: 26.660 Thread 0x000002a8daeddc10 1576       3       java.nio.DirectByteBuffer::<init> (25 bytes)
Event: 26.660 Thread 0x000002a8daeddc10 nmethod 1576 0x000002a8b52b2210 code [0x000002a8b52b23c0, 0x000002a8b52b2588]
Event: 26.685 Thread 0x000002a8daeddc10 1577       3       com.badlogic.gdx.backends.lwjgl.LwjglFileHandle::<init> (7 bytes)
Event: 26.685 Thread 0x000002a8daede120 1578       3       com.badlogic.gdx.files.FileHandle::<init> (22 bytes)
Event: 26.685 Thread 0x000002a8daede120 nmethod 1578 0x000002a8b52b2610 code [0x000002a8b52b27c0, 0x000002a8b52b2a88]
Event: 26.685 Thread 0x000002a8daeddc10 nmethod 1577 0x000002a8b52b2b90 code [0x000002a8b52b2d40, 0x000002a8b52b3068]
Event: 26.706 Thread 0x000002a8d9605790 1579 % !   4       sun.net.www.ParseUtil::decode @ 70 (317 bytes)
Event: 26.710 Thread 0x000002a8daede120 1580       3       java.io.OutputStream::<init> (5 bytes)
Event: 26.710 Thread 0x000002a8daede120 nmethod 1580 0x000002a8b52b3190 code [0x000002a8b52b3320, 0x000002a8b52b3478]
Event: 26.727 Thread 0x000002a8db33c680 1581       3       org.lwjgl.opengl.APIUtil::getBufferInt (8 bytes)
Event: 26.727 Thread 0x000002a8db33c680 nmethod 1581 0x000002a8b52b3510 code [0x000002a8b52b36a0, 0x000002a8b52b3798]
Event: 26.728 Thread 0x000002a8db33c680 1582       3       java.util.HashMap::afterNodeAccess (1 bytes)
Event: 26.728 Thread 0x000002a8db33c680 nmethod 1582 0x000002a8b52b3890 code [0x000002a8b52b3a20, 0x000002a8b52b3b18]
Event: 26.742 Thread 0x000002a8d9605790 nmethod 1579% 0x000002a8bc4ab790 code [0x000002a8bc4aba60, 0x000002a8bc4adb10]
Event: 26.751 Thread 0x000002a8d9605790 1583       4       com.badlogic.gdx.utils.Array$ArrayIterator::next (66 bytes)
Event: 26.752 Thread 0x000002a8d9605790 nmethod 1583 0x000002a8bc4af090 code [0x000002a8bc4af220, 0x000002a8bc4af318]

GC Heap History (4 events):
Event: 22.059 GC heap before
{Heap before GC invocations=0 (full 0):
 garbage-first heap   total 524288K, used 28672K [0x0000000603c00000, 0x0000000800000000)
  region size 4096K, 6 young (24576K), 0 survivors (0K)
 Metaspace       used 5865K, capacity 8670K, committed 8960K, reserved 1056768K
  class space    used 443K, capacity 745K, committed 768K, reserved 1048576K
}
Event: 22.061 GC heap after
{Heap after GC invocations=1 (full 0):
 garbage-first heap   total 524288K, used 2932K [0x0000000603c00000, 0x0000000800000000)
  region size 4096K, 1 young (4096K), 1 survivors (4096K)
 Metaspace       used 5865K, capacity 8670K, committed 8960K, reserved 1056768K
  class space    used 443K, capacity 745K, committed 768K, reserved 1048576K
}
Event: 23.295 GC heap before
{Heap before GC invocations=1 (full 0):
 garbage-first heap   total 524288K, used 31604K [0x0000000603c00000, 0x0000000800000000)
  region size 4096K, 9 young (36864K), 1 survivors (4096K)
 Metaspace       used 6128K, capacity 8926K, committed 9216K, reserved 1058816K
  class space    used 451K, capacity 745K, committed 768K, reserved 1048576K
}
Event: 23.296 GC heap after
{Heap after GC invocations=2 (full 0):
 garbage-first heap   total 524288K, used 2852K [0x0000000603c00000, 0x0000000800000000)
  region size 4096K, 1 young (4096K), 1 survivors (4096K)
 Metaspace       used 6128K, capacity 8926K, committed 9216K, reserved 1058816K
  class space    used 451K, capacity 745K, committed 768K, reserved 1048576K
}

Deoptimization events (20 events):
Event: 22.041 Thread 0x000002a8dacc2820 DEOPT PACKING pc=0x000002a8b512b377 sp=0x000000f0d0ffdc10
Event: 22.041 Thread 0x000002a8dacc2820 DEOPT UNPACKING pc=0x000002a8b48de23f sp=0x000000f0d0ffd170 mode 0
Event: 22.041 Thread 0x000002a8dacc2820 DEOPT PACKING pc=0x000002a8b512b377 sp=0x000000f0d0ffdc10
Event: 22.041 Thread 0x000002a8dacc2820 DEOPT UNPACKING pc=0x000002a8b48de23f sp=0x000000f0d0ffd170 mode 0
Event: 22.041 Thread 0x000002a8dacc2820 DEOPT PACKING pc=0x000002a8b512b377 sp=0x000000f0d0ffdc10
Event: 22.041 Thread 0x000002a8dacc2820 DEOPT UNPACKING pc=0x000002a8b48de23f sp=0x000000f0d0ffd170 mode 0
Event: 22.042 Thread 0x000002a8dacc2820 DEOPT PACKING pc=0x000002a8b512b377 sp=0x000000f0d0ffdc10
Event: 22.042 Thread 0x000002a8dacc2820 DEOPT UNPACKING pc=0x000002a8b48de23f sp=0x000000f0d0ffd170 mode 0
Event: 22.046 Thread 0x000002a8dacc2820 DEOPT PACKING pc=0x000002a8b512b377 sp=0x000000f0d0ffe2f0
Event: 22.046 Thread 0x000002a8dacc2820 DEOPT UNPACKING pc=0x000002a8b48de23f sp=0x000000f0d0ffd850 mode 0
Event: 22.046 Thread 0x000002a8dacc2820 DEOPT PACKING pc=0x000002a8b512b377 sp=0x000000f0d0ffe2f0
Event: 22.046 Thread 0x000002a8dacc2820 DEOPT UNPACKING pc=0x000002a8b48de23f sp=0x000000f0d0ffd850 mode 0
Event: 22.047 Thread 0x000002a8dacc2820 DEOPT PACKING pc=0x000002a8b512b377 sp=0x000000f0d0ffe2f0
Event: 22.047 Thread 0x000002a8dacc2820 DEOPT UNPACKING pc=0x000002a8b48de23f sp=0x000000f0d0ffd850 mode 0
Event: 22.049 Thread 0x000002a8dacc2820 DEOPT PACKING pc=0x000002a8b512b377 sp=0x000000f0d0ffe2f0
Event: 22.049 Thread 0x000002a8dacc2820 DEOPT UNPACKING pc=0x000002a8b48de23f sp=0x000000f0d0ffd850 mode 0
Event: 22.050 Thread 0x000002a8dacc2820 DEOPT PACKING pc=0x000002a8b512b377 sp=0x000000f0d0ffe2f0
Event: 22.050 Thread 0x000002a8dacc2820 DEOPT UNPACKING pc=0x000002a8b48de23f sp=0x000000f0d0ffd850 mode 0
Event: 25.760 Thread 0x000002a8dacc2820 DEOPT PACKING pc=0x000002a8b51ddc83 sp=0x000000f0d0ffe710
Event: 25.760 Thread 0x000002a8dacc2820 DEOPT UNPACKING pc=0x000002a8b48de23f sp=0x000000f0d0ffdc30 mode 0

Classes unloaded (0 events):
No events

Classes redefined (0 events):
No events

Internal exceptions (0 events):
No events

Events (20 events):
Event: 22.061 Executing VM operation: G1CollectForAllocation done
Event: 22.080 Executing VM operation: HandshakeAllThreads
Event: 22.080 Executing VM operation: HandshakeAllThreads done
Event: 22.113 Loaded shared library C:\Users\nicho\AppData\Local\Temp\libgdxnicho\1cecf4f6\lwjgl64.dll
Event: 22.185 Loaded shared library C:\Users\nicho\AppData\Local\Temp\libgdxnicho\1cecf4f6\lwjgl64.dll
Event: 22.186 Loaded shared library C:\Users\nicho\AppData\Local\Temp\libgdxnicho\1cecf4f6\lwjgl64.dll
Event: 22.249 Thread 0x000002a8db2a8800 Thread exited: 0x000002a8db2a8800
Event: 22.412 Loaded shared library C:\Users\nicho\AppData\Local\Temp\libgdxnicho\1cecf4f6\lwjgl64.dll
Event: 22.433 Loaded shared library C:\Users\nicho\AppData\Local\Temp\libgdxnicho\1cecf4f6\lwjgl64.dll
Event: 22.593 Loaded shared library C:\Users\nicho\AppData\Local\Temp\libgdxnicho\1cecf4f6\lwjgl64.dll
Event: 22.994 Loaded shared library C:\Users\nicho\AppData\Local\Temp\libgdxnicho\1cecf4f6\lwjgl64.dll
Event: 23.054 Loaded shared library C:\Users\nicho\AppData\Local\Temp\libgdxnicho\1cecf4f6\lwjgl64.dll
Event: 23.295 Executing VM operation: G1CollectForAllocation
Event: 23.296 Executing VM operation: G1CollectForAllocation done
Event: 23.591 Loaded shared library C:\Users\nicho\AppData\Local\Temp\libgdxnicho\1cecf4f6\lwjgl64.dll
Event: 23.592 Loaded shared library C:\Users\nicho\AppData\Local\Temp\libgdxnicho\1cecf4f6\lwjgl64.dll
Event: 23.773 Loaded shared library C:\Users\nicho\AppData\Local\Temp\libgdxnicho\6bae761b\gdx64.dll
Event: 25.243 Loaded shared library C:\Users\nicho\AppData\Local\Temp\libgdxnicho\1cecf4f6\lwjgl64.dll
Event: 25.562 Loaded shared library C:\Users\nicho\AppData\Local\Temp\libgdxnicho\1cecf4f6\lwjgl64.dll
Event: 25.563 Loaded shared library C:\Users\nicho\AppData\Local\Temp\libgdxnicho\1cecf4f6\lwjgl64.dll


Dynamic libraries:
0x00007ff666f80000 - 0x00007ff666f8d000 	C:\Users\nicho\.jdks\corretto-15.0.2\bin\java.exe
0x00007ff9b1790000 - 0x00007ff9b1985000 	C:\Windows\SYSTEM32\ntdll.dll
0x00007ff9b1440000 - 0x00007ff9b14fe000 	C:\Windows\System32\KERNEL32.DLL
0x00007ff9af040000 - 0x00007ff9af309000 	C:\Windows\System32\KERNELBASE.dll
0x00007ff9aeeb0000 - 0x00007ff9aefb0000 	C:\Windows\System32\ucrtbase.dll
0x00007ff96c410000 - 0x00007ff96c428000 	C:\Users\nicho\.jdks\corretto-15.0.2\bin\jli.dll
0x00007ff9694a0000 - 0x00007ff9694b5000 	C:\Users\nicho\.jdks\corretto-15.0.2\bin\VCRUNTIME140.dll
0x00007ff9b0cd0000 - 0x00007ff9b0e71000 	C:\Windows\System32\USER32.dll
0x00007ff9af7b0000 - 0x00007ff9af7d2000 	C:\Windows\System32\win32u.dll
0x00007ff9959c0000 - 0x00007ff995c5a000 	C:\Windows\WinSxS\amd64_microsoft.windows.common-controls_6595b64144ccf1df_6.0.19041.1110_none_60b5254171f9507e\COMCTL32.dll
0x00007ff9afcc0000 - 0x00007ff9afceb000 	C:\Windows\System32\GDI32.dll
0x00007ff9b11e0000 - 0x00007ff9b127e000 	C:\Windows\System32\msvcrt.dll
0x00007ff9af4b0000 - 0x00007ff9af5bb000 	C:\Windows\System32\gdi32full.dll
0x00007ff9af310000 - 0x00007ff9af3ad000 	C:\Windows\System32\msvcp_win.dll
0x00007ff9b1500000 - 0x00007ff9b1530000 	C:\Windows\System32\IMM32.DLL
0x00007ff969400000 - 0x00007ff96949b000 	C:\Users\nicho\.jdks\corretto-15.0.2\bin\msvcp140.dll
0x00007ff968860000 - 0x00007ff9693f1000 	C:\Users\nicho\.jdks\corretto-15.0.2\bin\server\jvm.dll
0x00007ff9b0040000 - 0x00007ff9b00ec000 	C:\Windows\System32\ADVAPI32.dll
0x00007ff9b13a0000 - 0x00007ff9b143b000 	C:\Windows\System32\sechost.dll
0x00007ff9b00f0000 - 0x00007ff9b021a000 	C:\Windows\System32\RPCRT4.dll
0x00007ff9b16e0000 - 0x00007ff9b16e8000 	C:\Windows\System32\PSAPI.DLL
0x00007ff994160000 - 0x00007ff994169000 	C:\Windows\SYSTEM32\WSOCK32.dll
0x00007ff9a7240000 - 0x00007ff9a724a000 	C:\Windows\SYSTEM32\VERSION.dll
0x00007ff9a47e0000 - 0x00007ff9a4807000 	C:\Windows\SYSTEM32\WINMM.dll
0x00007ff9b0c60000 - 0x00007ff9b0ccb000 	C:\Windows\System32\WS2_32.dll
0x00007ff9ad730000 - 0x00007ff9ad742000 	C:\Windows\SYSTEM32\kernel.appcore.dll
0x00007ff9ac280000 - 0x00007ff9ac28a000 	C:\Users\nicho\.jdks\corretto-15.0.2\bin\jimage.dll
0x00007ff9aca90000 - 0x00007ff9acc74000 	C:\Windows\SYSTEM32\DBGHELP.DLL
0x00007ff9a4760000 - 0x00007ff9a478c000 	C:\Windows\SYSTEM32\dbgcore.DLL
0x00007ff9aefb0000 - 0x00007ff9af033000 	C:\Windows\System32\bcryptPrimitives.dll
0x00007ff968830000 - 0x00007ff968855000 	C:\Users\nicho\.jdks\corretto-15.0.2\bin\java.dll
0x00007ff9b0370000 - 0x00007ff9b0aaf000 	C:\Windows\System32\SHELL32.dll
0x00007ff9acf90000 - 0x00007ff9ad720000 	C:\Windows\SYSTEM32\windows.storage.dll
0x00007ff9b0e80000 - 0x00007ff9b11d5000 	C:\Windows\System32\combase.dll
0x00007ff9ae900000 - 0x00007ff9ae92c000 	C:\Windows\SYSTEM32\Wldp.dll
0x00007ff9b1530000 - 0x00007ff9b15dd000 	C:\Windows\System32\SHCORE.dll
0x00007ff9affe0000 - 0x00007ff9b0035000 	C:\Windows\System32\shlwapi.dll
0x00007ff9aedf0000 - 0x00007ff9aee0f000 	C:\Windows\SYSTEM32\profapi.dll
0x00007ff968810000 - 0x00007ff968829000 	C:\Users\nicho\.jdks\corretto-15.0.2\bin\net.dll
0x00007ff9aba00000 - 0x00007ff9abb08000 	C:\Windows\SYSTEM32\WINHTTP.dll
0x00007ff9ae660000 - 0x00007ff9ae6ca000 	C:\Windows\system32\mswsock.dll
0x00007ff9687f0000 - 0x00007ff968802000 	C:\Users\nicho\.jdks\corretto-15.0.2\bin\nio.dll
0x00007ff9687d0000 - 0x00007ff9687e8000 	C:\Users\nicho\.jdks\corretto-15.0.2\bin\zip.dll
0x0000000065ac0000 - 0x0000000065aea000 	C:\Users\nicho\AppData\Local\Temp\libgdxnicho\6bae761b\gdx64.dll
0x00007ff9ac250000 - 0x00007ff9ac260000 	C:\Users\nicho\.jdks\corretto-15.0.2\bin\verify.dll
0x0000000180000000 - 0x0000000180053000 	C:\Users\nicho\AppData\Local\Temp\libgdxnicho\1cecf4f6\lwjgl64.dll
0x00007ff9950e0000 - 0x00007ff995205000 	C:\Windows\SYSTEM32\OPENGL32.dll
0x00007ff9950a0000 - 0x00007ff9950cc000 	C:\Windows\SYSTEM32\GLU32.dll
0x000002a8ac2a0000 - 0x000002a8ac304000 	C:\Users\nicho\AppData\Local\Temp\libgdxnicho\1cecf4f6\OpenAL64.dll
0x00007ff9afeb0000 - 0x00007ff9affda000 	C:\Windows\System32\ole32.dll
0x00007ff9ac3b0000 - 0x00007ff9ac44e000 	C:\Windows\system32\uxtheme.dll
0x00007ff947b20000 - 0x00007ff947d01000 	C:\Program Files (x86)\Stardock\Fences\FencesMenu64.dll
0x00007ff9b0220000 - 0x00007ff9b02ed000 	C:\Windows\System32\OLEAUT32.dll
0x00007ff9aedb0000 - 0x00007ff9aedde000 	C:\Windows\SYSTEM32\USERENV.dll
0x00007ff9ab9a0000 - 0x00007ff9ab9b4000 	C:\Windows\SYSTEM32\WTSAPI32.dll
0x00007ff98c1a0000 - 0x00007ff98c349000 	C:\Windows\WinSxS\amd64_microsoft.windows.gdiplus_6595b64144ccf1df_1.1.19041.1288_none_91a663c8cc864906\gdiplus.dll
0x00007ff9b0ab0000 - 0x00007ff9b0b59000 	C:\Windows\System32\clbcatq.dll
0x00007ff965e90000 - 0x00007ff965f2c000 	C:\Windows\SYSTEM32\dsound.dll
0x00007ff99c3d0000 - 0x00007ff99c3f6000 	C:\Windows\SYSTEM32\winmmbase.dll
0x00007ff9ae420000 - 0x00007ff9ae46b000 	C:\Windows\SYSTEM32\powrprof.dll
0x00007ff9ae2e0000 - 0x00007ff9ae2f2000 	C:\Windows\SYSTEM32\UMPDC.dll
0x00007ff9a5e40000 - 0x00007ff9a5ec5000 	C:\Windows\System32\MMDevApi.dll
0x00007ff9aec50000 - 0x00007ff9aec84000 	C:\Windows\System32\DEVOBJ.dll
0x00007ff9af3b0000 - 0x00007ff9af3fe000 	C:\Windows\System32\cfgmgr32.dll
0x00007ff9a5f20000 - 0x00007ff9a60a1000 	C:\Windows\SYSTEM32\AUDIOSES.DLL
0x00007ff9ac5e0000 - 0x00007ff9ac5f4000 	C:\Windows\SYSTEM32\resourcepolicyclient.dll
0x00007ff9a96b0000 - 0x00007ff9a975e000 	C:\Windows\SYSTEM32\mscms.dll
0x00007ff9a9660000 - 0x00007ff9a9671000 	C:\Windows\SYSTEM32\ColorAdapterClient.dll
0x00007ff9a5650000 - 0x00007ff9a5694000 	C:\Windows\System32\Windows.Internal.Graphics.Display.DisplayColorManagement.dll
0x00007ff9b1280000 - 0x00007ff9b1395000 	C:\Windows\System32\MSCTF.dll
0x00007ff98f5e0000 - 0x00007ff98f6d9000 	C:\Windows\SYSTEM32\textinputframework.dll
0x00007ff9aae80000 - 0x00007ff9ab1de000 	C:\Windows\System32\CoreUIComponents.dll
0x00007ff9ab660000 - 0x00007ff9ab752000 	C:\Windows\System32\CoreMessaging.dll
0x00007ff9adba0000 - 0x00007ff9adbd3000 	C:\Windows\SYSTEM32\ntmarta.dll
0x00007ff9a9c20000 - 0x00007ff9a9d74000 	C:\Windows\SYSTEM32\wintypes.dll
0x00007ff98c130000 - 0x00007ff98c196000 	C:\Windows\system32\Oleacc.dll
0x00007ff9a7e00000 - 0x00007ff9a7ef9000 	C:\Windows\System32\AppXDeploymentClient.dll
0x00007ff91d9c0000 - 0x00007ff91e986000 	C:\Windows\System32\DriverStore\FileRepository\iigd_dch.inf_amd64_cf2a6988eeddf859\ig9icd64.dll
0x00007ff9ac6e0000 - 0x00007ff9ac70f000 	C:\Windows\system32\dwmapi.dll
0x00007ff9ad7a0000 - 0x00007ff9ad894000 	C:\Windows\system32\dxgi.dll
0x00007ff91d580000 - 0x00007ff91d9bc000 	C:\Windows\System32\DriverStore\FileRepository\iigd_dch.inf_amd64_cf2a6988eeddf859\igdml64.dll
0x00007ff9a2810000 - 0x00007ff9a2bc8000 	C:\Windows\System32\DriverStore\FileRepository\iigd_dch.inf_amd64_cf2a6988eeddf859\igdgmm64.dll
0x00007ff9a5ed0000 - 0x00007ff9a5f13000 	C:\Windows\SYSTEM32\icm32.dll
0x00007ff99f920000 - 0x00007ff9a26c8000 	C:\Windows\System32\DriverStore\FileRepository\iigd_dch.inf_amd64_cf2a6988eeddf859\igc64.dll
0x000000006e9c0000 - 0x000000006ea1b000 	C:\Users\nicho\AppData\Local\Temp\libgdxnicho\19bf02c5\gdx-box2d64.dll

dbghelp: loaded successfully - version: 4.0.5 - missing functions: none
symbol engine: initialized successfully - sym options: 0x614 - pdb path: .;C:\Users\nicho\.jdks\corretto-15.0.2\bin;C:\Windows\SYSTEM32;C:\Windows\WinSxS\amd64_microsoft.windows.common-controls_6595b64144ccf1df_6.0.19041.1110_none_60b5254171f9507e;C:\Users\nicho\.jdks\corretto-15.0.2\bin\server;C:\Users\nicho\AppData\Local\Temp\libgdxnicho\6bae761b;C:\Users\nicho\AppData\Local\Temp\libgdxnicho\1cecf4f6;C:\Program Files (x86)\Stardock\Fences;C:\Windows\WinSxS\amd64_microsoft.windows.gdiplus_6595b64144ccf1df_1.1.19041.1288_none_91a663c8cc864906;C:\Windows\System32\DriverStore\FileRepository\iigd_dch.inf_amd64_cf2a6988eeddf859;C:\Users\nicho\AppData\Local\Temp\libgdxnicho\19bf02c5

VM Arguments:
jvm_args: -Dfile.encoding=windows-1252 -Duser.country=US -Duser.language=en -Duser.variant 
java_command: com.mygdx.nextlevel.desktop.DesktopLauncher
java_class_path (initial): C:\Users\nicho\Projects\code\Level-Up\Next Level\desktop\build\classes\java\main;C:\Users\nicho\Projects\code\Level-Up\Next Level\desktop\build\resources\main;C:\Users\nicho\.gradle\caches\modules-2\files-2.1\com.badlogicgames.gdx\gdx-backend-lwjgl\1.9.14\76d214441fa6faed9a4b9a2c02473f0d0a467a52\gdx-backend-lwjgl-1.9.14.jar;C:\Users\nicho\.gradle\caches\modules-2\files-2.1\com.badlogicgames.gdx\gdx-platform\1.9.14\c972092618b729ebfec229c9214fb9e87861fb7a\gdx-platform-1.9.14-natives-desktop.jar;C:\Users\nicho\.gradle\caches\modules-2\files-2.1\com.badlogicgames.gdx\gdx-box2d-platform\1.9.14\3c70a6038ec970ae49f96292ed48bd2a098a7f47\gdx-box2d-platform-1.9.14-natives-desktop.jar;C:\Users\nicho\Projects\code\Level-Up\Next Level\core\build\libs\core-1.0.jar;C:\Users\nicho\.gradle\caches\modules-2\files-2.1\com.badlogicgames.box2dlights\box2dlights\1.5\6902dbcd250c95a27973aa24a147a95b3828d348\box2dlights-1.5.jar;C:\Users\nicho\.gradle\caches\modules-2\files-2.1\com.badlogicgames.gdx\gdx-box2d\1.9.14\1c52434c5c7ad1a19e08dcc53047eb1cd79b5e62\gdx-box2d-1.9.14.jar;C:\Users\nicho\.gradle\caches\modules-2\files-2.1\com.kotcrab.vis\vis-ui\1.5.0\cf5f4d925657b14c50716417b1b207ab3a4b0008\vis-ui-1.5.0.jar;C:\Users\nicho\.gradle\caches\modules-2\files-2.1\com.badlogicgames.gdx\gdx\1.10.0\74c240f79dc4fb6b766a834249600d0a019d0489\gdx-1.10.0.jar;C:\Users\nicho\.gradle\caches\modules-2\files-2.1\org.lwjgl.lwjgl\lwjgl_util\2.9.3\751f06b62424da056954c67288fd5c494431e350\lwjgl_util-2.9.3.jar;C:\Users\nicho\.gradle\caches\modules-2\files-2.1\org.lwjgl.lwjgl\lwjgl\2.9.3\3df168ac74e4a8c96562cdff24ad352e255bf89c\lwjgl-2.9.3.jar;C:\Users\nicho\.gradle\caches\modules-2\files-2.1\com.badlogicgames.jlayer\jlayer\1.0.1-gdx\7cca83cec5c1b2f011362f4d85aabd71a73b049d\jlayer-1.0.1-gdx.jar;C:\Users\nicho\.gradle\caches\modules-2\files-2.1\org.jcraft\jorbis\0.0.17\8872d22b293e8f5d7d56ff92be966e6dc28ebdc6\jorbis-0.0.17.jar;C:\Users\nicho\.gradle\caches\modules-2\files-2.1\org.xer
Launcher Type: SUN_STANDARD

[Global flags]
     intx CICompilerCount                          = 12                                        {product} {ergonomic}
     uint ConcGCThreads                            = 3                                         {product} {ergonomic}
     uint G1ConcRefinementThreads                  = 13                                        {product} {ergonomic}
   size_t G1HeapRegionSize                         = 4194304                                   {product} {ergonomic}
    uintx GCDrainStackTargetSize                   = 64                                        {product} {ergonomic}
   size_t InitialHeapSize                          = 536870912                                 {product} {ergonomic}
   size_t MarkStackSize                            = 4194304                                   {product} {ergonomic}
   size_t MaxHeapSize                              = 8527020032                                {product} {ergonomic}
   size_t MaxNewSize                               = 5112856576                                {product} {ergonomic}
   size_t MinHeapDeltaBytes                        = 4194304                                   {product} {ergonomic}
   size_t MinHeapSize                              = 8388608                                   {product} {ergonomic}
    uintx NonNMethodCodeHeapSize                   = 7602480                                {pd product} {ergonomic}
    uintx NonProfiledCodeHeapSize                  = 122027880                              {pd product} {ergonomic}
    uintx ProfiledCodeHeapSize                     = 122027880                              {pd product} {ergonomic}
    uintx ReservedCodeCacheSize                    = 251658240                              {pd product} {ergonomic}
     bool SegmentedCodeCache                       = true                                      {product} {ergonomic}
   size_t SoftMaxHeapSize                          = 8527020032                             {manageable} {ergonomic}
     bool UseCompressedClassPointers               = true                                 {lp64_product} {ergonomic}
     bool UseCompressedOops                        = true                                 {lp64_product} {ergonomic}
     bool UseG1GC                                  = true                                      {product} {ergonomic}
     bool UseLargePagesIndividualAllocation        = false                                  {pd product} {ergonomic}

Logging:
Log output configuration:
 #0: stdout all=warning uptime,level,tags
 #1: stderr all=off uptime,level,tags

Environment Variables:
PATH=C:\Windows\system32;C:\Windows;C:\Windows\System32\Wbem;C:\Windows\System32\WindowsPowerShell\v1.0\;C:\Windows\System32\OpenSSH\;C:\Program Files (x86)\NVIDIA Corporation\PhysX\Common;C:\Program Files\NVIDIA Corporation\NVIDIA NvDLISR;C:\Program Files\Git\cmd;C:\Program Files\MATLAB\R2020a\bin;C:\Users\nicho\AppData\Local\Microsoft\WindowsApps;C:\Users\nicho\AppData\Local\GitHubDesktop\bin;C:\Users\nicho\Projects\bin;C:\Users\ProgramFiles\Git\bin;;C:\Program Files\JetBrains\IntelliJ IDEA 2021.2.2\bin;;C:\Users\nicho\AppData\Local\Programs\Microsoft VS Code\bin
USERNAME=nicho
OS=Windows_NT
PROCESSOR_IDENTIFIER=Intel64 Family 6 Model 165 Stepping 2, GenuineIntel



---------------  S Y S T E M  ---------------

OS:
 Windows 10 , 64 bit Build 19041 (10.0.19041.1202)
OS uptime: 0 days 0:02 hours

CPU: total 16 (initial active 16) (8 cores per cpu, 2 threads per core) family 6 model 165 stepping 2 microcode 0xea, cmov, cx8, fxsr, mmx, sse, sse2, sse3, ssse3, sse4.1, sse4.2, popcnt, vzeroupper, avx, avx2, aes, clmul, erms, 3dnowpref, lzcnt, ht, tsc, tscinvbit, bmi1, bmi2, adx, fma, clflush, clflushopt

Memory: 4k page, system-wide physical 32512M (22476M free)
TotalPageFile size 37376M (AvailPageFile size 25520M)
current process WorkingSet (physical memory assigned to process): 1282M, peak: 1284M
current process commit charge ("private bytes"): 1748M, peak: 1751M

vm_info: OpenJDK 64-Bit Server VM (15.0.2+7) for windows-amd64 JRE (15.0.2+7), built on Jan 20 2021 22:17:45 by "Administrator" with MS VC++ 15.9 (VS2017)

END.
