#
# A fatal error has been detected by the Java Runtime Environment:
#
#  EXCEPTION_ACCESS_VIOLATION (0xc0000005) at pc=0x000000006e9cbbb1, pid=10744, tid=16080
#
# JRE version: OpenJDK Runtime Environment Corretto-15.0.2.7.1 (15.0.2+7) (build 15.0.2+7)
# Java VM: OpenJDK 64-Bit Server VM Corretto-15.0.2.7.1 (15.0.2+7, mixed mode, sharing, tiered, compressed oops, g1 gc, windows-amd64)
# Problematic frame:
# C  [gdx-box2d64.dll+0xbbb1]
#
# No core dump will be written. Minidumps are not enabled by default on client versions of Windows
#
# If you would like to submit a bug report, please visit:
#   https://github.com/corretto/corretto-jdk/issues/
# The crash happened outside the Java Virtual Machine in native code.
# See problematic frame for where to report the bug.
#

---------------  S U M M A R Y ------------

Command Line: -Dfile.encoding=windows-1252 -Duser.country=US -Duser.language=en -Duser.variant com.mygdx.nextlevel.desktop.DesktopLauncher

Host: Intel(R) Core(TM) i7-10875H CPU @ 2.30GHz, 16 cores, 31G,  Windows 10 , 64 bit Build 19041 (10.0.19041.1202)
Time: Sat Oct 16 10:54:26 2021 US Eastern Daylight Time elapsed time: 28.881914 seconds (0d 0h 0m 28s)

---------------  T H R E A D  ---------------

Current thread (0x00000174fe049b80):  JavaThread "LWJGL Application" [_thread_in_native, id=16080, stack(0x000000694b500000,0x000000694b600000)]

Stack: [0x000000694b500000,0x000000694b600000],  sp=0x000000694b5fe9d0,  free space=1018k
Native frames: (J=compiled Java code, j=interpreted, Vv=VM code, C=native code)
C  [gdx-box2d64.dll+0xbbb1]

Java frames: (J=compiled Java code, j=interpreted, Vv=VM code)
j  com.badlogic.gdx.physics.box2d.World.jniCreateBody(JIFFFFFFFFZZZZZF)J+0
j  com.badlogic.gdx.physics.box2d.World.createBody(Lcom/badlogic/gdx/physics/box2d/BodyDef;)Lcom/badlogic/gdx/physics/box2d/Body;+80
j  com.mygdx.nextlevel.actors.Actor.setBody(Lcom/badlogic/gdx/physics/box2d/BodyDef$BodyType;)V+79
j  com.mygdx.nextlevel.actors.Item.<init>(Lcom/badlogic/gdx/graphics/Texture;Lcom/badlogic/gdx/physics/box2d/World;Lcom/badlogic/gdx/math/Vector2;FF)V+53
j  com.mygdx.nextlevel.screens.GameScreen.render(F)V+464
j  com.badlogic.gdx.Game.render()V+19
j  com.mygdx.nextlevel.NextLevel.render()V+1
j  com.badlogic.gdx.backends.lwjgl.LwjglApplication.mainLoop()V+776
j  com.badlogic.gdx.backends.lwjgl.LwjglApplication$1.run()V+27
v  ~StubRoutines::call_stub

siginfo: EXCEPTION_ACCESS_VIOLATION (0xc0000005), reading address 0x00000176feb41eb0


Register to memory mapping:

RIP=0x000000006e9cbbb1 gdx-box2d64.dll
RAX=0x000000006ea10060 gdx-box2d64.dll
RBX=0x00000176feb41eb0 is an unknown value
RCX=0x00000174feb27780 points into unknown readable memory: 0x00000174feb40b10 | 10 0b b4 fe 74 01 00 00
RDX=0x00000000000000b8 is an unknown value
RSP=0x000000694b5fe9d0 is pointing into the stack for thread: 0x00000174fe049b80
RBP=0x00000174feb277b0 points into unknown readable memory: 0x0000000000000000 | 00 00 00 00 00 00 00 00
RSI=0x00000174feb27780 points into unknown readable memory: 0x00000174feb40b10 | 10 0b b4 fe 74 01 00 00
RDI=0x000000694b5fea90 is pointing into the stack for thread: 0x00000174fe049b80
R8 =0x00000174feb27780 points into unknown readable memory: 0x00000174feb40b10 | 10 0b b4 fe 74 01 00 00
R9 =0x0 is NULL
R10=0x0 is NULL
R11=0x0000000000000001 is an unknown value
R12=0x0 is NULL
R13=0x0000000000000006 is an unknown value
R14=0x000000694b5fec88 is pointing into the stack for thread: 0x00000174fe049b80
R15=0x00000174fe049b80 is a thread


Registers:
RAX=0x000000006ea10060, RBX=0x00000176feb41eb0, RCX=0x00000174feb27780, RDX=0x00000000000000b8
RSP=0x000000694b5fe9d0, RBP=0x00000174feb277b0, RSI=0x00000174feb27780, RDI=0x000000694b5fea90
R8 =0x00000174feb27780, R9 =0x0000000000000000, R10=0x0000000000000000, R11=0x0000000000000001
R12=0x0000000000000000, R13=0x0000000000000006, R14=0x000000694b5fec88, R15=0x00000174fe049b80
RIP=0x000000006e9cbbb1, EFLAGS=0x0000000000010202

Top of Stack: (sp=0x000000694b5fe9d0)
0x000000694b5fe9d0:   00007ffcbfb6ab50 00000174fe3a4ed0
0x000000694b5fe9e0:   000000690000000b ffffffffffffffff
0x000000694b5fe9f0:   0000000000000001 00000174feb27780
0x000000694b5fea00:   000000694b5fea90 000000694b5febe0
0x000000694b5fea10:   0000000000000000 00000174fd7a8fa8
0x000000694b5fea20:   000000694b5fec88 000000006e9e1163
0x000000694b5fea30:   0000000600000003 00000174fd7a8fa8
0x000000694b5fea40:   00000174fe049b80 00000174fd7a8fa8
0x000000694b5fea50:   0000000000000001 00000000000002c2
0x000000694b5fea60:   000000000001e1b4 000000006e9e6a36
0x000000694b5fea70:   00000174fd7a8fa8 0000000000000000
0x000000694b5fea80:   000000694b5febe0 00000174e7728b8b
0x000000694b5fea90:   4000000000000000 0000000000000000
0x000000694b5feaa0:   0000000000000000 0000000000000000
0x000000694b5feab0:   0000010100000000 000000694b5fec01
0x000000694b5feac0:   0000000000000000 000000003f800000 

Instructions: (pc=0x000000006e9cbbb1)
0x000000006e9cbab1:   3d 89 45 04 00 00 75 5e 48 8d 3d a1 45 04 00 bb
0x000000006e9cbac1:   01 00 00 00 31 f6 48 8d 2d 32 45 03 00 eb 04 48
0x000000006e9cbad1:   83 c7 01 48 63 c6 39 5c 85 00 7d 03 83 c6 01 83
0x000000006e9cbae1:   c3 01 40 88 37 81 fb 81 02 00 00 74 22 83 fe 0d
0x000000006e9cbaf1:   7e dd 48 8d 15 56 60 03 00 48 8d 0d bb 60 03 00
0x000000006e9cbb01:   41 b8 49 00 00 00 e8 c4 aa 02 00 eb c2 66 90 c6
0x000000006e9cbb11:   05 29 45 04 00 01 48 83 c4 28 5b 5e 5f 5d c3 57
0x000000006e9cbb21:   56 53 48 83 ec 20 8b 41 08 31 f6 31 db 48 89 cf
0x000000006e9cbb31:   85 c0 7e 19 48 8b 07 83 c3 01 48 8b 4c 30 08 48
0x000000006e9cbb41:   83 c6 10 e8 c7 08 00 00 39 5f 08 7f e7 48 8b 0f
0x000000006e9cbb51:   48 83 c4 20 5b 5e 5f e9 b3 08 00 00 90 66 90 41
0x000000006e9cbb61:   56 41 55 41 54 55 57 56 53 48 83 ec 20 48 63 da
0x000000006e9cbb71:   48 89 ce 83 fb 00 0f 84 66 01 00 00 0f 8e 42 01
0x000000006e9cbb81:   00 00 81 fb 80 02 00 00 0f 8f 21 01 00 00 48 8d
0x000000006e9cbb91:   05 ca 44 04 00 44 0f b6 2c 18 41 80 fd 0d 4c 89
0x000000006e9cbba1:   eb 77 2c 48 8d 2c de 48 8b 5d 10 48 85 db 74 45
0x000000006e9cbbb1:   48 8b 03 48 89 45 10 48 89 d8 48 83 c4 20 5b 5e
0x000000006e9cbbc1:   5f 5d 41 5c 41 5d 41 5e c3 66 0f 1f 44 00 00 48
0x000000006e9cbbd1:   8d 15 79 5f 03 00 48 8d 0d fa 5f 03 00 48 8d 2c
0x000000006e9cbbe1:   de 41 b8 70 00 00 00 e8 e3 a9 02 00 48 8b 5d 10
0x000000006e9cbbf1:   48 85 db 75 bb 4c 63 66 08 44 3b 66 0c 0f 84 1c
0x000000006e9cbc01:   01 00 00 49 c1 e4 04 4c 03 26 b9 00 40 00 00 e8
0x000000006e9cbc11:   eb 07 00 00 48 89 c3 4d 63 ed 49 89 44 24 08 48
0x000000006e9cbc21:   8d 05 d9 43 03 00 42 8b 3c a8 b8 00 40 00 00 99
0x000000006e9cbc31:   f7 ff 41 89 fd 41 89 3c 24 44 0f af e8 41 89 c6
0x000000006e9cbc41:   41 81 fd 00 40 00 00 0f 8f a6 00 00 00 41 83 fe
0x000000006e9cbc51:   01 7e 2a 4c 63 c7 41 8d 46 ff 31 d2 4d 89 c1 4a
0x000000006e9cbc61:   8d 0c 03 49 f7 d9 66 0f 1f 84 00 00 00 00 00 83
0x000000006e9cbc71:   c2 01 4a 89 0c 09 4c 01 c1 39 c2 75 f2 41 29 fd
0x000000006e9cbc81:   4d 63 ed 4a c7 04 2b 00 00 00 00 48 8b 03 48 89
0x000000006e9cbc91:   45 10 83 46 08 01 48 89 d8 48 83 c4 20 5b 5e 5f
0x000000006e9cbca1:   5d 41 5c 41 5d 41 5e c3 0f 1f 80 00 00 00 00 89 


Stack slot to memory mapping:
stack at sp + 0 slots: 0x00007ffcbfb6ab50 jvm.dll
stack at sp + 1 slots: 0x00000174fe3a4ed0 points into unknown readable memory: 0x4a280013fc5f0001 | 01 00 5f fc 13 00 28 4a
stack at sp + 2 slots: 0x000000690000000b is an unknown value
stack at sp + 3 slots: 0xffffffffffffffff is an unknown value
stack at sp + 4 slots: 0x0000000000000001 is an unknown value
stack at sp + 5 slots: 0x00000174feb27780 points into unknown readable memory: 0x00000174feb40b10 | 10 0b b4 fe 74 01 00 00
stack at sp + 6 slots: 0x000000694b5fea90 is pointing into the stack for thread: 0x00000174fe049b80
stack at sp + 7 slots: 0x000000694b5febe0 is pointing into the stack for thread: 0x00000174fe049b80


---------------  P R O C E S S  ---------------

Threads class SMR info:
_java_thread_list=0x00000174fe4a3d10, length=16, elements={
0x00000174fcfb5700, 0x00000174fcfb62d0, 0x00000174fcfd02a0, 0x00000174fcfd2c70,
0x00000174fcfd4730, 0x00000174fcfd55c0, 0x00000174fcfd7170, 0x00000174fcfd7c60,
0x00000174fd9b95d0, 0x00000174fd9bcfc0, 0x00000174fe049b80, 0x00000174df20a690,
0x00000174fddadff0, 0x00000174fddb56c0, 0x00000174fddb5bd0, 0x00000174fde2be40
}

Java Threads: ( => current thread )
  0x00000174fcfb5700 JavaThread "Reference Handler" daemon [_thread_blocked, id=16200, stack(0x000000694a600000,0x000000694a700000)]
  0x00000174fcfb62d0 JavaThread "Finalizer" daemon [_thread_blocked, id=16192, stack(0x000000694a700000,0x000000694a800000)]
  0x00000174fcfd02a0 JavaThread "Signal Dispatcher" daemon [_thread_blocked, id=16196, stack(0x000000694a800000,0x000000694a900000)]
  0x00000174fcfd2c70 JavaThread "Attach Listener" daemon [_thread_blocked, id=16256, stack(0x000000694a900000,0x000000694aa00000)]
  0x00000174fcfd4730 JavaThread "Service Thread" daemon [_thread_blocked, id=16248, stack(0x000000694aa00000,0x000000694ab00000)]
  0x00000174fcfd55c0 JavaThread "C2 CompilerThread0" daemon [_thread_blocked, id=16244, stack(0x000000694ab00000,0x000000694ac00000)]
  0x00000174fcfd7170 JavaThread "C1 CompilerThread0" daemon [_thread_blocked, id=13100, stack(0x000000694ac00000,0x000000694ad00000)]
  0x00000174fcfd7c60 JavaThread "Sweeper thread" daemon [_thread_blocked, id=8320, stack(0x000000694ad00000,0x000000694ae00000)]
  0x00000174fd9b95d0 JavaThread "Notification Thread" daemon [_thread_blocked, id=16028, stack(0x000000694b000000,0x000000694b100000)]
  0x00000174fd9bcfc0 JavaThread "Common-Cleaner" daemon [_thread_blocked, id=16052, stack(0x000000694b200000,0x000000694b300000)]
=>0x00000174fe049b80 JavaThread "LWJGL Application" [_thread_in_native, id=16080, stack(0x000000694b500000,0x000000694b600000)]
  0x00000174df20a690 JavaThread "DestroyJavaVM" [_thread_blocked, id=15076, stack(0x0000006949f00000,0x000000694a000000)]
  0x00000174fddadff0 JavaThread "C1 CompilerThread1" daemon [_thread_blocked, id=14296, stack(0x000000694ba00000,0x000000694bb00000)]
  0x00000174fddb56c0 JavaThread "C1 CompilerThread2" daemon [_thread_blocked, id=15704, stack(0x000000694bb00000,0x000000694bc00000)]
  0x00000174fddb5bd0 JavaThread "C1 CompilerThread3" daemon [_thread_blocked, id=15688, stack(0x000000694bc00000,0x000000694bd00000)]
  0x00000174fde2be40 JavaThread "LWJGL Timer" daemon [_thread_blocked, id=15640, stack(0x000000694bf00000,0x000000694c000000)]

Other Threads:
  0x00000174fcfb0e60 VMThread "VM Thread" [stack: 0x000000694a500000,0x000000694a600000] [id=16180]
  0x00000174fd9ba2b0 WatcherThread [stack: 0x000000694b100000,0x000000694b200000] [id=16032]
  0x00000174df285fe0 GCTaskThread "GC Thread#0" [stack: 0x000000694a000000,0x000000694a100000] [id=15580]
  0x00000174fdbcd630 GCTaskThread "GC Thread#1" [stack: 0x000000694be00000,0x000000694bf00000] [id=7796]
  0x00000174fdbcdfc0 GCTaskThread "GC Thread#2" [stack: 0x000000694c000000,0x000000694c100000] [id=11652]
  0x00000174fdbcdc90 GCTaskThread "GC Thread#3" [stack: 0x000000694c100000,0x000000694c200000] [id=15664]
  0x00000174fdbcffa0 GCTaskThread "GC Thread#4" [stack: 0x000000694c200000,0x000000694c300000] [id=15616]
  0x00000174fdbcec80 GCTaskThread "GC Thread#5" [stack: 0x000000694c300000,0x000000694c400000] [id=12048]
  0x00000174fdbce2f0 GCTaskThread "GC Thread#6" [stack: 0x000000694c400000,0x000000694c500000] [id=16064]
  0x00000174fdbce620 GCTaskThread "GC Thread#7" [stack: 0x000000694c500000,0x000000694c600000] [id=11840]
  0x00000174fdbce950 GCTaskThread "GC Thread#8" [stack: 0x000000694c600000,0x000000694c700000] [id=11564]
  0x00000174fdbcefb0 GCTaskThread "GC Thread#9" [stack: 0x000000694c700000,0x000000694c800000] [id=7520]
  0x00000174fdbcf2e0 GCTaskThread "GC Thread#10" [stack: 0x000000694c800000,0x000000694c900000] [id=7120]
  0x00000174fdbcfc70 GCTaskThread "GC Thread#11" [stack: 0x000000694c900000,0x000000694ca00000] [id=16132]
  0x00000174df297f50 ConcurrentGCThread "G1 Main Marker" [stack: 0x000000694a100000,0x000000694a200000] [id=3348]
  0x00000174df298b40 ConcurrentGCThread "G1 Conc#0" [stack: 0x000000694a200000,0x000000694a300000] [id=11796]
  0x00000174df2ee610 ConcurrentGCThread "G1 Refine#0" [stack: 0x000000694a300000,0x000000694a400000] [id=11332]
  0x00000174fcead400 ConcurrentGCThread "G1 Young RemSet Sampling" [stack: 0x000000694a400000,0x000000694a500000] [id=11496]

Threads with active compile tasks:

VM state: not at safepoint (normal execution)

VM Mutex/Monitor currently owned by a thread: None

Heap address: 0x0000000603c00000, size: 8132 MB, Compressed Oops mode: Zero based, Oop shift amount: 3
CDS archive(s) mapped at: [0x0000000800000000-0x0000000800b50000-0x0000000800b50000), size 11862016, SharedBaseAddress: 0x0000000800000000, ArchiveRelocationMode: 0.
Compressed class space mapped at: 0x0000000800b50000-0x0000000840b50000, size: 1073741824
Narrow klass base: 0x0000000800000000, Narrow klass shift: 3, Narrow klass range: 0x100000000

GC Precious Log:
 CPUs: 16 total, 16 available
 Memory: 32512M
 Large Page Support: Disabled
 NUMA Support: Disabled
 Compressed Oops: Enabled (Zero based)
 Heap Region Size: 4M
 Heap Min Capacity: 8M
 Heap Initial Capacity: 512M
 Heap Max Capacity: 8132M
 Pre-touch: Disabled
 Parallel Workers: 13
 Concurrent Workers: 3
 Concurrent Refinement Workers: 13
 Periodic GC: Disabled

Heap:
 garbage-first heap   total 524288K, used 47948K [0x0000000603c00000, 0x0000000800000000)
  region size 4096K, 14 young (57344K), 1 survivors (4096K)
 Metaspace       used 6216K, capacity 8926K, committed 9216K, reserved 1058816K
  class space    used 452K, capacity 745K, committed 768K, reserved 1048576K

Heap Regions: E=young(eden), S=young(survivor), O=old, HS=humongous(starts), HC=humongous(continues), CS=collection set, F=free, OA=open archive, CA=closed archive, TAMS=top-at-mark-start (previous, next)
|   0|0x0000000603c00000, 0x0000000603c00000, 0x0000000604000000|  0%| F|  |TAMS 0x0000000603c00000, 0x0000000603c00000| Untracked 
|   1|0x0000000604000000, 0x0000000604000000, 0x0000000604400000|  0%| F|  |TAMS 0x0000000604000000, 0x0000000604000000| Untracked 
|   2|0x0000000604400000, 0x0000000604400000, 0x0000000604800000|  0%| F|  |TAMS 0x0000000604400000, 0x0000000604400000| Untracked 
|   3|0x0000000604800000, 0x0000000604800000, 0x0000000604c00000|  0%| F|  |TAMS 0x0000000604800000, 0x0000000604800000| Untracked 
|   4|0x0000000604c00000, 0x0000000604c00000, 0x0000000605000000|  0%| F|  |TAMS 0x0000000604c00000, 0x0000000604c00000| Untracked 
|   5|0x0000000605000000, 0x0000000605000000, 0x0000000605400000|  0%| F|  |TAMS 0x0000000605000000, 0x0000000605000000| Untracked 
|   6|0x0000000605400000, 0x0000000605400000, 0x0000000605800000|  0%| F|  |TAMS 0x0000000605400000, 0x0000000605400000| Untracked 
|   7|0x0000000605800000, 0x0000000605800000, 0x0000000605c00000|  0%| F|  |TAMS 0x0000000605800000, 0x0000000605800000| Untracked 
|   8|0x0000000605c00000, 0x0000000605c00000, 0x0000000606000000|  0%| F|  |TAMS 0x0000000605c00000, 0x0000000605c00000| Untracked 
|   9|0x0000000606000000, 0x0000000606000000, 0x0000000606400000|  0%| F|  |TAMS 0x0000000606000000, 0x0000000606000000| Untracked 
|  10|0x0000000606400000, 0x0000000606400000, 0x0000000606800000|  0%| F|  |TAMS 0x0000000606400000, 0x0000000606400000| Untracked 
|  11|0x0000000606800000, 0x0000000606800000, 0x0000000606c00000|  0%| F|  |TAMS 0x0000000606800000, 0x0000000606800000| Untracked 
|  12|0x0000000606c00000, 0x0000000606c00000, 0x0000000607000000|  0%| F|  |TAMS 0x0000000606c00000, 0x0000000606c00000| Untracked 
|  13|0x0000000607000000, 0x0000000607000000, 0x0000000607400000|  0%| F|  |TAMS 0x0000000607000000, 0x0000000607000000| Untracked 
|  14|0x0000000607400000, 0x0000000607400000, 0x0000000607800000|  0%| F|  |TAMS 0x0000000607400000, 0x0000000607400000| Untracked 
|  15|0x0000000607800000, 0x0000000607800000, 0x0000000607c00000|  0%| F|  |TAMS 0x0000000607800000, 0x0000000607800000| Untracked 
|  16|0x0000000607c00000, 0x0000000607c00000, 0x0000000608000000|  0%| F|  |TAMS 0x0000000607c00000, 0x0000000607c00000| Untracked 
|  17|0x0000000608000000, 0x0000000608000000, 0x0000000608400000|  0%| F|  |TAMS 0x0000000608000000, 0x0000000608000000| Untracked 
|  18|0x0000000608400000, 0x0000000608400000, 0x0000000608800000|  0%| F|  |TAMS 0x0000000608400000, 0x0000000608400000| Untracked 
|  19|0x0000000608800000, 0x0000000608800000, 0x0000000608c00000|  0%| F|  |TAMS 0x0000000608800000, 0x0000000608800000| Untracked 
|  20|0x0000000608c00000, 0x0000000608c00000, 0x0000000609000000|  0%| F|  |TAMS 0x0000000608c00000, 0x0000000608c00000| Untracked 
|  21|0x0000000609000000, 0x0000000609000000, 0x0000000609400000|  0%| F|  |TAMS 0x0000000609000000, 0x0000000609000000| Untracked 
|  22|0x0000000609400000, 0x0000000609400000, 0x0000000609800000|  0%| F|  |TAMS 0x0000000609400000, 0x0000000609400000| Untracked 
|  23|0x0000000609800000, 0x0000000609800000, 0x0000000609c00000|  0%| F|  |TAMS 0x0000000609800000, 0x0000000609800000| Untracked 
|  24|0x0000000609c00000, 0x0000000609c00000, 0x000000060a000000|  0%| F|  |TAMS 0x0000000609c00000, 0x0000000609c00000| Untracked 
|  25|0x000000060a000000, 0x000000060a000000, 0x000000060a400000|  0%| F|  |TAMS 0x000000060a000000, 0x000000060a000000| Untracked 
|  26|0x000000060a400000, 0x000000060a400000, 0x000000060a800000|  0%| F|  |TAMS 0x000000060a400000, 0x000000060a400000| Untracked 
|  27|0x000000060a800000, 0x000000060a800000, 0x000000060ac00000|  0%| F|  |TAMS 0x000000060a800000, 0x000000060a800000| Untracked 
|  28|0x000000060ac00000, 0x000000060ac00000, 0x000000060b000000|  0%| F|  |TAMS 0x000000060ac00000, 0x000000060ac00000| Untracked 
|  29|0x000000060b000000, 0x000000060b000000, 0x000000060b400000|  0%| F|  |TAMS 0x000000060b000000, 0x000000060b000000| Untracked 
|  30|0x000000060b400000, 0x000000060b400000, 0x000000060b800000|  0%| F|  |TAMS 0x000000060b400000, 0x000000060b400000| Untracked 
|  31|0x000000060b800000, 0x000000060b800000, 0x000000060bc00000|  0%| F|  |TAMS 0x000000060b800000, 0x000000060b800000| Untracked 
|  32|0x000000060bc00000, 0x000000060bc00000, 0x000000060c000000|  0%| F|  |TAMS 0x000000060bc00000, 0x000000060bc00000| Untracked 
|  33|0x000000060c000000, 0x000000060c000000, 0x000000060c400000|  0%| F|  |TAMS 0x000000060c000000, 0x000000060c000000| Untracked 
|  34|0x000000060c400000, 0x000000060c400000, 0x000000060c800000|  0%| F|  |TAMS 0x000000060c400000, 0x000000060c400000| Untracked 
|  35|0x000000060c800000, 0x000000060c800000, 0x000000060cc00000|  0%| F|  |TAMS 0x000000060c800000, 0x000000060c800000| Untracked 
|  36|0x000000060cc00000, 0x000000060cc00000, 0x000000060d000000|  0%| F|  |TAMS 0x000000060cc00000, 0x000000060cc00000| Untracked 
|  37|0x000000060d000000, 0x000000060d000000, 0x000000060d400000|  0%| F|  |TAMS 0x000000060d000000, 0x000000060d000000| Untracked 
|  38|0x000000060d400000, 0x000000060d400000, 0x000000060d800000|  0%| F|  |TAMS 0x000000060d400000, 0x000000060d400000| Untracked 
|  39|0x000000060d800000, 0x000000060d800000, 0x000000060dc00000|  0%| F|  |TAMS 0x000000060d800000, 0x000000060d800000| Untracked 
|  40|0x000000060dc00000, 0x000000060dc00000, 0x000000060e000000|  0%| F|  |TAMS 0x000000060dc00000, 0x000000060dc00000| Untracked 
|  41|0x000000060e000000, 0x000000060e000000, 0x000000060e400000|  0%| F|  |TAMS 0x000000060e000000, 0x000000060e000000| Untracked 
|  42|0x000000060e400000, 0x000000060e400000, 0x000000060e800000|  0%| F|  |TAMS 0x000000060e400000, 0x000000060e400000| Untracked 
|  43|0x000000060e800000, 0x000000060e800000, 0x000000060ec00000|  0%| F|  |TAMS 0x000000060e800000, 0x000000060e800000| Untracked 
|  44|0x000000060ec00000, 0x000000060ec00000, 0x000000060f000000|  0%| F|  |TAMS 0x000000060ec00000, 0x000000060ec00000| Untracked 
|  45|0x000000060f000000, 0x000000060f000000, 0x000000060f400000|  0%| F|  |TAMS 0x000000060f000000, 0x000000060f000000| Untracked 
|  46|0x000000060f400000, 0x000000060f400000, 0x000000060f800000|  0%| F|  |TAMS 0x000000060f400000, 0x000000060f400000| Untracked 
|  47|0x000000060f800000, 0x000000060f800000, 0x000000060fc00000|  0%| F|  |TAMS 0x000000060f800000, 0x000000060f800000| Untracked 
|  48|0x000000060fc00000, 0x000000060fc00000, 0x0000000610000000|  0%| F|  |TAMS 0x000000060fc00000, 0x000000060fc00000| Untracked 
|  49|0x0000000610000000, 0x0000000610000000, 0x0000000610400000|  0%| F|  |TAMS 0x0000000610000000, 0x0000000610000000| Untracked 
|  50|0x0000000610400000, 0x0000000610400000, 0x0000000610800000|  0%| F|  |TAMS 0x0000000610400000, 0x0000000610400000| Untracked 
|  51|0x0000000610800000, 0x0000000610800000, 0x0000000610c00000|  0%| F|  |TAMS 0x0000000610800000, 0x0000000610800000| Untracked 
|  52|0x0000000610c00000, 0x0000000610c00000, 0x0000000611000000|  0%| F|  |TAMS 0x0000000610c00000, 0x0000000610c00000| Untracked 
|  53|0x0000000611000000, 0x0000000611000000, 0x0000000611400000|  0%| F|  |TAMS 0x0000000611000000, 0x0000000611000000| Untracked 
|  54|0x0000000611400000, 0x0000000611400000, 0x0000000611800000|  0%| F|  |TAMS 0x0000000611400000, 0x0000000611400000| Untracked 
|  55|0x0000000611800000, 0x0000000611800000, 0x0000000611c00000|  0%| F|  |TAMS 0x0000000611800000, 0x0000000611800000| Untracked 
|  56|0x0000000611c00000, 0x0000000611c00000, 0x0000000612000000|  0%| F|  |TAMS 0x0000000611c00000, 0x0000000611c00000| Untracked 
|  57|0x0000000612000000, 0x0000000612000000, 0x0000000612400000|  0%| F|  |TAMS 0x0000000612000000, 0x0000000612000000| Untracked 
|  58|0x0000000612400000, 0x0000000612400000, 0x0000000612800000|  0%| F|  |TAMS 0x0000000612400000, 0x0000000612400000| Untracked 
|  59|0x0000000612800000, 0x0000000612800000, 0x0000000612c00000|  0%| F|  |TAMS 0x0000000612800000, 0x0000000612800000| Untracked 
|  60|0x0000000612c00000, 0x0000000612c00000, 0x0000000613000000|  0%| F|  |TAMS 0x0000000612c00000, 0x0000000612c00000| Untracked 
|  61|0x0000000613000000, 0x0000000613000000, 0x0000000613400000|  0%| F|  |TAMS 0x0000000613000000, 0x0000000613000000| Untracked 
|  62|0x0000000613400000, 0x0000000613400000, 0x0000000613800000|  0%| F|  |TAMS 0x0000000613400000, 0x0000000613400000| Untracked 
|  63|0x0000000613800000, 0x0000000613800000, 0x0000000613c00000|  0%| F|  |TAMS 0x0000000613800000, 0x0000000613800000| Untracked 
|  64|0x0000000613c00000, 0x0000000613c00000, 0x0000000614000000|  0%| F|  |TAMS 0x0000000613c00000, 0x0000000613c00000| Untracked 
|  65|0x0000000614000000, 0x0000000614000000, 0x0000000614400000|  0%| F|  |TAMS 0x0000000614000000, 0x0000000614000000| Untracked 
|  66|0x0000000614400000, 0x0000000614400000, 0x0000000614800000|  0%| F|  |TAMS 0x0000000614400000, 0x0000000614400000| Untracked 
|  67|0x0000000614800000, 0x0000000614800000, 0x0000000614c00000|  0%| F|  |TAMS 0x0000000614800000, 0x0000000614800000| Untracked 
|  68|0x0000000614c00000, 0x0000000614c00000, 0x0000000615000000|  0%| F|  |TAMS 0x0000000614c00000, 0x0000000614c00000| Untracked 
|  69|0x0000000615000000, 0x0000000615000000, 0x0000000615400000|  0%| F|  |TAMS 0x0000000615000000, 0x0000000615000000| Untracked 
|  70|0x0000000615400000, 0x0000000615400000, 0x0000000615800000|  0%| F|  |TAMS 0x0000000615400000, 0x0000000615400000| Untracked 
|  71|0x0000000615800000, 0x0000000615800000, 0x0000000615c00000|  0%| F|  |TAMS 0x0000000615800000, 0x0000000615800000| Untracked 
|  72|0x0000000615c00000, 0x0000000615c00000, 0x0000000616000000|  0%| F|  |TAMS 0x0000000615c00000, 0x0000000615c00000| Untracked 
|  73|0x0000000616000000, 0x0000000616000000, 0x0000000616400000|  0%| F|  |TAMS 0x0000000616000000, 0x0000000616000000| Untracked 
|  74|0x0000000616400000, 0x0000000616400000, 0x0000000616800000|  0%| F|  |TAMS 0x0000000616400000, 0x0000000616400000| Untracked 
|  75|0x0000000616800000, 0x0000000616800000, 0x0000000616c00000|  0%| F|  |TAMS 0x0000000616800000, 0x0000000616800000| Untracked 
|  76|0x0000000616c00000, 0x0000000616c00000, 0x0000000617000000|  0%| F|  |TAMS 0x0000000616c00000, 0x0000000616c00000| Untracked 
|  77|0x0000000617000000, 0x0000000617000000, 0x0000000617400000|  0%| F|  |TAMS 0x0000000617000000, 0x0000000617000000| Untracked 
|  78|0x0000000617400000, 0x0000000617400000, 0x0000000617800000|  0%| F|  |TAMS 0x0000000617400000, 0x0000000617400000| Untracked 
|  79|0x0000000617800000, 0x0000000617800000, 0x0000000617c00000|  0%| F|  |TAMS 0x0000000617800000, 0x0000000617800000| Untracked 
|  80|0x0000000617c00000, 0x0000000617c00000, 0x0000000618000000|  0%| F|  |TAMS 0x0000000617c00000, 0x0000000617c00000| Untracked 
|  81|0x0000000618000000, 0x0000000618000000, 0x0000000618400000|  0%| F|  |TAMS 0x0000000618000000, 0x0000000618000000| Untracked 
|  82|0x0000000618400000, 0x0000000618400000, 0x0000000618800000|  0%| F|  |TAMS 0x0000000618400000, 0x0000000618400000| Untracked 
|  83|0x0000000618800000, 0x0000000618800000, 0x0000000618c00000|  0%| F|  |TAMS 0x0000000618800000, 0x0000000618800000| Untracked 
|  84|0x0000000618c00000, 0x0000000618c00000, 0x0000000619000000|  0%| F|  |TAMS 0x0000000618c00000, 0x0000000618c00000| Untracked 
|  85|0x0000000619000000, 0x0000000619000000, 0x0000000619400000|  0%| F|  |TAMS 0x0000000619000000, 0x0000000619000000| Untracked 
|  86|0x0000000619400000, 0x0000000619400000, 0x0000000619800000|  0%| F|  |TAMS 0x0000000619400000, 0x0000000619400000| Untracked 
|  87|0x0000000619800000, 0x0000000619800000, 0x0000000619c00000|  0%| F|  |TAMS 0x0000000619800000, 0x0000000619800000| Untracked 
|  88|0x0000000619c00000, 0x0000000619c00000, 0x000000061a000000|  0%| F|  |TAMS 0x0000000619c00000, 0x0000000619c00000| Untracked 
|  89|0x000000061a000000, 0x000000061a000000, 0x000000061a400000|  0%| F|  |TAMS 0x000000061a000000, 0x000000061a000000| Untracked 
|  90|0x000000061a400000, 0x000000061a400000, 0x000000061a800000|  0%| F|  |TAMS 0x000000061a400000, 0x000000061a400000| Untracked 
|  91|0x000000061a800000, 0x000000061a800000, 0x000000061ac00000|  0%| F|  |TAMS 0x000000061a800000, 0x000000061a800000| Untracked 
|  92|0x000000061ac00000, 0x000000061ac00000, 0x000000061b000000|  0%| F|  |TAMS 0x000000061ac00000, 0x000000061ac00000| Untracked 
|  93|0x000000061b000000, 0x000000061b000000, 0x000000061b400000|  0%| F|  |TAMS 0x000000061b000000, 0x000000061b000000| Untracked 
|  94|0x000000061b400000, 0x000000061b400000, 0x000000061b800000|  0%| F|  |TAMS 0x000000061b400000, 0x000000061b400000| Untracked 
|  95|0x000000061b800000, 0x000000061b800000, 0x000000061bc00000|  0%| F|  |TAMS 0x000000061b800000, 0x000000061b800000| Untracked 
|  96|0x000000061bc00000, 0x000000061bc00000, 0x000000061c000000|  0%| F|  |TAMS 0x000000061bc00000, 0x000000061bc00000| Untracked 
|  97|0x000000061c000000, 0x000000061c000000, 0x000000061c400000|  0%| F|  |TAMS 0x000000061c000000, 0x000000061c000000| Untracked 
|  98|0x000000061c400000, 0x000000061c400000, 0x000000061c800000|  0%| F|  |TAMS 0x000000061c400000, 0x000000061c400000| Untracked 
|  99|0x000000061c800000, 0x000000061c800000, 0x000000061cc00000|  0%| F|  |TAMS 0x000000061c800000, 0x000000061c800000| Untracked 
| 100|0x000000061cc00000, 0x000000061cc00000, 0x000000061d000000|  0%| F|  |TAMS 0x000000061cc00000, 0x000000061cc00000| Untracked 
| 101|0x000000061d000000, 0x000000061d000000, 0x000000061d400000|  0%| F|  |TAMS 0x000000061d000000, 0x000000061d000000| Untracked 
| 102|0x000000061d400000, 0x000000061d400000, 0x000000061d800000|  0%| F|  |TAMS 0x000000061d400000, 0x000000061d400000| Untracked 
| 103|0x000000061d800000, 0x000000061d800000, 0x000000061dc00000|  0%| F|  |TAMS 0x000000061d800000, 0x000000061d800000| Untracked 
| 104|0x000000061dc00000, 0x000000061dc00000, 0x000000061e000000|  0%| F|  |TAMS 0x000000061dc00000, 0x000000061dc00000| Untracked 
| 105|0x000000061e000000, 0x000000061e000000, 0x000000061e400000|  0%| F|  |TAMS 0x000000061e000000, 0x000000061e000000| Untracked 
| 106|0x000000061e400000, 0x000000061e400000, 0x000000061e800000|  0%| F|  |TAMS 0x000000061e400000, 0x000000061e400000| Untracked 
| 107|0x000000061e800000, 0x000000061e800000, 0x000000061ec00000|  0%| F|  |TAMS 0x000000061e800000, 0x000000061e800000| Untracked 
| 108|0x000000061ec00000, 0x000000061ec00000, 0x000000061f000000|  0%| F|  |TAMS 0x000000061ec00000, 0x000000061ec00000| Untracked 
| 109|0x000000061f000000, 0x000000061f000000, 0x000000061f400000|  0%| F|  |TAMS 0x000000061f000000, 0x000000061f000000| Untracked 
| 110|0x000000061f400000, 0x000000061f400000, 0x000000061f800000|  0%| F|  |TAMS 0x000000061f400000, 0x000000061f400000| Untracked 
| 111|0x000000061f800000, 0x000000061f800000, 0x000000061fc00000|  0%| F|  |TAMS 0x000000061f800000, 0x000000061f800000| Untracked 
| 112|0x000000061fc00000, 0x000000061fc00000, 0x0000000620000000|  0%| F|  |TAMS 0x000000061fc00000, 0x000000061fc00000| Untracked 
| 113|0x0000000620000000, 0x0000000620000000, 0x0000000620400000|  0%| F|  |TAMS 0x0000000620000000, 0x0000000620000000| Untracked 
| 114|0x0000000620400000, 0x00000006207d4c40, 0x0000000620800000| 95%| E|  |TAMS 0x0000000620400000, 0x0000000620400000| Complete 
| 115|0x0000000620800000, 0x0000000620c00000, 0x0000000620c00000|100%| E|  |TAMS 0x0000000620800000, 0x0000000620800000| Complete 
| 116|0x0000000620c00000, 0x0000000621000000, 0x0000000621000000|100%| E|CS|TAMS 0x0000000620c00000, 0x0000000620c00000| Complete 
| 117|0x0000000621000000, 0x0000000621400000, 0x0000000621400000|100%| E|CS|TAMS 0x0000000621000000, 0x0000000621000000| Complete 
| 118|0x0000000621400000, 0x00000006216d33b8, 0x0000000621800000| 70%| S|CS|TAMS 0x0000000621400000, 0x0000000621400000| Complete 
| 119|0x0000000621800000, 0x0000000621c00000, 0x0000000621c00000|100%| E|CS|TAMS 0x0000000621800000, 0x0000000621800000| Complete 
| 120|0x0000000621c00000, 0x0000000622000000, 0x0000000622000000|100%| E|CS|TAMS 0x0000000621c00000, 0x0000000621c00000| Complete 
| 121|0x0000000622000000, 0x0000000622400000, 0x0000000622400000|100%| E|CS|TAMS 0x0000000622000000, 0x0000000622000000| Complete 
| 122|0x0000000622400000, 0x0000000622800000, 0x0000000622800000|100%| E|CS|TAMS 0x0000000622400000, 0x0000000622400000| Complete 
| 123|0x0000000622800000, 0x0000000622c00000, 0x0000000622c00000|100%| E|CS|TAMS 0x0000000622800000, 0x0000000622800000| Complete 
| 124|0x0000000622c00000, 0x0000000623000000, 0x0000000623000000|100%| E|CS|TAMS 0x0000000622c00000, 0x0000000622c00000| Complete 
| 125|0x0000000623000000, 0x0000000623400000, 0x0000000623400000|100%| E|CS|TAMS 0x0000000623000000, 0x0000000623000000| Complete 
| 126|0x0000000623400000, 0x0000000623800000, 0x0000000623800000|100%| E|CS|TAMS 0x0000000623400000, 0x0000000623400000| Complete 
| 127|0x0000000623800000, 0x0000000623c00000, 0x0000000623c00000|100%| E|CS|TAMS 0x0000000623800000, 0x0000000623800000| Complete 

Card table byte_map: [0x00000174f7f90000,0x00000174f8f80000] _byte_map_base: 0x00000174f4f72000

Marking Bits (Prev, Next): (CMBitMap*) 0x00000174df2867d0, (CMBitMap*) 0x00000174df286810
 Prev Bits: [0x0000017480000000, 0x0000017487f10000)
 Next Bits: [0x0000017487f10000, 0x000001748fe20000)

Polling page: 0x00000174dd1b0000

Metaspace:

Usage:
  Non-class:      7.99 MB capacity,     5.63 MB ( 70%) used,     2.36 MB ( 29%) free+waste,     4.38 KB ( <1%) overhead. 
      Class:    745.00 KB capacity,   452.94 KB ( 61%) used,   291.00 KB ( 39%) free+waste,     1.06 KB ( <1%) overhead. 
       Both:      8.72 MB capacity,     6.07 MB ( 70%) used,     2.64 MB ( 30%) free+waste,     5.44 KB ( <1%) overhead. 

Virtual space:
  Non-class space:       10.00 MB reserved,       8.25 MB ( 83%) committed 
      Class space:        1.00 GB reserved,     768.00 KB ( <1%) committed 
             Both:        1.01 GB reserved,       9.00 MB ( <1%) committed 

Chunk freelists:
   Non-Class:  139.00 KB
       Class:  23.00 KB
        Both:  162.00 KB

MaxMetaspaceSize: 17179869184.00 GB
CompressedClassSpaceSize: 1.00 GB

CodeHeap 'non-profiled nmethods': size=119168Kb used=442Kb max_used=442Kb free=118725Kb
 bounds [0x00000174ef2c0000, 0x00000174ef530000, 0x00000174f6720000]
CodeHeap 'profiled nmethods': size=119104Kb used=2796Kb max_used=2796Kb free=116307Kb
 bounds [0x00000174e7e70000, 0x00000174e8130000, 0x00000174ef2c0000]
CodeHeap 'non-nmethods': size=7488Kb used=2985Kb max_used=3005Kb free=4502Kb
 bounds [0x00000174e7720000, 0x00000174e7a80000, 0x00000174e7e70000]
 total_blobs=2110 nmethods=1515 adapters=505
 compilation: enabled
              stopped_count=0, restarted_count=0
 full_count=0

Compilation events (20 events):
Event: 28.621 Thread 0x00000174fddb5bd0 nmethod 1498 0x00000174e8123a10 code [0x00000174e8123bc0, 0x00000174e8123de8]
Event: 28.621 Thread 0x00000174fddb5bd0 1503       3       com.badlogic.gdx.backends.lwjgl.LwjglGL20::glBufferData (113 bytes)
Event: 28.621 Thread 0x00000174fcfd7170 nmethod 1501 0x00000174e8123f10 code [0x00000174e81240a0, 0x00000174e81241f8]
Event: 28.621 Thread 0x00000174fddb56c0 nmethod 1497 0x00000174e8124310 code [0x00000174e8124500, 0x00000174e81249b8]
Event: 28.621 Thread 0x00000174fcfd7170 1504       3       org.lwjgl.opengl.GL15::glBufferData (36 bytes)
Event: 28.621 Thread 0x00000174fddb5bd0 nmethod 1503 0x00000174e8124c10 code [0x00000174e8124e80, 0x00000174e8125cf8]
Event: 28.622 Thread 0x00000174fcfd55c0 nmethod 1496 0x00000174ef329310 code [0x00000174ef3294c0, 0x00000174ef329718]
Event: 28.622 Thread 0x00000174fcfd7170 nmethod 1504 0x00000174e8125e90 code [0x00000174e8126120, 0x00000174e8126d98]
Event: 28.622 Thread 0x00000174fddadff0 nmethod 1502 0x00000174e8127290 code [0x00000174e81275a0, 0x00000174e8128658]
Event: 28.622 Thread 0x00000174fddadff0 1507       3       com.badlogic.gdx.graphics.glutils.VertexBufferObject::unbind (100 bytes)
Event: 28.623 Thread 0x00000174fddadff0 nmethod 1507 0x00000174e8128f90 code [0x00000174e8129220, 0x00000174e8129d38]
Event: 28.642 Thread 0x00000174fddadff0 1508       3       org.lwjgl.opengl.GL11::glDrawArrays (24 bytes)
Event: 28.643 Thread 0x00000174fddadff0 nmethod 1508 0x00000174e812a310 code [0x00000174e812a520, 0x00000174e812ac78]
Event: 28.661 Thread 0x00000174fcfd55c0 1509       4       com.badlogic.gdx.graphics.glutils.ShaderProgram::setVertexAttribute (26 bytes)
Event: 28.670 Thread 0x00000174fcfd55c0 nmethod 1509 0x00000174ef329c90 code [0x00000174ef329e80, 0x00000174ef32a8b8]
Event: 28.701 Thread 0x00000174fcfd55c0 1510       4       java.lang.String::indexOf (64 bytes)
Event: 28.702 Thread 0x00000174fcfd55c0 nmethod 1510 0x00000174ef32b110 code [0x00000174ef32b280, 0x00000174ef32b4b8]
Event: 28.853 Thread 0x00000174fcfd55c0 1511  s!   4       jdk.internal.loader.URLClassPath::getLoader (194 bytes)
Event: 28.872 Thread 0x00000174fcfd7170 1513       3       com.badlogic.gdx.physics.box2d.Body::setLinearVelocity (11 bytes)
Event: 28.872 Thread 0x00000174fcfd7170 nmethod 1513 0x00000174e812af90 code [0x00000174e812b140, 0x00000174e812b268]

GC Heap History (4 events):
Event: 25.745 GC heap before
{Heap before GC invocations=0 (full 0):
 garbage-first heap   total 524288K, used 28672K [0x0000000603c00000, 0x0000000800000000)
  region size 4096K, 6 young (24576K), 0 survivors (0K)
 Metaspace       used 5841K, capacity 8670K, committed 8960K, reserved 1056768K
  class space    used 443K, capacity 745K, committed 768K, reserved 1048576K
}
Event: 25.749 GC heap after
{Heap after GC invocations=1 (full 0):
 garbage-first heap   total 524288K, used 2959K [0x0000000603c00000, 0x0000000800000000)
  region size 4096K, 1 young (4096K), 1 survivors (4096K)
 Metaspace       used 5841K, capacity 8670K, committed 8960K, reserved 1056768K
  class space    used 443K, capacity 745K, committed 768K, reserved 1048576K
}
Event: 27.000 GC heap before
{Heap before GC invocations=1 (full 0):
 garbage-first heap   total 524288K, used 31631K [0x0000000603c00000, 0x0000000800000000)
  region size 4096K, 9 young (36864K), 1 survivors (4096K)
 Metaspace       used 6126K, capacity 8926K, committed 9216K, reserved 1058816K
  class space    used 452K, capacity 745K, committed 768K, reserved 1048576K
}
Event: 27.001 GC heap after
{Heap after GC invocations=2 (full 0):
 garbage-first heap   total 524288K, used 2892K [0x0000000603c00000, 0x0000000800000000)
  region size 4096K, 1 young (4096K), 1 survivors (4096K)
 Metaspace       used 6126K, capacity 8926K, committed 9216K, reserved 1058816K
  class space    used 452K, capacity 745K, committed 768K, reserved 1048576K
}

Deoptimization events (20 events):
Event: 25.729 Thread 0x00000174fe049b80 DEOPT PACKING pc=0x00000174e7fb8277 sp=0x000000694b5fdb70
Event: 25.729 Thread 0x00000174fe049b80 DEOPT UNPACKING pc=0x00000174e776e23f sp=0x000000694b5fd0d0 mode 0
Event: 25.730 Thread 0x00000174fe049b80 DEOPT PACKING pc=0x00000174e7fb8277 sp=0x000000694b5fdb70
Event: 25.730 Thread 0x00000174fe049b80 DEOPT UNPACKING pc=0x00000174e776e23f sp=0x000000694b5fd0d0 mode 0
Event: 25.730 Thread 0x00000174fe049b80 DEOPT PACKING pc=0x00000174e7fb8277 sp=0x000000694b5fdb70
Event: 25.730 Thread 0x00000174fe049b80 DEOPT UNPACKING pc=0x00000174e776e23f sp=0x000000694b5fd0d0 mode 0
Event: 25.731 Thread 0x00000174fe049b80 DEOPT PACKING pc=0x00000174e7fb8277 sp=0x000000694b5fdb70
Event: 25.731 Thread 0x00000174fe049b80 DEOPT UNPACKING pc=0x00000174e776e23f sp=0x000000694b5fd0d0 mode 0
Event: 25.731 Thread 0x00000174fe049b80 DEOPT PACKING pc=0x00000174e7fb8277 sp=0x000000694b5fdb70
Event: 25.731 Thread 0x00000174fe049b80 DEOPT UNPACKING pc=0x00000174e776e23f sp=0x000000694b5fd0d0 mode 0
Event: 25.735 Thread 0x00000174fe049b80 DEOPT PACKING pc=0x00000174e7fb8277 sp=0x000000694b5fe250
Event: 25.735 Thread 0x00000174fe049b80 DEOPT UNPACKING pc=0x00000174e776e23f sp=0x000000694b5fd7b0 mode 0
Event: 25.735 Thread 0x00000174fe049b80 DEOPT PACKING pc=0x00000174e7fb8277 sp=0x000000694b5fe250
Event: 25.735 Thread 0x00000174fe049b80 DEOPT UNPACKING pc=0x00000174e776e23f sp=0x000000694b5fd7b0 mode 0
Event: 25.736 Thread 0x00000174fe049b80 DEOPT PACKING pc=0x00000174e7fb8277 sp=0x000000694b5fe250
Event: 25.736 Thread 0x00000174fe049b80 DEOPT UNPACKING pc=0x00000174e776e23f sp=0x000000694b5fd7b0 mode 0
Event: 25.738 Thread 0x00000174fe049b80 DEOPT PACKING pc=0x00000174e7fb8277 sp=0x000000694b5fe250
Event: 25.738 Thread 0x00000174fe049b80 DEOPT UNPACKING pc=0x00000174e776e23f sp=0x000000694b5fd7b0 mode 0
Event: 25.739 Thread 0x00000174fe049b80 DEOPT PACKING pc=0x00000174e7fb8277 sp=0x000000694b5fe250
Event: 25.739 Thread 0x00000174fe049b80 DEOPT UNPACKING pc=0x00000174e776e23f sp=0x000000694b5fd7b0 mode 0

Classes unloaded (0 events):
No events

Classes redefined (0 events):
No events

Internal exceptions (0 events):
No events

Events (20 events):
Event: 25.749 Executing VM operation: HandshakeAllThreads
Event: 25.749 Executing VM operation: HandshakeAllThreads done
Event: 25.757 Loaded shared library C:\Users\nicho\AppData\Local\Temp\libgdxnicho\1cecf4f6\lwjgl64.dll
Event: 25.770 Executing VM operation: HandshakeAllThreads
Event: 25.770 Executing VM operation: HandshakeAllThreads done
Event: 25.852 Loaded shared library C:\Users\nicho\AppData\Local\Temp\libgdxnicho\1cecf4f6\lwjgl64.dll
Event: 25.853 Loaded shared library C:\Users\nicho\AppData\Local\Temp\libgdxnicho\1cecf4f6\lwjgl64.dll
Event: 25.853 Loaded shared library C:\Users\nicho\AppData\Local\Temp\libgdxnicho\1cecf4f6\lwjgl64.dll
Event: 25.873 Thread 0x00000174fe408a20 Thread exited: 0x00000174fe408a20
Event: 26.017 Loaded shared library C:\Users\nicho\AppData\Local\Temp\libgdxnicho\1cecf4f6\lwjgl64.dll
Event: 26.138 Loaded shared library C:\Users\nicho\AppData\Local\Temp\libgdxnicho\1cecf4f6\lwjgl64.dll
Event: 26.414 Loaded shared library C:\Users\nicho\AppData\Local\Temp\libgdxnicho\1cecf4f6\lwjgl64.dll
Event: 26.739 Loaded shared library C:\Users\nicho\AppData\Local\Temp\libgdxnicho\1cecf4f6\lwjgl64.dll
Event: 27.000 Executing VM operation: G1CollectForAllocation
Event: 27.001 Executing VM operation: G1CollectForAllocation done
Event: 27.295 Loaded shared library C:\Users\nicho\AppData\Local\Temp\libgdxnicho\1cecf4f6\lwjgl64.dll
Event: 27.295 Loaded shared library C:\Users\nicho\AppData\Local\Temp\libgdxnicho\1cecf4f6\lwjgl64.dll
Event: 27.336 Loaded shared library C:\Users\nicho\AppData\Local\Temp\libgdxnicho\6bae761b\gdx64.dll
Event: 28.621 Loaded shared library C:\Users\nicho\AppData\Local\Temp\libgdxnicho\1cecf4f6\lwjgl64.dll
Event: 28.622 Loaded shared library C:\Users\nicho\AppData\Local\Temp\libgdxnicho\1cecf4f6\lwjgl64.dll


Dynamic libraries:
0x00007ff7e6c80000 - 0x00007ff7e6c8d000 	C:\Users\nicho\.jdks\corretto-15.0.2\bin\java.exe
0x00007ffd44370000 - 0x00007ffd44565000 	C:\Windows\SYSTEM32\ntdll.dll
0x00007ffd433f0000 - 0x00007ffd434ae000 	C:\Windows\System32\KERNEL32.DLL
0x00007ffd41eb0000 - 0x00007ffd42179000 	C:\Windows\System32\KERNELBASE.dll
0x00007ffd41d50000 - 0x00007ffd41e50000 	C:\Windows\System32\ucrtbase.dll
0x00007ffcc8d20000 - 0x00007ffcc8d38000 	C:\Users\nicho\.jdks\corretto-15.0.2\bin\jli.dll
0x00007ffcc79f0000 - 0x00007ffcc7a05000 	C:\Users\nicho\.jdks\corretto-15.0.2\bin\VCRUNTIME140.dll
0x00007ffd43aa0000 - 0x00007ffd43c41000 	C:\Windows\System32\USER32.dll
0x00007ffd41b70000 - 0x00007ffd41b92000 	C:\Windows\System32\win32u.dll
0x00007ffd2ca60000 - 0x00007ffd2ccfa000 	C:\Windows\WinSxS\amd64_microsoft.windows.common-controls_6595b64144ccf1df_6.0.19041.1110_none_60b5254171f9507e\COMCTL32.dll
0x00007ffd42cf0000 - 0x00007ffd42d1b000 	C:\Windows\System32\GDI32.dll
0x00007ffd43fb0000 - 0x00007ffd4404e000 	C:\Windows\System32\msvcrt.dll
0x00007ffd41ba0000 - 0x00007ffd41cab000 	C:\Windows\System32\gdi32full.dll
0x00007ffd41cb0000 - 0x00007ffd41d4d000 	C:\Windows\System32\msvcp_win.dll
0x00007ffd43a70000 - 0x00007ffd43aa0000 	C:\Windows\System32\IMM32.DLL
0x00007ffcc7950000 - 0x00007ffcc79eb000 	C:\Users\nicho\.jdks\corretto-15.0.2\bin\msvcp140.dll
0x00007ffcbf2c0000 - 0x00007ffcbfe51000 	C:\Users\nicho\.jdks\corretto-15.0.2\bin\server\jvm.dll
0x00007ffd439c0000 - 0x00007ffd43a6c000 	C:\Windows\System32\ADVAPI32.dll
0x00007ffd440e0000 - 0x00007ffd4417b000 	C:\Windows\System32\sechost.dll
0x00007ffd43890000 - 0x00007ffd439ba000 	C:\Windows\System32\RPCRT4.dll
0x00007ffd433d0000 - 0x00007ffd433d8000 	C:\Windows\System32\PSAPI.DLL
0x00007ffd2f9a0000 - 0x00007ffd2f9c7000 	C:\Windows\SYSTEM32\WINMM.dll
0x00007ffd16850000 - 0x00007ffd16859000 	C:\Windows\SYSTEM32\WSOCK32.dll
0x00007ffd3a710000 - 0x00007ffd3a71a000 	C:\Windows\SYSTEM32\VERSION.dll
0x00007ffd44180000 - 0x00007ffd441eb000 	C:\Windows\System32\WS2_32.dll
0x00007ffd40310000 - 0x00007ffd40322000 	C:\Windows\SYSTEM32\kernel.appcore.dll
0x00007ffcc7940000 - 0x00007ffcc794a000 	C:\Users\nicho\.jdks\corretto-15.0.2\bin\jimage.dll
0x00007ffd40000000 - 0x00007ffd401e4000 	C:\Windows\SYSTEM32\DBGHELP.DLL
0x00007ffd2f970000 - 0x00007ffd2f99c000 	C:\Windows\SYSTEM32\dbgcore.DLL
0x00007ffd42330000 - 0x00007ffd423b3000 	C:\Windows\System32\bcryptPrimitives.dll
0x00007ffcc7910000 - 0x00007ffcc7935000 	C:\Users\nicho\.jdks\corretto-15.0.2\bin\java.dll
0x00007ffd423c0000 - 0x00007ffd42aff000 	C:\Windows\System32\SHELL32.dll
0x00007ffd3f870000 - 0x00007ffd40000000 	C:\Windows\SYSTEM32\windows.storage.dll
0x00007ffd43c50000 - 0x00007ffd43fa5000 	C:\Windows\System32\combase.dll
0x00007ffd414e0000 - 0x00007ffd4150c000 	C:\Windows\SYSTEM32\Wldp.dll
0x00007ffd436a0000 - 0x00007ffd4374d000 	C:\Windows\System32\SHCORE.dll
0x00007ffd43750000 - 0x00007ffd437a5000 	C:\Windows\System32\shlwapi.dll
0x00007ffd419d0000 - 0x00007ffd419ef000 	C:\Windows\SYSTEM32\profapi.dll
0x00007ffcc74e0000 - 0x00007ffcc74f9000 	C:\Users\nicho\.jdks\corretto-15.0.2\bin\net.dll
0x00007ffd3cd80000 - 0x00007ffd3ce88000 	C:\Windows\SYSTEM32\WINHTTP.dll
0x00007ffd41240000 - 0x00007ffd412aa000 	C:\Windows\system32\mswsock.dll
0x00007ffcc7310000 - 0x00007ffcc7322000 	C:\Users\nicho\.jdks\corretto-15.0.2\bin\nio.dll
0x00007ffcc72f0000 - 0x00007ffcc7308000 	C:\Users\nicho\.jdks\corretto-15.0.2\bin\zip.dll
0x0000000065ac0000 - 0x0000000065aea000 	C:\Users\nicho\AppData\Local\Temp\libgdxnicho\6bae761b\gdx64.dll
0x00007ffcf8d70000 - 0x00007ffcf8d80000 	C:\Users\nicho\.jdks\corretto-15.0.2\bin\verify.dll
0x0000000180000000 - 0x0000000180053000 	C:\Users\nicho\AppData\Local\Temp\libgdxnicho\1cecf4f6\lwjgl64.dll
0x00007ffd2c700000 - 0x00007ffd2c825000 	C:\Windows\SYSTEM32\OPENGL32.dll
0x00007ffd2fc80000 - 0x00007ffd2fcac000 	C:\Windows\SYSTEM32\GLU32.dll
0x00000174fe510000 - 0x00000174fe574000 	C:\Users\nicho\AppData\Local\Temp\libgdxnicho\1cecf4f6\OpenAL64.dll
0x00007ffd44200000 - 0x00007ffd4432a000 	C:\Windows\System32\ole32.dll
0x00007ffd3efe0000 - 0x00007ffd3f07e000 	C:\Windows\system32\uxtheme.dll
0x00007ffcdb580000 - 0x00007ffcdb761000 	C:\Program Files (x86)\Stardock\Fences\FencesMenu64.dll
0x00007ffd42c20000 - 0x00007ffd42ced000 	C:\Windows\System32\OLEAUT32.dll
0x00007ffd41990000 - 0x00007ffd419be000 	C:\Windows\SYSTEM32\USERENV.dll
0x00007ffd3cd10000 - 0x00007ffd3cd24000 	C:\Windows\SYSTEM32\WTSAPI32.dll
0x00007ffd20da0000 - 0x00007ffd20f49000 	C:\Windows\WinSxS\amd64_microsoft.windows.gdiplus_6595b64144ccf1df_1.1.19041.1288_none_91a663c8cc864906\gdiplus.dll
0x00007ffd434b0000 - 0x00007ffd43559000 	C:\Windows\System32\clbcatq.dll
0x00007ffcc3340000 - 0x00007ffcc33dc000 	C:\Windows\SYSTEM32\dsound.dll
0x00007ffd41000000 - 0x00007ffd4104b000 	C:\Windows\SYSTEM32\powrprof.dll
0x00007ffd295c0000 - 0x00007ffd295e6000 	C:\Windows\SYSTEM32\winmmbase.dll
0x00007ffd40ec0000 - 0x00007ffd40ed2000 	C:\Windows\SYSTEM32\UMPDC.dll
0x00007ffd37da0000 - 0x00007ffd37e25000 	C:\Windows\System32\MMDevApi.dll
0x00007ffd41830000 - 0x00007ffd41864000 	C:\Windows\System32\DEVOBJ.dll
0x00007ffd42180000 - 0x00007ffd421ce000 	C:\Windows\System32\cfgmgr32.dll
0x00007ffd37e30000 - 0x00007ffd37fb1000 	C:\Windows\SYSTEM32\AUDIOSES.DLL
0x00007ffd3f1c0000 - 0x00007ffd3f1d4000 	C:\Windows\SYSTEM32\resourcepolicyclient.dll
0x00007ffd3c580000 - 0x00007ffd3c62e000 	C:\Windows\SYSTEM32\mscms.dll
0x00007ffd3c560000 - 0x00007ffd3c571000 	C:\Windows\SYSTEM32\ColorAdapterClient.dll
0x00007ffd3a2f0000 - 0x00007ffd3a334000 	C:\Windows\System32\Windows.Internal.Graphics.Display.DisplayColorManagement.dll
0x00007ffd42b00000 - 0x00007ffd42c15000 	C:\Windows\System32\MSCTF.dll
0x00007ffd21e20000 - 0x00007ffd21f19000 	C:\Windows\SYSTEM32\textinputframework.dll
0x00007ffd3e310000 - 0x00007ffd3e66e000 	C:\Windows\System32\CoreUIComponents.dll
0x00007ffd3ea10000 - 0x00007ffd3eb02000 	C:\Windows\System32\CoreMessaging.dll
0x00007ffd40780000 - 0x00007ffd407b3000 	C:\Windows\SYSTEM32\ntmarta.dll
0x00007ffd3d250000 - 0x00007ffd3d3a4000 	C:\Windows\SYSTEM32\wintypes.dll
0x00007ffd1d5b0000 - 0x00007ffd1d616000 	C:\Windows\system32\Oleacc.dll
0x00007ffd3a890000 - 0x00007ffd3a989000 	C:\Windows\System32\AppXDeploymentClient.dll
0x00007ffcc00b0000 - 0x00007ffcc1076000 	C:\Windows\System32\DriverStore\FileRepository\iigd_dch.inf_amd64_cf2a6988eeddf859\ig9icd64.dll
0x00007ffd3f2c0000 - 0x00007ffd3f2ef000 	C:\Windows\system32\dwmapi.dll
0x00007ffd40380000 - 0x00007ffd40474000 	C:\Windows\system32\dxgi.dll
0x00007ffcb7940000 - 0x00007ffcb7d7c000 	C:\Windows\System32\DriverStore\FileRepository\iigd_dch.inf_amd64_cf2a6988eeddf859\igdml64.dll
0x00007ffd35f70000 - 0x00007ffd36328000 	C:\Windows\System32\DriverStore\FileRepository\iigd_dch.inf_amd64_cf2a6988eeddf859\igdgmm64.dll
0x00007ffd3a380000 - 0x00007ffd3a3c3000 	C:\Windows\SYSTEM32\icm32.dll
0x00007ffd32fa0000 - 0x00007ffd35d48000 	C:\Windows\System32\DriverStore\FileRepository\iigd_dch.inf_amd64_cf2a6988eeddf859\igc64.dll
0x000000006e9c0000 - 0x000000006ea1b000 	C:\Users\nicho\AppData\Local\Temp\libgdxnicho\19bf02c5\gdx-box2d64.dll

dbghelp: loaded successfully - version: 4.0.5 - missing functions: none
symbol engine: initialized successfully - sym options: 0x614 - pdb path: .;C:\Users\nicho\.jdks\corretto-15.0.2\bin;C:\Windows\SYSTEM32;C:\Windows\WinSxS\amd64_microsoft.windows.common-controls_6595b64144ccf1df_6.0.19041.1110_none_60b5254171f9507e;C:\Users\nicho\.jdks\corretto-15.0.2\bin\server;C:\Users\nicho\AppData\Local\Temp\libgdxnicho\6bae761b;C:\Users\nicho\AppData\Local\Temp\libgdxnicho\1cecf4f6;C:\Program Files (x86)\Stardock\Fences;C:\Windows\WinSxS\amd64_microsoft.windows.gdiplus_6595b64144ccf1df_1.1.19041.1288_none_91a663c8cc864906;C:\Windows\System32\DriverStore\FileRepository\iigd_dch.inf_amd64_cf2a6988eeddf859;C:\Users\nicho\AppData\Local\Temp\libgdxnicho\19bf02c5

VM Arguments:
jvm_args: -Dfile.encoding=windows-1252 -Duser.country=US -Duser.language=en -Duser.variant 
java_command: com.mygdx.nextlevel.desktop.DesktopLauncher
java_class_path (initial): C:\Users\nicho\Projects\code\Level-Up\Next Level\desktop\build\classes\java\main;C:\Users\nicho\Projects\code\Level-Up\Next Level\desktop\build\resources\main;C:\Users\nicho\.gradle\caches\modules-2\files-2.1\com.badlogicgames.gdx\gdx-backend-lwjgl\1.9.14\76d214441fa6faed9a4b9a2c02473f0d0a467a52\gdx-backend-lwjgl-1.9.14.jar;C:\Users\nicho\.gradle\caches\modules-2\files-2.1\com.badlogicgames.gdx\gdx-platform\1.9.14\c972092618b729ebfec229c9214fb9e87861fb7a\gdx-platform-1.9.14-natives-desktop.jar;C:\Users\nicho\.gradle\caches\modules-2\files-2.1\com.badlogicgames.gdx\gdx-box2d-platform\1.9.14\3c70a6038ec970ae49f96292ed48bd2a098a7f47\gdx-box2d-platform-1.9.14-natives-desktop.jar;C:\Users\nicho\Projects\code\Level-Up\Next Level\core\build\libs\core-1.0.jar;C:\Users\nicho\.gradle\caches\modules-2\files-2.1\com.badlogicgames.box2dlights\box2dlights\1.5\6902dbcd250c95a27973aa24a147a95b3828d348\box2dlights-1.5.jar;C:\Users\nicho\.gradle\caches\modules-2\files-2.1\com.badlogicgames.gdx\gdx-box2d\1.9.14\1c52434c5c7ad1a19e08dcc53047eb1cd79b5e62\gdx-box2d-1.9.14.jar;C:\Users\nicho\.gradle\caches\modules-2\files-2.1\com.kotcrab.vis\vis-ui\1.5.0\cf5f4d925657b14c50716417b1b207ab3a4b0008\vis-ui-1.5.0.jar;C:\Users\nicho\.gradle\caches\modules-2\files-2.1\com.badlogicgames.gdx\gdx\1.10.0\74c240f79dc4fb6b766a834249600d0a019d0489\gdx-1.10.0.jar;C:\Users\nicho\.gradle\caches\modules-2\files-2.1\org.lwjgl.lwjgl\lwjgl_util\2.9.3\751f06b62424da056954c67288fd5c494431e350\lwjgl_util-2.9.3.jar;C:\Users\nicho\.gradle\caches\modules-2\files-2.1\org.lwjgl.lwjgl\lwjgl\2.9.3\3df168ac74e4a8c96562cdff24ad352e255bf89c\lwjgl-2.9.3.jar;C:\Users\nicho\.gradle\caches\modules-2\files-2.1\com.badlogicgames.jlayer\jlayer\1.0.1-gdx\7cca83cec5c1b2f011362f4d85aabd71a73b049d\jlayer-1.0.1-gdx.jar;C:\Users\nicho\.gradle\caches\modules-2\files-2.1\org.jcraft\jorbis\0.0.17\8872d22b293e8f5d7d56ff92be966e6dc28ebdc6\jorbis-0.0.17.jar;C:\Users\nicho\.gradle\caches\modules-2\files-2.1\org.xer
Launcher Type: SUN_STANDARD

[Global flags]
     intx CICompilerCount                          = 12                                        {product} {ergonomic}
     uint ConcGCThreads                            = 3                                         {product} {ergonomic}
     uint G1ConcRefinementThreads                  = 13                                        {product} {ergonomic}
   size_t G1HeapRegionSize                         = 4194304                                   {product} {ergonomic}
    uintx GCDrainStackTargetSize                   = 64                                        {product} {ergonomic}
   size_t InitialHeapSize                          = 536870912                                 {product} {ergonomic}
   size_t MarkStackSize                            = 4194304                                   {product} {ergonomic}
   size_t MaxHeapSize                              = 8527020032                                {product} {ergonomic}
   size_t MaxNewSize                               = 5112856576                                {product} {ergonomic}
   size_t MinHeapDeltaBytes                        = 4194304                                   {product} {ergonomic}
   size_t MinHeapSize                              = 8388608                                   {product} {ergonomic}
    uintx NonNMethodCodeHeapSize                   = 7602480                                {pd product} {ergonomic}
    uintx NonProfiledCodeHeapSize                  = 122027880                              {pd product} {ergonomic}
    uintx ProfiledCodeHeapSize                     = 122027880                              {pd product} {ergonomic}
    uintx ReservedCodeCacheSize                    = 251658240                              {pd product} {ergonomic}
     bool SegmentedCodeCache                       = true                                      {product} {ergonomic}
   size_t SoftMaxHeapSize                          = 8527020032                             {manageable} {ergonomic}
     bool UseCompressedClassPointers               = true                                 {lp64_product} {ergonomic}
     bool UseCompressedOops                        = true                                 {lp64_product} {ergonomic}
     bool UseG1GC                                  = true                                      {product} {ergonomic}
     bool UseLargePagesIndividualAllocation        = false                                  {pd product} {ergonomic}

Logging:
Log output configuration:
 #0: stdout all=warning uptime,level,tags
 #1: stderr all=off uptime,level,tags

Environment Variables:
PATH=C:\Windows\system32;C:\Windows;C:\Windows\System32\Wbem;C:\Windows\System32\WindowsPowerShell\v1.0\;C:\Windows\System32\OpenSSH\;C:\Program Files (x86)\NVIDIA Corporation\PhysX\Common;C:\Program Files\NVIDIA Corporation\NVIDIA NvDLISR;C:\Program Files\Git\cmd;C:\Program Files\MATLAB\R2020a\bin;C:\Users\nicho\AppData\Local\Microsoft\WindowsApps;C:\Users\nicho\AppData\Local\GitHubDesktop\bin;C:\Users\nicho\Projects\bin;C:\Users\ProgramFiles\Git\bin;;C:\Program Files\JetBrains\IntelliJ IDEA 2021.2.2\bin;;C:\Users\nicho\AppData\Local\Programs\Microsoft VS Code\bin
USERNAME=nicho
OS=Windows_NT
PROCESSOR_IDENTIFIER=Intel64 Family 6 Model 165 Stepping 2, GenuineIntel



---------------  S Y S T E M  ---------------

OS:
 Windows 10 , 64 bit Build 19041 (10.0.19041.1202)
OS uptime: 0 days 0:05 hours

CPU: total 16 (initial active 16) (8 cores per cpu, 2 threads per core) family 6 model 165 stepping 2 microcode 0xea, cmov, cx8, fxsr, mmx, sse, sse2, sse3, ssse3, sse4.1, sse4.2, popcnt, vzeroupper, avx, avx2, aes, clmul, erms, 3dnowpref, lzcnt, ht, tsc, tscinvbit, bmi1, bmi2, adx, fma, clflush, clflushopt

Memory: 4k page, system-wide physical 32512M (23001M free)
TotalPageFile size 37376M (AvailPageFile size 25446M)
current process WorkingSet (physical memory assigned to process): 900M, peak: 901M
current process commit charge ("private bytes"): 1401M, peak: 1403M

vm_info: OpenJDK 64-Bit Server VM (15.0.2+7) for windows-amd64 JRE (15.0.2+7), built on Jan 20 2021 22:17:45 by "Administrator" with MS VC++ 15.9 (VS2017)

END.
