#
# A fatal error has been detected by the Java Runtime Environment:
#
#  SIGSEGV (0xb) at pc=0x0000000137a63981, pid=16100, tid=63239
#
# JRE version: Java(TM) SE Runtime Environment (12.0.2+10) (build 12.0.2+10)
# Java VM: Java HotSpot(TM) 64-Bit Server VM (12.0.2+10, mixed mode, sharing, tiered, compressed oops, g1 gc, bsd-amd64)
# Problematic frame:
# C  [libgdx-box2d64.dylib+0xb981]  b2BlockAllocator::Allocate(int)+0x61
#
# No core dump will be written. Core dumps have been disabled. To enable core dumping, try "ulimit -c unlimited" before starting Java again
#
# If you would like to submit a bug report, please visit:
#   http://bugreport.java.com/bugreport/crash.jsp
# The crash happened outside the Java Virtual Machine in native code.
# See problematic frame for where to report the bug.
#

---------------  S U M M A R Y ------------

Command Line: -Dfile.encoding=UTF-8 -Duser.country=US -Duser.language=en -Duser.variant com.mygdx.nextlevel.desktop.ItemShowcaseLauncher

Host: MacBookPro15,2 x86_64 2800 MHz, 8 cores, 16G, Darwin 20.6.0
Time: Sat Oct 30 17:56:23 2021 EDT elapsed time: 46 seconds (0d 0h 0m 46s)

---------------  T H R E A D  ---------------

Current thread (0x00007fc47d0ac000):  JavaThread "LWJGL Application" [_thread_in_native, id=63239, stack(0x000070000dd54000,0x000070000de54000)]

Stack: [0x000070000dd54000,0x000070000de54000],  sp=0x000070000de53140,  free space=1020k
Native frames: (J=compiled Java code, A=aot compiled Java code, j=interpreted, Vv=VM code, C=native code)
C  [libgdx-box2d64.dylib+0xb981]  b2BlockAllocator::Allocate(int)+0x61
C  [libgdx-box2d64.dylib+0x1e7b3]  b2World::CreateBody(b2BodyDef const*)+0x23
C  [libgdx-box2d64.dylib+0x24405]  Java_com_badlogic_gdx_physics_box2d_World_jniCreateBody+0x85
j  com.badlogic.gdx.physics.box2d.World.jniCreateBody(JIFFFFFFFFZZZZZF)J+0
j  com.badlogic.gdx.physics.box2d.World.createBody(Lcom/badlogic/gdx/physics/box2d/BodyDef;)Lcom/badlogic/gdx/physics/box2d/Body;+80
j  com.mygdx.nextlevel.actors.Item.setBody(Lcom/badlogic/gdx/physics/box2d/BodyDef$BodyType;)V+79
j  com.mygdx.nextlevel.screens.ItemShowcaseScreen.createItem(Lcom/mygdx/nextlevel/actors/Item;)V+31
J 1535 c1 com.mygdx.nextlevel.screens.ItemShowcaseScreen.render(F)V (1967 bytes) @ 0x000000011806d4f4 [0x0000000118064200+0x00000000000092f4]
J 1716 c1 com.mygdx.nextlevel.desktop.ItemGame.render()V (5 bytes) @ 0x00000001180e0ee4 [0x00000001180e0c80+0x0000000000000264]
j  com.badlogic.gdx.backends.lwjgl.LwjglApplication.mainLoop()V+776
j  com.badlogic.gdx.backends.lwjgl.LwjglApplication$1.run()V+27
v  ~StubRoutines::call_stub
V  [libjvm.dylib+0x392641]  JavaCalls::call_helper(JavaValue*, methodHandle const&, JavaCallArguments*, Thread*)+0x285
V  [libjvm.dylib+0x391a20]  JavaCalls::call_virtual(JavaValue*, Klass*, Symbol*, Symbol*, JavaCallArguments*, Thread*)+0xee
V  [libjvm.dylib+0x391adc]  JavaCalls::call_virtual(JavaValue*, Handle, Klass*, Symbol*, Symbol*, Thread*)+0x62
V  [libjvm.dylib+0x4101e8]  thread_entry(JavaThread*, Thread*)+0x78
V  [libjvm.dylib+0x6e2ecc]  JavaThread::thread_main_inner()+0x82
V  [libjvm.dylib+0x6e2d16]  JavaThread::run()+0x16c
V  [libjvm.dylib+0x6e0c1c]  Thread::call_run()+0x68
V  [libjvm.dylib+0x5db0df]  thread_native_entry(Thread*)+0x139
C  [libsystem_pthread.dylib+0x68fc]  _pthread_start+0xe0
C  [libsystem_pthread.dylib+0x2443]  thread_start+0xf

Java frames: (J=compiled Java code, j=interpreted, Vv=VM code)
j  com.badlogic.gdx.physics.box2d.World.jniCreateBody(JIFFFFFFFFZZZZZF)J+0
j  com.badlogic.gdx.physics.box2d.World.createBody(Lcom/badlogic/gdx/physics/box2d/BodyDef;)Lcom/badlogic/gdx/physics/box2d/Body;+80
j  com.mygdx.nextlevel.actors.Item.setBody(Lcom/badlogic/gdx/physics/box2d/BodyDef$BodyType;)V+79
j  com.mygdx.nextlevel.screens.ItemShowcaseScreen.createItem(Lcom/mygdx/nextlevel/actors/Item;)V+31
J 1535 c1 com.mygdx.nextlevel.screens.ItemShowcaseScreen.render(F)V (1967 bytes) @ 0x000000011806d4f4 [0x0000000118064200+0x00000000000092f4]
J 1716 c1 com.mygdx.nextlevel.desktop.ItemGame.render()V (5 bytes) @ 0x00000001180e0ee4 [0x00000001180e0c80+0x0000000000000264]
j  com.badlogic.gdx.backends.lwjgl.LwjglApplication.mainLoop()V+776
j  com.badlogic.gdx.backends.lwjgl.LwjglApplication$1.run()V+27
v  ~StubRoutines::call_stub

siginfo: si_signo: 11 (SIGSEGV), si_code: 1 (SEGV_MAPERR), si_addr: 0x00007fc679aa6300

Register to memory mapping:

RAX=0x00007fc679aa6300 is an unknown value
RBX={method} {0x000000010e5a5fc0} 'jniCreateBody' '(JIFFFFFFFFZZZZZF)J' in 'com/badlogic/gdx/physics/box2d/World'
RCX=0x0000000137a90d70: _ZN16b2BlockAllocator17s_blockSizeLookupE+0 in /private/var/folders/24/r0g8gyd90db_b8hqc0hrcql40000gn/T/libgdxjoseph/d01668c7/libgdx-box2d64.dylib at 0x0000000137a58000
RDX=0x00007fc47ea63000 points into unknown readable memory: 00 38 19 7a c4 7f 00 00
RSP=0x000070000de53140 is pointing into the stack for thread: 0x00007fc47d0ac000
RBP=0x000070000de53170 is pointing into the stack for thread: 0x00007fc47d0ac000
RSI=0x00000000000000b8 is an unknown value
RDI=0x00007fc47ea63000 points into unknown readable memory: 00 38 19 7a c4 7f 00 00
R8 =0x0000000000000001 is an unknown value
R9 =0x0000000000000001 is an unknown value
R10=0x00000001177f2961 is at code_begin+897 in an Interpreter codelet
method entry point (kind = native)  [0x00000001177f25e0, 0x00000001177f3020]  2624 bytes
R11=0x0000000000000102 is an unknown value
R12=0x00007fc47ea63000 points into unknown readable memory: 00 38 19 7a c4 7f 00 00
R13={method} {0x000000010e5a5fc0} 'jniCreateBody' '(JIFFFFFFFFZZZZZF)J' in 'com/badlogic/gdx/physics/box2d/World'
R14=0x00007fc47ea63000 points into unknown readable memory: 00 38 19 7a c4 7f 00 00
R15=0x0000000000000006 is an unknown value


Registers:
RAX=0x00007fc679aa6300, RBX=0x000000010e5a5fc0, RCX=0x0000000137a90d70, RDX=0x00007fc47ea63000
RSP=0x000070000de53140, RBP=0x000070000de53170, RSI=0x00000000000000b8, RDI=0x00007fc47ea63000
R8 =0x0000000000000001, R9 =0x0000000000000001, R10=0x00000001177f2961, R11=0x0000000000000102
R12=0x00007fc47ea63000, R13=0x000000010e5a5fc0, R14=0x00007fc47ea63000, R15=0x0000000000000006
RIP=0x0000000137a63981, EFLAGS=0x0000000000010206, ERR=0x0000000000000004
  TRAPNO=0x000000000000000e

Top of Stack: (sp=0x000070000de53140)
0x000070000de53140:   0000000000000000 000000010e5a5fc0
0x000070000de53150:   0000000000000000 000000010e5a5fc0
0x000070000de53160:   00007fc47ea63000 000070000de531b0
0x000070000de53170:   000070000de531a0 0000000137a767b3
0x000070000de53180:   0000000000000000 000000010e5a5fc0
0x000070000de53190:   000070000de53388 00007fc47d0ac000
0x000070000de531a0:   000070000de531f0 0000000137a7c405
0x000070000de531b0:   4110000000000000 00000000400f5c29
0x000070000de531c0:   0000000000000000 0000000000000000
0x000070000de531d0:   0000010100000000 0000000000000001
0x000070000de531e0:   0000000000000000 000000003f800000
0x000070000de531f0:   000070000de532e0 00000001177f2990
0x000070000de53200:   0000000000000000 0000000000000000
0x000070000de53210:   0000000000000001 000000003f800000
0x000070000de53220:   000070000de53284 00007fc47c486918
0x000070000de53230:   000070000de53270 00007fff5f041f9a
0x000070000de53240:   e91706b262190015 00007fc47c4a7000
0x000070000de53250:   00007fc47c4a7000 00007fc47c4a7000
0x000070000de53260:   0000000000000000 0000000000000000
0x000070000de53270:   000070000de532a0 00007fff6bcf8519
0x000070000de53280:   00007fc47e11ba00 0000000000000030
0x000070000de53290:   000070000de532e0 000070000de53298
0x000070000de532a0:   000000010e5a5fc0 000070000de53388
0x000070000de532b0:   000000010e5b9210 0000000000000000
0x000070000de532c0:   0000000700a4da50 000000010e5a5fc0
0x000070000de532d0:   0000000000000000 000070000de53300
0x000070000de532e0:   000070000de533d8 00000001177ec790
0x000070000de532f0:   0000000000000000 00000001177ef8b7
0x000070000de53300:   000000073f800000 0000000000000001
0x000070000de53310:   0000000000000000 0000000000000000
0x000070000de53320:   0000000000000001 0000000000000001
0x000070000de53330:   0000000100000000 0000000000000000 

Instructions: (pc=0x0000000137a63981)
0x0000000137a63881:   48 89 e5 41 57 41 56 53 50 49 89 fe 83 7f 08 00
0x0000000137a63891:   7e 29 41 bf 08 00 00 00 31 db 0f 1f 44 00 00 49
0x0000000137a638a1:   8b 06 4a 8b 3c 38 e8 54 07 00 00 48 ff c3 49 63
0x0000000137a638b1:   46 08 49 83 c7 10 48 39 c3 7c e4 49 8b 3e 48 83
0x0000000137a638c1:   c4 08 5b 41 5e 41 5f 5d e9 32 07 00 00 66 90 55
0x0000000137a638d1:   48 89 e5 41 57 41 56 53 50 49 89 fe 83 7f 08 00
0x0000000137a638e1:   7e 29 41 bf 08 00 00 00 31 db 0f 1f 44 00 00 49
0x0000000137a638f1:   8b 06 4a 8b 3c 38 e8 04 07 00 00 48 ff c3 49 63
0x0000000137a63901:   46 08 49 83 c7 10 48 39 c3 7c e4 49 8b 3e 48 83
0x0000000137a63911:   c4 08 5b 41 5e 41 5f 5d e9 e2 06 00 00 66 90 55
0x0000000137a63921:   48 89 e5 41 57 41 56 41 55 41 54 53 50 85 f6 74
0x0000000137a63931:   23 0f 8e c6 01 00 00 81 fe 81 02 00 00 7c 1c 89
0x0000000137a63941:   f7 48 83 c4 08 5b 41 5c 41 5d 41 5e 41 5f 5d e9
0x0000000137a63951:   9b 06 00 00 31 c0 e9 93 01 00 00 89 f0 48 8d 0d
0x0000000137a63961:   0b d4 02 00 44 0f b6 3c 08 49 83 ff 0e 0f 83 8f
0x0000000137a63971:   01 00 00 49 89 fc 4a 8b 44 ff 10 48 85 c0 74 0d
0x0000000137a63981:   48 8b 08 4b 89 4c fc 10 e9 61 01 00 00 41 8b 7c
0x0000000137a63991:   24 08 41 3b 7c 24 0c 75 50 4d 8b 34 24 83 ef 80
0x0000000137a639a1:   41 89 7c 24 0c c1 e7 04 e8 42 06 00 00 49 89 04
0x0000000137a639b1:   24 49 63 54 24 08 48 c1 e2 04 48 89 c7 4c 89 f6
0x0000000137a639c1:   e8 22 d3 01 00 49 63 7c 24 08 48 c1 e7 04 49 03
0x0000000137a639d1:   3c 24 be 00 08 00 00 e8 cf d2 01 00 4c 89 f7 e8
0x0000000137a639e1:   1b 06 00 00 41 8b 7c 24 08 4d 8b 34 24 48 63 df
0x0000000137a639f1:   bf 00 40 00 00 e8 f5 05 00 00 49 89 c1 48 c1 e3
0x0000000137a63a01:   04 49 89 44 1e 08 48 8d 05 c2 d2 02 00 4a 63 34
0x0000000137a63a11:   b8 41 89 34 1e b8 00 40 00 00 31 d2 f7 fe 89 c1
0x0000000137a63a21:   0f af ce 81 f9 00 40 00 00 0f 8f d8 00 00 00 4d
0x0000000137a63a31:   8d 44 1e 08 44 8d 50 ff 83 f8 02 0f 8c 8e 00 00
0x0000000137a63a41:   00 45 89 d6 49 8d 4e ff 44 89 f0 83 e0 03 48 83
0x0000000137a63a51:   f9 03 73 04 31 d2 eb 52 48 8d 3c 76 4c 8d 1c b5
0x0000000137a63a61:   00 00 00 00 4c 8d 2c 36 49 29 c6 31 d2 4c 89 c9
0x0000000137a63a71:   66 2e 0f 1f 84 00 00 00 00 00 0f 1f 44 00 00 48 


Stack slot to memory mapping:
stack at sp + 0 slots: 0x0 is NULL
stack at sp + 1 slots: {method} {0x000000010e5a5fc0} 'jniCreateBody' '(JIFFFFFFFFZZZZZF)J' in 'com/badlogic/gdx/physics/box2d/World'
stack at sp + 2 slots: 0x0 is NULL
stack at sp + 3 slots: {method} {0x000000010e5a5fc0} 'jniCreateBody' '(JIFFFFFFFFZZZZZF)J' in 'com/badlogic/gdx/physics/box2d/World'
stack at sp + 4 slots: 0x00007fc47ea63000 points into unknown readable memory: 00 38 19 7a c4 7f 00 00
stack at sp + 5 slots: 0x000070000de531b0 is pointing into the stack for thread: 0x00007fc47d0ac000
stack at sp + 6 slots: 0x000070000de531a0 is pointing into the stack for thread: 0x00007fc47d0ac000
stack at sp + 7 slots: 0x0000000137a767b3: _ZN7b2World10CreateBodyEPK9b2BodyDef+0x23 in /private/var/folders/24/r0g8gyd90db_b8hqc0hrcql40000gn/T/libgdxjoseph/d01668c7/libgdx-box2d64.dylib at 0x0000000137a58000


---------------  P R O C E S S  ---------------

Threads class SMR info:
_java_thread_list=0x00007fc478eba2d0, length=12, elements={
0x00007fc479065800, 0x00007fc479818800, 0x00007fc47b031000, 0x00007fc47c80c000,
0x00007fc47c80d000, 0x00007fc47a016800, 0x00007fc47b032000, 0x00007fc47986a800,
0x00007fc47d841800, 0x00007fc47d0ac000, 0x00007fc47d0aa800, 0x00007fc4833ce800
}

Java Threads: ( => current thread )
  0x00007fc479065800 JavaThread "Reference Handler" daemon [_thread_blocked, id=13571, stack(0x000070000cd12000,0x000070000ce12000)]
  0x00007fc479818800 JavaThread "Finalizer" daemon [_thread_blocked, id=17667, stack(0x000070000ce15000,0x000070000cf15000)]
  0x00007fc47b031000 JavaThread "Signal Dispatcher" daemon [_thread_blocked, id=15107, stack(0x000070000d01e000,0x000070000d11e000)]
  0x00007fc47c80c000 JavaThread "C2 CompilerThread0" daemon [_thread_blocked, id=21763, stack(0x000070000d121000,0x000070000d221000)]
  0x00007fc47c80d000 JavaThread "C1 CompilerThread0" daemon [_thread_blocked, id=42755, stack(0x000070000d224000,0x000070000d324000)]
  0x00007fc47a016800 JavaThread "Sweeper thread" daemon [_thread_blocked, id=22275, stack(0x000070000d327000,0x000070000d427000)]
  0x00007fc47b032000 JavaThread "Service Thread" daemon [_thread_blocked, id=42243, stack(0x000070000d42a000,0x000070000d52a000)]
  0x00007fc47986a800 JavaThread "Common-Cleaner" daemon [_thread_blocked, id=41475, stack(0x000070000d630000,0x000070000d730000)]
  0x00007fc47d841800 JavaThread "AppKit Thread" daemon [_thread_in_native, id=259, stack(0x00007ffee7e95000,0x00007ffee8695000)]
=>0x00007fc47d0ac000 JavaThread "LWJGL Application" [_thread_in_native, id=63239, stack(0x000070000dd54000,0x000070000de54000)]
  0x00007fc47d0aa800 JavaThread "DestroyJavaVM" [_thread_blocked, id=10243, stack(0x000070000c5fd000,0x000070000c6fd000)]
  0x00007fc4833ce800 JavaThread "AWT-Shutdown" [_thread_blocked, id=34079, stack(0x000070000d733000,0x000070000d833000)]

Other Threads:
  0x00007fc479065000 VMThread "VM Thread" [stack: 0x000070000cc0f000,0x000070000cd0f000] [id=12803]
  0x00007fc47986a000 WatcherThread [stack: 0x000070000d52d000,0x000070000d62d000] [id=23043]
  0x00007fc47b030800 GCTaskThread "GC Thread#0" [stack: 0x000070000c700000,0x000070000c800000] [id=11523]
  0x00007fc47a1c9800 GCTaskThread "GC Thread#1" [stack: 0x000070000e05d000,0x000070000e15d000] [id=91943]
  0x00007fc47a1ca800 GCTaskThread "GC Thread#2" [stack: 0x000070000e160000,0x000070000e260000] [id=94211]
  0x00007fc4791b8000 GCTaskThread "GC Thread#3" [stack: 0x000070000e263000,0x000070000e363000] [id=94723]
  0x00007fc4791b8800 GCTaskThread "GC Thread#4" [stack: 0x000070000e366000,0x000070000e466000] [id=94979]
  0x00007fc47a1cb000 GCTaskThread "GC Thread#5" [stack: 0x000070000e469000,0x000070000e569000] [id=122883]
  0x00007fc479029800 ConcurrentGCThread "G1 Main Marker" [stack: 0x000070000c803000,0x000070000c903000] [id=20739]
  0x00007fc47902a000 ConcurrentGCThread "G1 Conc#0" [stack: 0x000070000c906000,0x000070000ca06000] [id=19971]
  0x00007fc47d80d800 ConcurrentGCThread "G1 Conc#1" [stack: 0x000070000d93c000,0x000070000da3c000] [id=32315]
  0x00007fc47a094000 ConcurrentGCThread "G1 Refine#0" [stack: 0x000070000ca09000,0x000070000cb09000] [id=19459]
  0x00007fc47980c800 ConcurrentGCThread "G1 Young RemSet Sampling" [stack: 0x000070000cb0c000,0x000070000cc0c000] [id=19203]

Threads with active compile tasks:

VM state:not at safepoint (normal execution)

VM Mutex/Monitor currently owned by a thread: None

Heap address: 0x0000000700000000, size: 4096 MB, Compressed Oops mode: Zero based, Oop shift amount: 3
Narrow klass base: 0x0000000800000000, Narrow klass shift: 3
Compressed class space size: 1073741824 Address: 0x0000000801101000

Heap:
 garbage-first heap   total 27648K, used 7067K [0x0000000700000000, 0x0000000800000000)
  region size 1024K, 2 young (2048K), 1 survivors (1024K)
 Metaspace       used 7126K, capacity 9022K, committed 9344K, reserved 1058816K
  class space    used 565K, capacity 802K, committed 896K, reserved 1048576K
Heap Regions: E=young(eden), S=young(survivor), O=old, HS=humongous(starts), HC=humongous(continues), CS=collection set, F=free, A=archive, TAMS=top-at-mark-start (previous, next)
|   0|0x0000000700000000, 0x0000000700100000, 0x0000000700100000|100%|HS|  |TAMS 0x0000000700000000, 0x0000000700000000| Complete 
|   1|0x0000000700100000, 0x0000000700100000, 0x0000000700200000|  0%| F|  |TAMS 0x0000000700100000, 0x0000000700100000| Untracked 
|   2|0x0000000700200000, 0x0000000700200000, 0x0000000700300000|  0%| F|  |TAMS 0x0000000700200000, 0x0000000700200000| Untracked 
|   3|0x0000000700300000, 0x0000000700300000, 0x0000000700400000|  0%| F|  |TAMS 0x0000000700300000, 0x0000000700300000| Untracked 
|   4|0x0000000700400000, 0x0000000700400000, 0x0000000700500000|  0%| F|  |TAMS 0x0000000700400000, 0x0000000700400000| Untracked 
|   5|0x0000000700500000, 0x000000070058ae00, 0x0000000700600000| 54%| O|  |TAMS 0x0000000700588c00, 0x0000000700500000| Untracked 
|   6|0x0000000700600000, 0x0000000700700000, 0x0000000700700000|100%| O|  |TAMS 0x0000000700700000, 0x0000000700600000| Untracked 
|   7|0x0000000700700000, 0x0000000700800000, 0x0000000700800000|100%| O|  |TAMS 0x0000000700800000, 0x0000000700700000| Untracked 
|   8|0x0000000700800000, 0x0000000700800000, 0x0000000700900000|  0%| F|  |TAMS 0x0000000700800000, 0x0000000700800000| Untracked 
|   9|0x0000000700900000, 0x0000000700900000, 0x0000000700a00000|  0%| F|  |TAMS 0x0000000700900000, 0x0000000700900000| Untracked 
|  10|0x0000000700a00000, 0x0000000700b00000, 0x0000000700b00000|100%| O|  |TAMS 0x0000000700b00000, 0x0000000700a00000| Untracked 
|  11|0x0000000700b00000, 0x0000000700c00000, 0x0000000700c00000|100%| O|  |TAMS 0x0000000700c00000, 0x0000000700b00000| Untracked 
|  12|0x0000000700c00000, 0x0000000700c90a00, 0x0000000700d00000| 56%| O|  |TAMS 0x0000000700c90a00, 0x0000000700c00000| Untracked 
|  13|0x0000000700d00000, 0x0000000700d00000, 0x0000000700e00000|  0%| F|  |TAMS 0x0000000700d00000, 0x0000000700d00000| Untracked 
|  14|0x0000000700e00000, 0x0000000700e00000, 0x0000000700f00000|  0%| F|  |TAMS 0x0000000700e00000, 0x0000000700e00000| Untracked 
|  15|0x0000000700f00000, 0x0000000700f00000, 0x0000000701000000|  0%| F|  |TAMS 0x0000000700f00000, 0x0000000700f00000| Untracked 
|  16|0x0000000701000000, 0x0000000701000000, 0x0000000701100000|  0%| F|  |TAMS 0x0000000701000000, 0x0000000701000000| Untracked 
|  17|0x0000000701100000, 0x0000000701100000, 0x0000000701200000|  0%| F|  |TAMS 0x0000000701100000, 0x0000000701100000| Untracked 
|  18|0x0000000701200000, 0x0000000701200000, 0x0000000701300000|  0%| F|  |TAMS 0x0000000701200000, 0x0000000701200000| Untracked 
|  19|0x0000000701300000, 0x0000000701300000, 0x0000000701400000|  0%| F|  |TAMS 0x0000000701300000, 0x0000000701300000| Untracked 
| 214|0x000000070d600000, 0x000000070d600000, 0x000000070d700000|  0%| F|  |TAMS 0x000000070d600000, 0x000000070d600000| Untracked 
| 215|0x000000070d700000, 0x000000070d713788, 0x000000070d800000|  7%| S|CS|TAMS 0x000000070d700000, 0x000000070d700000| Complete 
| 216|0x000000070d800000, 0x000000070d800000, 0x000000070d900000|  0%| F|  |TAMS 0x000000070d800000, 0x000000070d800000| Untracked 
| 217|0x000000070d900000, 0x000000070d900000, 0x000000070da00000|  0%| F|  |TAMS 0x000000070d900000, 0x000000070d900000| Untracked 
| 255|0x000000070ff00000, 0x000000070ff43030, 0x0000000710000000| 26%| E|  |TAMS 0x000000070ff00000, 0x000000070ff00000| Complete 
|3070|0x00000007bfe00000, 0x00000007bfe48000, 0x00000007bff00000| 28%|OA|  |TAMS 0x00000007bfe48000, 0x00000007bfe00000| Untracked 
|3071|0x00000007bff00000, 0x00000007bff70000, 0x00000007c0000000| 43%|CA|  |TAMS 0x00000007bff70000, 0x00000007bff00000| Untracked 

Card table byte_map: [0x000000010ce48000,0x000000010d648000] _byte_map_base: 0x0000000109648000

Marking Bits (Prev, Next): (CMBitMap*) 0x00007fc479008658, (CMBitMap*) 0x00007fc479008618
 Prev Bits: [0x000000012a7e3000, 0x000000012e7e3000)
 Next Bits: [0x00000001267e3000, 0x000000012a7e3000)

Polling page: 0x00000001075cb000

Metaspace:

Usage:
  Non-class:      8.03 MB capacity,     6.41 MB ( 80%) used,     1.61 MB ( 20%) free+waste,    10.75 KB ( <1%) overhead. 
      Class:    802.00 KB capacity,   565.33 KB ( 70%) used,   232.05 KB ( 29%) free+waste,     4.62 KB ( <1%) overhead. 
       Both:      8.81 MB capacity,     6.96 MB ( 79%) used,     1.84 MB ( 21%) free+waste,    15.38 KB ( <1%) overhead. 

Virtual space:
  Non-class space:       10.00 MB reserved,       8.25 MB ( 82%) committed 
      Class space:        1.00 GB reserved,     896.00 KB ( <1%) committed 
             Both:        1.01 GB reserved,       9.12 MB ( <1%) committed 

Chunk freelists:
   Non-Class:  17.00 KB
       Class:  3.25 KB
        Both:  20.25 KB

CodeHeap 'non-profiled nmethods': size=120032Kb used=927Kb max_used=979Kb free=119104Kb
 bounds [0x000000011f2ab000, 0x000000011f51b000, 0x00000001267e3000]
CodeHeap 'profiled nmethods': size=120028Kb used=2576Kb max_used=3528Kb free=117451Kb
 bounds [0x0000000117d74000, 0x00000001180f4000, 0x000000011f2ab000]
CodeHeap 'non-nmethods': size=5700Kb used=1204Kb max_used=1237Kb free=4495Kb
 bounds [0x00000001177e3000, 0x0000000117a53000, 0x0000000117d74000]
 total_blobs=2874 nmethods=1519 adapters=488
 compilation: enabled
              stopped_count=0, restarted_count=0
 full_count=0

Compilation events (10 events):
Event: 40.381 Thread 0x00007fc47c80d000 1780       1       com.mygdx.nextlevel.screens.ItemShowcaseScreen::keyTyped (2 bytes)
Event: 40.382 Thread 0x00007fc47c80d000 nmethod 1780 0x000000011f39ee90 code [0x000000011f39f040, 0x000000011f39f170]
Event: 41.418 Thread 0x00007fc47c80c000 1781       4       com.badlogic.gdx.utils.Array::clear (19 bytes)
Event: 41.423 Thread 0x00007fc47c80c000 nmethod 1781 0x000000011f39f210 code [0x000000011f39f3a0, 0x000000011f39f698]
Event: 42.018 Thread 0x00007fc47c80d000 1782       3       com.badlogic.gdx.physics.box2d.Box2DDebugRenderer::renderBodies (194 bytes)
Event: 42.019 Thread 0x00007fc47c80d000 nmethod 1782 0x0000000117d90d10 code [0x0000000117d91080, 0x0000000117d92258]
Event: 42.154 Thread 0x00007fc47c80c000 1783       4       java.util.HashMap::get (23 bytes)
Event: 42.159 Thread 0x00007fc47c80c000 nmethod 1783 0x000000011f39f810 code [0x000000011f39f9e0, 0x000000011f39fee8]
Event: 43.750 Thread 0x00007fc47c80c000 1784       4       java.lang.Long::reverseBytes (46 bytes)
Event: 43.750 Thread 0x00007fc47c80c000 nmethod 1784 0x000000011f2d8090 code [0x000000011f2d8220, 0x000000011f2d82b8]

GC Heap History (10 events):
Event: 45.532 GC heap before
{Heap before GC invocations=439 (full 0):
 garbage-first heap   total 27648K, used 11118K [0x0000000700000000, 0x0000000800000000)
  region size 1024K, 3 young (3072K), 1 survivors (1024K)
 Metaspace       used 7126K, capacity 9022K, committed 9344K, reserved 1058816K
  class space    used 565K, capacity 802K, committed 896K, reserved 1048576K
}
Event: 45.533 GC heap after
{Heap after GC invocations=440 (full 0):
 garbage-first heap   total 27648K, used 6007K [0x0000000700000000, 0x0000000800000000)
  region size 1024K, 1 young (1024K), 1 survivors (1024K)
 Metaspace       used 7126K, capacity 9022K, committed 9344K, reserved 1058816K
  class space    used 565K, capacity 802K, committed 896K, reserved 1048576K
}
Event: 45.683 GC heap before
{Heap before GC invocations=441 (full 0):
 garbage-first heap   total 27648K, used 11127K [0x0000000700000000, 0x0000000800000000)
  region size 1024K, 3 young (3072K), 1 survivors (1024K)
 Metaspace       used 7126K, capacity 9022K, committed 9344K, reserved 1058816K
  class space    used 565K, capacity 802K, committed 896K, reserved 1048576K
}
Event: 45.683 GC heap after
{Heap after GC invocations=442 (full 0):
 garbage-first heap   total 27648K, used 6012K [0x0000000700000000, 0x0000000800000000)
  region size 1024K, 1 young (1024K), 1 survivors (1024K)
 Metaspace       used 7126K, capacity 9022K, committed 9344K, reserved 1058816K
  class space    used 565K, capacity 802K, committed 896K, reserved 1048576K
}
Event: 45.811 GC heap before
{Heap before GC invocations=443 (full 0):
 garbage-first heap   total 27648K, used 11132K [0x0000000700000000, 0x0000000800000000)
  region size 1024K, 3 young (3072K), 1 survivors (1024K)
 Metaspace       used 7126K, capacity 9022K, committed 9344K, reserved 1058816K
  class space    used 565K, capacity 802K, committed 896K, reserved 1048576K
}
Event: 45.811 GC heap after
{Heap after GC invocations=444 (full 0):
 garbage-first heap   total 27648K, used 6025K [0x0000000700000000, 0x0000000800000000)
  region size 1024K, 1 young (1024K), 1 survivors (1024K)
 Metaspace       used 7126K, capacity 9022K, committed 9344K, reserved 1058816K
  class space    used 565K, capacity 802K, committed 896K, reserved 1048576K
}
Event: 45.976 GC heap before
{Heap before GC invocations=445 (full 0):
 garbage-first heap   total 27648K, used 11145K [0x0000000700000000, 0x0000000800000000)
  region size 1024K, 3 young (3072K), 1 survivors (1024K)
 Metaspace       used 7126K, capacity 9022K, committed 9344K, reserved 1058816K
  class space    used 565K, capacity 802K, committed 896K, reserved 1048576K
}
Event: 45.977 GC heap after
{Heap after GC invocations=446 (full 0):
 garbage-first heap   total 27648K, used 6036K [0x0000000700000000, 0x0000000800000000)
  region size 1024K, 1 young (1024K), 1 survivors (1024K)
 Metaspace       used 7126K, capacity 9022K, committed 9344K, reserved 1058816K
  class space    used 565K, capacity 802K, committed 896K, reserved 1048576K
}
Event: 46.104 GC heap before
{Heap before GC invocations=447 (full 0):
 garbage-first heap   total 27648K, used 11156K [0x0000000700000000, 0x0000000800000000)
  region size 1024K, 3 young (3072K), 1 survivors (1024K)
 Metaspace       used 7126K, capacity 9022K, committed 9344K, reserved 1058816K
  class space    used 565K, capacity 802K, committed 896K, reserved 1048576K
}
Event: 46.104 GC heap after
{Heap after GC invocations=448 (full 0):
 garbage-first heap   total 27648K, used 6043K [0x0000000700000000, 0x0000000800000000)
  region size 1024K, 1 young (1024K), 1 survivors (1024K)
 Metaspace       used 7126K, capacity 9022K, committed 9344K, reserved 1058816K
  class space    used 565K, capacity 802K, committed 896K, reserved 1048576K
}

Deoptimization events (8 events):
Event: 1.338 Thread 0x00007fc47d0ac000 Uncommon trap: reason=unstable_if action=reinterpret pc=0x000000011f2e17d8 method=java.lang.StringUTF16.compress([CI[BII)I @ 20 c2
Event: 1.338 Thread 0x00007fc47d0ac000 Uncommon trap: reason=unstable_if action=reinterpret pc=0x000000011f2bb1a4 method=java.lang.String.startsWith(Ljava/lang/String;I)Z @ 46 c2
Event: 1.338 Thread 0x00007fc47d0ac000 Uncommon trap: reason=unstable_if action=reinterpret pc=0x000000011f2b0c08 method=java.lang.String.isLatin1()Z @ 10 c2
Event: 1.338 Thread 0x00007fc47d0ac000 Uncommon trap: reason=unstable_if action=reinterpret pc=0x000000011f2d86a8 method=java.lang.String.isLatin1()Z @ 10 c2
Event: 1.344 Thread 0x00007fc47d0ac000 Uncommon trap: reason=unstable_if action=reinterpret pc=0x000000011f2e4cc0 method=java.util.StringTokenizer.scanToken(I)I @ 7 c2
Event: 2.243 Thread 0x00007fc47d841800 Uncommon trap: reason=unstable_if action=reinterpret pc=0x000000011f2ab224 method=java.lang.String.isLatin1()Z @ 10 c2
Event: 33.851 Thread 0x00007fc47d0ac000 Uncommon trap: reason=unstable_if action=reinterpret pc=0x000000011f372518 method=com.badlogic.gdx.scenes.scene2d.ui.Widget.validate()V @ 79 c2
Event: 39.523 Thread 0x00007fc47d0ac000 Uncommon trap: reason=unstable_if action=reinterpret pc=0x000000011f3929f8 method=com.badlogic.gdx.graphics.glutils.ImmediateModeRenderer20.flush()V @ 4 c2

Classes redefined (0 events):
No events

Internal exceptions (6 events):
Event: 0.135 Thread 0x00007fc47980b800 Exception <a 'java/lang/ClassNotFoundException'{0x000000070fc67ba8}: sun/awt/resources/spi/awtProvider> (0x000000070fc67ba8) thrown at [/scratch/mesos/slaves/ae206c0d-865c-4d69-a16b-c4e90bf2719f-S399/frameworks/1735e8a2-a1db-478c-8104-60c8b0af87dd-0196/ex
Event: 0.157 Thread 0x00007fc47980b800 Exception <a 'java/io/FileNotFoundException'{0x000000070fcb4c60}> (0x000000070fcb4c60) thrown at [/scratch/mesos/slaves/ae206c0d-865c-4d69-a16b-c4e90bf2719f-S399/frameworks/1735e8a2-a1db-478c-8104-60c8b0af87dd-0196/executors/d4337cad-8111-46d8-8d39-fb2ce6
Event: 0.171 Thread 0x00007fc47980b800 Exception <a 'java/io/FileNotFoundException'{0x000000070fb22ca0}> (0x000000070fb22ca0) thrown at [/scratch/mesos/slaves/ae206c0d-865c-4d69-a16b-c4e90bf2719f-S399/frameworks/1735e8a2-a1db-478c-8104-60c8b0af87dd-0196/executors/d4337cad-8111-46d8-8d39-fb2ce6
Event: 0.175 Thread 0x00007fc47980b800 Exception <a 'java/lang/ClassNotFoundException'{0x000000070fb2bf58}: sun/awt/resources/spi/awtosxProvider> (0x000000070fb2bf58) thrown at [/scratch/mesos/slaves/ae206c0d-865c-4d69-a16b-c4e90bf2719f-S399/frameworks/1735e8a2-a1db-478c-8104-60c8b0af87dd-0196
Event: 0.188 Thread 0x00007fc47980b800 Exception <a 'java/lang/NoSuchMethodError'{0x000000070fb62540}: java.lang.invoke.DirectMethodHandle$Holder.invokeStatic(Ljava/lang/Object;Ljava/lang/Object;Ljava/lang/Object;Ljava/lang/Object;Ljava/lang/Object;Ljava/lang/Object;Ljava/lang/Object;J)Ljava/l
Event: 0.698 Thread 0x00007fc47d0ac000 Exception <a 'java/lang/NoSuchMethodError'{0x000000070f6ce368}: java.lang.invoke.DirectMethodHandle$Holder.invokeSpecialIFC(Ljava/lang/Object;Ljava/lang/Object;I)I> (0x000000070f6ce368) thrown at [/scratch/mesos/slaves/ae206c0d-865c-4d69-a16b-c4e90bf2719f

Events (10 events):
Event: 45.982 Executing VM operation: G1Concurrent
Event: 45.983 Executing VM operation: G1Concurrent done
Event: 45.985 Executing VM operation: G1Concurrent
Event: 45.985 Executing VM operation: G1Concurrent done
Event: 46.104 Executing VM operation: G1CollectForAllocation
Event: 46.104 Executing VM operation: G1CollectForAllocation done
Event: 46.109 Executing VM operation: G1Concurrent
Event: 46.111 Executing VM operation: G1Concurrent done
Event: 46.113 Executing VM operation: G1Concurrent
Event: 46.113 Executing VM operation: G1Concurrent done


Dynamic libraries:
0x00007fff2a4d0000 	/usr/lib/libz.1.dylib
0x0000000107574000 	/Library/Java/JavaVirtualMachines/jdk-12.0.2.jdk/Contents/Home/lib/libjli.dylib
0x00007fff34f04000 	/System/Library/Frameworks/Cocoa.framework/Versions/A/Cocoa
0x00007fff2224e000 	/System/Library/Frameworks/Security.framework/Versions/A/Security
0x00007fff3310c000 	/System/Library/Frameworks/ApplicationServices.framework/Versions/A/ApplicationServices
0x00007fff2a598000 	/usr/lib/libSystem.B.dylib
0x00007fff2a592000 	/usr/lib/system/libcache.dylib
0x00007fff2a54e000 	/usr/lib/system/libcommonCrypto.dylib
0x00007fff2a578000 	/usr/lib/system/libcompiler_rt.dylib
0x00007fff2a56d000 	/usr/lib/system/libcopyfile.dylib
0x00007fff20147000 	/usr/lib/system/libcorecrypto.dylib
0x00007fff20212000 	/usr/lib/system/libdispatch.dylib
0x00007fff203c5000 	/usr/lib/system/libdyld.dylib
0x00007fff2a589000 	/usr/lib/system/libkeymgr.dylib
0x00007fff2d99c000 	/usr/lib/system/liblaunch.dylib
0x00007fff2a52c000 	/usr/lib/system/libmacho.dylib
0x00007fff29d24000 	/usr/lib/system/libquarantine.dylib
0x00007fff2a586000 	/usr/lib/system/libremovefile.dylib
0x00007fff24c2a000 	/usr/lib/system/libsystem_asl.dylib
0x00007fff200f7000 	/usr/lib/system/libsystem_blocks.dylib
0x00007fff20294000 	/usr/lib/system/libsystem_c.dylib
0x00007fff2a580000 	/usr/lib/system/libsystem_collections.dylib
0x00007fff2902a000 	/usr/lib/system/libsystem_configuration.dylib
0x00007fff28316000 	/usr/lib/system/libsystem_containermanager.dylib
0x00007fff2a2cf000 	/usr/lib/system/libsystem_coreservices.dylib
0x00007fff22806000 	/usr/lib/system/libsystem_darwin.dylib
0x00007fff2a58a000 	/usr/lib/system/libsystem_dnssd.dylib
0x00007fff20291000 	/usr/lib/system/libsystem_featureflags.dylib
0x00007fff2040b000 	/usr/lib/system/libsystem_info.dylib
0x00007fff2a4e3000 	/usr/lib/system/libsystem_m.dylib
0x00007fff201e5000 	/usr/lib/system/libsystem_malloc.dylib
0x00007fff24bbd000 	/usr/lib/system/libsystem_networkextension.dylib
0x00007fff22c25000 	/usr/lib/system/libsystem_notify.dylib
0x00007fff2fe33000 	/usr/lib/system/libsystem_product_info_filter.dylib
0x00007fff2902e000 	/usr/lib/system/libsystem_sandbox.dylib
0x00007fff2a583000 	/usr/lib/system/libsystem_secinit.dylib
0x00007fff20389000 	/usr/lib/system/libsystem_kernel.dylib
0x00007fff20401000 	/usr/lib/system/libsystem_platform.dylib
0x00007fff203b9000 	/usr/lib/system/libsystem_pthread.dylib
0x00007fff26307000 	/usr/lib/system/libsystem_symptoms.dylib
0x00007fff2012f000 	/usr/lib/system/libsystem_trace.dylib
0x00007fff2a55a000 	/usr/lib/system/libunwind.dylib
0x00007fff200f9000 	/usr/lib/system/libxpc.dylib
0x00007fff20373000 	/usr/lib/libc++abi.dylib
0x00007fff20257000 	/usr/lib/libobjc.A.dylib
0x00007fff2a565000 	/usr/lib/liboah.dylib
0x00007fff2031d000 	/usr/lib/libc++.1.dylib
0x00007fff20437000 	/System/Library/Frameworks/CoreFoundation.framework/Versions/A/CoreFoundation
0x00007fff211e6000 	/System/Library/Frameworks/Foundation.framework/Versions/C/Foundation
0x00007fff22c7f000 	/System/Library/Frameworks/AppKit.framework/Versions/C/AppKit
0x00007fff25b43000 	/System/Library/Frameworks/CoreData.framework/Versions/A/CoreData
0x00007fff239cb000 	/System/Library/PrivateFrameworks/UIFoundation.framework/Versions/A/UIFoundation
0x00007fff2fbc6000 	/System/Library/PrivateFrameworks/RemoteViewServices.framework/Versions/A/RemoteViewServices
0x00007fff289dc000 	/System/Library/PrivateFrameworks/XCTTargetBootstrap.framework/Versions/A/XCTTargetBootstrap
0x00007fff2b6c2000 	/usr/lib/libspindump.dylib
0x00007fff23c1a000 	/System/Library/Frameworks/UniformTypeIdentifiers.framework/Versions/A/UniformTypeIdentifiers
0x00007fff271e0000 	/usr/lib/libapp_launch_measurement.dylib
0x00007fff271e3000 	/System/Library/PrivateFrameworks/CoreAutoLayout.framework/Versions/A/CoreAutoLayout
0x00007fff28343000 	/System/Library/Frameworks/Metal.framework/Versions/A/Metal
0x00007fff29039000 	/usr/lib/liblangid.dylib
0x00007fff289e0000 	/System/Library/PrivateFrameworks/CoreSVG.framework/Versions/A/CoreSVG
0x00007fff24c5a000 	/System/Library/PrivateFrameworks/SkyLight.framework/Versions/A/SkyLight
0x00007fff24fc0000 	/System/Library/Frameworks/CoreGraphics.framework/Versions/A/CoreGraphics
0x00007fff300ed000 	/System/Library/Frameworks/Accelerate.framework/Versions/A/Accelerate
0x00007fff2b100000 	/System/Library/PrivateFrameworks/IconServices.framework/Versions/A/IconServices
0x00007fff28327000 	/System/Library/Frameworks/IOSurface.framework/Versions/A/IOSurface
0x00007fff264cb000 	/usr/lib/libDiagnosticMessagesClient.dylib
0x00007fff289c8000 	/System/Library/PrivateFrameworks/DFRFoundation.framework/Versions/A/DFRFoundation
0x00007fff225a6000 	/usr/lib/libicucore.A.dylib
0x00007fff2cc05000 	/System/Library/Frameworks/AudioToolbox.framework/Versions/A/AudioToolbox
0x00007fff2be8d000 	/System/Library/PrivateFrameworks/DataDetectorsCore.framework/Versions/A/DataDetectorsCore
0x00007fff24bcd000 	/usr/lib/libMobileGestalt.dylib
0x00007fff286cc000 	/System/Library/Frameworks/Carbon.framework/Versions/A/Frameworks/HIToolbox.framework/Versions/A/HIToolbox
0x00007fff26c25000 	/System/Library/Frameworks/QuartzCore.framework/Versions/A/QuartzCore
0x00007fff2fbfe000 	/System/Library/Frameworks/Carbon.framework/Versions/A/Frameworks/SpeechRecognition.framework/Versions/A/SpeechRecognition
0x00007fff26f45000 	/System/Library/PrivateFrameworks/CoreUI.framework/Versions/A/CoreUI
0x00007fff21bbc000 	/System/Library/Frameworks/CoreAudio.framework/Versions/A/CoreAudio
0x00007fff265b6000 	/System/Library/Frameworks/DiskArbitration.framework/Versions/A/DiskArbitration
0x00007fff2ba90000 	/System/Library/PrivateFrameworks/MultitouchSupport.framework/Versions/A/MultitouchSupport
0x00007fff2be84000 	/System/Library/PrivateFrameworks/InternationalSupport.framework/Versions/A/InternationalSupport
0x00007fff24bcc000 	/usr/lib/libenergytrace.dylib
0x00007fff22b76000 	/System/Library/Frameworks/IOKit.framework/Versions/A/IOKit
0x00007fff2ff31000 	/System/Library/Frameworks/CoreServices.framework/Versions/A/CoreServices
0x00007fff27172000 	/System/Library/PrivateFrameworks/PerformanceAnalysis.framework/Versions/A/PerformanceAnalysis
0x00007fff6ba9e000 	/System/Library/Frameworks/OpenGL.framework/Versions/A/OpenGL
0x00007fff2bf08000 	/System/Library/PrivateFrameworks/UserActivity.framework/Versions/A/UserActivity
0x00007fff2564a000 	/System/Library/Frameworks/ColorSync.framework/Versions/A/ColorSync
0x00007fff28c47000 	/System/Library/Frameworks/CoreImage.framework/Versions/A/CoreImage
0x00007fff219d6000 	/System/Library/Frameworks/CoreText.framework/Versions/A/CoreText
0x00007fff28a0a000 	/System/Library/Frameworks/ImageIO.framework/Versions/A/ImageIO
0x00007fff2a59e000 	/System/Library/PrivateFrameworks/SoftLinking.framework/Versions/A/SoftLinking
0x00007fff2722b000 	/usr/lib/libxml2.2.dylib
0x00007fff2a80f000 	/usr/lib/libcompression.dylib
0x00007fff2bdb6000 	/System/Library/PrivateFrameworks/TextureIO.framework/Versions/A/TextureIO
0x00007fff2ae3e000 	/usr/lib/libate.dylib
0x00007fff2ac23000 	/usr/lib/liblzma.5.dylib
0x00007fff20efa000 	/System/Library/Frameworks/SystemConfiguration.framework/Versions/A/SystemConfiguration
0x00007fff2a59a000 	/usr/lib/libfakelink.dylib
0x00007fff2471e000 	/System/Library/Frameworks/CFNetwork.framework/Versions/A/CFNetwork
0x00007fff2a6da000 	/usr/lib/libarchive.2.dylib
0x00007fff20f78000 	/usr/lib/libCRFSuite.dylib
0x00007fff29d4b000 	/usr/lib/libbsm.0.dylib
0x00007fff24097000 	/usr/lib/libnetwork.dylib
0x00007fff2a59f000 	/usr/lib/libpcap.A.dylib
0x00007fff26300000 	/usr/lib/libdns_services.dylib
0x00007fff2ac3c000 	/usr/lib/libcoretls_cfhelpers.dylib
0x00007fff2a7d9000 	/usr/lib/libapple_nghttp2.dylib
0x00007fff2a532000 	/usr/lib/system/libkxld.dylib
0x00007fff25f79000 	/usr/lib/libsqlite3.dylib
0x00007fff2a2b2000 	/System/Library/PrivateFrameworks/AppleFSCompression.framework/Versions/A/AppleFSCompression
0x00007fff29d33000 	/usr/lib/libcoretls.dylib
0x00007fff2a80a000 	/usr/lib/libpam.2.dylib
0x00007fff2ad3a000 	/usr/lib/libxar.1.dylib
0x00007fff29035000 	/System/Library/PrivateFrameworks/AppleSystemInfo.framework/Versions/A/AppleSystemInfo
0x00007fff29975000 	/System/Library/PrivateFrameworks/IOMobileFramebuffer.framework/Versions/A/IOMobileFramebuffer
0x00007fff2a2c2000 	/usr/lib/libbz2.1.0.dylib
0x00007fff2a5d7000 	/usr/lib/libiconv.2.dylib
0x00007fff2a52b000 	/usr/lib/libcharset.1.dylib
0x00007fff271ae000 	/System/Library/Frameworks/CoreServices.framework/Versions/A/Frameworks/FSEvents.framework/Versions/A/FSEvents
0x00007fff22810000 	/System/Library/Frameworks/CoreServices.framework/Versions/A/Frameworks/CarbonCore.framework/Versions/A/CarbonCore
0x00007fff2651b000 	/System/Library/Frameworks/CoreServices.framework/Versions/A/Frameworks/Metadata.framework/Versions/A/Metadata
0x00007fff2a2d4000 	/System/Library/Frameworks/CoreServices.framework/Versions/A/Frameworks/OSServices.framework/Versions/A/OSServices
0x00007fff2a74c000 	/System/Library/Frameworks/CoreServices.framework/Versions/A/Frameworks/SearchKit.framework/Versions/A/SearchKit
0x00007fff2628b000 	/System/Library/Frameworks/CoreServices.framework/Versions/A/Frameworks/AE.framework/Versions/A/AE
0x00007fff208d5000 	/System/Library/Frameworks/CoreServices.framework/Versions/A/Frameworks/LaunchServices.framework/Versions/A/LaunchServices
0x00007fff2abd3000 	/System/Library/Frameworks/CoreServices.framework/Versions/A/Frameworks/DictionaryServices.framework/Versions/A/DictionaryServices
0x00007fff271bb000 	/System/Library/Frameworks/CoreServices.framework/Versions/A/Frameworks/SharedFileList.framework/Versions/A/SharedFileList
0x00007fff29d27000 	/usr/lib/libCheckFix.dylib
0x00007fff24c41000 	/System/Library/PrivateFrameworks/TCC.framework/Versions/A/TCC
0x00007fff2903b000 	/System/Library/PrivateFrameworks/CoreNLP.framework/Versions/A/CoreNLP
0x00007fff264ce000 	/System/Library/PrivateFrameworks/MetadataUtilities.framework/Versions/A/MetadataUtilities
0x00007fff20fad000 	/usr/lib/libmecabra.dylib
0x00007fff2a031000 	/System/Library/Frameworks/MLCompute.framework/Versions/A/MLCompute
0x00007fff29d5c000 	/usr/lib/libmecab.dylib
0x00007fff29da6000 	/usr/lib/libgermantok.dylib
0x00007fff2a7b4000 	/usr/lib/libThaiTokenizer.dylib
0x00007fff2ad75000 	/usr/lib/libChineseTokenizer.dylib
0x00007fff2a808000 	/System/Library/Frameworks/MetalPerformanceShaders.framework/Versions/A/MetalPerformanceShaders
0x00007fff265bd000 	/System/Library/Frameworks/Accelerate.framework/Versions/A/Frameworks/vImage.framework/Versions/A/vImage
0x00007fff2ff0b000 	/System/Library/Frameworks/Accelerate.framework/Versions/A/Frameworks/vecLib.framework/Versions/A/vecLib
0x00007fff2ad80000 	/System/Library/Frameworks/Accelerate.framework/Versions/A/Frameworks/vecLib.framework/Versions/A/libvMisc.dylib
0x00007fff29790000 	/System/Library/Frameworks/Accelerate.framework/Versions/A/Frameworks/vecLib.framework/Versions/A/libvDSP.dylib
0x00007fff20be0000 	/System/Library/Frameworks/Accelerate.framework/Versions/A/Frameworks/vecLib.framework/Versions/A/libBLAS.dylib
0x00007fff2a835000 	/System/Library/Frameworks/Accelerate.framework/Versions/A/Frameworks/vecLib.framework/Versions/A/libLAPACK.dylib
0x00007fff29dac000 	/System/Library/Frameworks/Accelerate.framework/Versions/A/Frameworks/vecLib.framework/Versions/A/libLinearAlgebra.dylib
0x00007fff2a7f1000 	/System/Library/Frameworks/Accelerate.framework/Versions/A/Frameworks/vecLib.framework/Versions/A/libSparseBLAS.dylib
0x00007fff2a82f000 	/System/Library/Frameworks/Accelerate.framework/Versions/A/Frameworks/vecLib.framework/Versions/A/libQuadrature.dylib
0x00007fff290e7000 	/System/Library/Frameworks/Accelerate.framework/Versions/A/Frameworks/vecLib.framework/Versions/A/libBNNS.dylib
0x00007fff20e8b000 	/System/Library/Frameworks/Accelerate.framework/Versions/A/Frameworks/vecLib.framework/Versions/A/libSparse.dylib
0x00007fff28fc3000 	/System/Library/Frameworks/MetalPerformanceShaders.framework/Versions/A/Frameworks/MPSCore.framework/Versions/A/MPSCore
0x00007fff2a221000 	/System/Library/Frameworks/MetalPerformanceShaders.framework/Versions/A/Frameworks/MPSImage.framework/Versions/A/MPSImage
0x00007fff29dc2000 	/System/Library/Frameworks/MetalPerformanceShaders.framework/Versions/A/Frameworks/MPSNeuralNetwork.framework/Versions/A/MPSNeuralNetwork
0x00007fff2a193000 	/System/Library/Frameworks/MetalPerformanceShaders.framework/Versions/A/Frameworks/MPSMatrix.framework/Versions/A/MPSMatrix
0x00007fff29fe1000 	/System/Library/Frameworks/MetalPerformanceShaders.framework/Versions/A/Frameworks/MPSRayIntersector.framework/Versions/A/MPSRayIntersector
0x00007fff2a1ca000 	/System/Library/Frameworks/MetalPerformanceShaders.framework/Versions/A/Frameworks/MPSNDArray.framework/Versions/A/MPSNDArray
0x00007fff20b0b000 	/System/Library/PrivateFrameworks/MetalTools.framework/Versions/A/MetalTools
0x00007fff29033000 	/System/Library/PrivateFrameworks/AggregateDictionary.framework/Versions/A/AggregateDictionary
0x00007fff2649b000 	/System/Library/PrivateFrameworks/CoreAnalytics.framework/Versions/A/CoreAnalytics
0x00007fff2a7b6000 	/System/Library/PrivateFrameworks/AppleSauce.framework/Versions/A/AppleSauce
0x00007fff28339000 	/System/Library/PrivateFrameworks/IOAccelerator.framework/Versions/A/IOAccelerator
0x00007fff6ba92000 	/System/Library/Frameworks/OpenGL.framework/Versions/A/Libraries/libCoreFSCache.dylib
0x00007fff21545000 	/System/Library/PrivateFrameworks/LanguageModeling.framework/Versions/A/LanguageModeling
0x00007fff29963000 	/System/Library/PrivateFrameworks/CoreEmoji.framework/Versions/A/CoreEmoji
0x00007fff290e0000 	/System/Library/PrivateFrameworks/LinguisticData.framework/Versions/A/LinguisticData
0x00007fff20e3d000 	/System/Library/PrivateFrameworks/Lexicon.framework/Versions/A/Lexicon
0x00007fff2a6c8000 	/usr/lib/libcmph.dylib
0x00007fff2718e000 	/System/Library/Frameworks/OpenDirectory.framework/Versions/A/Frameworks/CFOpenDirectory.framework/Versions/A/CFOpenDirectory
0x00007fff2717e000 	/System/Library/Frameworks/OpenDirectory.framework/Versions/A/OpenDirectory
0x00007fff2ac3e000 	/System/Library/PrivateFrameworks/APFS.framework/Versions/A/APFS
0x00007fff29c89000 	/System/Library/Frameworks/SecurityFoundation.framework/Versions/A/SecurityFoundation
0x00007fff2ad48000 	/usr/lib/libutil.dylib
0x00007fff22b3b000 	/System/Library/PrivateFrameworks/CoreServicesStore.framework/Versions/A/CoreServicesStore
0x00007fff29d1f000 	/System/Library/Frameworks/ServiceManagement.framework/Versions/A/ServiceManagement
0x00007fff2ad4c000 	/usr/lib/libxslt.1.dylib
0x00007fff29d15000 	/System/Library/PrivateFrameworks/BackgroundTaskManagement.framework/Versions/A/BackgroundTaskManagement
0x00007fff2bd00000 	/System/Library/Frameworks/ImageIO.framework/Versions/A/Resources/libRadiance.dylib
0x00007fff2bd0a000 	/System/Library/Frameworks/ImageIO.framework/Versions/A/Resources/libJPEG.dylib
0x00007fff2bc5a000 	/System/Library/Frameworks/ImageIO.framework/Versions/A/Resources/libPng.dylib
0x00007fff2bc7b000 	/System/Library/Frameworks/ImageIO.framework/Versions/A/Resources/libTIFF.dylib
0x00007fff2bd5f000 	/System/Library/Frameworks/ImageIO.framework/Versions/A/Resources/libGIF.dylib
0x00007fff2b9ac000 	/System/Library/Frameworks/ImageIO.framework/Versions/A/Resources/libJP2.dylib
0x00007fff2b0c7000 	/usr/lib/libexpat.1.dylib
0x00007fff2b962000 	/System/Library/PrivateFrameworks/AppleJPEG.framework/Versions/A/AppleJPEG
0x00007fff2856f000 	/System/Library/PrivateFrameworks/FontServices.framework/libFontParser.dylib
0x00007fff26242000 	/System/Library/PrivateFrameworks/RunningBoardServices.framework/Versions/A/RunningBoardServices
0x00007fff2ba8c000 	/System/Library/PrivateFrameworks/WatchdogClient.framework/Versions/A/WatchdogClient
0x00007fff2162e000 	/System/Library/Frameworks/CoreDisplay.framework/Versions/A/CoreDisplay
0x00007fff28484000 	/System/Library/Frameworks/CoreMedia.framework/Versions/A/CoreMedia
0x00007fff2730e000 	/System/Library/Frameworks/CoreVideo.framework/Versions/A/CoreVideo
0x00007fff2bac7000 	/System/Library/Frameworks/VideoToolbox.framework/Versions/A/VideoToolbox
0x00007fff261c2000 	/System/Library/PrivateFrameworks/BaseBoard.framework/Versions/A/BaseBoard
0x00007fff2b20c000 	/System/Library/PrivateFrameworks/PersistentConnection.framework/Versions/A/PersistentConnection
0x00007fff25f63000 	/System/Library/PrivateFrameworks/ProtocolBuffer.framework/Versions/A/ProtocolBuffer
0x00007fff261aa000 	/System/Library/PrivateFrameworks/CommonUtilities.framework/Versions/A/CommonUtilities
0x00007fff2b925000 	/System/Library/PrivateFrameworks/Bom.framework/Versions/A/Bom
0x00007fff2bcf8000 	/System/Library/PrivateFrameworks/GPUWrangler.framework/Versions/A/GPUWrangler
0x00007fff2bcdb000 	/System/Library/PrivateFrameworks/IOPresentment.framework/Versions/A/IOPresentment
0x00007fff2bd04000 	/System/Library/PrivateFrameworks/DSExternalDisplay.framework/Versions/A/DSExternalDisplay
0x00007fff2bd64000 	/System/Library/PrivateFrameworks/CMCaptureCore.framework/Versions/A/CMCaptureCore
0x00007fff2b6a8000 	/System/Library/PrivateFrameworks/AppServerSupport.framework/Versions/A/AppServerSupport
0x00007fff2d73f000 	/System/Library/PrivateFrameworks/perfdata.framework/Versions/A/perfdata
0x00007fff29c78000 	/System/Library/PrivateFrameworks/AssertionServices.framework/Versions/A/AssertionServices
0x00007fff21765000 	/System/Library/PrivateFrameworks/AudioToolboxCore.framework/Versions/A/AudioToolboxCore
0x00007fff28467000 	/System/Library/PrivateFrameworks/caulk.framework/Versions/A/caulk
0x00007fff3cbeb000 	/System/Library/PrivateFrameworks/SystemPolicy.framework/Versions/A/SystemPolicy
0x00007fff2aed6000 	/usr/lib/libIOReport.dylib
0x00007fff2cf7b000 	/usr/lib/libSMC.dylib
0x00007fff2bc26000 	/usr/lib/libAudioToolboxUtility.dylib
0x00007fff3d548000 	/usr/lib/libmis.dylib
0x00007fff6baee000 	/System/Library/Frameworks/OpenGL.framework/Versions/A/Libraries/libGLU.dylib
0x00007fff6bab1000 	/System/Library/Frameworks/OpenGL.framework/Versions/A/Libraries/libGFXShared.dylib
0x00007fff6bcbf000 	/System/Library/Frameworks/OpenGL.framework/Versions/A/Libraries/libGL.dylib
0x00007fff6baba000 	/System/Library/Frameworks/OpenGL.framework/Versions/A/Libraries/libGLImage.dylib
0x00007fff6baae000 	/System/Library/Frameworks/OpenGL.framework/Versions/A/Libraries/libCVMSPluginSupport.dylib
0x00007fff6ba99000 	/System/Library/Frameworks/OpenGL.framework/Versions/A/Libraries/libCoreVMClient.dylib
0x00007fff6d109000 	/System/Library/Frameworks/OpenCL.framework/Versions/A/OpenCL
0x00007fff2b235000 	/System/Library/PrivateFrameworks/GraphVisualizer.framework/Versions/A/GraphVisualizer
0x00007fff2b244000 	/System/Library/PrivateFrameworks/FaceCore.framework/Versions/A/FaceCore
0x00007fff2b660000 	/System/Library/PrivateFrameworks/OTSVG.framework/Versions/A/OTSVG
0x00007fff26f03000 	/System/Library/Frameworks/ApplicationServices.framework/Versions/A/Frameworks/ATS.framework/Versions/A/Resources/libFontRegistry.dylib
0x00007fff2b6af000 	/System/Library/PrivateFrameworks/FontServices.framework/libhvf.dylib
0x00007fff2b073000 	/System/Library/PrivateFrameworks/AppleVA.framework/Versions/A/AppleVA
0x00007fff2cdc3000 	/System/Library/Frameworks/ApplicationServices.framework/Versions/A/Frameworks/ATS.framework/Versions/A/ATS
0x00007fff2d0d6000 	/System/Library/Frameworks/ApplicationServices.framework/Versions/A/Frameworks/ColorSyncLegacy.framework/Versions/A/ColorSyncLegacy
0x00007fff25741000 	/System/Library/Frameworks/ApplicationServices.framework/Versions/A/Frameworks/HIServices.framework/Versions/A/HIServices
0x00007fff2d0bb000 	/System/Library/Frameworks/ApplicationServices.framework/Versions/A/Frameworks/LangAnalysis.framework/Versions/A/LangAnalysis
0x00007fff2bd6e000 	/System/Library/Frameworks/ApplicationServices.framework/Versions/A/Frameworks/PrintCore.framework/Versions/A/PrintCore
0x00007fff2d0de000 	/System/Library/Frameworks/ApplicationServices.framework/Versions/A/Frameworks/QD.framework/Versions/A/QD
0x00007fff2cdb3000 	/System/Library/Frameworks/ApplicationServices.framework/Versions/A/Frameworks/SpeechSynthesis.framework/Versions/A/SpeechSynthesis
0x00007fff2bd2f000 	/System/Library/Frameworks/ApplicationServices.framework/Versions/A/Frameworks/ATSUI.framework/Versions/A/ATSUI
0x00007fff2d05b000 	/usr/lib/libcups.2.dylib
0x00007fff2d0cb000 	/System/Library/PrivateFrameworks/NetAuth.framework/Versions/A/NetAuth
0x00007fff2d75a000 	/System/Library/Frameworks/Kerberos.framework/Versions/A/Kerberos
0x00007fff2d76a000 	/System/Library/Frameworks/GSS.framework/Versions/A/GSS
0x00007fff2ce30000 	/usr/lib/libresolv.9.dylib
0x00007fff2b6c5000 	/System/Library/PrivateFrameworks/Heimdal.framework/Versions/A/Heimdal
0x00007fff33421000 	/System/Library/Frameworks/Kerberos.framework/Versions/A/Libraries/libHeimdalProxy.dylib
0x00007fff2630f000 	/System/Library/Frameworks/Network.framework/Versions/A/Network
0x00007fff2b0e1000 	/usr/lib/libheimdal-asn1.dylib
0x00007fff2d7bb000 	/System/Library/PrivateFrameworks/CommonAuth.framework/Versions/A/CommonAuth
0x00007fff2735c000 	/System/Library/PrivateFrameworks/login.framework/Versions/A/Frameworks/loginsupport.framework/Versions/A/loginsupport
0x00007fff2cd3a000 	/System/Library/PrivateFrameworks/AudioSession.framework/Versions/A/AudioSession
0x00007fff2cda0000 	/usr/lib/libAudioStatistics.dylib
0x00007fff2b16d000 	/System/Library/PrivateFrameworks/MediaExperience.framework/Versions/A/MediaExperience
0x00007fff2cbd3000 	/System/Library/PrivateFrameworks/AudioSession.framework/libSessionUtility.dylib
0x00007fff2d74b000 	/usr/lib/libperfcheck.dylib
0x00007fff2d0ea000 	/System/Library/PrivateFrameworks/AudioResourceArbitration.framework/Versions/A/AudioResourceArbitration
0x00007fff2b0eb000 	/System/Library/PrivateFrameworks/IconFoundation.framework/Versions/A/IconFoundation
0x00007fff2fbee000 	/System/Library/PrivateFrameworks/SpeechRecognitionCore.framework/Versions/A/SpeechRecognitionCore
0x000000010b800000 	/Library/Java/JavaVirtualMachines/jdk-12.0.2.jdk/Contents/Home/lib/server/libjvm.dylib
0x000000010759a000 	/Library/Java/JavaVirtualMachines/jdk-12.0.2.jdk/Contents/Home/lib/libverify.dylib
0x00000001075a6000 	/Library/Java/JavaVirtualMachines/jdk-12.0.2.jdk/Contents/Home/lib/libjava.dylib
0x0000000107615000 	/Library/Java/JavaVirtualMachines/jdk-12.0.2.jdk/Contents/Home/lib/libzip.dylib
0x000000010761d000 	/Library/Java/JavaVirtualMachines/jdk-12.0.2.jdk/Contents/Home/lib/libjimage.dylib
0x000000010772c000 	/Library/Java/JavaVirtualMachines/jdk-12.0.2.jdk/Contents/Home/lib/libnio.dylib
0x000000010773a000 	/Library/Java/JavaVirtualMachines/jdk-12.0.2.jdk/Contents/Home/lib/libnet.dylib
0x000000010774d000 	/private/var/folders/24/r0g8gyd90db_b8hqc0hrcql40000gn/T/libgdxjoseph/408cdd85/libgdx64.dylib
0x000000010e751000 	/Library/Java/JavaVirtualMachines/jdk-12.0.2.jdk/Contents/Home/lib/libawt.dylib
0x0000000107785000 	/Library/Java/JavaVirtualMachines/jdk-12.0.2.jdk/Contents/Home/lib/libmlib_image.dylib
0x00007fff6ea42000 	/System/Library/Frameworks/JavaNativeFoundation.framework/Versions/A/JavaNativeFoundation
0x00007fff6ea4e000 	/System/Library/Frameworks/JavaRuntimeSupport.framework/Versions/A/JavaRuntimeSupport
0x00007fff3c935000 	/System/Library/Frameworks/Carbon.framework/Versions/A/Carbon
0x00007fff31a5f000 	/System/Library/PrivateFrameworks/CoreSymbolication.framework/Versions/A/CoreSymbolication
0x00007fff363cc000 	/System/Library/Frameworks/Carbon.framework/Versions/A/Frameworks/CommonPanels.framework/Versions/A/CommonPanels
0x00007fff32eb6000 	/System/Library/Frameworks/Carbon.framework/Versions/A/Frameworks/Help.framework/Versions/A/Help
0x00007fff363d0000 	/System/Library/Frameworks/Carbon.framework/Versions/A/Frameworks/ImageCapture.framework/Versions/A/ImageCapture
0x00007fff363a0000 	/System/Library/Frameworks/Carbon.framework/Versions/A/Frameworks/OpenScripting.framework/Versions/A/OpenScripting
0x00007fff363c8000 	/System/Library/Frameworks/Carbon.framework/Versions/A/Frameworks/Ink.framework/Versions/A/Ink
0x00007fff3c931000 	/System/Library/Frameworks/Carbon.framework/Versions/A/Frameworks/Print.framework/Versions/A/Print
0x00007fff363c4000 	/System/Library/Frameworks/Carbon.framework/Versions/A/Frameworks/SecurityHI.framework/Versions/A/SecurityHI
0x00007fff31a23000 	/System/Library/PrivateFrameworks/DebugSymbols.framework/Versions/A/DebugSymbols
0x000000010e7e6000 	/Library/Java/JavaVirtualMachines/jdk-12.0.2.jdk/Contents/Home/lib/libawt_lwawt.dylib
0x000000010e890000 	/Library/Java/JavaVirtualMachines/jdk-12.0.2.jdk/Contents/Home/lib/libosxapp.dylib
0x00007fff3bf4c000 	/System/Library/Frameworks/ExceptionHandling.framework/Versions/A/ExceptionHandling
0x000000010e8ab000 	/Library/Java/JavaVirtualMachines/jdk-12.0.2.jdk/Contents/Home/lib/libfontmanager.dylib
0x000000010e9aa000 	/Library/Java/JavaVirtualMachines/jdk-12.0.2.jdk/Contents/Home/lib/libfreetype.dylib
0x00007fff22afc000 	/System/Library/PrivateFrameworks/CoreServicesInternal.framework/Versions/A/CoreServicesInternal
0x00007fff30f75000 	/System/Library/Frameworks/FileProvider.framework/Versions/A/FileProvider
0x00007fff2612d000 	/System/Library/Frameworks/Accounts.framework/Versions/A/Accounts
0x00007fff310c5000 	/System/Library/PrivateFrameworks/GenerationalStorage.framework/Versions/A/GenerationalStorage
0x00007fff30995000 	/System/Library/PrivateFrameworks/SymptomDiagnosticReporter.framework/Versions/A/SymptomDiagnosticReporter
0x00007fff23c2d000 	/System/Library/PrivateFrameworks/DesktopServicesPriv.framework/Versions/A/DesktopServicesPriv
0x00007fff22c31000 	/usr/lib/libsandbox.1.dylib
0x00007fff27387000 	/System/Library/PrivateFrameworks/UserManagement.framework/Versions/A/UserManagement
0x00007fff29c55000 	/System/Library/PrivateFrameworks/MobileKeyBag.framework/Versions/A/MobileKeyBag
0x00007fff344a4000 	/System/Library/PrivateFrameworks/ChunkingLibrary.framework/Versions/A/ChunkingLibrary
0x00007fff2e17e000 	/System/Library/PrivateFrameworks/Sharing.framework/Versions/A/Sharing
0x00007fff32a23000 	/System/Library/PrivateFrameworks/Apple80211.framework/Versions/A/Apple80211
0x00007fff2a302000 	/System/Library/PrivateFrameworks/AuthKit.framework/Versions/A/AuthKit
0x00007fff29a53000 	/System/Library/PrivateFrameworks/CoreUtils.framework/Versions/A/CoreUtils
0x00007fff29980000 	/System/Library/Frameworks/CoreWLAN.framework/Versions/A/CoreWLAN
0x00007fff2e2ca000 	/System/Library/Frameworks/IOBluetooth.framework/Versions/A/IOBluetooth
0x00007fff32a87000 	/System/Library/PrivateFrameworks/CoreWiFi.framework/Versions/A/CoreWiFi
0x00007fff2d841000 	/System/Library/PrivateFrameworks/CorePhoneNumbers.framework/Versions/A/CorePhoneNumbers
0x00007fff30a9c000 	/System/Library/PrivateFrameworks/DiskManagement.framework/Versions/A/DiskManagement
0x00007fff309b2000 	/System/Library/PrivateFrameworks/AppleIDAuthSupport.framework/Versions/A/AppleIDAuthSupport
0x00007fff2d821000 	/System/Library/PrivateFrameworks/KeychainCircle.framework/Versions/A/KeychainCircle
0x00007fff30a68000 	/System/Library/PrivateFrameworks/MediaKit.framework/Versions/A/MediaKit
0x00007fff309bf000 	/System/Library/Frameworks/DiscRecording.framework/Versions/A/DiscRecording
0x00007fff2afe7000 	/usr/lib/libCoreStorage.dylib
0x00007fff32ec2000 	/usr/lib/libcsfde.dylib
0x00007fff2e405000 	/System/Library/PrivateFrameworks/ProtectedCloudStorage.framework/Versions/A/ProtectedCloudStorage
0x00007fff32eba000 	/System/Library/PrivateFrameworks/EFILogin.framework/Versions/A/EFILogin
0x00007fff334d4000 	/System/Library/Frameworks/AudioUnit.framework/Versions/A/AudioUnit
0x00007fff3092f000 	/System/Library/Frameworks/CoreBluetooth.framework/Versions/A/CoreBluetooth
0x00007fff2afdf000 	/usr/lib/libMatch.1.dylib
0x00007fff437bc000 	/System/Library/CoreServices/RawCamera.bundle/Contents/MacOS/RawCamera
0x00007fff2d7cc000 	/System/Library/PrivateFrameworks/MobileAsset.framework/Versions/A/MobileAsset
0x00007fff334f8000 	/System/Library/PrivateFrameworks/StreamingZip.framework/Versions/A/StreamingZip
0x00007fff2bf66000 	/System/Library/Frameworks/MediaToolbox.framework/Versions/A/MediaToolbox
0x00007fff30f47000 	/System/Library/PrivateFrameworks/CoreAVCHD.framework/Versions/A/CoreAVCHD
0x00007fff3012e000 	/System/Library/Frameworks/MediaAccessibility.framework/Versions/A/MediaAccessibility
0x00007fff30f43000 	/System/Library/PrivateFrameworks/Mangrove.framework/Versions/A/Mangrove
0x00007fff3013a000 	/System/Library/PrivateFrameworks/AlgosScoreFramework.framework/Versions/A/AlgosScoreFramework
0x00007fff31931000 	/System/Library/PrivateFrameworks/AppleVPA.framework/Versions/A/AppleVPA
0x00007fff30b88000 	/System/Library/PrivateFrameworks/CoreAUC.framework/Versions/A/CoreAUC
0x00007fff4120f000 	/System/Library/Frameworks/Accelerate.framework/Versions/A/Frameworks/vImage.framework/Versions/A/Libraries/libCGInterfaces.dylib
0x000000010f256000 	/usr/lib/libobjc-trampolines.dylib
0x00007fff27086000 	/System/Library/PrivateFrameworks/ViewBridge.framework/Versions/A/ViewBridge
0x00007fff2b786000 	/System/Library/PrivateFrameworks/login.framework/Versions/A/login
0x00007fff2aede000 	/System/Library/PrivateFrameworks/CrashReporterSupport.framework/Versions/A/CrashReporterSupport
0x00007fff47938000 	/System/Library/PrivateFrameworks/OSAnalytics.framework/Versions/A/OSAnalytics
0x00007fff7793d000 	/usr/lib/libRosetta.dylib
0x00007fff32e49000 	/System/Library/PrivateFrameworks/RemoteServiceDiscovery.framework/Versions/A/RemoteServiceDiscovery
0x00007fff515f7000 	/System/Library/PrivateFrameworks/Symbolication.framework/Versions/A/Symbolication
0x00007fff3d528000 	/System/Library/PrivateFrameworks/MallocStackLogging.framework/Versions/A/MallocStackLogging
0x0000000136899000 	/private/var/folders/24/r0g8gyd90db_b8hqc0hrcql40000gn/T/libgdxjoseph/f7649394/liblwjgl.dylib
0x000000010f2b9000 	/Library/Java/JavaVirtualMachines/jdk-12.0.2.jdk/Contents/Home/lib/libjawt.dylib
0x000000013691b000 	/private/var/folders/24/r0g8gyd90db_b8hqc0hrcql40000gn/T/libgdxjoseph/f7649394/openal.dylib
0x0000000136977000 	/System/Library/Components/CoreAudio.component/Contents/MacOS/CoreAudio
0x00007fff6bcca000 	/System/Library/Frameworks/OpenGL.framework/Versions/A/Resources/GLEngine.bundle/GLEngine
0x00007fff6bb2b000 	/System/Library/Frameworks/OpenGL.framework/Versions/A/Libraries/libGLProgrammability.dylib
0x00007fff5eeae000 	/System/Library/Extensions/AppleIntelKBLGraphicsGLDriver.bundle/Contents/MacOS/AppleIntelKBLGraphicsGLDriver
0x00007fff46302000 	/System/Library/PrivateFrameworks/GPUSupport.framework/Versions/A/Libraries/libGPUSupportMercury.dylib
0x00007fff6be48000 	/System/Library/Frameworks/OpenGL.framework/Versions/A/Resources/GLRendererFloat.bundle/GLRendererFloat
0x0000000137a58000 	/private/var/folders/24/r0g8gyd90db_b8hqc0hrcql40000gn/T/libgdxjoseph/d01668c7/libgdx-box2d64.dylib
0x00007fff3016b000 	/System/Library/PrivateFrameworks/SystemAdministration.framework/Versions/A/SystemAdministration
0x00007fff2fbba000 	/System/Library/Frameworks/DirectoryService.framework/Versions/A/DirectoryService
0x00007fff32d62000 	/System/Library/PrivateFrameworks/DiskImages.framework/Versions/A/DiskImages
0x00007fff32f35000 	/System/Library/PrivateFrameworks/LoginUIKit.framework/Versions/A/Frameworks/LoginUICore.framework/Versions/A/LoginUICore
0x00007fff2b921000 	/usr/lib/libodfde.dylib
0x00007fff32ece000 	/usr/lib/libcurl.4.dylib
0x00007fff32c2e000 	/usr/lib/libcrypto.44.dylib
0x00007fff32d34000 	/usr/lib/libssl.46.dylib
0x00007fff32bf4000 	/System/Library/Frameworks/LDAP.framework/Versions/A/LDAP
0x00007fff32c2c000 	/System/Library/PrivateFrameworks/TrustEvaluationAgent.framework/Versions/A/TrustEvaluationAgent
0x00007fff2ce49000 	/usr/lib/libsasl2.2.dylib
0x00007fff3015f000 	/System/Library/PrivateFrameworks/CoreDaemon.framework/Versions/B/CoreDaemon
0x00007fff3015a000 	/System/Library/PrivateFrameworks/AppleSRP.framework/Versions/A/AppleSRP


VM Arguments:
jvm_args: -Dfile.encoding=UTF-8 -Duser.country=US -Duser.language=en -Duser.variant 
java_command: com.mygdx.nextlevel.desktop.ItemShowcaseLauncher
java_class_path (initial): /Users/joseph/Desktop/CS307 Project/Next Level/desktop/build/classes/java/main:/Users/joseph/Desktop/CS307 Project/Next Level/desktop/build/resources/main:/Users/joseph/.gradle/caches/modules-2/files-2.1/com.badlogicgames.gdx/gdx-backend-lwjgl/1.9.14/76d214441fa6faed9a4b9a2c02473f0d0a467a52/gdx-backend-lwjgl-1.9.14.jar:/Users/joseph/.gradle/caches/modules-2/files-2.1/com.badlogicgames.gdx/gdx-platform/1.9.14/c972092618b729ebfec229c9214fb9e87861fb7a/gdx-platform-1.9.14-natives-desktop.jar:/Users/joseph/.gradle/caches/modules-2/files-2.1/com.badlogicgames.gdx/gdx-box2d-platform/1.9.14/3c70a6038ec970ae49f96292ed48bd2a098a7f47/gdx-box2d-platform-1.9.14-natives-desktop.jar:/Users/joseph/Desktop/CS307 Project/Next Level/core/build/libs/core-1.0.jar:/Users/joseph/.gradle/caches/modules-2/files-2.1/com.badlogicgames.box2dlights/box2dlights/1.5/6902dbcd250c95a27973aa24a147a95b3828d348/box2dlights-1.5.jar:/Users/joseph/.gradle/caches/modules-2/files-2.1/com.badlogicgames.gdx/gdx-box2d/1.9.14/1c52434c5c7ad1a19e08dcc53047eb1cd79b5e62/gdx-box2d-1.9.14.jar:/Users/joseph/.gradle/caches/modules-2/files-2.1/com.kotcrab.vis/vis-ui/1.5.0/cf5f4d925657b14c50716417b1b207ab3a4b0008/vis-ui-1.5.0.jar:/Users/joseph/.gradle/caches/modules-2/files-2.1/com.badlogicgames.gdx/gdx/1.10.0/74c240f79dc4fb6b766a834249600d0a019d0489/gdx-1.10.0.jar:/Users/joseph/.gradle/caches/modules-2/files-2.1/org.lwjgl.lwjgl/lwjgl_util/2.9.3/751f06b62424da056954c67288fd5c494431e350/lwjgl_util-2.9.3.jar:/Users/joseph/.gradle/caches/modules-2/files-2.1/org.lwjgl.lwjgl/lwjgl/2.9.3/3df168ac74e4a8c96562cdff24ad352e255bf89c/lwjgl-2.9.3.jar:/Users/joseph/.gradle/caches/modules-2/files-2.1/com.badlogicgames.jlayer/jlayer/1.0.1-gdx/7cca83cec5c1b2f011362f4d85aabd71a73b049d/jlayer-1.0.1-gdx.jar:/Users/joseph/.gradle/caches/modules-2/files-2.1/org.jcraft/jorbis/0.0.17/8872d22b293e8f5d7d56ff92be966e6dc28ebdc6/jorbis-0.0.17.jar:/Users/joseph/.gradle/caches/modules-2/files-2.1/org.xerial/sqlite-jdbc/3.
Launcher Type: SUN_STANDARD

[Global flags]
     intx CICompilerCount                          = 4                                         {product} {ergonomic}
     uint ConcGCThreads                            = 2                                         {product} {ergonomic}
     uint G1ConcRefinementThreads                  = 8                                         {product} {ergonomic}
   size_t G1HeapRegionSize                         = 1048576                                   {product} {ergonomic}
    uintx GCDrainStackTargetSize                   = 64                                        {product} {ergonomic}
   size_t InitialHeapSize                          = 268435456                                 {product} {ergonomic}
   size_t MarkStackSize                            = 4194304                                   {product} {ergonomic}
   size_t MaxHeapSize                              = 4294967296                                {product} {ergonomic}
   size_t MaxNewSize                               = 2576351232                                {product} {ergonomic}
   size_t MinHeapDeltaBytes                        = 1048576                                   {product} {ergonomic}
    uintx NonNMethodCodeHeapSize                   = 5836300                                {pd product} {ergonomic}
    uintx NonProfiledCodeHeapSize                  = 122910970                              {pd product} {ergonomic}
    uintx ProfiledCodeHeapSize                     = 122910970                              {pd product} {ergonomic}
    uintx ReservedCodeCacheSize                    = 251658240                              {pd product} {ergonomic}
     bool SegmentedCodeCache                       = true                                      {product} {ergonomic}
     bool UseCompressedClassPointers               = true                                 {lp64_product} {ergonomic}
     bool UseCompressedOops                        = true                                 {lp64_product} {ergonomic}
     bool UseG1GC                                  = true                                      {product} {ergonomic}

Logging:
Log output configuration:
 #0: stdout all=warning uptime,level,tags
 #1: stderr all=off uptime,level,tags

Environment Variables:
PATH=/usr/local/bin:/usr/bin:/bin:/usr/sbin:/sbin:/opt/X11/bin
SHELL=/bin/zsh
DISPLAY=/private/tmp/com.apple.launchd.AKcbQfAqKl/org.macosforge.xquartz:0

Signal Handlers:
SIGSEGV: [libjvm.dylib+0x735418], sa_mask[0]=11111111011111110111111111111111, sa_flags=SA_ONSTACK|SA_RESTART|SA_SIGINFO
SIGBUS: [libjvm.dylib+0x735418], sa_mask[0]=11111111011111110111111111111111, sa_flags=SA_RESTART|SA_SIGINFO
SIGFPE: [libjvm.dylib+0x735418], sa_mask[0]=11111111011111110111111111111111, sa_flags=SA_RESTART|SA_SIGINFO
SIGPIPE: [libjvm.dylib+0x5dce9e], sa_mask[0]=11111111011111110111111111111111, sa_flags=SA_RESTART|SA_SIGINFO
SIGXFSZ: [libjvm.dylib+0x5dce9e], sa_mask[0]=11111111011111110111111111111111, sa_flags=SA_RESTART|SA_SIGINFO
SIGILL: [libjvm.dylib+0x735418], sa_mask[0]=11111111011111110111111111111111, sa_flags=SA_RESTART|SA_SIGINFO
SIGUSR2: [libjvm.dylib+0x5dd483], sa_mask[0]=00100000000000000000000000000000, sa_flags=SA_RESTART|SA_SIGINFO
SIGHUP: [libjvm.dylib+0x5dc143], sa_mask[0]=11111111011111110111111111111111, sa_flags=SA_RESTART|SA_SIGINFO
SIGINT: [libjvm.dylib+0x5dc143], sa_mask[0]=11111111011111110111111111111111, sa_flags=SA_RESTART|SA_SIGINFO
SIGTERM: [libjvm.dylib+0x5dc143], sa_mask[0]=11111111011111110111111111111111, sa_flags=SA_RESTART|SA_SIGINFO
SIGQUIT: [libjvm.dylib+0x5dc143], sa_mask[0]=11111111011111110111111111111111, sa_flags=SA_RESTART|SA_SIGINFO


---------------  S Y S T E M  ---------------

OS:uname:Darwin 20.6.0 Darwin Kernel Version 20.6.0: Mon Aug 30 06:12:21 PDT 2021; root:xnu-7195.141.6~3/RELEASE_X86_64 x86_64
rlimit: STACK 8192k, CORE 0k, NPROC 2784, NOFILE 10240, AS infinity, DATA infinity, FSIZE infinity
load average:3.23 3.35 3.17

CPU:total 8 (initial active 8) (4 cores per cpu, 2 threads per core) family 6 model 142 stepping 10, cmov, cx8, fxsr, mmx, sse, sse2, sse3, ssse3, sse4.1, sse4.2, popcnt, avx, avx2, aes, clmul, erms, 3dnowpref, lzcnt, ht, tsc, tscinvbit, bmi1, bmi2, adx, fma

Memory: 4k page, physical 16777216k(113584k free)

vm_info: Java HotSpot(TM) 64-Bit Server VM (12.0.2+10) for bsd-amd64 JRE (12.0.2+10), built on Jul 16 2019 00:56:38 by "mach5one" with gcc 4.2.1 Compatible Apple LLVM 9.1.0 (clang-902.0.39.2)

END.
