#
# A fatal error has been detected by the Java Runtime Environment:
#
#  EXCEPTION_ACCESS_VIOLATION (0xc0000005) at pc=0x000000006e9cbbb1, pid=10596, tid=11708
#
# JRE version: OpenJDK Runtime Environment AdoptOpenJDK (15.0.1+9) (build 15.0.1+9)
# Java VM: OpenJDK 64-Bit Server VM AdoptOpenJDK (15.0.1+9, mixed mode, sharing, tiered, compressed oops, g1 gc, windows-amd64)
# Problematic frame:
# C  [gdx-box2d64.dll+0xbbb1]
#
# No core dump will be written. Minidumps are not enabled by default on client versions of Windows
#
# If you would like to submit a bug report, please visit:
#   https://github.com/AdoptOpenJDK/openjdk-support/issues
# The crash happened outside the Java Virtual Machine in native code.
# See problematic frame for where to report the bug.
#

---------------  S U M M A R Y ------------

Command Line: -Dfile.encoding=windows-1252 -Duser.country=US -Duser.language=en -Duser.variant com.mygdx.nextlevel.desktop.GameLauncher

Host: AMD Ryzen 5 3600 6-Core Processor              , 12 cores, 31G,  Windows 10 , 64 bit Build 22000 (10.0.22000.120)
Time: Fri Oct 29 12:56:03 2021 US Eastern Daylight Time elapsed time: 11.950993 seconds (0d 0h 0m 11s)

---------------  T H R E A D  ---------------

Current thread (0x000001f97e8e4b70):  JavaThread "LWJGL Application" [_thread_in_native, id=11708, stack(0x0000009384600000,0x0000009384700000)]

Stack: [0x0000009384600000,0x0000009384700000],  sp=0x00000093846fe600,  free space=1017k
Native frames: (J=compiled Java code, j=interpreted, Vv=VM code, C=native code)
C  [gdx-box2d64.dll+0xbbb1]

Java frames: (J=compiled Java code, j=interpreted, Vv=VM code)
j  com.badlogic.gdx.physics.box2d.World.jniCreateBody(JIFFFFFFFFZZZZZF)J+0
j  com.badlogic.gdx.physics.box2d.World.createBody(Lcom/badlogic/gdx/physics/box2d/BodyDef;)Lcom/badlogic/gdx/physics/box2d/Body;+80
j  com.mygdx.nextlevel.actors.Item.setBody(Lcom/badlogic/gdx/physics/box2d/BodyDef$BodyType;)V+79
j  com.mygdx.nextlevel.screens.GameScreen.createItem(Lcom/mygdx/nextlevel/actors/Item;)V+22
J 1607 c1 com.mygdx.nextlevel.screens.GameScreen.render(F)V (1971 bytes) @ 0x000001f908c9963c [0x000001f908c966a0+0x0000000000002f9c]
j  com.badlogic.gdx.Game.render()V+19
j  com.mygdx.nextlevel.NextLevel.render()V+1
j  com.mygdx.nextlevel.desktop.Game.render()V+1
j  com.badlogic.gdx.backends.lwjgl.LwjglApplication.mainLoop()V+776
j  com.badlogic.gdx.backends.lwjgl.LwjglApplication$1.run()V+27
v  ~StubRoutines::call_stub

siginfo: EXCEPTION_ACCESS_VIOLATION (0xc0000005), reading address 0x000001fb7fc50490


Register to memory mapping:

RIP=0x000000006e9cbbb1 gdx-box2d64.dll
RAX=0x000000006ea10060 gdx-box2d64.dll
RBX=0x000001fb7fc50490 is an unknown value
RCX=0x000001f97fc363b0 points into unknown readable memory: 0x000001f97fc4f740 | 40 f7 c4 7f f9 01 00 00
RDX=0x00000000000000b8 is an unknown value
RSP=0x00000093846fe600 is pointing into the stack for thread: 0x000001f97e8e4b70
RBP=0x000001f97fc363e0 points into unknown readable memory: 0x0000000000000000 | 00 00 00 00 00 00 00 00
RSI=0x000001f97fc363b0 points into unknown readable memory: 0x000001f97fc4f740 | 40 f7 c4 7f f9 01 00 00
RDI=0x00000093846fe6c0 is pointing into the stack for thread: 0x000001f97e8e4b70
R8 =0x000001f97fc363b0 points into unknown readable memory: 0x000001f97fc4f740 | 40 f7 c4 7f f9 01 00 00
R9 =0x0 is NULL
R10=0x0 is NULL
R11=0x0000000000000001 is an unknown value
R12=0x0 is NULL
R13=0x0000000000000006 is an unknown value
R14=0x00000093846fe8b8 is pointing into the stack for thread: 0x000001f97e8e4b70
R15=0x000001f97e8e4b70 is a thread


Registers:
RAX=0x000000006ea10060, RBX=0x000001fb7fc50490, RCX=0x000001f97fc363b0, RDX=0x00000000000000b8
RSP=0x00000093846fe600, RBP=0x000001f97fc363e0, RSI=0x000001f97fc363b0, RDI=0x00000093846fe6c0
R8 =0x000001f97fc363b0, R9 =0x0000000000000000, R10=0x0000000000000000, R11=0x0000000000000001
R12=0x0000000000000000, R13=0x0000000000000006, R14=0x00000093846fe8b8, R15=0x000001f97e8e4b70
RIP=0x000000006e9cbbb1, EFLAGS=0x0000000000010206

Top of Stack: (sp=0x00000093846fe600)
0x00000093846fe600:   00007ffb67ff8a50 000001f92a47a350
0x00000093846fe610:   00007ffb0000000b ffffffffffffffff
0x00000093846fe620:   0000000000000001 000001f97fc363b0
0x00000093846fe630:   00000093846fe6c0 00000093846fe810
0x00000093846fe640:   0000000000000000 000001f97e6f20d0
0x00000093846fe650:   00000093846fe8b8 000000006e9e1163
0x00000093846fe660:   000001f900000003 000001f97e6f20d0
0x00000093846fe670:   000001f97e8e4b70 000001f97e6f20d0
0x00000093846fe680:   0000000000000001 0000000000000544
0x00000093846fe690:   000000000002e952 000000006e9e6a36
0x00000093846fe6a0:   000001f97e6f20d0 0000000000000000
0x00000093846fe6b0:   00000093846fe810 000001f908438b8b
0x00000093846fe6c0:   40c0000000000000 00000000400f5c29
0x00000093846fe6d0:   0000000000000000 0000000000000000
0x00000093846fe6e0:   0000010100000000 00000093846fe801
0x00000093846fe6f0:   0000000000000000 000000003f800000 

Instructions: (pc=0x000000006e9cbbb1)
0x000000006e9cbab1:   3d 89 45 04 00 00 75 5e 48 8d 3d a1 45 04 00 bb
0x000000006e9cbac1:   01 00 00 00 31 f6 48 8d 2d 32 45 03 00 eb 04 48
0x000000006e9cbad1:   83 c7 01 48 63 c6 39 5c 85 00 7d 03 83 c6 01 83
0x000000006e9cbae1:   c3 01 40 88 37 81 fb 81 02 00 00 74 22 83 fe 0d
0x000000006e9cbaf1:   7e dd 48 8d 15 56 60 03 00 48 8d 0d bb 60 03 00
0x000000006e9cbb01:   41 b8 49 00 00 00 e8 c4 aa 02 00 eb c2 66 90 c6
0x000000006e9cbb11:   05 29 45 04 00 01 48 83 c4 28 5b 5e 5f 5d c3 57
0x000000006e9cbb21:   56 53 48 83 ec 20 8b 41 08 31 f6 31 db 48 89 cf
0x000000006e9cbb31:   85 c0 7e 19 48 8b 07 83 c3 01 48 8b 4c 30 08 48
0x000000006e9cbb41:   83 c6 10 e8 c7 08 00 00 39 5f 08 7f e7 48 8b 0f
0x000000006e9cbb51:   48 83 c4 20 5b 5e 5f e9 b3 08 00 00 90 66 90 41
0x000000006e9cbb61:   56 41 55 41 54 55 57 56 53 48 83 ec 20 48 63 da
0x000000006e9cbb71:   48 89 ce 83 fb 00 0f 84 66 01 00 00 0f 8e 42 01
0x000000006e9cbb81:   00 00 81 fb 80 02 00 00 0f 8f 21 01 00 00 48 8d
0x000000006e9cbb91:   05 ca 44 04 00 44 0f b6 2c 18 41 80 fd 0d 4c 89
0x000000006e9cbba1:   eb 77 2c 48 8d 2c de 48 8b 5d 10 48 85 db 74 45
0x000000006e9cbbb1:   48 8b 03 48 89 45 10 48 89 d8 48 83 c4 20 5b 5e
0x000000006e9cbbc1:   5f 5d 41 5c 41 5d 41 5e c3 66 0f 1f 44 00 00 48
0x000000006e9cbbd1:   8d 15 79 5f 03 00 48 8d 0d fa 5f 03 00 48 8d 2c
0x000000006e9cbbe1:   de 41 b8 70 00 00 00 e8 e3 a9 02 00 48 8b 5d 10
0x000000006e9cbbf1:   48 85 db 75 bb 4c 63 66 08 44 3b 66 0c 0f 84 1c
0x000000006e9cbc01:   01 00 00 49 c1 e4 04 4c 03 26 b9 00 40 00 00 e8
0x000000006e9cbc11:   eb 07 00 00 48 89 c3 4d 63 ed 49 89 44 24 08 48
0x000000006e9cbc21:   8d 05 d9 43 03 00 42 8b 3c a8 b8 00 40 00 00 99
0x000000006e9cbc31:   f7 ff 41 89 fd 41 89 3c 24 44 0f af e8 41 89 c6
0x000000006e9cbc41:   41 81 fd 00 40 00 00 0f 8f a6 00 00 00 41 83 fe
0x000000006e9cbc51:   01 7e 2a 4c 63 c7 41 8d 46 ff 31 d2 4d 89 c1 4a
0x000000006e9cbc61:   8d 0c 03 49 f7 d9 66 0f 1f 84 00 00 00 00 00 83
0x000000006e9cbc71:   c2 01 4a 89 0c 09 4c 01 c1 39 c2 75 f2 41 29 fd
0x000000006e9cbc81:   4d 63 ed 4a c7 04 2b 00 00 00 00 48 8b 03 48 89
0x000000006e9cbc91:   45 10 83 46 08 01 48 89 d8 48 83 c4 20 5b 5e 5f
0x000000006e9cbca1:   5d 41 5c 41 5d 41 5e c3 0f 1f 80 00 00 00 00 89 


Stack slot to memory mapping:
stack at sp + 0 slots: 0x00007ffb67ff8a50 jvm.dll
stack at sp + 1 slots: 0x000001f92a47a350 points into unknown readable memory: 0x4a2800136abc0001 | 01 00 bc 6a 13 00 28 4a
stack at sp + 2 slots: 0x00007ffb0000000b is an unknown value
stack at sp + 3 slots: 0xffffffffffffffff is an unknown value
stack at sp + 4 slots: 0x0000000000000001 is an unknown value
stack at sp + 5 slots: 0x000001f97fc363b0 points into unknown readable memory: 0x000001f97fc4f740 | 40 f7 c4 7f f9 01 00 00
stack at sp + 6 slots: 0x00000093846fe6c0 is pointing into the stack for thread: 0x000001f97e8e4b70
stack at sp + 7 slots: 0x00000093846fe810 is pointing into the stack for thread: 0x000001f97e8e4b70


---------------  P R O C E S S  ---------------

Threads class SMR info:
_java_thread_list=0x000001f92a466810, length=13, elements={
0x000001f97dec8260, 0x000001f97decbd30, 0x000001f97dee5650, 0x000001f97dee8110,
0x000001f97dee8bc0, 0x000001f97deec8c0, 0x000001f97def07b0, 0x000001f97defb1c0,
0x000001f97e8cb4d0, 0x000001f97e8e46a0, 0x000001f97e8e4b70, 0x000001f97e8e5040,
0x000001f97e8e59e0
}

Java Threads: ( => current thread )
  0x000001f97dec8260 JavaThread "Reference Handler" daemon [_thread_blocked, id=2676, stack(0x0000009383900000,0x0000009383a00000)]
  0x000001f97decbd30 JavaThread "Finalizer" daemon [_thread_blocked, id=8236, stack(0x0000009383a00000,0x0000009383b00000)]
  0x000001f97dee5650 JavaThread "Signal Dispatcher" daemon [_thread_blocked, id=11636, stack(0x0000009383b00000,0x0000009383c00000)]
  0x000001f97dee8110 JavaThread "Attach Listener" daemon [_thread_blocked, id=13212, stack(0x0000009383c00000,0x0000009383d00000)]
  0x000001f97dee8bc0 JavaThread "Service Thread" daemon [_thread_blocked, id=10156, stack(0x0000009383d00000,0x0000009383e00000)]
  0x000001f97deec8c0 JavaThread "C2 CompilerThread0" daemon [_thread_blocked, id=21588, stack(0x0000009383e00000,0x0000009383f00000)]
  0x000001f97def07b0 JavaThread "C1 CompilerThread0" daemon [_thread_blocked, id=13680, stack(0x0000009383f00000,0x0000009384000000)]
  0x000001f97defb1c0 JavaThread "Sweeper thread" daemon [_thread_blocked, id=3340, stack(0x0000009384000000,0x0000009384100000)]
  0x000001f97e8cb4d0 JavaThread "Notification Thread" daemon [_thread_blocked, id=828, stack(0x0000009384100000,0x0000009384200000)]
  0x000001f97e8e46a0 JavaThread "Common-Cleaner" daemon [_thread_blocked, id=15552, stack(0x0000009384300000,0x0000009384400000)]
=>0x000001f97e8e4b70 JavaThread "LWJGL Application" [_thread_in_native, id=11708, stack(0x0000009384600000,0x0000009384700000)]
  0x000001f97e8e5040 JavaThread "DestroyJavaVM" [_thread_blocked, id=1644, stack(0x0000009383200000,0x0000009383300000)]
  0x000001f97e8e59e0 JavaThread "LWJGL Timer" daemon [_thread_blocked, id=19248, stack(0x0000009384e00000,0x0000009384f00000)]

Other Threads:
  0x000001f97dec6d40 VMThread "VM Thread" [stack: 0x0000009383800000,0x0000009383900000] [id=19388]
  0x000001f97e8e39a0 WatcherThread [stack: 0x0000009384200000,0x0000009384300000] [id=17980]
  0x000001f977ccb630 GCTaskThread "GC Thread#0" [stack: 0x0000009383300000,0x0000009383400000] [id=15920]
  0x000001f97ec96c10 GCTaskThread "GC Thread#1" [stack: 0x0000009384c00000,0x0000009384d00000] [id=2688]
  0x000001f97ec97270 GCTaskThread "GC Thread#2" [stack: 0x0000009384d00000,0x0000009384e00000] [id=4500]
  0x000001f97ec96f40 GCTaskThread "GC Thread#3" [stack: 0x0000009384f00000,0x0000009385000000] [id=10228]
  0x000001f97ec975a0 GCTaskThread "GC Thread#4" [stack: 0x0000009385000000,0x0000009385100000] [id=7272]
  0x000001f97ec98bf0 GCTaskThread "GC Thread#5" [stack: 0x0000009385100000,0x0000009385200000] [id=9920]
  0x000001f97ec95c20 GCTaskThread "GC Thread#6" [stack: 0x0000009385200000,0x0000009385300000] [id=11512]
  0x000001f97ec988c0 GCTaskThread "GC Thread#7" [stack: 0x0000009385300000,0x0000009385400000] [id=7604]
  0x000001f97ec96280 GCTaskThread "GC Thread#8" [stack: 0x0000009385400000,0x0000009385500000] [id=6820]
  0x000001f97ec965b0 GCTaskThread "GC Thread#9" [stack: 0x0000009385500000,0x0000009385600000] [id=7572]
  0x000001f977cdc890 ConcurrentGCThread "G1 Main Marker" [stack: 0x0000009383400000,0x0000009383500000] [id=4328]
  0x000001f977cddd40 ConcurrentGCThread "G1 Conc#0" [stack: 0x0000009383500000,0x0000009383600000] [id=20072]
  0x000001f977d2d0c0 ConcurrentGCThread "G1 Refine#0" [stack: 0x0000009383600000,0x0000009383700000] [id=21816]
  0x000001f977d2dd40 ConcurrentGCThread "G1 Young RemSet Sampling" [stack: 0x0000009383700000,0x0000009383800000] [id=3196]

Threads with active compile tasks:

VM state: not at safepoint (normal execution)

VM Mutex/Monitor currently owned by a thread: None

Heap address: 0x0000000600c00000, size: 8180 MB, Compressed Oops mode: Zero based, Oop shift amount: 3
CDS archive(s) mapped at: [0x0000000800000000-0x0000000800b50000-0x0000000800b50000), size 11862016, SharedBaseAddress: 0x0000000800000000, ArchiveRelocationMode: 0.
Compressed class space mapped at: 0x0000000800b50000-0x0000000840b50000, size: 1073741824
Narrow klass base: 0x0000000800000000, Narrow klass shift: 3, Narrow klass range: 0x100000000

GC Precious Log:
 CPUs: 12 total, 12 available
 Memory: 32717M
 Large Page Support: Disabled
 NUMA Support: Disabled
 Compressed Oops: Enabled (Zero based)
 Heap Region Size: 4M
 Heap Min Capacity: 8M
 Heap Initial Capacity: 512M
 Heap Max Capacity: 8180M
 Pre-touch: Disabled
 Parallel Workers: 10
 Concurrent Workers: 3
 Concurrent Refinement Workers: 10
 Periodic GC: Disabled

Heap:
 garbage-first heap   total 524288K, used 68733K [0x0000000600c00000, 0x0000000800000000)
  region size 4096K, 19 young (77824K), 1 survivors (4096K)
 Metaspace       used 6457K, capacity 9130K, committed 9472K, reserved 1058816K
  class space    used 463K, capacity 747K, committed 768K, reserved 1048576K

Heap Regions: E=young(eden), S=young(survivor), O=old, HS=humongous(starts), HC=humongous(continues), CS=collection set, F=free, OA=open archive, CA=closed archive, TAMS=top-at-mark-start (previous, next)
|   0|0x0000000600c00000, 0x0000000600e81e00, 0x0000000601000000| 62%| O|  |TAMS 0x0000000600c00000, 0x0000000600c00000| Untracked 
|   1|0x0000000601000000, 0x0000000601000000, 0x0000000601400000|  0%| F|  |TAMS 0x0000000601000000, 0x0000000601000000| Untracked 
|   2|0x0000000601400000, 0x0000000601400000, 0x0000000601800000|  0%| F|  |TAMS 0x0000000601400000, 0x0000000601400000| Untracked 
|   3|0x0000000601800000, 0x0000000601800000, 0x0000000601c00000|  0%| F|  |TAMS 0x0000000601800000, 0x0000000601800000| Untracked 
|   4|0x0000000601c00000, 0x0000000601c00000, 0x0000000602000000|  0%| F|  |TAMS 0x0000000601c00000, 0x0000000601c00000| Untracked 
|   5|0x0000000602000000, 0x0000000602000000, 0x0000000602400000|  0%| F|  |TAMS 0x0000000602000000, 0x0000000602000000| Untracked 
|   6|0x0000000602400000, 0x0000000602400000, 0x0000000602800000|  0%| F|  |TAMS 0x0000000602400000, 0x0000000602400000| Untracked 
|   7|0x0000000602800000, 0x0000000602800000, 0x0000000602c00000|  0%| F|  |TAMS 0x0000000602800000, 0x0000000602800000| Untracked 
|   8|0x0000000602c00000, 0x0000000602c00000, 0x0000000603000000|  0%| F|  |TAMS 0x0000000602c00000, 0x0000000602c00000| Untracked 
|   9|0x0000000603000000, 0x0000000603000000, 0x0000000603400000|  0%| F|  |TAMS 0x0000000603000000, 0x0000000603000000| Untracked 
|  10|0x0000000603400000, 0x0000000603400000, 0x0000000603800000|  0%| F|  |TAMS 0x0000000603400000, 0x0000000603400000| Untracked 
|  11|0x0000000603800000, 0x0000000603800000, 0x0000000603c00000|  0%| F|  |TAMS 0x0000000603800000, 0x0000000603800000| Untracked 
|  12|0x0000000603c00000, 0x0000000603c00000, 0x0000000604000000|  0%| F|  |TAMS 0x0000000603c00000, 0x0000000603c00000| Untracked 
|  13|0x0000000604000000, 0x0000000604000000, 0x0000000604400000|  0%| F|  |TAMS 0x0000000604000000, 0x0000000604000000| Untracked 
|  14|0x0000000604400000, 0x0000000604400000, 0x0000000604800000|  0%| F|  |TAMS 0x0000000604400000, 0x0000000604400000| Untracked 
|  15|0x0000000604800000, 0x0000000604800000, 0x0000000604c00000|  0%| F|  |TAMS 0x0000000604800000, 0x0000000604800000| Untracked 
|  16|0x0000000604c00000, 0x0000000604c00000, 0x0000000605000000|  0%| F|  |TAMS 0x0000000604c00000, 0x0000000604c00000| Untracked 
|  17|0x0000000605000000, 0x0000000605000000, 0x0000000605400000|  0%| F|  |TAMS 0x0000000605000000, 0x0000000605000000| Untracked 
|  18|0x0000000605400000, 0x0000000605400000, 0x0000000605800000|  0%| F|  |TAMS 0x0000000605400000, 0x0000000605400000| Untracked 
|  19|0x0000000605800000, 0x0000000605800000, 0x0000000605c00000|  0%| F|  |TAMS 0x0000000605800000, 0x0000000605800000| Untracked 
|  20|0x0000000605c00000, 0x0000000605c00000, 0x0000000606000000|  0%| F|  |TAMS 0x0000000605c00000, 0x0000000605c00000| Untracked 
|  21|0x0000000606000000, 0x0000000606000000, 0x0000000606400000|  0%| F|  |TAMS 0x0000000606000000, 0x0000000606000000| Untracked 
|  22|0x0000000606400000, 0x0000000606400000, 0x0000000606800000|  0%| F|  |TAMS 0x0000000606400000, 0x0000000606400000| Untracked 
|  23|0x0000000606800000, 0x0000000606800000, 0x0000000606c00000|  0%| F|  |TAMS 0x0000000606800000, 0x0000000606800000| Untracked 
|  24|0x0000000606c00000, 0x0000000606c00000, 0x0000000607000000|  0%| F|  |TAMS 0x0000000606c00000, 0x0000000606c00000| Untracked 
|  25|0x0000000607000000, 0x0000000607000000, 0x0000000607400000|  0%| F|  |TAMS 0x0000000607000000, 0x0000000607000000| Untracked 
|  26|0x0000000607400000, 0x0000000607400000, 0x0000000607800000|  0%| F|  |TAMS 0x0000000607400000, 0x0000000607400000| Untracked 
|  27|0x0000000607800000, 0x0000000607800000, 0x0000000607c00000|  0%| F|  |TAMS 0x0000000607800000, 0x0000000607800000| Untracked 
|  28|0x0000000607c00000, 0x0000000607c00000, 0x0000000608000000|  0%| F|  |TAMS 0x0000000607c00000, 0x0000000607c00000| Untracked 
|  29|0x0000000608000000, 0x0000000608000000, 0x0000000608400000|  0%| F|  |TAMS 0x0000000608000000, 0x0000000608000000| Untracked 
|  30|0x0000000608400000, 0x0000000608400000, 0x0000000608800000|  0%| F|  |TAMS 0x0000000608400000, 0x0000000608400000| Untracked 
|  31|0x0000000608800000, 0x0000000608800000, 0x0000000608c00000|  0%| F|  |TAMS 0x0000000608800000, 0x0000000608800000| Untracked 
|  32|0x0000000608c00000, 0x0000000608c00000, 0x0000000609000000|  0%| F|  |TAMS 0x0000000608c00000, 0x0000000608c00000| Untracked 
|  33|0x0000000609000000, 0x0000000609000000, 0x0000000609400000|  0%| F|  |TAMS 0x0000000609000000, 0x0000000609000000| Untracked 
|  34|0x0000000609400000, 0x0000000609400000, 0x0000000609800000|  0%| F|  |TAMS 0x0000000609400000, 0x0000000609400000| Untracked 
|  35|0x0000000609800000, 0x0000000609800000, 0x0000000609c00000|  0%| F|  |TAMS 0x0000000609800000, 0x0000000609800000| Untracked 
|  36|0x0000000609c00000, 0x0000000609c00000, 0x000000060a000000|  0%| F|  |TAMS 0x0000000609c00000, 0x0000000609c00000| Untracked 
|  37|0x000000060a000000, 0x000000060a000000, 0x000000060a400000|  0%| F|  |TAMS 0x000000060a000000, 0x000000060a000000| Untracked 
|  38|0x000000060a400000, 0x000000060a400000, 0x000000060a800000|  0%| F|  |TAMS 0x000000060a400000, 0x000000060a400000| Untracked 
|  39|0x000000060a800000, 0x000000060a800000, 0x000000060ac00000|  0%| F|  |TAMS 0x000000060a800000, 0x000000060a800000| Untracked 
|  40|0x000000060ac00000, 0x000000060ac00000, 0x000000060b000000|  0%| F|  |TAMS 0x000000060ac00000, 0x000000060ac00000| Untracked 
|  41|0x000000060b000000, 0x000000060b000000, 0x000000060b400000|  0%| F|  |TAMS 0x000000060b000000, 0x000000060b000000| Untracked 
|  42|0x000000060b400000, 0x000000060b400000, 0x000000060b800000|  0%| F|  |TAMS 0x000000060b400000, 0x000000060b400000| Untracked 
|  43|0x000000060b800000, 0x000000060b800000, 0x000000060bc00000|  0%| F|  |TAMS 0x000000060b800000, 0x000000060b800000| Untracked 
|  44|0x000000060bc00000, 0x000000060bc00000, 0x000000060c000000|  0%| F|  |TAMS 0x000000060bc00000, 0x000000060bc00000| Untracked 
|  45|0x000000060c000000, 0x000000060c000000, 0x000000060c400000|  0%| F|  |TAMS 0x000000060c000000, 0x000000060c000000| Untracked 
|  46|0x000000060c400000, 0x000000060c400000, 0x000000060c800000|  0%| F|  |TAMS 0x000000060c400000, 0x000000060c400000| Untracked 
|  47|0x000000060c800000, 0x000000060c800000, 0x000000060cc00000|  0%| F|  |TAMS 0x000000060c800000, 0x000000060c800000| Untracked 
|  48|0x000000060cc00000, 0x000000060cc00000, 0x000000060d000000|  0%| F|  |TAMS 0x000000060cc00000, 0x000000060cc00000| Untracked 
|  49|0x000000060d000000, 0x000000060d000000, 0x000000060d400000|  0%| F|  |TAMS 0x000000060d000000, 0x000000060d000000| Untracked 
|  50|0x000000060d400000, 0x000000060d400000, 0x000000060d800000|  0%| F|  |TAMS 0x000000060d400000, 0x000000060d400000| Untracked 
|  51|0x000000060d800000, 0x000000060d800000, 0x000000060dc00000|  0%| F|  |TAMS 0x000000060d800000, 0x000000060d800000| Untracked 
|  52|0x000000060dc00000, 0x000000060dc00000, 0x000000060e000000|  0%| F|  |TAMS 0x000000060dc00000, 0x000000060dc00000| Untracked 
|  53|0x000000060e000000, 0x000000060e000000, 0x000000060e400000|  0%| F|  |TAMS 0x000000060e000000, 0x000000060e000000| Untracked 
|  54|0x000000060e400000, 0x000000060e400000, 0x000000060e800000|  0%| F|  |TAMS 0x000000060e400000, 0x000000060e400000| Untracked 
|  55|0x000000060e800000, 0x000000060e800000, 0x000000060ec00000|  0%| F|  |TAMS 0x000000060e800000, 0x000000060e800000| Untracked 
|  56|0x000000060ec00000, 0x000000060ec00000, 0x000000060f000000|  0%| F|  |TAMS 0x000000060ec00000, 0x000000060ec00000| Untracked 
|  57|0x000000060f000000, 0x000000060f000000, 0x000000060f400000|  0%| F|  |TAMS 0x000000060f000000, 0x000000060f000000| Untracked 
|  58|0x000000060f400000, 0x000000060f400000, 0x000000060f800000|  0%| F|  |TAMS 0x000000060f400000, 0x000000060f400000| Untracked 
|  59|0x000000060f800000, 0x000000060f800000, 0x000000060fc00000|  0%| F|  |TAMS 0x000000060f800000, 0x000000060f800000| Untracked 
|  60|0x000000060fc00000, 0x000000060fc00000, 0x0000000610000000|  0%| F|  |TAMS 0x000000060fc00000, 0x000000060fc00000| Untracked 
|  61|0x0000000610000000, 0x0000000610000000, 0x0000000610400000|  0%| F|  |TAMS 0x0000000610000000, 0x0000000610000000| Untracked 
|  62|0x0000000610400000, 0x0000000610400000, 0x0000000610800000|  0%| F|  |TAMS 0x0000000610400000, 0x0000000610400000| Untracked 
|  63|0x0000000610800000, 0x0000000610800000, 0x0000000610c00000|  0%| F|  |TAMS 0x0000000610800000, 0x0000000610800000| Untracked 
|  64|0x0000000610c00000, 0x0000000610c00000, 0x0000000611000000|  0%| F|  |TAMS 0x0000000610c00000, 0x0000000610c00000| Untracked 
|  65|0x0000000611000000, 0x0000000611000000, 0x0000000611400000|  0%| F|  |TAMS 0x0000000611000000, 0x0000000611000000| Untracked 
|  66|0x0000000611400000, 0x0000000611400000, 0x0000000611800000|  0%| F|  |TAMS 0x0000000611400000, 0x0000000611400000| Untracked 
|  67|0x0000000611800000, 0x0000000611800000, 0x0000000611c00000|  0%| F|  |TAMS 0x0000000611800000, 0x0000000611800000| Untracked 
|  68|0x0000000611c00000, 0x0000000611c00000, 0x0000000612000000|  0%| F|  |TAMS 0x0000000611c00000, 0x0000000611c00000| Untracked 
|  69|0x0000000612000000, 0x0000000612000000, 0x0000000612400000|  0%| F|  |TAMS 0x0000000612000000, 0x0000000612000000| Untracked 
|  70|0x0000000612400000, 0x0000000612400000, 0x0000000612800000|  0%| F|  |TAMS 0x0000000612400000, 0x0000000612400000| Untracked 
|  71|0x0000000612800000, 0x0000000612800000, 0x0000000612c00000|  0%| F|  |TAMS 0x0000000612800000, 0x0000000612800000| Untracked 
|  72|0x0000000612c00000, 0x0000000612c00000, 0x0000000613000000|  0%| F|  |TAMS 0x0000000612c00000, 0x0000000612c00000| Untracked 
|  73|0x0000000613000000, 0x0000000613000000, 0x0000000613400000|  0%| F|  |TAMS 0x0000000613000000, 0x0000000613000000| Untracked 
|  74|0x0000000613400000, 0x0000000613400000, 0x0000000613800000|  0%| F|  |TAMS 0x0000000613400000, 0x0000000613400000| Untracked 
|  75|0x0000000613800000, 0x0000000613800000, 0x0000000613c00000|  0%| F|  |TAMS 0x0000000613800000, 0x0000000613800000| Untracked 
|  76|0x0000000613c00000, 0x0000000613c00000, 0x0000000614000000|  0%| F|  |TAMS 0x0000000613c00000, 0x0000000613c00000| Untracked 
|  77|0x0000000614000000, 0x0000000614000000, 0x0000000614400000|  0%| F|  |TAMS 0x0000000614000000, 0x0000000614000000| Untracked 
|  78|0x0000000614400000, 0x0000000614400000, 0x0000000614800000|  0%| F|  |TAMS 0x0000000614400000, 0x0000000614400000| Untracked 
|  79|0x0000000614800000, 0x0000000614800000, 0x0000000614c00000|  0%| F|  |TAMS 0x0000000614800000, 0x0000000614800000| Untracked 
|  80|0x0000000614c00000, 0x0000000614c00000, 0x0000000615000000|  0%| F|  |TAMS 0x0000000614c00000, 0x0000000614c00000| Untracked 
|  81|0x0000000615000000, 0x0000000615000000, 0x0000000615400000|  0%| F|  |TAMS 0x0000000615000000, 0x0000000615000000| Untracked 
|  82|0x0000000615400000, 0x0000000615400000, 0x0000000615800000|  0%| F|  |TAMS 0x0000000615400000, 0x0000000615400000| Untracked 
|  83|0x0000000615800000, 0x0000000615800000, 0x0000000615c00000|  0%| F|  |TAMS 0x0000000615800000, 0x0000000615800000| Untracked 
|  84|0x0000000615c00000, 0x0000000615c00000, 0x0000000616000000|  0%| F|  |TAMS 0x0000000615c00000, 0x0000000615c00000| Untracked 
|  85|0x0000000616000000, 0x0000000616000000, 0x0000000616400000|  0%| F|  |TAMS 0x0000000616000000, 0x0000000616000000| Untracked 
|  86|0x0000000616400000, 0x0000000616400000, 0x0000000616800000|  0%| F|  |TAMS 0x0000000616400000, 0x0000000616400000| Untracked 
|  87|0x0000000616800000, 0x0000000616800000, 0x0000000616c00000|  0%| F|  |TAMS 0x0000000616800000, 0x0000000616800000| Untracked 
|  88|0x0000000616c00000, 0x0000000616c00000, 0x0000000617000000|  0%| F|  |TAMS 0x0000000616c00000, 0x0000000616c00000| Untracked 
|  89|0x0000000617000000, 0x0000000617000000, 0x0000000617400000|  0%| F|  |TAMS 0x0000000617000000, 0x0000000617000000| Untracked 
|  90|0x0000000617400000, 0x0000000617400000, 0x0000000617800000|  0%| F|  |TAMS 0x0000000617400000, 0x0000000617400000| Untracked 
|  91|0x0000000617800000, 0x0000000617800000, 0x0000000617c00000|  0%| F|  |TAMS 0x0000000617800000, 0x0000000617800000| Untracked 
|  92|0x0000000617c00000, 0x0000000617c00000, 0x0000000618000000|  0%| F|  |TAMS 0x0000000617c00000, 0x0000000617c00000| Untracked 
|  93|0x0000000618000000, 0x0000000618000000, 0x0000000618400000|  0%| F|  |TAMS 0x0000000618000000, 0x0000000618000000| Untracked 
|  94|0x0000000618400000, 0x000000061849d890, 0x0000000618800000| 15%| S|CS|TAMS 0x0000000618400000, 0x0000000618400000| Complete 
|  95|0x0000000618800000, 0x0000000618800000, 0x0000000618c00000|  0%| F|  |TAMS 0x0000000618800000, 0x0000000618800000| Untracked 
|  96|0x0000000618c00000, 0x0000000618c00000, 0x0000000619000000|  0%| F|  |TAMS 0x0000000618c00000, 0x0000000618c00000| Untracked 
|  97|0x0000000619000000, 0x0000000619000000, 0x0000000619400000|  0%| F|  |TAMS 0x0000000619000000, 0x0000000619000000| Untracked 
|  98|0x0000000619400000, 0x0000000619400000, 0x0000000619800000|  0%| F|  |TAMS 0x0000000619400000, 0x0000000619400000| Untracked 
|  99|0x0000000619800000, 0x0000000619800000, 0x0000000619c00000|  0%| F|  |TAMS 0x0000000619800000, 0x0000000619800000| Untracked 
| 100|0x0000000619c00000, 0x0000000619c00000, 0x000000061a000000|  0%| F|  |TAMS 0x0000000619c00000, 0x0000000619c00000| Untracked 
| 101|0x000000061a000000, 0x000000061a000000, 0x000000061a400000|  0%| F|  |TAMS 0x000000061a000000, 0x000000061a000000| Untracked 
| 102|0x000000061a400000, 0x000000061a400000, 0x000000061a800000|  0%| F|  |TAMS 0x000000061a400000, 0x000000061a400000| Untracked 
| 103|0x000000061a800000, 0x000000061a800000, 0x000000061ac00000|  0%| F|  |TAMS 0x000000061a800000, 0x000000061a800000| Untracked 
| 104|0x000000061ac00000, 0x000000061ac00000, 0x000000061b000000|  0%| F|  |TAMS 0x000000061ac00000, 0x000000061ac00000| Untracked 
| 105|0x000000061b000000, 0x000000061b000000, 0x000000061b400000|  0%| F|  |TAMS 0x000000061b000000, 0x000000061b000000| Untracked 
| 106|0x000000061b400000, 0x000000061b400000, 0x000000061b800000|  0%| F|  |TAMS 0x000000061b400000, 0x000000061b400000| Untracked 
| 107|0x000000061b800000, 0x000000061b800000, 0x000000061bc00000|  0%| F|  |TAMS 0x000000061b800000, 0x000000061b800000| Untracked 
| 108|0x000000061bc00000, 0x000000061bc00000, 0x000000061c000000|  0%| F|  |TAMS 0x000000061bc00000, 0x000000061bc00000| Untracked 
| 109|0x000000061c000000, 0x000000061c000000, 0x000000061c400000|  0%| F|  |TAMS 0x000000061c000000, 0x000000061c000000| Untracked 
| 110|0x000000061c400000, 0x000000061c75f930, 0x000000061c800000| 84%| E|  |TAMS 0x000000061c400000, 0x000000061c400000| Complete 
| 111|0x000000061c800000, 0x000000061cc00000, 0x000000061cc00000|100%| E|  |TAMS 0x000000061c800000, 0x000000061c800000| Complete 
| 112|0x000000061cc00000, 0x000000061d000000, 0x000000061d000000|100%| E|CS|TAMS 0x000000061cc00000, 0x000000061cc00000| Complete 
| 113|0x000000061d000000, 0x000000061d400000, 0x000000061d400000|100%| E|CS|TAMS 0x000000061d000000, 0x000000061d000000| Complete 
| 114|0x000000061d400000, 0x000000061d800000, 0x000000061d800000|100%| E|CS|TAMS 0x000000061d400000, 0x000000061d400000| Complete 
| 115|0x000000061d800000, 0x000000061dc00000, 0x000000061dc00000|100%| E|CS|TAMS 0x000000061d800000, 0x000000061d800000| Complete 
| 116|0x000000061dc00000, 0x000000061e000000, 0x000000061e000000|100%| E|CS|TAMS 0x000000061dc00000, 0x000000061dc00000| Complete 
| 117|0x000000061e000000, 0x000000061e400000, 0x000000061e400000|100%| E|CS|TAMS 0x000000061e000000, 0x000000061e000000| Complete 
| 118|0x000000061e400000, 0x000000061e800000, 0x000000061e800000|100%| E|CS|TAMS 0x000000061e400000, 0x000000061e400000| Complete 
| 119|0x000000061e800000, 0x000000061ec00000, 0x000000061ec00000|100%| E|CS|TAMS 0x000000061e800000, 0x000000061e800000| Complete 
| 120|0x000000061ec00000, 0x000000061f000000, 0x000000061f000000|100%| E|CS|TAMS 0x000000061ec00000, 0x000000061ec00000| Complete 
| 121|0x000000061f000000, 0x000000061f400000, 0x000000061f400000|100%| E|CS|TAMS 0x000000061f000000, 0x000000061f000000| Complete 
| 122|0x000000061f400000, 0x000000061f800000, 0x000000061f800000|100%| E|CS|TAMS 0x000000061f400000, 0x000000061f400000| Complete 
| 123|0x000000061f800000, 0x000000061fc00000, 0x000000061fc00000|100%| E|CS|TAMS 0x000000061f800000, 0x000000061f800000| Complete 
| 124|0x000000061fc00000, 0x0000000620000000, 0x0000000620000000|100%| E|CS|TAMS 0x000000061fc00000, 0x000000061fc00000| Complete 
| 125|0x0000000620000000, 0x0000000620400000, 0x0000000620400000|100%| E|CS|TAMS 0x0000000620000000, 0x0000000620000000| Complete 
| 126|0x0000000620400000, 0x0000000620800000, 0x0000000620800000|100%| E|CS|TAMS 0x0000000620400000, 0x0000000620400000| Complete 
| 127|0x0000000620800000, 0x0000000620c00000, 0x0000000620c00000|100%| E|CS|TAMS 0x0000000620800000, 0x0000000620800000| Complete 

Card table byte_map: [0x000001f979280000,0x000001f97a280000] _byte_map_base: 0x000001f97627a000

Marking Bits (Prev, Next): (CMBitMap*) 0x000001f977ccbea0, (CMBitMap*) 0x000001f977ccbee0
 Prev Bits: [0x000001f917430000, 0x000001f91f400000)
 Next Bits: [0x000001f91f400000, 0x000001f9273d0000)

Polling page: 0x000001f977430000

Metaspace:

Usage:
  Non-class:      8.19 MB capacity,     5.85 MB ( 71%) used,     2.33 MB ( 28%) free+waste,     4.81 KB ( <1%) overhead. 
      Class:    747.00 KB capacity,   463.99 KB ( 62%) used,   281.82 KB ( 38%) free+waste,     1.19 KB ( <1%) overhead. 
       Both:      8.92 MB capacity,     6.31 MB ( 71%) used,     2.60 MB ( 29%) free+waste,     6.00 KB ( <1%) overhead. 

Virtual space:
  Non-class space:       10.00 MB reserved,       8.50 MB ( 85%) committed 
      Class space:        1.00 GB reserved,     768.00 KB ( <1%) committed 
             Both:        1.01 GB reserved,       9.25 MB ( <1%) committed 

Chunk freelists:
   Non-Class:  129.00 KB
       Class:  21.00 KB
        Both:  150.00 KB

MaxMetaspaceSize: 17179869184.00 GB
CompressedClassSpaceSize: 1.00 GB

CodeHeap 'non-profiled nmethods': size=120000Kb used=725Kb max_used=725Kb free=119275Kb
 bounds [0x000001f90ff00000, 0x000001f910170000, 0x000001f917430000]
CodeHeap 'profiled nmethods': size=120000Kb used=3050Kb max_used=3050Kb free=116950Kb
 bounds [0x000001f9089d0000, 0x000001f908cd0000, 0x000001f90ff00000]
CodeHeap 'non-nmethods': size=5760Kb used=1297Kb max_used=1331Kb free=4462Kb
 bounds [0x000001f908430000, 0x000001f9086a0000, 0x000001f9089d0000]
 total_blobs=2266 nmethods=1673 adapters=506
 compilation: enabled
              stopped_count=0, restarted_count=0
 full_count=0

Compilation events (20 events):
Event: 11.790 Thread 0x000001f97def07b0 1664       3       java.util.regex.Pattern::lambda$Range$11 (7 bytes)
Event: 11.790 Thread 0x000001f97def07b0 nmethod 1664 0x000001f908cc3490 code [0x000001f908cc3620, 0x000001f908cc37f8]
Event: 11.790 Thread 0x000001f97def07b0 1665       3       java.util.regex.Pattern::inRange (16 bytes)
Event: 11.790 Thread 0x000001f97def07b0 nmethod 1665 0x000001f908cc3890 code [0x000001f908cc3a20, 0x000001f908cc3b98]
Event: 11.813 Thread 0x000001f97def07b0 1666       3       com.badlogic.gdx.graphics.g2d.SpriteBatch::draw (18 bytes)
Event: 11.813 Thread 0x000001f97def07b0 nmethod 1666 0x000001f908cc3c10 code [0x000001f908cc3de0, 0x000001f908cc4088]
Event: 11.827 Thread 0x000001f97def07b0 1667       3       com.badlogic.gdx.physics.box2d.World::step (12 bytes)
Event: 11.827 Thread 0x000001f97def07b0 nmethod 1667 0x000001f908cc4290 code [0x000001f908cc4440, 0x000001f908cc4588]
Event: 11.827 Thread 0x000001f97def07b0 1669       3       com.mygdx.nextlevel.hud.Hud::update (92 bytes)
Event: 11.828 Thread 0x000001f97def07b0 nmethod 1669 0x000001f908cc4690 code [0x000001f908cc4b60, 0x000001f908cc7758]
Event: 11.828 Thread 0x000001f97def07b0 1668       3       com.badlogic.gdx.physics.box2d.Fixture::getFilterData (68 bytes)
Event: 11.828 Thread 0x000001f97def07b0 nmethod 1668 0x000001f908cc8510 code [0x000001f908cc86c0, 0x000001f908cc88e8]
Event: 11.829 Thread 0x000001f97def07b0 1670       3       org.lwjgl.opengl.GL11::glClearColor (27 bytes)
Event: 11.829 Thread 0x000001f97def07b0 nmethod 1670 0x000001f908cc8a10 code [0x000001f908cc8c20, 0x000001f908cc9398]
Event: 11.829 Thread 0x000001f97def07b0 1671       3       org.lwjgl.opengl.GL11::glClear (19 bytes)
Event: 11.829 Thread 0x000001f97def07b0 nmethod 1671 0x000001f908cc9690 code [0x000001f908cc98a0, 0x000001f908cc9fd8]
Event: 11.829 Thread 0x000001f97def07b0 1672       3       com.badlogic.gdx.math.Matrix4::scale (128 bytes)
Event: 11.830 Thread 0x000001f97def07b0 nmethod 1672 0x000001f908cca290 code [0x000001f908cca440, 0x000001f908cca6b8]
Event: 11.904 Thread 0x000001f97deec8c0 1673       4       com.badlogic.gdx.math.Plane::set (60 bytes)
Event: 11.905 Thread 0x000001f97deec8c0 nmethod 1673 0x000001f90ffb4f10 code [0x000001f90ffb50c0, 0x000001f90ffb52b8]

GC Heap History (6 events):
Event: 4.139 GC heap before
{Heap before GC invocations=0 (full 0):
 garbage-first heap   total 524288K, used 32768K [0x0000000600c00000, 0x0000000800000000)
  region size 4096K, 6 young (24576K), 0 survivors (0K)
 Metaspace       used 6011K, capacity 8804K, committed 8960K, reserved 1056768K
  class space    used 459K, capacity 746K, committed 768K, reserved 1048576K
}
Event: 4.142 GC heap after
{Heap after GC invocations=1 (full 0):
 garbage-first heap   total 524288K, used 3169K [0x0000000600c00000, 0x0000000800000000)
  region size 4096K, 1 young (4096K), 1 survivors (4096K)
 Metaspace       used 6011K, capacity 8804K, committed 8960K, reserved 1056768K
  class space    used 459K, capacity 746K, committed 768K, reserved 1048576K
}
Event: 5.105 GC heap before
{Heap before GC invocations=1 (full 0):
 garbage-first heap   total 524288K, used 27745K [0x0000000600c00000, 0x0000000800000000)
  region size 4096K, 8 young (32768K), 1 survivors (4096K)
 Metaspace       used 6208K, capacity 8938K, committed 9216K, reserved 1058816K
  class space    used 463K, capacity 747K, committed 768K, reserved 1048576K
}
Event: 5.107 GC heap after
{Heap after GC invocations=2 (full 0):
 garbage-first heap   total 524288K, used 3294K [0x0000000600c00000, 0x0000000800000000)
  region size 4096K, 1 young (4096K), 1 survivors (4096K)
 Metaspace       used 6208K, capacity 8938K, committed 9216K, reserved 1058816K
  class space    used 463K, capacity 747K, committed 768K, reserved 1048576K
}
Event: 9.569 GC heap before
{Heap before GC invocations=2 (full 0):
 garbage-first heap   total 524288K, used 130270K [0x0000000600c00000, 0x0000000800000000)
  region size 4096K, 33 young (135168K), 1 survivors (4096K)
 Metaspace       used 6428K, capacity 9130K, committed 9472K, reserved 1058816K
  class space    used 463K, capacity 747K, committed 768K, reserved 1048576K
}
Event: 9.570 GC heap after
{Heap after GC invocations=3 (full 0):
 garbage-first heap   total 524288K, used 3197K [0x0000000600c00000, 0x0000000800000000)
  region size 4096K, 1 young (4096K), 1 survivors (4096K)
 Metaspace       used 6428K, capacity 9130K, committed 9472K, reserved 1058816K
  class space    used 463K, capacity 747K, committed 768K, reserved 1048576K
}

Deoptimization events (20 events):
Event: 0.659 Thread 0x000001f97e8e4b70 DEOPT PACKING pc=0x000001f908aeaafb sp=0x00000093846fa070
Event: 0.659 Thread 0x000001f97e8e4b70 DEOPT UNPACKING pc=0x000001f90847e23f sp=0x00000093846f94e0 mode 0
Event: 1.136 Thread 0x000001f97e8e4b70 DEOPT PACKING pc=0x000001f908b37ea2 sp=0x00000093846fedf0
Event: 1.136 Thread 0x000001f97e8e4b70 DEOPT UNPACKING pc=0x000001f90847e23f sp=0x00000093846fe378 mode 0
Event: 1.138 Thread 0x000001f97e8e4b70 DEOPT PACKING pc=0x000001f908b35e40 sp=0x00000093846fede0
Event: 1.138 Thread 0x000001f97e8e4b70 DEOPT UNPACKING pc=0x000001f90847e23f sp=0x00000093846fe378 mode 0
Event: 1.155 Thread 0x000001f97e8e4b70 DEOPT PACKING pc=0x000001f908b37ea2 sp=0x00000093846fedf0
Event: 1.155 Thread 0x000001f97e8e4b70 DEOPT UNPACKING pc=0x000001f90847e23f sp=0x00000093846fe378 mode 0
Event: 1.188 Thread 0x000001f97e8e4b70 DEOPT PACKING pc=0x000001f908b37ea2 sp=0x00000093846fedf0
Event: 1.188 Thread 0x000001f97e8e4b70 DEOPT UNPACKING pc=0x000001f90847e23f sp=0x00000093846fe378 mode 0
Event: 1.205 Thread 0x000001f97e8e4b70 DEOPT PACKING pc=0x000001f908b37ea2 sp=0x00000093846fedf0
Event: 1.205 Thread 0x000001f97e8e4b70 DEOPT UNPACKING pc=0x000001f90847e23f sp=0x00000093846fe378 mode 0
Event: 1.222 Thread 0x000001f97e8e4b70 DEOPT PACKING pc=0x000001f908b37ea2 sp=0x00000093846fedf0
Event: 1.222 Thread 0x000001f97e8e4b70 DEOPT UNPACKING pc=0x000001f90847e23f sp=0x00000093846fe378 mode 0
Event: 4.121 Thread 0x000001f97e8e4b70 DEOPT PACKING pc=0x000001f908af0877 sp=0x00000093846fe1a0
Event: 4.121 Thread 0x000001f97e8e4b70 DEOPT UNPACKING pc=0x000001f90847e23f sp=0x00000093846fd700 mode 0
Event: 5.244 Thread 0x000001f97e8e4b70 DEOPT PACKING pc=0x000001f908b8f103 sp=0x00000093846fe580
Event: 5.244 Thread 0x000001f97e8e4b70 DEOPT UNPACKING pc=0x000001f90847e23f sp=0x00000093846fdaa0 mode 0
Event: 6.107 Thread 0x000001f97e8e4b70 DEOPT PACKING pc=0x000001f908badf7f sp=0x00000093846fe510
Event: 6.107 Thread 0x000001f97e8e4b70 DEOPT UNPACKING pc=0x000001f90847e23f sp=0x00000093846fda58 mode 0

Classes unloaded (0 events):
No events

Classes redefined (0 events):
No events

Internal exceptions (0 events):
No events

Events (20 events):
Event: 4.996 Loaded shared library C:\Users\nicho\AppData\Local\Temp\libgdxnicho\1cecf4f6\lwjgl64.dll
Event: 5.018 Loaded shared library C:\Users\nicho\AppData\Local\Temp\libgdxnicho\1cecf4f6\lwjgl64.dll
Event: 5.018 Loaded shared library C:\Users\nicho\AppData\Local\Temp\libgdxnicho\1cecf4f6\lwjgl64.dll
Event: 5.081 Loaded shared library C:\Program Files\AdoptOpenJDK\jdk-15.0.1.9-hotspot\bin\java.dll
Event: 5.105 Executing VM operation: G1CollectForAllocation
Event: 5.107 Executing VM operation: G1CollectForAllocation done
Event: 5.263 Loaded shared library C:\Users\nicho\AppData\Local\Temp\libgdxnicho\1cecf4f6\lwjgl64.dll
Event: 5.754 Loaded shared library C:\Users\nicho\AppData\Local\Temp\libgdxnicho\1cecf4f6\lwjgl64.dll
Event: 5.756 Loaded shared library C:\Users\nicho\AppData\Local\Temp\libgdxnicho\6bae761b\gdx64.dll
Event: 6.610 Loaded shared library C:\Users\nicho\AppData\Local\Temp\libgdxnicho\1cecf4f6\lwjgl64.dll
Event: 6.948 Loaded shared library C:\Users\nicho\AppData\Local\Temp\libgdxnicho\1cecf4f6\lwjgl64.dll
Event: 6.949 Loaded shared library C:\Users\nicho\AppData\Local\Temp\libgdxnicho\1cecf4f6\lwjgl64.dll
Event: 7.019 Loaded shared library C:\Users\nicho\AppData\Local\Temp\libgdxnicho\1cecf4f6\lwjgl64.dll
Event: 7.466 Loaded shared library C:\Users\nicho\AppData\Local\Temp\libgdxnicho\1cecf4f6\lwjgl64.dll
Event: 7.468 Loaded shared library C:\Users\nicho\AppData\Local\Temp\libgdxnicho\1cecf4f6\lwjgl64.dll
Event: 8.101 Loaded shared library C:\Users\nicho\AppData\Local\Temp\libgdxnicho\6bae761b\gdx64.dll
Event: 9.569 Executing VM operation: G1CollectForAllocation
Event: 9.570 Executing VM operation: G1CollectForAllocation done
Event: 11.071 Executing VM operation: ICBufferFull
Event: 11.071 Executing VM operation: ICBufferFull done


Dynamic libraries:
0x00007ff7f63c0000 - 0x00007ff7f63cd000 	C:\Program Files\AdoptOpenJDK\jdk-15.0.1.9-hotspot\bin\java.exe
0x00007ffbbc180000 - 0x00007ffbbc387000 	C:\WINDOWS\SYSTEM32\ntdll.dll
0x00007ffbba880000 - 0x00007ffbba93d000 	C:\WINDOWS\System32\KERNEL32.DLL
0x00007ffbb96e0000 - 0x00007ffbb9a54000 	C:\WINDOWS\System32\KERNELBASE.dll
0x00007ffbb9a60000 - 0x00007ffbb9b71000 	C:\WINDOWS\System32\ucrtbase.dll
0x00007ffbb32e0000 - 0x00007ffbb32f8000 	C:\Program Files\AdoptOpenJDK\jdk-15.0.1.9-hotspot\bin\jli.dll
0x00007ffb85750000 - 0x00007ffb85765000 	C:\Program Files\AdoptOpenJDK\jdk-15.0.1.9-hotspot\bin\VCRUNTIME140.dll
0x00007ffbba040000 - 0x00007ffbba1ec000 	C:\WINDOWS\System32\USER32.dll
0x00007ffbb9cf0000 - 0x00007ffbb9d16000 	C:\WINDOWS\System32\win32u.dll
0x00007ffbaa980000 - 0x00007ffbaac25000 	C:\WINDOWS\WinSxS\amd64_microsoft.windows.common-controls_6595b64144ccf1df_6.0.22000.120_none_9d947278b86cc467\COMCTL32.dll
0x00007ffbba010000 - 0x00007ffbba039000 	C:\WINDOWS\System32\GDI32.dll
0x00007ffbbac60000 - 0x00007ffbbad03000 	C:\WINDOWS\System32\msvcrt.dll
0x00007ffbb9ef0000 - 0x00007ffbba002000 	C:\WINDOWS\System32\gdi32full.dll
0x00007ffbb9e50000 - 0x00007ffbb9eed000 	C:\WINDOWS\System32\msvcp_win.dll
0x00007ffbbaed0000 - 0x00007ffbbaf01000 	C:\WINDOWS\System32\IMM32.DLL
0x00007ffb7f5f0000 - 0x00007ffb7f68b000 	C:\Program Files\AdoptOpenJDK\jdk-15.0.1.9-hotspot\bin\msvcp140.dll
0x00007ffb67750000 - 0x00007ffb682de000 	C:\Program Files\AdoptOpenJDK\jdk-15.0.1.9-hotspot\bin\server\jvm.dll
0x00007ffbbaba0000 - 0x00007ffbbac4c000 	C:\WINDOWS\System32\ADVAPI32.dll
0x00007ffbbb7b0000 - 0x00007ffbbb84d000 	C:\WINDOWS\System32\sechost.dll
0x00007ffbba6d0000 - 0x00007ffbba7f1000 	C:\WINDOWS\System32\RPCRT4.dll
0x00007ffbbbe20000 - 0x00007ffbbbe28000 	C:\WINDOWS\System32\PSAPI.DLL
0x00007ffbb2760000 - 0x00007ffbb2793000 	C:\WINDOWS\SYSTEM32\WINMM.dll
0x00007ffbb3590000 - 0x00007ffbb3599000 	C:\WINDOWS\SYSTEM32\WSOCK32.dll
0x00007ffbbbdb0000 - 0x00007ffbbbe1f000 	C:\WINDOWS\System32\WS2_32.dll
0x00007ffbb3110000 - 0x00007ffbb311a000 	C:\WINDOWS\SYSTEM32\VERSION.dll
0x00007ffbb8880000 - 0x00007ffbb8898000 	C:\WINDOWS\SYSTEM32\kernel.appcore.dll
0x00007ffbb32b0000 - 0x00007ffbb32ba000 	C:\Program Files\AdoptOpenJDK\jdk-15.0.1.9-hotspot\bin\jimage.dll
0x00007ffbb6eb0000 - 0x00007ffbb70d1000 	C:\WINDOWS\SYSTEM32\DBGHELP.DLL
0x00007ffba31d0000 - 0x00007ffba3201000 	C:\WINDOWS\SYSTEM32\dbgcore.DLL
0x00007ffbb9660000 - 0x00007ffbb96e0000 	C:\WINDOWS\System32\bcryptPrimitives.dll
0x00007ffb83e40000 - 0x00007ffb83e65000 	C:\Program Files\AdoptOpenJDK\jdk-15.0.1.9-hotspot\bin\java.dll
0x00007ffbbaf10000 - 0x00007ffbbb6b9000 	C:\WINDOWS\System32\SHELL32.dll
0x00007ffbb77e0000 - 0x00007ffbb8042000 	C:\WINDOWS\SYSTEM32\windows.storage.dll
0x00007ffbba1f0000 - 0x00007ffbba568000 	C:\WINDOWS\System32\combase.dll
0x00007ffbb7670000 - 0x00007ffbb77d6000 	C:\WINDOWS\SYSTEM32\wintypes.dll
0x00007ffbbb6c0000 - 0x00007ffbbb7aa000 	C:\WINDOWS\System32\SHCORE.dll
0x00007ffbbab40000 - 0x00007ffbbab9d000 	C:\WINDOWS\System32\shlwapi.dll
0x00007ffbb9590000 - 0x00007ffbb95b1000 	C:\WINDOWS\SYSTEM32\profapi.dll
0x00007ffb83390000 - 0x00007ffb833a9000 	C:\Program Files\AdoptOpenJDK\jdk-15.0.1.9-hotspot\bin\net.dll
0x00007ffbb2130000 - 0x00007ffbb223c000 	C:\WINDOWS\SYSTEM32\WINHTTP.dll
0x00007ffbb8c90000 - 0x00007ffbb8cf7000 	C:\WINDOWS\system32\mswsock.dll
0x00007ffb822c0000 - 0x00007ffb822d2000 	C:\Program Files\AdoptOpenJDK\jdk-15.0.1.9-hotspot\bin\nio.dll
0x00007ffb7f5d0000 - 0x00007ffb7f5e8000 	C:\Program Files\AdoptOpenJDK\jdk-15.0.1.9-hotspot\bin\zip.dll
0x0000000065ac0000 - 0x0000000065aea000 	C:\Users\nicho\AppData\Local\Temp\libgdxnicho\6bae761b\gdx64.dll
0x00007ffba0900000 - 0x00007ffba0910000 	C:\Program Files\AdoptOpenJDK\jdk-15.0.1.9-hotspot\bin\verify.dll
0x0000000180000000 - 0x0000000180053000 	C:\Users\nicho\AppData\Local\Temp\libgdxnicho\1cecf4f6\lwjgl64.dll
0x00007ffb76350000 - 0x00007ffb76451000 	C:\WINDOWS\SYSTEM32\OPENGL32.dll
0x00007ffbaeef0000 - 0x00007ffbaef1d000 	C:\WINDOWS\SYSTEM32\GLU32.dll
0x00007ffbb6b30000 - 0x00007ffbb6b68000 	C:\WINDOWS\SYSTEM32\dxcore.dll
0x000001f97f4d0000 - 0x000001f97f534000 	C:\Users\nicho\AppData\Local\Temp\libgdxnicho\1cecf4f6\OpenAL64.dll
0x00007ffbbad30000 - 0x00007ffbbaeca000 	C:\WINDOWS\System32\ole32.dll
0x00007ffbb68c0000 - 0x00007ffbb696c000 	C:\WINDOWS\system32\uxtheme.dll
0x00007ffb661a0000 - 0x00007ffb66381000 	C:\Program Files (x86)\Stardock\Fences\FencesMenu64.dll
0x00007ffbba9a0000 - 0x00007ffbbaa76000 	C:\WINDOWS\System32\OLEAUT32.dll
0x00007ffbb8d80000 - 0x00007ffbb8da9000 	C:\WINDOWS\SYSTEM32\USERENV.dll
0x00007ffbb5990000 - 0x00007ffbb59a4000 	C:\WINDOWS\SYSTEM32\WTSAPI32.dll
0x00007ffba26b0000 - 0x00007ffba2863000 	C:\WINDOWS\WinSxS\amd64_microsoft.windows.gdiplus_6595b64144ccf1df_1.1.22000.258_none_ce87692812f80707\gdiplus.dll
0x00007ffbbaa90000 - 0x00007ffbbab3f000 	C:\WINDOWS\System32\clbcatq.dll
0x00007ffba7160000 - 0x00007ffba7202000 	C:\WINDOWS\SYSTEM32\dsound.dll
0x00007ffba7080000 - 0x00007ffba7131000 	C:\WINDOWS\SYSTEM32\ResampleDmo.DLL
0x00007ffbb8060000 - 0x00007ffbb80ad000 	C:\WINDOWS\SYSTEM32\powrprof.dll
0x00007ffba9e00000 - 0x00007ffba9e29000 	C:\WINDOWS\SYSTEM32\winmmbase.dll
0x00007ffba7000000 - 0x00007ffba700b000 	C:\WINDOWS\SYSTEM32\msdmo.dll
0x00007ffbb8150000 - 0x00007ffbb8163000 	C:\WINDOWS\SYSTEM32\UMPDC.dll
0x00007ffbac9d0000 - 0x00007ffbaca6c000 	C:\WINDOWS\System32\MMDevApi.dll
0x00007ffbb9380000 - 0x00007ffbb93ac000 	C:\WINDOWS\System32\DEVOBJ.dll
0x00007ffbb9330000 - 0x00007ffbb937c000 	C:\WINDOWS\SYSTEM32\cfgmgr32.dll
0x00007ffba8ed0000 - 0x00007ffba909f000 	C:\WINDOWS\SYSTEM32\AUDIOSES.DLL
0x00007ffbb6bb0000 - 0x00007ffbb6bc5000 	C:\WINDOWS\SYSTEM32\resourcepolicyclient.dll
0x00007ffbafe30000 - 0x00007ffbafee9000 	C:\WINDOWS\SYSTEM32\mscms.dll
0x00007ffbb9050000 - 0x00007ffbb9077000 	C:\WINDOWS\SYSTEM32\bcrypt.dll
0x00007ffbbbe30000 - 0x00007ffbbbf4e000 	C:\WINDOWS\System32\MSCTF.dll
0x00007ffb8b470000 - 0x00007ffb8b59d000 	C:\WINDOWS\SYSTEM32\textinputframework.dll
0x00007ffbb63b0000 - 0x00007ffbb64e2000 	C:\WINDOWS\SYSTEM32\CoreMessaging.dll
0x00007ffbb4750000 - 0x00007ffbb4abd000 	C:\WINDOWS\SYSTEM32\CoreUIComponents.dll
0x00007ffbb8ef0000 - 0x00007ffbb8efc000 	C:\WINDOWS\SYSTEM32\CRYPTBASE.DLL
0x00007ffbb2e70000 - 0x00007ffbb2fa3000 	C:\Windows\System32\AppXDeploymentClient.dll
0x00007ffbb2c80000 - 0x00007ffbb2e6e000 	C:\WINDOWS\SYSTEM32\urlmon.dll
0x00007ffbb2990000 - 0x00007ffbb2c42000 	C:\Windows\System32\iertutil.dll
0x00007ffbb2c50000 - 0x00007ffbb2c78000 	C:\Windows\System32\srvcli.dll
0x00007ffbb8300000 - 0x00007ffbb830c000 	C:\Windows\System32\netutils.dll
0x00007ffb1e8a0000 - 0x00007ffb2185f000 	C:\WINDOWS\System32\DriverStore\FileRepository\nv_dispi.inf_amd64_5292bbfbf575e2d2\nvoglv64.dll
0x00007ffbbb940000 - 0x00007ffbbbdab000 	C:\WINDOWS\System32\SETUPAPI.dll
0x00007ffbb8f30000 - 0x00007ffbb8f42000 	C:\WINDOWS\SYSTEM32\msasn1.dll
0x00007ffbafd80000 - 0x00007ffbafdb1000 	C:\WINDOWS\SYSTEM32\cryptnet.dll
0x00007ffbb9b80000 - 0x00007ffbb9ce2000 	C:\WINDOWS\System32\CRYPT32.dll
0x00007ffbafc30000 - 0x00007ffbafd79000 	C:\WINDOWS\SYSTEM32\drvstore.dll
0x00007ffbb8fa0000 - 0x00007ffbb8fdd000 	C:\WINDOWS\SYSTEM32\wldp.dll
0x00007ffbb9d20000 - 0x00007ffbb9d86000 	C:\WINDOWS\System32\WINTRUST.dll
0x00007ffbb8530000 - 0x00007ffbb8564000 	C:\WINDOWS\SYSTEM32\ntmarta.dll
0x00007ffb7fb60000 - 0x00007ffb7fe23000 	C:\WINDOWS\system32\nvspcap64.dll
0x00007ffbb6d60000 - 0x00007ffbb6d8f000 	C:\WINDOWS\SYSTEM32\dwmapi.dll
0x00007ffb888b0000 - 0x00007ffb888f4000 	C:\WINDOWS\SYSTEM32\icm32.dll
0x00007ffbb8310000 - 0x00007ffbb8373000 	C:\WINDOWS\SYSTEM32\WINSTA.dll
0x000000006e9c0000 - 0x000000006ea1b000 	C:\Users\nicho\AppData\Local\Temp\libgdxnicho\19bf02c5\gdx-box2d64.dll

dbghelp: loaded successfully - version: 4.0.5 - missing functions: none
symbol engine: initialized successfully - sym options: 0x614 - pdb path: .;C:\Program Files\AdoptOpenJDK\jdk-15.0.1.9-hotspot\bin;C:\WINDOWS\SYSTEM32;C:\WINDOWS\WinSxS\amd64_microsoft.windows.common-controls_6595b64144ccf1df_6.0.22000.120_none_9d947278b86cc467;C:\Program Files\AdoptOpenJDK\jdk-15.0.1.9-hotspot\bin\server;C:\Users\nicho\AppData\Local\Temp\libgdxnicho\6bae761b;C:\Users\nicho\AppData\Local\Temp\libgdxnicho\1cecf4f6;C:\Program Files (x86)\Stardock\Fences;C:\WINDOWS\WinSxS\amd64_microsoft.windows.gdiplus_6595b64144ccf1df_1.1.22000.258_none_ce87692812f80707;C:\WINDOWS\System32\DriverStore\FileRepository\nv_dispi.inf_amd64_5292bbfbf575e2d2;C:\Users\nicho\AppData\Local\Temp\libgdxnicho\19bf02c5

VM Arguments:
jvm_args: -Dfile.encoding=windows-1252 -Duser.country=US -Duser.language=en -Duser.variant 
java_command: com.mygdx.nextlevel.desktop.GameLauncher
java_class_path (initial): C:\Users\nicho\Projects\code\Level-Up\Next Level\desktop\build\classes\java\main;C:\Users\nicho\Projects\code\Level-Up\Next Level\desktop\build\resources\main;C:\Users\nicho\.gradle\caches\modules-2\files-2.1\com.badlogicgames.gdx\gdx-backend-lwjgl\1.9.14\76d214441fa6faed9a4b9a2c02473f0d0a467a52\gdx-backend-lwjgl-1.9.14.jar;C:\Users\nicho\.gradle\caches\modules-2\files-2.1\com.badlogicgames.gdx\gdx-platform\1.9.14\c972092618b729ebfec229c9214fb9e87861fb7a\gdx-platform-1.9.14-natives-desktop.jar;C:\Users\nicho\.gradle\caches\modules-2\files-2.1\com.badlogicgames.gdx\gdx-box2d-platform\1.9.14\3c70a6038ec970ae49f96292ed48bd2a098a7f47\gdx-box2d-platform-1.9.14-natives-desktop.jar;C:\Users\nicho\Projects\code\Level-Up\Next Level\core\build\libs\core-1.0.jar;C:\Users\nicho\.gradle\caches\modules-2\files-2.1\com.badlogicgames.box2dlights\box2dlights\1.5\6902dbcd250c95a27973aa24a147a95b3828d348\box2dlights-1.5.jar;C:\Users\nicho\.gradle\caches\modules-2\files-2.1\com.badlogicgames.gdx\gdx-box2d\1.9.14\1c52434c5c7ad1a19e08dcc53047eb1cd79b5e62\gdx-box2d-1.9.14.jar;C:\Users\nicho\.gradle\caches\modules-2\files-2.1\com.kotcrab.vis\vis-ui\1.5.0\cf5f4d925657b14c50716417b1b207ab3a4b0008\vis-ui-1.5.0.jar;C:\Users\nicho\.gradle\caches\modules-2\files-2.1\com.badlogicgames.gdx\gdx\1.10.0\74c240f79dc4fb6b766a834249600d0a019d0489\gdx-1.10.0.jar;C:\Users\nicho\.gradle\caches\modules-2\files-2.1\org.lwjgl.lwjgl\lwjgl_util\2.9.3\751f06b62424da056954c67288fd5c494431e350\lwjgl_util-2.9.3.jar;C:\Users\nicho\.gradle\caches\modules-2\files-2.1\org.lwjgl.lwjgl\lwjgl\2.9.3\3df168ac74e4a8c96562cdff24ad352e255bf89c\lwjgl-2.9.3.jar;C:\Users\nicho\.gradle\caches\modules-2\files-2.1\com.badlogicgames.jlayer\jlayer\1.0.1-gdx\7cca83cec5c1b2f011362f4d85aabd71a73b049d\jlayer-1.0.1-gdx.jar;C:\Users\nicho\.gradle\caches\modules-2\files-2.1\org.jcraft\jorbis\0.0.17\8872d22b293e8f5d7d56ff92be966e6dc28ebdc6\jorbis-0.0.17.jar;C:\Users\nicho\.gradle\caches\modules-2\files-2.1\org.xer
Launcher Type: SUN_STANDARD

[Global flags]
     intx CICompilerCount                          = 4                                         {product} {ergonomic}
     uint ConcGCThreads                            = 3                                         {product} {ergonomic}
     uint G1ConcRefinementThreads                  = 10                                        {product} {ergonomic}
   size_t G1HeapRegionSize                         = 4194304                                   {product} {ergonomic}
    uintx GCDrainStackTargetSize                   = 64                                        {product} {ergonomic}
   size_t InitialHeapSize                          = 536870912                                 {product} {ergonomic}
   size_t MarkStackSize                            = 4194304                                   {product} {ergonomic}
   size_t MaxHeapSize                              = 8577351680                                {product} {ergonomic}
   size_t MaxNewSize                               = 5146411008                                {product} {ergonomic}
   size_t MinHeapDeltaBytes                        = 4194304                                   {product} {ergonomic}
   size_t MinHeapSize                              = 8388608                                   {product} {ergonomic}
    uintx NonNMethodCodeHeapSize                   = 5839372                                {pd product} {ergonomic}
    uintx NonProfiledCodeHeapSize                  = 122909434                              {pd product} {ergonomic}
    uintx ProfiledCodeHeapSize                     = 122909434                              {pd product} {ergonomic}
    uintx ReservedCodeCacheSize                    = 251658240                              {pd product} {ergonomic}
     bool SegmentedCodeCache                       = true                                      {product} {ergonomic}
   size_t SoftMaxHeapSize                          = 8577351680                             {manageable} {ergonomic}
     bool UseCompressedClassPointers               = true                                 {lp64_product} {ergonomic}
     bool UseCompressedOops                        = true                                 {lp64_product} {ergonomic}
     bool UseG1GC                                  = true                                      {product} {ergonomic}
     bool UseLargePagesIndividualAllocation        = false                                  {pd product} {ergonomic}

Logging:
Log output configuration:
 #0: stdout all=warning uptime,level,tags
 #1: stderr all=off uptime,level,tags

Environment Variables:
PATH=C:\Program Files\AdoptOpenJDK\jdk-15.0.1.9-hotspot\bin;C:\Program Files (x86)\Common Files\Oracle\Java\javapath;C:\WINDOWS\system32;C:\WINDOWS;C:\WINDOWS\System32\Wbem;C:\WINDOWS\System32\WindowsPowerShell\v1.0\;C:\WINDOWS\System32\OpenSSH\;C:\Program Files\NVIDIA Corporation\NVIDIA NvDLISR;C:\Program Files (x86)\NVIDIA Corporation\PhysX\Common;C:\PROGRA~1\MATLAB\R2020a\bin;C:\Program Files\MATLAB\R2020a\bin;C:\Program Files\PuTTY\;C:\Program Files\Git\cmd;C:\Program Files\nodejs\;C:\WINDOWS\system32;C:\WINDOWS;C:\WINDOWS\System32\Wbem;C:\WINDOWS\System32\WindowsPowerShell\v1.0\;C:\WINDOWS\System32\OpenSSH\;C:\Program Files (x86)\HP\Common\HPDestPlgIn\;C:\Users\nicho\AppData\Local\Microsoft\WindowsApps;C:\Users\nicho\AppData\Local\GitHubDesktop\bin;C:\Users\nicho\AppData\Local\Programs\Microsoft VS Code\bin;C:\Users\nicho\Projects\bin;C:\Users\nicho\AppData\Roaming\npm;C:\Users\nicho\AppData\Local\Microsoft\WindowsApps;C:\Program Files (x86)\HP\Common\HPDestPlgIn\;C:\Program Files\JetBrains\IntelliJ IDEA 2021.2.2\bin;;
USERNAME=nicho
OS=Windows_NT
PROCESSOR_IDENTIFIER=AMD64 Family 23 Model 113 Stepping 0, AuthenticAMD



---------------  S Y S T E M  ---------------

OS:
 Windows 10 , 64 bit Build 22000 (10.0.22000.120)
OS uptime: 0 days 17:55 hours

CPU: total 12 (initial active 12) (12 cores per cpu, 2 threads per core) family 23 model 113 stepping 0 microcode 0x0, cmov, cx8, fxsr, mmx, sse, sse2, sse3, ssse3, sse4.1, sse4.2, popcnt, vzeroupper, avx, avx2, aes, clmul, 3dnowpref, lzcnt, sse4a, ht, tsc, tscinvbit, tscinv, bmi1, bmi2, adx, sha, fma, clflush, clflushopt

Memory: 4k page, system-wide physical 32717M (21598M free)
TotalPageFile size 37581M (AvailPageFile size 19353M)
current process WorkingSet (physical memory assigned to process): 279M, peak: 288M
current process commit charge ("private bytes"): 3215M, peak: 3217M

vm_info: OpenJDK 64-Bit Server VM (15.0.1+9) for windows-amd64 JRE (15.0.1+9), built on Oct 23 2020 04:11:16 by "" with MS VC++ 15.9 (VS2017)

END.
