#
# A fatal error has been detected by the Java Runtime Environment:
#
#  EXCEPTION_ACCESS_VIOLATION (0xc0000005) at pc=0x000000006e9cbbb1, pid=15212, tid=9724
#
# JRE version: OpenJDK Runtime Environment Corretto-15.0.2.7.1 (15.0.2+7) (build 15.0.2+7)
# Java VM: OpenJDK 64-Bit Server VM Corretto-15.0.2.7.1 (15.0.2+7, mixed mode, sharing, tiered, compressed oops, g1 gc, windows-amd64)
# Problematic frame:
# C  [gdx-box2d64.dll+0xbbb1]
#
# No core dump will be written. Minidumps are not enabled by default on client versions of Windows
#
# If you would like to submit a bug report, please visit:
#   https://github.com/corretto/corretto-jdk/issues/
# The crash happened outside the Java Virtual Machine in native code.
# See problematic frame for where to report the bug.
#

---------------  S U M M A R Y ------------

Command Line: -Dfile.encoding=windows-1252 -Duser.country=US -Duser.language=en -Duser.variant com.mygdx.nextlevel.desktop.DesktopLauncher

Host: Intel(R) Core(TM) i7-10875H CPU @ 2.30GHz, 16 cores, 31G,  Windows 10 , 64 bit Build 19041 (10.0.19041.1202)
Time: Sat Oct 16 10:41:21 2021 US Eastern Daylight Time elapsed time: 32.370040 seconds (0d 0h 0m 32s)

---------------  T H R E A D  ---------------

Current thread (0x0000018df2b86330):  JavaThread "LWJGL Application" [_thread_in_native, id=9724, stack(0x0000008ae0200000,0x0000008ae0300000)]

Stack: [0x0000008ae0200000,0x0000008ae0300000],  sp=0x0000008ae02feac0,  free space=1018k
Native frames: (J=compiled Java code, j=interpreted, Vv=VM code, C=native code)
C  [gdx-box2d64.dll+0xbbb1]

Java frames: (J=compiled Java code, j=interpreted, Vv=VM code)
j  com.badlogic.gdx.physics.box2d.World.jniCreateBody(JIFFFFFFFFZZZZZF)J+0
j  com.badlogic.gdx.physics.box2d.World.createBody(Lcom/badlogic/gdx/physics/box2d/BodyDef;)Lcom/badlogic/gdx/physics/box2d/Body;+80
j  com.mygdx.nextlevel.actors.Actor.setBody(Lcom/badlogic/gdx/physics/box2d/BodyDef$BodyType;)V+79
j  com.mygdx.nextlevel.actors.Item.<init>(Lcom/badlogic/gdx/graphics/Texture;Lcom/badlogic/gdx/physics/box2d/World;Lcom/badlogic/gdx/math/Vector2;FF)V+53
J 1607 c1 com.mygdx.nextlevel.screens.GameScreen.render(F)V (1870 bytes) @ 0x0000018dcd41c13c [0x0000018dcd4192a0+0x0000000000002e9c]
J 1559 c1 com.mygdx.nextlevel.NextLevel.render()V (5 bytes) @ 0x0000018dcd3fe634 [0x0000018dcd3fe3e0+0x0000000000000254]
j  com.badlogic.gdx.backends.lwjgl.LwjglApplication.mainLoop()V+776
j  com.badlogic.gdx.backends.lwjgl.LwjglApplication$1.run()V+27
v  ~StubRoutines::call_stub

siginfo: EXCEPTION_ACCESS_VIOLATION (0xc0000005), reading address 0x0000018ff3862420


Register to memory mapping:

RIP=0x000000006e9cbbb1 gdx-box2d64.dll
RAX=0x000000006ea10060 gdx-box2d64.dll
RBX=0x0000018ff3862420 is an unknown value
RCX=0x0000018df3847cf0 points into unknown readable memory: 0x0000018df3861080 | 80 10 86 f3 8d 01 00 00
RDX=0x00000000000000b8 is an unknown value
RSP=0x0000008ae02feac0 is pointing into the stack for thread: 0x0000018df2b86330
RBP=0x0000018df3847d20 points into unknown readable memory: 0x0000000000000000 | 00 00 00 00 00 00 00 00
RSI=0x0000018df3847cf0 points into unknown readable memory: 0x0000018df3861080 | 80 10 86 f3 8d 01 00 00
RDI=0x0000008ae02feb80 is pointing into the stack for thread: 0x0000018df2b86330
R8 =0x0000018df3847cf0 points into unknown readable memory: 0x0000018df3861080 | 80 10 86 f3 8d 01 00 00
R9 =0x0 is NULL
R10=0x0 is NULL
R11=0x0000000000000001 is an unknown value
R12=0x0 is NULL
R13=0x0000000000000006 is an unknown value
R14=0x0000008ae02fed78 is pointing into the stack for thread: 0x0000018df2b86330
R15=0x0000018df2b86330 is a thread


Registers:
RAX=0x000000006ea10060, RBX=0x0000018ff3862420, RCX=0x0000018df3847cf0, RDX=0x00000000000000b8
RSP=0x0000008ae02feac0, RBP=0x0000018df3847d20, RSI=0x0000018df3847cf0, RDI=0x0000008ae02feb80
R8 =0x0000018df3847cf0, R9 =0x0000000000000000, R10=0x0000000000000000, R11=0x0000000000000001
R12=0x0000000000000000, R13=0x0000000000000006, R14=0x0000008ae02fed78, R15=0x0000018df2b86330
RIP=0x000000006e9cbbb1, EFLAGS=0x0000000000010202

Top of Stack: (sp=0x0000008ae02feac0)
0x0000008ae02feac0:   00007ffd0fa2ab50 0000018df344a300
0x0000008ae02fead0:   000000000000000b ffffffffffffffff
0x0000008ae02feae0:   0000000000000001 0000018df3847cf0
0x0000008ae02feaf0:   0000008ae02feb80 0000008ae02fecd0
0x0000008ae02feb00:   0000000000000000 0000018df28aba60
0x0000008ae02feb10:   0000008ae02fed78 000000006e9e1163
0x0000008ae02feb20:   0000018d00000003 0000018df28aba60
0x0000008ae02feb30:   0000018df2b86330 0000018df28aba60
0x0000008ae02feb40:   0000000000000001 0000018df211ba20
0x0000008ae02feb50:   0000000000021e1e 000000006e9e6a36
0x0000008ae02feb60:   0000018df28aba60 0000000000000000
0x0000008ae02feb70:   0000008ae02fecd0 0000018dcc9e8b8b
0x0000008ae02feb80:   4000000000000000 0000000000000000
0x0000008ae02feb90:   0000000000000000 0000000000000000
0x0000008ae02feba0:   0000010100000000 0000008ae02fed01
0x0000008ae02febb0:   0000000000000000 000000003f800000 

Instructions: (pc=0x000000006e9cbbb1)
0x000000006e9cbab1:   3d 89 45 04 00 00 75 5e 48 8d 3d a1 45 04 00 bb
0x000000006e9cbac1:   01 00 00 00 31 f6 48 8d 2d 32 45 03 00 eb 04 48
0x000000006e9cbad1:   83 c7 01 48 63 c6 39 5c 85 00 7d 03 83 c6 01 83
0x000000006e9cbae1:   c3 01 40 88 37 81 fb 81 02 00 00 74 22 83 fe 0d
0x000000006e9cbaf1:   7e dd 48 8d 15 56 60 03 00 48 8d 0d bb 60 03 00
0x000000006e9cbb01:   41 b8 49 00 00 00 e8 c4 aa 02 00 eb c2 66 90 c6
0x000000006e9cbb11:   05 29 45 04 00 01 48 83 c4 28 5b 5e 5f 5d c3 57
0x000000006e9cbb21:   56 53 48 83 ec 20 8b 41 08 31 f6 31 db 48 89 cf
0x000000006e9cbb31:   85 c0 7e 19 48 8b 07 83 c3 01 48 8b 4c 30 08 48
0x000000006e9cbb41:   83 c6 10 e8 c7 08 00 00 39 5f 08 7f e7 48 8b 0f
0x000000006e9cbb51:   48 83 c4 20 5b 5e 5f e9 b3 08 00 00 90 66 90 41
0x000000006e9cbb61:   56 41 55 41 54 55 57 56 53 48 83 ec 20 48 63 da
0x000000006e9cbb71:   48 89 ce 83 fb 00 0f 84 66 01 00 00 0f 8e 42 01
0x000000006e9cbb81:   00 00 81 fb 80 02 00 00 0f 8f 21 01 00 00 48 8d
0x000000006e9cbb91:   05 ca 44 04 00 44 0f b6 2c 18 41 80 fd 0d 4c 89
0x000000006e9cbba1:   eb 77 2c 48 8d 2c de 48 8b 5d 10 48 85 db 74 45
0x000000006e9cbbb1:   48 8b 03 48 89 45 10 48 89 d8 48 83 c4 20 5b 5e
0x000000006e9cbbc1:   5f 5d 41 5c 41 5d 41 5e c3 66 0f 1f 44 00 00 48
0x000000006e9cbbd1:   8d 15 79 5f 03 00 48 8d 0d fa 5f 03 00 48 8d 2c
0x000000006e9cbbe1:   de 41 b8 70 00 00 00 e8 e3 a9 02 00 48 8b 5d 10
0x000000006e9cbbf1:   48 85 db 75 bb 4c 63 66 08 44 3b 66 0c 0f 84 1c
0x000000006e9cbc01:   01 00 00 49 c1 e4 04 4c 03 26 b9 00 40 00 00 e8
0x000000006e9cbc11:   eb 07 00 00 48 89 c3 4d 63 ed 49 89 44 24 08 48
0x000000006e9cbc21:   8d 05 d9 43 03 00 42 8b 3c a8 b8 00 40 00 00 99
0x000000006e9cbc31:   f7 ff 41 89 fd 41 89 3c 24 44 0f af e8 41 89 c6
0x000000006e9cbc41:   41 81 fd 00 40 00 00 0f 8f a6 00 00 00 41 83 fe
0x000000006e9cbc51:   01 7e 2a 4c 63 c7 41 8d 46 ff 31 d2 4d 89 c1 4a
0x000000006e9cbc61:   8d 0c 03 49 f7 d9 66 0f 1f 84 00 00 00 00 00 83
0x000000006e9cbc71:   c2 01 4a 89 0c 09 4c 01 c1 39 c2 75 f2 41 29 fd
0x000000006e9cbc81:   4d 63 ed 4a c7 04 2b 00 00 00 00 48 8b 03 48 89
0x000000006e9cbc91:   45 10 83 46 08 01 48 89 d8 48 83 c4 20 5b 5e 5f
0x000000006e9cbca1:   5d 41 5c 41 5d 41 5e c3 0f 1f 80 00 00 00 00 89 


Stack slot to memory mapping:
stack at sp + 0 slots: 0x00007ffd0fa2ab50 jvm.dll
stack at sp + 1 slots: 0x0000018df344a300 points into unknown readable memory: 0x4a280013fc5f0001 | 01 00 5f fc 13 00 28 4a
stack at sp + 2 slots: 0x000000000000000b is an unknown value
stack at sp + 3 slots: 0xffffffffffffffff is an unknown value
stack at sp + 4 slots: 0x0000000000000001 is an unknown value
stack at sp + 5 slots: 0x0000018df3847cf0 points into unknown readable memory: 0x0000018df3861080 | 80 10 86 f3 8d 01 00 00
stack at sp + 6 slots: 0x0000008ae02feb80 is pointing into the stack for thread: 0x0000018df2b86330
stack at sp + 7 slots: 0x0000008ae02fecd0 is pointing into the stack for thread: 0x0000018df2b86330


---------------  P R O C E S S  ---------------

Threads class SMR info:
_java_thread_list=0x0000018df35a1c90, length=14, elements={
0x0000018df1ed1450, 0x0000018df1ed2020, 0x0000018df1eee520, 0x0000018df2993f40,
0x0000018df2995810, 0x0000018df29966a0, 0x0000018df2997240, 0x0000018df2997d30,
0x0000018df2ad9be0, 0x0000018df2ae09d0, 0x0000018df2b86330, 0x0000018dc44cdff0,
0x0000018df2f3e2f0, 0x0000018df3026730
}

Java Threads: ( => current thread )
  0x0000018df1ed1450 JavaThread "Reference Handler" daemon [_thread_blocked, id=5312, stack(0x0000008adf300000,0x0000008adf400000)]
  0x0000018df1ed2020 JavaThread "Finalizer" daemon [_thread_blocked, id=4332, stack(0x0000008adf400000,0x0000008adf500000)]
  0x0000018df1eee520 JavaThread "Signal Dispatcher" daemon [_thread_blocked, id=11496, stack(0x0000008adf500000,0x0000008adf600000)]
  0x0000018df2993f40 JavaThread "Attach Listener" daemon [_thread_blocked, id=16416, stack(0x0000008adf600000,0x0000008adf700000)]
  0x0000018df2995810 JavaThread "Service Thread" daemon [_thread_blocked, id=17200, stack(0x0000008adf700000,0x0000008adf800000)]
  0x0000018df29966a0 JavaThread "C2 CompilerThread0" daemon [_thread_blocked, id=10156, stack(0x0000008adf800000,0x0000008adf900000)]
  0x0000018df2997240 JavaThread "C1 CompilerThread0" daemon [_thread_blocked, id=1576, stack(0x0000008adf900000,0x0000008adfa00000)]
  0x0000018df2997d30 JavaThread "Sweeper thread" daemon [_thread_blocked, id=16604, stack(0x0000008adfa00000,0x0000008adfb00000)]
  0x0000018df2ad9be0 JavaThread "Notification Thread" daemon [_thread_blocked, id=16660, stack(0x0000008adfd00000,0x0000008adfe00000)]
  0x0000018df2ae09d0 JavaThread "Common-Cleaner" daemon [_thread_blocked, id=2584, stack(0x0000008adff00000,0x0000008ae0000000)]
=>0x0000018df2b86330 JavaThread "LWJGL Application" [_thread_in_native, id=9724, stack(0x0000008ae0200000,0x0000008ae0300000)]
  0x0000018dc44cdff0 JavaThread "DestroyJavaVM" [_thread_blocked, id=7892, stack(0x0000008adec00000,0x0000008aded00000)]
  0x0000018df2f3e2f0 JavaThread "LWJGL Timer" daemon [_thread_blocked, id=13876, stack(0x0000008ae0c00000,0x0000008ae0d00000)]
  0x0000018df3026730 JavaThread "C1 CompilerThread1" daemon [_thread_blocked, id=16420, stack(0x0000008ae0700000,0x0000008ae0800000)]

Other Threads:
  0x0000018df1ecaba0 VMThread "VM Thread" [stack: 0x0000008adf200000,0x0000008adf300000] [id=14696]
  0x0000018df2ada4c0 WatcherThread [stack: 0x0000008adfe00000,0x0000008adff00000] [id=3952]
  0x0000018dc4549650 GCTaskThread "GC Thread#0" [stack: 0x0000008aded00000,0x0000008adee00000] [id=16436]
  0x0000018df31ec0a0 GCTaskThread "GC Thread#1" [stack: 0x0000008ae0a00000,0x0000008ae0b00000] [id=12156]
  0x0000018df31ec3d0 GCTaskThread "GC Thread#2" [stack: 0x0000008ae0b00000,0x0000008ae0c00000] [id=5156]
  0x0000018df31ec700 GCTaskThread "GC Thread#3" [stack: 0x0000008ae0d00000,0x0000008ae0e00000] [id=16400]
  0x0000018df31eca30 GCTaskThread "GC Thread#4" [stack: 0x0000008ae0e00000,0x0000008ae0f00000] [id=13372]
  0x0000018df31eea10 GCTaskThread "GC Thread#5" [stack: 0x0000008ae0f00000,0x0000008ae1000000] [id=14204]
  0x0000018df31ef3a0 GCTaskThread "GC Thread#6" [stack: 0x0000008ae1000000,0x0000008ae1100000] [id=1648]
  0x0000018df31edd50 GCTaskThread "GC Thread#7" [stack: 0x0000008ae1100000,0x0000008ae1200000] [id=10144]
  0x0000018df31ecd60 GCTaskThread "GC Thread#8" [stack: 0x0000008ae1200000,0x0000008ae1300000] [id=6344]
  0x0000018df31ee3b0 GCTaskThread "GC Thread#9" [stack: 0x0000008ae1300000,0x0000008ae1400000] [id=12192]
  0x0000018df31ed090 GCTaskThread "GC Thread#10" [stack: 0x0000008ae1400000,0x0000008ae1500000] [id=14460]
  0x0000018df31ed6f0 GCTaskThread "GC Thread#11" [stack: 0x0000008ae1500000,0x0000008ae1600000] [id=12144]
  0x0000018dc455b6c0 ConcurrentGCThread "G1 Main Marker" [stack: 0x0000008adee00000,0x0000008adef00000] [id=9652]
  0x0000018dc455c2b0 ConcurrentGCThread "G1 Conc#0" [stack: 0x0000008adef00000,0x0000008adf000000] [id=3096]
  0x0000018df1dc7490 ConcurrentGCThread "G1 Refine#0" [stack: 0x0000008adf000000,0x0000008adf100000] [id=14324]
  0x0000018df1dc8090 ConcurrentGCThread "G1 Young RemSet Sampling" [stack: 0x0000008adf100000,0x0000008adf200000] [id=2032]

Threads with active compile tasks:

VM state: not at safepoint (normal execution)

VM Mutex/Monitor currently owned by a thread: None

Heap address: 0x0000000603c00000, size: 8132 MB, Compressed Oops mode: Zero based, Oop shift amount: 3
CDS archive(s) mapped at: [0x0000000800000000-0x0000000800b50000-0x0000000800b50000), size 11862016, SharedBaseAddress: 0x0000000800000000, ArchiveRelocationMode: 0.
Compressed class space mapped at: 0x0000000800b50000-0x0000000840b50000, size: 1073741824
Narrow klass base: 0x0000000800000000, Narrow klass shift: 3, Narrow klass range: 0x100000000

GC Precious Log:
 CPUs: 16 total, 16 available
 Memory: 32512M
 Large Page Support: Disabled
 NUMA Support: Disabled
 Compressed Oops: Enabled (Zero based)
 Heap Region Size: 4M
 Heap Min Capacity: 8M
 Heap Initial Capacity: 512M
 Heap Max Capacity: 8132M
 Pre-touch: Disabled
 Parallel Workers: 13
 Concurrent Workers: 3
 Concurrent Refinement Workers: 13
 Periodic GC: Disabled

Heap:
 garbage-first heap   total 524288K, used 174902K [0x0000000603c00000, 0x0000000800000000)
  region size 4096K, 45 young (184320K), 1 survivors (4096K)
 Metaspace       used 6342K, capacity 9054K, committed 9216K, reserved 1058816K
  class space    used 452K, capacity 745K, committed 768K, reserved 1048576K

Heap Regions: E=young(eden), S=young(survivor), O=old, HS=humongous(starts), HC=humongous(continues), CS=collection set, F=free, OA=open archive, CA=closed archive, TAMS=top-at-mark-start (previous, next)
|   0|0x0000000603c00000, 0x0000000603c00000, 0x0000000604000000|  0%| F|  |TAMS 0x0000000603c00000, 0x0000000603c00000| Untracked 
|   1|0x0000000604000000, 0x0000000604000000, 0x0000000604400000|  0%| F|  |TAMS 0x0000000604000000, 0x0000000604000000| Untracked 
|   2|0x0000000604400000, 0x0000000604400000, 0x0000000604800000|  0%| F|  |TAMS 0x0000000604400000, 0x0000000604400000| Untracked 
|   3|0x0000000604800000, 0x0000000604800000, 0x0000000604c00000|  0%| F|  |TAMS 0x0000000604800000, 0x0000000604800000| Untracked 
|   4|0x0000000604c00000, 0x0000000604c00000, 0x0000000605000000|  0%| F|  |TAMS 0x0000000604c00000, 0x0000000604c00000| Untracked 
|   5|0x0000000605000000, 0x0000000605000000, 0x0000000605400000|  0%| F|  |TAMS 0x0000000605000000, 0x0000000605000000| Untracked 
|   6|0x0000000605400000, 0x0000000605400000, 0x0000000605800000|  0%| F|  |TAMS 0x0000000605400000, 0x0000000605400000| Untracked 
|   7|0x0000000605800000, 0x0000000605800000, 0x0000000605c00000|  0%| F|  |TAMS 0x0000000605800000, 0x0000000605800000| Untracked 
|   8|0x0000000605c00000, 0x0000000605c00000, 0x0000000606000000|  0%| F|  |TAMS 0x0000000605c00000, 0x0000000605c00000| Untracked 
|   9|0x0000000606000000, 0x0000000606000000, 0x0000000606400000|  0%| F|  |TAMS 0x0000000606000000, 0x0000000606000000| Untracked 
|  10|0x0000000606400000, 0x0000000606400000, 0x0000000606800000|  0%| F|  |TAMS 0x0000000606400000, 0x0000000606400000| Untracked 
|  11|0x0000000606800000, 0x0000000606800000, 0x0000000606c00000|  0%| F|  |TAMS 0x0000000606800000, 0x0000000606800000| Untracked 
|  12|0x0000000606c00000, 0x0000000606c00000, 0x0000000607000000|  0%| F|  |TAMS 0x0000000606c00000, 0x0000000606c00000| Untracked 
|  13|0x0000000607000000, 0x0000000607000000, 0x0000000607400000|  0%| F|  |TAMS 0x0000000607000000, 0x0000000607000000| Untracked 
|  14|0x0000000607400000, 0x0000000607400000, 0x0000000607800000|  0%| F|  |TAMS 0x0000000607400000, 0x0000000607400000| Untracked 
|  15|0x0000000607800000, 0x0000000607800000, 0x0000000607c00000|  0%| F|  |TAMS 0x0000000607800000, 0x0000000607800000| Untracked 
|  16|0x0000000607c00000, 0x0000000607c00000, 0x0000000608000000|  0%| F|  |TAMS 0x0000000607c00000, 0x0000000607c00000| Untracked 
|  17|0x0000000608000000, 0x0000000608000000, 0x0000000608400000|  0%| F|  |TAMS 0x0000000608000000, 0x0000000608000000| Untracked 
|  18|0x0000000608400000, 0x0000000608400000, 0x0000000608800000|  0%| F|  |TAMS 0x0000000608400000, 0x0000000608400000| Untracked 
|  19|0x0000000608800000, 0x0000000608800000, 0x0000000608c00000|  0%| F|  |TAMS 0x0000000608800000, 0x0000000608800000| Untracked 
|  20|0x0000000608c00000, 0x0000000608c00000, 0x0000000609000000|  0%| F|  |TAMS 0x0000000608c00000, 0x0000000608c00000| Untracked 
|  21|0x0000000609000000, 0x0000000609000000, 0x0000000609400000|  0%| F|  |TAMS 0x0000000609000000, 0x0000000609000000| Untracked 
|  22|0x0000000609400000, 0x0000000609400000, 0x0000000609800000|  0%| F|  |TAMS 0x0000000609400000, 0x0000000609400000| Untracked 
|  23|0x0000000609800000, 0x0000000609800000, 0x0000000609c00000|  0%| F|  |TAMS 0x0000000609800000, 0x0000000609800000| Untracked 
|  24|0x0000000609c00000, 0x0000000609c00000, 0x000000060a000000|  0%| F|  |TAMS 0x0000000609c00000, 0x0000000609c00000| Untracked 
|  25|0x000000060a000000, 0x000000060a000000, 0x000000060a400000|  0%| F|  |TAMS 0x000000060a000000, 0x000000060a000000| Untracked 
|  26|0x000000060a400000, 0x000000060a400000, 0x000000060a800000|  0%| F|  |TAMS 0x000000060a400000, 0x000000060a400000| Untracked 
|  27|0x000000060a800000, 0x000000060a800000, 0x000000060ac00000|  0%| F|  |TAMS 0x000000060a800000, 0x000000060a800000| Untracked 
|  28|0x000000060ac00000, 0x000000060ac00000, 0x000000060b000000|  0%| F|  |TAMS 0x000000060ac00000, 0x000000060ac00000| Untracked 
|  29|0x000000060b000000, 0x000000060b000000, 0x000000060b400000|  0%| F|  |TAMS 0x000000060b000000, 0x000000060b000000| Untracked 
|  30|0x000000060b400000, 0x000000060b400000, 0x000000060b800000|  0%| F|  |TAMS 0x000000060b400000, 0x000000060b400000| Untracked 
|  31|0x000000060b800000, 0x000000060b800000, 0x000000060bc00000|  0%| F|  |TAMS 0x000000060b800000, 0x000000060b800000| Untracked 
|  32|0x000000060bc00000, 0x000000060bc00000, 0x000000060c000000|  0%| F|  |TAMS 0x000000060bc00000, 0x000000060bc00000| Untracked 
|  33|0x000000060c000000, 0x000000060c000000, 0x000000060c400000|  0%| F|  |TAMS 0x000000060c000000, 0x000000060c000000| Untracked 
|  34|0x000000060c400000, 0x000000060c400000, 0x000000060c800000|  0%| F|  |TAMS 0x000000060c400000, 0x000000060c400000| Untracked 
|  35|0x000000060c800000, 0x000000060c800000, 0x000000060cc00000|  0%| F|  |TAMS 0x000000060c800000, 0x000000060c800000| Untracked 
|  36|0x000000060cc00000, 0x000000060cc00000, 0x000000060d000000|  0%| F|  |TAMS 0x000000060cc00000, 0x000000060cc00000| Untracked 
|  37|0x000000060d000000, 0x000000060d000000, 0x000000060d400000|  0%| F|  |TAMS 0x000000060d000000, 0x000000060d000000| Untracked 
|  38|0x000000060d400000, 0x000000060d400000, 0x000000060d800000|  0%| F|  |TAMS 0x000000060d400000, 0x000000060d400000| Untracked 
|  39|0x000000060d800000, 0x000000060d800000, 0x000000060dc00000|  0%| F|  |TAMS 0x000000060d800000, 0x000000060d800000| Untracked 
|  40|0x000000060dc00000, 0x000000060dc00000, 0x000000060e000000|  0%| F|  |TAMS 0x000000060dc00000, 0x000000060dc00000| Untracked 
|  41|0x000000060e000000, 0x000000060e000000, 0x000000060e400000|  0%| F|  |TAMS 0x000000060e000000, 0x000000060e000000| Untracked 
|  42|0x000000060e400000, 0x000000060e400000, 0x000000060e800000|  0%| F|  |TAMS 0x000000060e400000, 0x000000060e400000| Untracked 
|  43|0x000000060e800000, 0x000000060e800000, 0x000000060ec00000|  0%| F|  |TAMS 0x000000060e800000, 0x000000060e800000| Untracked 
|  44|0x000000060ec00000, 0x000000060ec00000, 0x000000060f000000|  0%| F|  |TAMS 0x000000060ec00000, 0x000000060ec00000| Untracked 
|  45|0x000000060f000000, 0x000000060f000000, 0x000000060f400000|  0%| F|  |TAMS 0x000000060f000000, 0x000000060f000000| Untracked 
|  46|0x000000060f400000, 0x000000060f400000, 0x000000060f800000|  0%| F|  |TAMS 0x000000060f400000, 0x000000060f400000| Untracked 
|  47|0x000000060f800000, 0x000000060f800000, 0x000000060fc00000|  0%| F|  |TAMS 0x000000060f800000, 0x000000060f800000| Untracked 
|  48|0x000000060fc00000, 0x000000060fc00000, 0x0000000610000000|  0%| F|  |TAMS 0x000000060fc00000, 0x000000060fc00000| Untracked 
|  49|0x0000000610000000, 0x0000000610000000, 0x0000000610400000|  0%| F|  |TAMS 0x0000000610000000, 0x0000000610000000| Untracked 
|  50|0x0000000610400000, 0x0000000610400000, 0x0000000610800000|  0%| F|  |TAMS 0x0000000610400000, 0x0000000610400000| Untracked 
|  51|0x0000000610800000, 0x0000000610800000, 0x0000000610c00000|  0%| F|  |TAMS 0x0000000610800000, 0x0000000610800000| Untracked 
|  52|0x0000000610c00000, 0x0000000610c00000, 0x0000000611000000|  0%| F|  |TAMS 0x0000000610c00000, 0x0000000610c00000| Untracked 
|  53|0x0000000611000000, 0x0000000611000000, 0x0000000611400000|  0%| F|  |TAMS 0x0000000611000000, 0x0000000611000000| Untracked 
|  54|0x0000000611400000, 0x0000000611400000, 0x0000000611800000|  0%| F|  |TAMS 0x0000000611400000, 0x0000000611400000| Untracked 
|  55|0x0000000611800000, 0x0000000611800000, 0x0000000611c00000|  0%| F|  |TAMS 0x0000000611800000, 0x0000000611800000| Untracked 
|  56|0x0000000611c00000, 0x0000000611c00000, 0x0000000612000000|  0%| F|  |TAMS 0x0000000611c00000, 0x0000000611c00000| Untracked 
|  57|0x0000000612000000, 0x0000000612000000, 0x0000000612400000|  0%| F|  |TAMS 0x0000000612000000, 0x0000000612000000| Untracked 
|  58|0x0000000612400000, 0x0000000612400000, 0x0000000612800000|  0%| F|  |TAMS 0x0000000612400000, 0x0000000612400000| Untracked 
|  59|0x0000000612800000, 0x0000000612800000, 0x0000000612c00000|  0%| F|  |TAMS 0x0000000612800000, 0x0000000612800000| Untracked 
|  60|0x0000000612c00000, 0x0000000612c00000, 0x0000000613000000|  0%| F|  |TAMS 0x0000000612c00000, 0x0000000612c00000| Untracked 
|  61|0x0000000613000000, 0x0000000613000000, 0x0000000613400000|  0%| F|  |TAMS 0x0000000613000000, 0x0000000613000000| Untracked 
|  62|0x0000000613400000, 0x0000000613400000, 0x0000000613800000|  0%| F|  |TAMS 0x0000000613400000, 0x0000000613400000| Untracked 
|  63|0x0000000613800000, 0x0000000613800000, 0x0000000613c00000|  0%| F|  |TAMS 0x0000000613800000, 0x0000000613800000| Untracked 
|  64|0x0000000613c00000, 0x0000000613c00000, 0x0000000614000000|  0%| F|  |TAMS 0x0000000613c00000, 0x0000000613c00000| Untracked 
|  65|0x0000000614000000, 0x0000000614000000, 0x0000000614400000|  0%| F|  |TAMS 0x0000000614000000, 0x0000000614000000| Untracked 
|  66|0x0000000614400000, 0x0000000614400000, 0x0000000614800000|  0%| F|  |TAMS 0x0000000614400000, 0x0000000614400000| Untracked 
|  67|0x0000000614800000, 0x0000000614800000, 0x0000000614c00000|  0%| F|  |TAMS 0x0000000614800000, 0x0000000614800000| Untracked 
|  68|0x0000000614c00000, 0x0000000614c00000, 0x0000000615000000|  0%| F|  |TAMS 0x0000000614c00000, 0x0000000614c00000| Untracked 
|  69|0x0000000615000000, 0x0000000615000000, 0x0000000615400000|  0%| F|  |TAMS 0x0000000615000000, 0x0000000615000000| Untracked 
|  70|0x0000000615400000, 0x0000000615400000, 0x0000000615800000|  0%| F|  |TAMS 0x0000000615400000, 0x0000000615400000| Untracked 
|  71|0x0000000615800000, 0x0000000615800000, 0x0000000615c00000|  0%| F|  |TAMS 0x0000000615800000, 0x0000000615800000| Untracked 
|  72|0x0000000615c00000, 0x0000000615c00000, 0x0000000616000000|  0%| F|  |TAMS 0x0000000615c00000, 0x0000000615c00000| Untracked 
|  73|0x0000000616000000, 0x0000000616000000, 0x0000000616400000|  0%| F|  |TAMS 0x0000000616000000, 0x0000000616000000| Untracked 
|  74|0x0000000616400000, 0x0000000616400000, 0x0000000616800000|  0%| F|  |TAMS 0x0000000616400000, 0x0000000616400000| Untracked 
|  75|0x0000000616800000, 0x0000000616800000, 0x0000000616c00000|  0%| F|  |TAMS 0x0000000616800000, 0x0000000616800000| Untracked 
|  76|0x0000000616c00000, 0x0000000616c00000, 0x0000000617000000|  0%| F|  |TAMS 0x0000000616c00000, 0x0000000616c00000| Untracked 
|  77|0x0000000617000000, 0x0000000617000000, 0x0000000617400000|  0%| F|  |TAMS 0x0000000617000000, 0x0000000617000000| Untracked 
|  78|0x0000000617400000, 0x0000000617400000, 0x0000000617800000|  0%| F|  |TAMS 0x0000000617400000, 0x0000000617400000| Untracked 
|  79|0x0000000617800000, 0x0000000617800000, 0x0000000617c00000|  0%| F|  |TAMS 0x0000000617800000, 0x0000000617800000| Untracked 
|  80|0x0000000617c00000, 0x0000000617c00000, 0x0000000618000000|  0%| F|  |TAMS 0x0000000617c00000, 0x0000000617c00000| Untracked 
|  81|0x0000000618000000, 0x0000000618000000, 0x0000000618400000|  0%| F|  |TAMS 0x0000000618000000, 0x0000000618000000| Untracked 
|  82|0x0000000618400000, 0x0000000618400000, 0x0000000618800000|  0%| F|  |TAMS 0x0000000618400000, 0x0000000618400000| Untracked 
|  83|0x0000000618800000, 0x0000000618a49f50, 0x0000000618c00000| 57%| E|  |TAMS 0x0000000618800000, 0x0000000618800000| Complete 
|  84|0x0000000618c00000, 0x0000000619000000, 0x0000000619000000|100%| E|CS|TAMS 0x0000000618c00000, 0x0000000618c00000| Complete 
|  85|0x0000000619000000, 0x0000000619400000, 0x0000000619400000|100%| E|  |TAMS 0x0000000619000000, 0x0000000619000000| Complete 
|  86|0x0000000619400000, 0x0000000619800000, 0x0000000619800000|100%| E|CS|TAMS 0x0000000619400000, 0x0000000619400000| Complete 
|  87|0x0000000619800000, 0x0000000619c00000, 0x0000000619c00000|100%| E|CS|TAMS 0x0000000619800000, 0x0000000619800000| Complete 
|  88|0x0000000619c00000, 0x000000061a000000, 0x000000061a000000|100%| E|CS|TAMS 0x0000000619c00000, 0x0000000619c00000| Complete 
|  89|0x000000061a000000, 0x000000061a400000, 0x000000061a400000|100%| E|CS|TAMS 0x000000061a000000, 0x000000061a000000| Complete 
|  90|0x000000061a400000, 0x000000061a800000, 0x000000061a800000|100%| E|CS|TAMS 0x000000061a400000, 0x000000061a400000| Complete 
|  91|0x000000061a800000, 0x000000061ac00000, 0x000000061ac00000|100%| E|CS|TAMS 0x000000061a800000, 0x000000061a800000| Complete 
|  92|0x000000061ac00000, 0x000000061b000000, 0x000000061b000000|100%| E|CS|TAMS 0x000000061ac00000, 0x000000061ac00000| Complete 
|  93|0x000000061b000000, 0x000000061b400000, 0x000000061b400000|100%| E|CS|TAMS 0x000000061b000000, 0x000000061b000000| Complete 
|  94|0x000000061b400000, 0x000000061b800000, 0x000000061b800000|100%| E|CS|TAMS 0x000000061b400000, 0x000000061b400000| Complete 
|  95|0x000000061b800000, 0x000000061bc00000, 0x000000061bc00000|100%| E|CS|TAMS 0x000000061b800000, 0x000000061b800000| Complete 
|  96|0x000000061bc00000, 0x000000061c000000, 0x000000061c000000|100%| E|CS|TAMS 0x000000061bc00000, 0x000000061bc00000| Complete 
|  97|0x000000061c000000, 0x000000061c400000, 0x000000061c400000|100%| E|CS|TAMS 0x000000061c000000, 0x000000061c000000| Complete 
|  98|0x000000061c400000, 0x000000061c800000, 0x000000061c800000|100%| E|CS|TAMS 0x000000061c400000, 0x000000061c400000| Complete 
|  99|0x000000061c800000, 0x000000061cc00000, 0x000000061cc00000|100%| E|CS|TAMS 0x000000061c800000, 0x000000061c800000| Complete 
| 100|0x000000061cc00000, 0x000000061d000000, 0x000000061d000000|100%| E|CS|TAMS 0x000000061cc00000, 0x000000061cc00000| Complete 
| 101|0x000000061d000000, 0x000000061d400000, 0x000000061d400000|100%| E|CS|TAMS 0x000000061d000000, 0x000000061d000000| Complete 
| 102|0x000000061d400000, 0x000000061d800000, 0x000000061d800000|100%| E|CS|TAMS 0x000000061d400000, 0x000000061d400000| Complete 
| 103|0x000000061d800000, 0x000000061dc00000, 0x000000061dc00000|100%| E|CS|TAMS 0x000000061d800000, 0x000000061d800000| Complete 
| 104|0x000000061dc00000, 0x000000061e000000, 0x000000061e000000|100%| E|CS|TAMS 0x000000061dc00000, 0x000000061dc00000| Complete 
| 105|0x000000061e000000, 0x000000061e400000, 0x000000061e400000|100%| E|CS|TAMS 0x000000061e000000, 0x000000061e000000| Complete 
| 106|0x000000061e400000, 0x000000061e800000, 0x000000061e800000|100%| E|CS|TAMS 0x000000061e400000, 0x000000061e400000| Complete 
| 107|0x000000061e800000, 0x000000061ec00000, 0x000000061ec00000|100%| E|CS|TAMS 0x000000061e800000, 0x000000061e800000| Complete 
| 108|0x000000061ec00000, 0x000000061f000000, 0x000000061f000000|100%| E|CS|TAMS 0x000000061ec00000, 0x000000061ec00000| Complete 
| 109|0x000000061f000000, 0x000000061f400000, 0x000000061f400000|100%| E|CS|TAMS 0x000000061f000000, 0x000000061f000000| Complete 
| 110|0x000000061f400000, 0x000000061f800000, 0x000000061f800000|100%| E|CS|TAMS 0x000000061f400000, 0x000000061f400000| Complete 
| 111|0x000000061f800000, 0x000000061fc00000, 0x000000061fc00000|100%| E|CS|TAMS 0x000000061f800000, 0x000000061f800000| Complete 
| 112|0x000000061fc00000, 0x0000000620000000, 0x0000000620000000|100%| E|CS|TAMS 0x000000061fc00000, 0x000000061fc00000| Complete 
| 113|0x0000000620000000, 0x0000000620400000, 0x0000000620400000|100%| E|CS|TAMS 0x0000000620000000, 0x0000000620000000| Complete 
| 114|0x0000000620400000, 0x0000000620800000, 0x0000000620800000|100%| E|CS|TAMS 0x0000000620400000, 0x0000000620400000| Complete 
| 115|0x0000000620800000, 0x0000000620c00000, 0x0000000620c00000|100%| E|CS|TAMS 0x0000000620800000, 0x0000000620800000| Complete 
| 116|0x0000000620c00000, 0x0000000621000000, 0x0000000621000000|100%| E|CS|TAMS 0x0000000620c00000, 0x0000000620c00000| Complete 
| 117|0x0000000621000000, 0x0000000621400000, 0x0000000621400000|100%| E|CS|TAMS 0x0000000621000000, 0x0000000621000000| Complete 
| 118|0x0000000621400000, 0x00000006216cdbd0, 0x0000000621800000| 70%| S|CS|TAMS 0x0000000621400000, 0x0000000621400000| Complete 
| 119|0x0000000621800000, 0x0000000621c00000, 0x0000000621c00000|100%| E|CS|TAMS 0x0000000621800000, 0x0000000621800000| Complete 
| 120|0x0000000621c00000, 0x0000000622000000, 0x0000000622000000|100%| E|CS|TAMS 0x0000000621c00000, 0x0000000621c00000| Complete 
| 121|0x0000000622000000, 0x0000000622400000, 0x0000000622400000|100%| E|CS|TAMS 0x0000000622000000, 0x0000000622000000| Complete 
| 122|0x0000000622400000, 0x0000000622800000, 0x0000000622800000|100%| E|CS|TAMS 0x0000000622400000, 0x0000000622400000| Complete 
| 123|0x0000000622800000, 0x0000000622c00000, 0x0000000622c00000|100%| E|CS|TAMS 0x0000000622800000, 0x0000000622800000| Complete 
| 124|0x0000000622c00000, 0x0000000623000000, 0x0000000623000000|100%| E|CS|TAMS 0x0000000622c00000, 0x0000000622c00000| Complete 
| 125|0x0000000623000000, 0x0000000623400000, 0x0000000623400000|100%| E|CS|TAMS 0x0000000623000000, 0x0000000623000000| Complete 
| 126|0x0000000623400000, 0x0000000623800000, 0x0000000623800000|100%| E|CS|TAMS 0x0000000623400000, 0x0000000623400000| Complete 
| 127|0x0000000623800000, 0x0000000623c00000, 0x0000000623c00000|100%| E|CS|TAMS 0x0000000623800000, 0x0000000623800000| Complete 

Card table byte_map: [0x0000018ddd250000,0x0000018dde240000] _byte_map_base: 0x0000018dda232000

Marking Bits (Prev, Next): (CMBitMap*) 0x0000018dc4549ec0, (CMBitMap*) 0x0000018dc4549f00
 Prev Bits: [0x0000018ddf230000, 0x0000018de7140000)
 Next Bits: [0x0000018de7140000, 0x0000018def050000)

Polling page: 0x0000018dc3cb0000

Metaspace:

Usage:
  Non-class:      8.11 MB capacity,     5.75 MB ( 71%) used,     2.36 MB ( 29%) free+waste,     4.50 KB ( <1%) overhead. 
      Class:    745.00 KB capacity,   452.94 KB ( 61%) used,   291.00 KB ( 39%) free+waste,     1.06 KB ( <1%) overhead. 
       Both:      8.84 MB capacity,     6.19 MB ( 70%) used,     2.64 MB ( 30%) free+waste,     5.56 KB ( <1%) overhead. 

Virtual space:
  Non-class space:       10.00 MB reserved,       8.25 MB ( 83%) committed 
      Class space:        1.00 GB reserved,     768.00 KB ( <1%) committed 
             Both:        1.01 GB reserved,       9.00 MB ( <1%) committed 

Chunk freelists:
   Non-Class:  139.00 KB
       Class:  23.00 KB
        Both:  162.00 KB

MaxMetaspaceSize: 17179869184.00 GB
CompressedClassSpaceSize: 1.00 GB

CodeHeap 'non-profiled nmethods': size=119168Kb used=574Kb max_used=574Kb free=118593Kb
 bounds [0x0000018dd4580000, 0x0000018dd47f0000, 0x0000018ddb9e0000]
CodeHeap 'profiled nmethods': size=119104Kb used=3125Kb max_used=3125Kb free=115978Kb
 bounds [0x0000018dcd130000, 0x0000018dcd440000, 0x0000018dd4580000]
CodeHeap 'non-nmethods': size=7488Kb used=1858Kb max_used=3004Kb free=5630Kb
 bounds [0x0000018dcc9e0000, 0x0000018dccd40000, 0x0000018dcd130000]
 total_blobs=2249 nmethods=1656 adapters=505
 compilation: enabled
              stopped_count=0, restarted_count=0
 full_count=0

Compilation events (20 events):
Event: 31.768 Thread 0x0000018df3026730 nmethod 1639 0x0000018dcd438e90 code [0x0000018dcd4391c0, 0x0000018dcd43a598]
Event: 31.768 Thread 0x0000018df3026730 1646       3       org.lwjgl.BufferChecks::checkBuffer (16 bytes)
Event: 31.768 Thread 0x0000018df3026730 nmethod 1646 0x0000018dcd43af10 code [0x0000018dcd43b100, 0x0000018dcd43b5c8]
Event: 31.768 Thread 0x0000018df2997240 nmethod 1645 0x0000018dcd43b790 code [0x0000018dcd43ba20, 0x0000018dcd43cb28]
Event: 31.786 Thread 0x0000018df29966a0 1649       4       com.badlogic.gdx.math.Plane::set (60 bytes)
Event: 31.787 Thread 0x0000018df29966a0 nmethod 1649 0x0000018dd460b010 code [0x0000018dd460b1c0, 0x0000018dd460b3b8]
Event: 31.841 Thread 0x0000018df29966a0 1650       4       java.io.File::isInvalid (48 bytes)
Event: 31.844 Thread 0x0000018df29966a0 nmethod 1650 0x0000018dd460b510 code [0x0000018dd460b6a0, 0x0000018dd460b958]
Event: 31.968 Thread 0x0000018df29966a0 1651       4       com.badlogic.gdx.graphics.glutils.VertexArray::bind (347 bytes)
Event: 31.983 Thread 0x0000018df29966a0 nmethod 1651 0x0000018dd460bb10 code [0x0000018dd460bd20, 0x0000018dd460cba8]
Event: 32.023 Thread 0x0000018df29966a0 1652       4       com.badlogic.gdx.utils.Array::iterator (43 bytes)
Event: 32.024 Thread 0x0000018df29966a0 nmethod 1652 0x0000018dd460d910 code [0x0000018dd460daa0, 0x0000018dd460dbb8]
Event: 32.083 Thread 0x0000018df2997240 1653       3       com.badlogic.gdx.physics.box2d.World::step (12 bytes)
Event: 32.083 Thread 0x0000018df2997240 nmethod 1653 0x0000018dcd43ce10 code [0x0000018dcd43cfc0, 0x0000018dcd43d108]
Event: 32.138 Thread 0x0000018df29966a0 1654       4       com.badlogic.gdx.graphics.glutils.VertexArray::unbind (84 bytes)
Event: 32.150 Thread 0x0000018df29966a0 nmethod 1654 0x0000018dd460dd10 code [0x0000018dd460dee0, 0x0000018dd460e8c8]
Event: 32.229 Thread 0x0000018df29966a0 1655       4       java.lang.String::getChars (54 bytes)
Event: 32.231 Thread 0x0000018df29966a0 nmethod 1655 0x0000018dd460f190 code [0x0000018dd460f320, 0x0000018dd460f658]
Event: 32.341 Thread 0x0000018df3026730 1656       3       com.badlogic.gdx.utils.Pool::obtain (25 bytes)
Event: 32.342 Thread 0x0000018df3026730 nmethod 1656 0x0000018dcd43d210 code [0x0000018dcd43d3c0, 0x0000018dcd43d698]

GC Heap History (4 events):
Event: 24.834 GC heap before
{Heap before GC invocations=0 (full 0):
 garbage-first heap   total 524288K, used 28672K [0x0000000603c00000, 0x0000000800000000)
  region size 4096K, 6 young (24576K), 0 survivors (0K)
 Metaspace       used 5917K, capacity 8734K, committed 8960K, reserved 1056768K
  class space    used 445K, capacity 745K, committed 768K, reserved 1048576K
}
Event: 24.836 GC heap after
{Heap after GC invocations=1 (full 0):
 garbage-first heap   total 524288K, used 3010K [0x0000000603c00000, 0x0000000800000000)
  region size 4096K, 1 young (4096K), 1 survivors (4096K)
 Metaspace       used 5917K, capacity 8734K, committed 8960K, reserved 1056768K
  class space    used 445K, capacity 745K, committed 768K, reserved 1048576K
}
Event: 26.073 GC heap before
{Heap before GC invocations=1 (full 0):
 garbage-first heap   total 524288K, used 31682K [0x0000000603c00000, 0x0000000800000000)
  region size 4096K, 9 young (36864K), 1 survivors (4096K)
 Metaspace       used 6086K, capacity 8862K, committed 9216K, reserved 1058816K
  class space    used 451K, capacity 745K, committed 768K, reserved 1048576K
}
Event: 26.075 GC heap after
{Heap after GC invocations=2 (full 0):
 garbage-first heap   total 524288K, used 2870K [0x0000000603c00000, 0x0000000800000000)
  region size 4096K, 1 young (4096K), 1 survivors (4096K)
 Metaspace       used 6086K, capacity 8862K, committed 9216K, reserved 1058816K
  class space    used 451K, capacity 745K, committed 768K, reserved 1048576K
}

Deoptimization events (20 events):
Event: 24.810 Thread 0x0000018df2b86330 DEOPT PACKING pc=0x0000018dcd27a277 sp=0x0000008ae02fdf70
Event: 24.810 Thread 0x0000018df2b86330 DEOPT UNPACKING pc=0x0000018dcca2e23f sp=0x0000008ae02fd4d0 mode 0
Event: 24.810 Thread 0x0000018df2b86330 DEOPT PACKING pc=0x0000018dcd27a277 sp=0x0000008ae02fdf70
Event: 24.810 Thread 0x0000018df2b86330 DEOPT UNPACKING pc=0x0000018dcca2e23f sp=0x0000008ae02fd4d0 mode 0
Event: 24.810 Thread 0x0000018df2b86330 DEOPT PACKING pc=0x0000018dcd27a277 sp=0x0000008ae02fdf70
Event: 24.810 Thread 0x0000018df2b86330 DEOPT UNPACKING pc=0x0000018dcca2e23f sp=0x0000008ae02fd4d0 mode 0
Event: 24.815 Thread 0x0000018df2b86330 DEOPT PACKING pc=0x0000018dcd27a277 sp=0x0000008ae02fe650
Event: 24.815 Thread 0x0000018df2b86330 DEOPT UNPACKING pc=0x0000018dcca2e23f sp=0x0000008ae02fdbb0 mode 0
Event: 24.815 Thread 0x0000018df2b86330 DEOPT PACKING pc=0x0000018dcd27a277 sp=0x0000008ae02fe650
Event: 24.815 Thread 0x0000018df2b86330 DEOPT UNPACKING pc=0x0000018dcca2e23f sp=0x0000008ae02fdbb0 mode 0
Event: 24.815 Thread 0x0000018df2b86330 DEOPT PACKING pc=0x0000018dcd27a277 sp=0x0000008ae02fe650
Event: 24.815 Thread 0x0000018df2b86330 DEOPT UNPACKING pc=0x0000018dcca2e23f sp=0x0000008ae02fdbb0 mode 0
Event: 24.818 Thread 0x0000018df2b86330 DEOPT PACKING pc=0x0000018dcd27a277 sp=0x0000008ae02fe650
Event: 24.818 Thread 0x0000018df2b86330 DEOPT UNPACKING pc=0x0000018dcca2e23f sp=0x0000008ae02fdbb0 mode 0
Event: 24.818 Thread 0x0000018df2b86330 DEOPT PACKING pc=0x0000018dcd27a277 sp=0x0000008ae02fe650
Event: 24.818 Thread 0x0000018df2b86330 DEOPT UNPACKING pc=0x0000018dcca2e23f sp=0x0000008ae02fdbb0 mode 0
Event: 28.349 Thread 0x0000018df2b86330 DEOPT PACKING pc=0x0000018dcd323483 sp=0x0000008ae02fea20
Event: 28.349 Thread 0x0000018df2b86330 DEOPT UNPACKING pc=0x0000018dcca2e23f sp=0x0000008ae02fdf40 mode 0
Event: 30.123 Thread 0x0000018df2b86330 DEOPT PACKING pc=0x0000018dcd33b27f sp=0x0000008ae02fe7e0
Event: 30.123 Thread 0x0000018df2b86330 DEOPT UNPACKING pc=0x0000018dcca2e23f sp=0x0000008ae02fdd28 mode 0

Classes unloaded (0 events):
No events

Classes redefined (0 events):
No events

Internal exceptions (0 events):
No events

Events (20 events):
Event: 26.075 Executing VM operation: G1CollectForAllocation done
Event: 26.316 Loaded shared library C:\Users\nicho\AppData\Local\Temp\libgdxnicho\1cecf4f6\lwjgl64.dll
Event: 26.316 Loaded shared library C:\Users\nicho\AppData\Local\Temp\libgdxnicho\1cecf4f6\lwjgl64.dll
Event: 26.777 Loaded shared library C:\Users\nicho\AppData\Local\Temp\libgdxnicho\1cecf4f6\lwjgl64.dll
Event: 26.798 Loaded shared library C:\Users\nicho\AppData\Local\Temp\libgdxnicho\1cecf4f6\lwjgl64.dll
Event: 26.798 Loaded shared library C:\Users\nicho\AppData\Local\Temp\libgdxnicho\1cecf4f6\lwjgl64.dll
Event: 26.984 Loaded shared library C:\Users\nicho\AppData\Local\Temp\libgdxnicho\6bae761b\gdx64.dll
Event: 28.219 Thread 0x0000018df3026d00 Thread exited: 0x0000018df3026d00
Event: 28.834 Thread 0x0000018df30267f0 Thread exited: 0x0000018df30267f0
Event: 28.963 Loaded shared library C:\Users\nicho\AppData\Local\Temp\libgdxnicho\1cecf4f6\lwjgl64.dll
Event: 28.964 Loaded shared library C:\Users\nicho\AppData\Local\Temp\libgdxnicho\1cecf4f6\lwjgl64.dll
Event: 29.217 Thread 0x0000018df30267f0 Thread added: 0x0000018df30267f0
Event: 29.422 Loaded shared library C:\Users\nicho\AppData\Local\Temp\libgdxnicho\1cecf4f6\lwjgl64.dll
Event: 29.423 Loaded shared library C:\Users\nicho\AppData\Local\Temp\libgdxnicho\6bae761b\gdx64.dll
Event: 30.960 Thread 0x0000018df30267f0 Thread exited: 0x0000018df30267f0
Event: 31.078 Thread 0x0000018df30262e0 Thread exited: 0x0000018df30262e0
Event: 31.766 Loaded shared library C:\Users\nicho\AppData\Local\Temp\libgdxnicho\1cecf4f6\lwjgl64.dll
Event: 31.766 Thread 0x0000018df3026730 Thread added: 0x0000018df3026730
Event: 31.766 Loaded shared library C:\Users\nicho\AppData\Local\Temp\libgdxnicho\1cecf4f6\lwjgl64.dll
Event: 31.767 Loaded shared library C:\Users\nicho\AppData\Local\Temp\libgdxnicho\1cecf4f6\lwjgl64.dll


Dynamic libraries:
0x00007ff69ba00000 - 0x00007ff69ba0d000 	C:\Users\nicho\.jdks\corretto-15.0.2\bin\java.exe
0x00007ffda0a90000 - 0x00007ffda0c85000 	C:\Windows\SYSTEM32\ntdll.dll
0x00007ffd9fde0000 - 0x00007ffd9fe9e000 	C:\Windows\System32\KERNEL32.DLL
0x00007ffd9e590000 - 0x00007ffd9e859000 	C:\Windows\System32\KERNELBASE.dll
0x00007ffd9e1e0000 - 0x00007ffd9e2e0000 	C:\Windows\System32\ucrtbase.dll
0x00007ffd41fc0000 - 0x00007ffd41fd8000 	C:\Users\nicho\.jdks\corretto-15.0.2\bin\jli.dll
0x00007ffd41fa0000 - 0x00007ffd41fb5000 	C:\Users\nicho\.jdks\corretto-15.0.2\bin\VCRUNTIME140.dll
0x00007ffda08a0000 - 0x00007ffda0a41000 	C:\Windows\System32\USER32.dll
0x00007ffd9e860000 - 0x00007ffd9e882000 	C:\Windows\System32\win32u.dll
0x00007ffd9ebb0000 - 0x00007ffd9ebdb000 	C:\Windows\System32\GDI32.dll
0x00007ffd89df0000 - 0x00007ffd8a08a000 	C:\Windows\WinSxS\amd64_microsoft.windows.common-controls_6595b64144ccf1df_6.0.19041.1110_none_60b5254171f9507e\COMCTL32.dll
0x00007ffd9e980000 - 0x00007ffd9ea8b000 	C:\Windows\System32\gdi32full.dll
0x00007ffda0800000 - 0x00007ffda089e000 	C:\Windows\System32\msvcrt.dll
0x00007ffd9e2e0000 - 0x00007ffd9e37d000 	C:\Windows\System32\msvcp_win.dll
0x00007ffd9eb80000 - 0x00007ffd9ebb0000 	C:\Windows\System32\IMM32.DLL
0x00007ffd12070000 - 0x00007ffd1210b000 	C:\Users\nicho\.jdks\corretto-15.0.2\bin\msvcp140.dll
0x00007ffd0f180000 - 0x00007ffd0fd11000 	C:\Users\nicho\.jdks\corretto-15.0.2\bin\server\jvm.dll
0x00007ffda0050000 - 0x00007ffda00fc000 	C:\Windows\System32\ADVAPI32.dll
0x00007ffd9fb40000 - 0x00007ffd9fbdb000 	C:\Windows\System32\sechost.dll
0x00007ffd9ebe0000 - 0x00007ffd9ed0a000 	C:\Windows\System32\RPCRT4.dll
0x00007ffd9eb70000 - 0x00007ffd9eb78000 	C:\Windows\System32\PSAPI.DLL
0x00007ffd810f0000 - 0x00007ffd810f9000 	C:\Windows\SYSTEM32\WSOCK32.dll
0x00007ffd92970000 - 0x00007ffd92997000 	C:\Windows\SYSTEM32\WINMM.dll
0x00007ffd970f0000 - 0x00007ffd970fa000 	C:\Windows\SYSTEM32\VERSION.dll
0x00007ffda0680000 - 0x00007ffda06eb000 	C:\Windows\System32\WS2_32.dll
0x00007ffd9ca30000 - 0x00007ffd9ca42000 	C:\Windows\SYSTEM32\kernel.appcore.dll
0x00007ffd41f90000 - 0x00007ffd41f9a000 	C:\Users\nicho\.jdks\corretto-15.0.2\bin\jimage.dll
0x00007ffd9c720000 - 0x00007ffd9c904000 	C:\Windows\SYSTEM32\DBGHELP.DLL
0x00007ffd8c0a0000 - 0x00007ffd8c0cc000 	C:\Windows\SYSTEM32\dbgcore.DLL
0x00007ffd9e890000 - 0x00007ffd9e913000 	C:\Windows\System32\bcryptPrimitives.dll
0x00007ffd41f30000 - 0x00007ffd41f55000 	C:\Users\nicho\.jdks\corretto-15.0.2\bin\java.dll
0x00007ffd9f330000 - 0x00007ffd9fa6f000 	C:\Windows\System32\SHELL32.dll
0x00007ffd9bed0000 - 0x00007ffd9c660000 	C:\Windows\SYSTEM32\windows.storage.dll
0x00007ffda0100000 - 0x00007ffda0455000 	C:\Windows\System32\combase.dll
0x00007ffd9dc00000 - 0x00007ffd9dc2c000 	C:\Windows\SYSTEM32\Wldp.dll
0x00007ffd9f280000 - 0x00007ffd9f32d000 	C:\Windows\System32\SHCORE.dll
0x00007ffda07a0000 - 0x00007ffda07f5000 	C:\Windows\System32\shlwapi.dll
0x00007ffd9e0f0000 - 0x00007ffd9e10f000 	C:\Windows\SYSTEM32\profapi.dll
0x00007ffd1ee20000 - 0x00007ffd1ee39000 	C:\Users\nicho\.jdks\corretto-15.0.2\bin\net.dll
0x00007ffd99240000 - 0x00007ffd99348000 	C:\Windows\SYSTEM32\WINHTTP.dll
0x00007ffd9d960000 - 0x00007ffd9d9ca000 	C:\Windows\system32\mswsock.dll
0x00007ffd1ee00000 - 0x00007ffd1ee12000 	C:\Users\nicho\.jdks\corretto-15.0.2\bin\nio.dll
0x00007ffd1ec50000 - 0x00007ffd1ec68000 	C:\Users\nicho\.jdks\corretto-15.0.2\bin\zip.dll
0x0000000065ac0000 - 0x0000000065aea000 	C:\Users\nicho\AppData\Local\Temp\libgdxnicho\6bae761b\gdx64.dll
0x00007ffd22480000 - 0x00007ffd22490000 	C:\Users\nicho\.jdks\corretto-15.0.2\bin\verify.dll
0x0000000180000000 - 0x0000000180053000 	C:\Users\nicho\AppData\Local\Temp\libgdxnicho\1cecf4f6\lwjgl64.dll
0x00007ffd67c60000 - 0x00007ffd67d85000 	C:\Windows\SYSTEM32\OPENGL32.dll
0x00007ffd68ed0000 - 0x00007ffd68efc000 	C:\Windows\SYSTEM32\GLU32.dll
0x0000018df3610000 - 0x0000018df3674000 	C:\Users\nicho\AppData\Local\Temp\libgdxnicho\1cecf4f6\OpenAL64.dll
0x00007ffda0550000 - 0x00007ffda067a000 	C:\Windows\System32\ole32.dll
0x00007ffd9b7d0000 - 0x00007ffd9b86e000 	C:\Windows\system32\uxtheme.dll
0x00007ffd42590000 - 0x00007ffd42771000 	C:\Program Files (x86)\Stardock\Fences\FencesMenu64.dll
0x00007ffd9fa70000 - 0x00007ffd9fb3d000 	C:\Windows\System32\OLEAUT32.dll
0x00007ffd9e0b0000 - 0x00007ffd9e0de000 	C:\Windows\SYSTEM32\USERENV.dll
0x00007ffd996b0000 - 0x00007ffd996c4000 	C:\Windows\SYSTEM32\WTSAPI32.dll
0x00007ffd807c0000 - 0x00007ffd80969000 	C:\Windows\WinSxS\amd64_microsoft.windows.gdiplus_6595b64144ccf1df_1.1.19041.1288_none_91a663c8cc864906\gdiplus.dll
0x00007ffda06f0000 - 0x00007ffda0799000 	C:\Windows\System32\clbcatq.dll
0x00007ffd42b40000 - 0x00007ffd42bdc000 	C:\Windows\SYSTEM32\dsound.dll
0x00007ffd9d720000 - 0x00007ffd9d76b000 	C:\Windows\SYSTEM32\powrprof.dll
0x00007ffd82090000 - 0x00007ffd820b6000 	C:\Windows\SYSTEM32\winmmbase.dll
0x00007ffd9d5e0000 - 0x00007ffd9d5f2000 	C:\Windows\SYSTEM32\UMPDC.dll
0x00007ffd95790000 - 0x00007ffd95815000 	C:\Windows\System32\MMDevApi.dll
0x00007ffd9df50000 - 0x00007ffd9df84000 	C:\Windows\System32\DEVOBJ.dll
0x00007ffd9ea90000 - 0x00007ffd9eade000 	C:\Windows\System32\cfgmgr32.dll
0x00007ffd95900000 - 0x00007ffd95a81000 	C:\Windows\SYSTEM32\AUDIOSES.DLL
0x00007ffd9b8e0000 - 0x00007ffd9b8f4000 	C:\Windows\SYSTEM32\resourcepolicyclient.dll
0x00007ffd98a60000 - 0x00007ffd98b0e000 	C:\Windows\SYSTEM32\mscms.dll
0x00007ffd98a40000 - 0x00007ffd98a51000 	C:\Windows\SYSTEM32\ColorAdapterClient.dll
0x00007ffd95a90000 - 0x00007ffd95ad4000 	C:\Windows\System32\Windows.Internal.Graphics.Display.DisplayColorManagement.dll
0x00007ffd9fcc0000 - 0x00007ffd9fdd5000 	C:\Windows\System32\MSCTF.dll
0x00007ffd91990000 - 0x00007ffd91a89000 	C:\Windows\SYSTEM32\textinputframework.dll
0x00007ffd9b480000 - 0x00007ffd9b572000 	C:\Windows\System32\CoreMessaging.dll
0x00007ffd9b020000 - 0x00007ffd9b37e000 	C:\Windows\System32\CoreUIComponents.dll
0x00007ffd9cea0000 - 0x00007ffd9ced3000 	C:\Windows\SYSTEM32\ntmarta.dll
0x00007ffd9a860000 - 0x00007ffd9a9b4000 	C:\Windows\SYSTEM32\wintypes.dll
0x00007ffd80370000 - 0x00007ffd803d6000 	C:\Windows\system32\Oleacc.dll
0x00007ffd97dd0000 - 0x00007ffd97ec9000 	C:\Windows\System32\AppXDeploymentClient.dll
0x00007ffd12af0000 - 0x00007ffd13ab6000 	C:\Windows\System32\DriverStore\FileRepository\iigd_dch.inf_amd64_cf2a6988eeddf859\ig9icd64.dll
0x00007ffd9b9e0000 - 0x00007ffd9ba0f000 	C:\Windows\system32\dwmapi.dll
0x00007ffd9caa0000 - 0x00007ffd9cb94000 	C:\Windows\system32\dxgi.dll
0x00007ffd2aaa0000 - 0x00007ffd2aedc000 	C:\Windows\System32\DriverStore\FileRepository\iigd_dch.inf_amd64_cf2a6988eeddf859\igdml64.dll
0x00007ffd92560000 - 0x00007ffd92918000 	C:\Windows\System32\DriverStore\FileRepository\iigd_dch.inf_amd64_cf2a6988eeddf859\igdgmm64.dll
0x00007ffd95b20000 - 0x00007ffd95b63000 	C:\Windows\SYSTEM32\icm32.dll
0x00007ffd8ebe0000 - 0x00007ffd91988000 	C:\Windows\System32\DriverStore\FileRepository\iigd_dch.inf_amd64_cf2a6988eeddf859\igc64.dll
0x000000006e9c0000 - 0x000000006ea1b000 	C:\Users\nicho\AppData\Local\Temp\libgdxnicho\19bf02c5\gdx-box2d64.dll

dbghelp: loaded successfully - version: 4.0.5 - missing functions: none
symbol engine: initialized successfully - sym options: 0x614 - pdb path: .;C:\Users\nicho\.jdks\corretto-15.0.2\bin;C:\Windows\SYSTEM32;C:\Windows\WinSxS\amd64_microsoft.windows.common-controls_6595b64144ccf1df_6.0.19041.1110_none_60b5254171f9507e;C:\Users\nicho\.jdks\corretto-15.0.2\bin\server;C:\Users\nicho\AppData\Local\Temp\libgdxnicho\6bae761b;C:\Users\nicho\AppData\Local\Temp\libgdxnicho\1cecf4f6;C:\Program Files (x86)\Stardock\Fences;C:\Windows\WinSxS\amd64_microsoft.windows.gdiplus_6595b64144ccf1df_1.1.19041.1288_none_91a663c8cc864906;C:\Windows\System32\DriverStore\FileRepository\iigd_dch.inf_amd64_cf2a6988eeddf859;C:\Users\nicho\AppData\Local\Temp\libgdxnicho\19bf02c5

VM Arguments:
jvm_args: -Dfile.encoding=windows-1252 -Duser.country=US -Duser.language=en -Duser.variant 
java_command: com.mygdx.nextlevel.desktop.DesktopLauncher
java_class_path (initial): C:\Users\nicho\Projects\code\Level-Up\Next Level\desktop\build\classes\java\main;C:\Users\nicho\Projects\code\Level-Up\Next Level\desktop\build\resources\main;C:\Users\nicho\.gradle\caches\modules-2\files-2.1\com.badlogicgames.gdx\gdx-backend-lwjgl\1.9.14\76d214441fa6faed9a4b9a2c02473f0d0a467a52\gdx-backend-lwjgl-1.9.14.jar;C:\Users\nicho\.gradle\caches\modules-2\files-2.1\com.badlogicgames.gdx\gdx-platform\1.9.14\c972092618b729ebfec229c9214fb9e87861fb7a\gdx-platform-1.9.14-natives-desktop.jar;C:\Users\nicho\.gradle\caches\modules-2\files-2.1\com.badlogicgames.gdx\gdx-box2d-platform\1.9.14\3c70a6038ec970ae49f96292ed48bd2a098a7f47\gdx-box2d-platform-1.9.14-natives-desktop.jar;C:\Users\nicho\Projects\code\Level-Up\Next Level\core\build\libs\core-1.0.jar;C:\Users\nicho\.gradle\caches\modules-2\files-2.1\com.badlogicgames.box2dlights\box2dlights\1.5\6902dbcd250c95a27973aa24a147a95b3828d348\box2dlights-1.5.jar;C:\Users\nicho\.gradle\caches\modules-2\files-2.1\com.badlogicgames.gdx\gdx-box2d\1.9.14\1c52434c5c7ad1a19e08dcc53047eb1cd79b5e62\gdx-box2d-1.9.14.jar;C:\Users\nicho\.gradle\caches\modules-2\files-2.1\com.kotcrab.vis\vis-ui\1.5.0\cf5f4d925657b14c50716417b1b207ab3a4b0008\vis-ui-1.5.0.jar;C:\Users\nicho\.gradle\caches\modules-2\files-2.1\com.badlogicgames.gdx\gdx\1.10.0\74c240f79dc4fb6b766a834249600d0a019d0489\gdx-1.10.0.jar;C:\Users\nicho\.gradle\caches\modules-2\files-2.1\org.lwjgl.lwjgl\lwjgl_util\2.9.3\751f06b62424da056954c67288fd5c494431e350\lwjgl_util-2.9.3.jar;C:\Users\nicho\.gradle\caches\modules-2\files-2.1\org.lwjgl.lwjgl\lwjgl\2.9.3\3df168ac74e4a8c96562cdff24ad352e255bf89c\lwjgl-2.9.3.jar;C:\Users\nicho\.gradle\caches\modules-2\files-2.1\com.badlogicgames.jlayer\jlayer\1.0.1-gdx\7cca83cec5c1b2f011362f4d85aabd71a73b049d\jlayer-1.0.1-gdx.jar;C:\Users\nicho\.gradle\caches\modules-2\files-2.1\org.jcraft\jorbis\0.0.17\8872d22b293e8f5d7d56ff92be966e6dc28ebdc6\jorbis-0.0.17.jar;C:\Users\nicho\.gradle\caches\modules-2\files-2.1\org.xer
Launcher Type: SUN_STANDARD

[Global flags]
     intx CICompilerCount                          = 12                                        {product} {ergonomic}
     uint ConcGCThreads                            = 3                                         {product} {ergonomic}
     uint G1ConcRefinementThreads                  = 13                                        {product} {ergonomic}
   size_t G1HeapRegionSize                         = 4194304                                   {product} {ergonomic}
    uintx GCDrainStackTargetSize                   = 64                                        {product} {ergonomic}
   size_t InitialHeapSize                          = 536870912                                 {product} {ergonomic}
   size_t MarkStackSize                            = 4194304                                   {product} {ergonomic}
   size_t MaxHeapSize                              = 8527020032                                {product} {ergonomic}
   size_t MaxNewSize                               = 5112856576                                {product} {ergonomic}
   size_t MinHeapDeltaBytes                        = 4194304                                   {product} {ergonomic}
   size_t MinHeapSize                              = 8388608                                   {product} {ergonomic}
    uintx NonNMethodCodeHeapSize                   = 7602480                                {pd product} {ergonomic}
    uintx NonProfiledCodeHeapSize                  = 122027880                              {pd product} {ergonomic}
    uintx ProfiledCodeHeapSize                     = 122027880                              {pd product} {ergonomic}
    uintx ReservedCodeCacheSize                    = 251658240                              {pd product} {ergonomic}
     bool SegmentedCodeCache                       = true                                      {product} {ergonomic}
   size_t SoftMaxHeapSize                          = 8527020032                             {manageable} {ergonomic}
     bool UseCompressedClassPointers               = true                                 {lp64_product} {ergonomic}
     bool UseCompressedOops                        = true                                 {lp64_product} {ergonomic}
     bool UseG1GC                                  = true                                      {product} {ergonomic}
     bool UseLargePagesIndividualAllocation        = false                                  {pd product} {ergonomic}

Logging:
Log output configuration:
 #0: stdout all=warning uptime,level,tags
 #1: stderr all=off uptime,level,tags

Environment Variables:
PATH=C:\Windows\system32;C:\Windows;C:\Windows\System32\Wbem;C:\Windows\System32\WindowsPowerShell\v1.0\;C:\Windows\System32\OpenSSH\;C:\Program Files (x86)\NVIDIA Corporation\PhysX\Common;C:\Program Files\NVIDIA Corporation\NVIDIA NvDLISR;C:\Program Files\Git\cmd;C:\Program Files\MATLAB\R2020a\bin;C:\Users\nicho\AppData\Local\Microsoft\WindowsApps;C:\Users\nicho\AppData\Local\GitHubDesktop\bin;C:\Users\nicho\Projects\bin;C:\Users\ProgramFiles\Git\bin;;C:\Program Files\JetBrains\IntelliJ IDEA 2021.2.2\bin;;C:\Users\nicho\AppData\Local\Programs\Microsoft VS Code\bin
USERNAME=nicho
OS=Windows_NT
PROCESSOR_IDENTIFIER=Intel64 Family 6 Model 165 Stepping 2, GenuineIntel



---------------  S Y S T E M  ---------------

OS:
 Windows 10 , 64 bit Build 19041 (10.0.19041.1202)
OS uptime: 0 days 0:17 hours

CPU: total 16 (initial active 16) (8 cores per cpu, 2 threads per core) family 6 model 165 stepping 2 microcode 0xea, cmov, cx8, fxsr, mmx, sse, sse2, sse3, ssse3, sse4.1, sse4.2, popcnt, vzeroupper, avx, avx2, aes, clmul, erms, 3dnowpref, lzcnt, ht, tsc, tscinvbit, bmi1, bmi2, adx, fma, clflush, clflushopt

Memory: 4k page, system-wide physical 32512M (20216M free)
TotalPageFile size 37376M (AvailPageFile size 22966M)
current process WorkingSet (physical memory assigned to process): 2109M, peak: 2112M
current process commit charge ("private bytes"): 2493M, peak: 2495M

vm_info: OpenJDK 64-Bit Server VM (15.0.2+7) for windows-amd64 JRE (15.0.2+7), built on Jan 20 2021 22:17:45 by "Administrator" with MS VC++ 15.9 (VS2017)

END.
