#
# A fatal error has been detected by the Java Runtime Environment:
#
#  EXCEPTION_ACCESS_VIOLATION (0xc0000005) at pc=0x0000000000000000, pid=13692, tid=14276
#
# JRE version: OpenJDK Runtime Environment AdoptOpenJDK (15.0.1+9) (build 15.0.1+9)
# Java VM: OpenJDK 64-Bit Server VM AdoptOpenJDK (15.0.1+9, mixed mode, sharing, tiered, compressed oops, g1 gc, windows-amd64)
# Problematic frame:
# C  0x0000000000000000
#
# No core dump will be written. Minidumps are not enabled by default on client versions of Windows
#
# If you would like to submit a bug report, please visit:
#   https://github.com/AdoptOpenJDK/openjdk-support/issues
# The crash happened outside the Java Virtual Machine in native code.
# See problematic frame for where to report the bug.
#

---------------  S U M M A R Y ------------

Command Line: -Dfile.encoding=windows-1252 -Duser.country=US -Duser.language=en -Duser.variant com.mygdx.nextlevel.desktop.DesktopLauncher

Host: AMD Ryzen 5 3600 6-Core Processor              , 12 cores, 31G,  Windows 10 , 64 bit Build 19041 (10.0.19041.1202)
Time: Fri Oct 15 20:56:58 2021 US Eastern Daylight Time elapsed time: 2.170228 seconds (0d 0h 0m 2s)

---------------  T H R E A D  ---------------

Current thread (0x00000273254e6710):  JavaThread "LWJGL Application" [_thread_in_native, id=14276, stack(0x000000ac60800000,0x000000ac60900000)]

Stack: [0x000000ac60800000,0x000000ac60900000],  sp=0x000000ac608fea88,  free space=1018k
Native frames: (J=compiled Java code, j=interpreted, Vv=VM code, C=native code)

Java frames: (J=compiled Java code, j=interpreted, Vv=VM code)
j  com.badlogic.gdx.physics.box2d.Body.jniCreateFixture(JJFFFZSSS)J+0
j  com.badlogic.gdx.physics.box2d.Body.createFixture(Lcom/badlogic/gdx/physics/box2d/FixtureDef;)Lcom/badlogic/gdx/physics/box2d/Fixture;+49
j  com.mygdx.nextlevel.actors.TestActor.setEdgeShape()V+165
j  com.mygdx.nextlevel.actors.TestActor.<init>(Lcom/badlogic/gdx/graphics/Texture;Lcom/badlogic/gdx/physics/box2d/World;Lcom/badlogic/gdx/math/Vector2;FF)V+72
j  com.mygdx.nextlevel.screens.GameScreen.<init>(Lcom/mygdx/nextlevel/NextLevel;)V+403
j  com.mygdx.nextlevel.screens.MainMenuScreen$1.clicked(Lcom/badlogic/gdx/scenes/scene2d/InputEvent;FF)V+22
j  com.badlogic.gdx.scenes.scene2d.utils.ClickListener.touchUp(Lcom/badlogic/gdx/scenes/scene2d/InputEvent;FFII)V+108
j  com.badlogic.gdx.scenes.scene2d.InputListener.handle(Lcom/badlogic/gdx/scenes/scene2d/Event;)Z+233
j  com.badlogic.gdx.scenes.scene2d.Stage.touchUp(IIII)Z+213
j  com.badlogic.gdx.InputEventQueue.drain(Lcom/badlogic/gdx/InputProcessor;)V+273
j  com.badlogic.gdx.backends.lwjgl.DefaultLwjglInput.processEvents()V+8
j  com.badlogic.gdx.backends.lwjgl.LwjglApplication.mainLoop()V+663
j  com.badlogic.gdx.backends.lwjgl.LwjglApplication$1.run()V+27
v  ~StubRoutines::call_stub

siginfo: EXCEPTION_ACCESS_VIOLATION (0xc0000005), data execution prevention violation at address 0x0000000000000000


Register to memory mapping:

RIP=0x0 is NULL
RAX=0x00000273261b68d0 points into unknown readable memory: 0x000002732deb0080 | 80 00 eb 2d 73 02 00 00
RBX=0x00000273261a6b30 points into unknown readable memory: 0x0000027300000000 | 00 00 00 00 73 02 00 00
RCX=0x000002732615b380 points into unknown readable memory: 0x00000273261b68d0 | d0 68 1b 26 73 02 00 00
RDX=0x0000027326188a50 points into unknown readable memory: 0x00000273261a1de0 | e0 1d 1a 26 73 02 00 00
RSP=0x000000ac608fea88 is pointing into the stack for thread: 0x00000273254e6710
RBP=0x0000027326188a50 points into unknown readable memory: 0x00000273261a1de0 | e0 1d 1a 26 73 02 00 00
RSI=0x000000ac608feb50 is pointing into the stack for thread: 0x00000273254e6710
RDI=0x0000027326188a50 points into unknown readable memory: 0x00000273261a1de0 | e0 1d 1a 26 73 02 00 00
R8 =0x00000273261a2d00 points into unknown readable memory: 0x0000002600000000 | 00 00 00 00 26 00 00 00
R9 =0x000000ac608feb50 is pointing into the stack for thread: 0x00000273254e6710
R10=0x000002730000f148 is at code_begin+1000 in an Interpreter codelet
method entry point (kind = native)  [0x000002730000ed60, 0x000002730000f7e0]  2688 bytes
R11=0x0000000000000102 is an unknown value
R12=0x0 is NULL
R13={method} {0x0000027324ea5cb8} 'jniCreateFixture' '(JJFFFZSSS)J' in 'com/badlogic/gdx/physics/box2d/Body'
R14=0x000000ac608fecd8 is pointing into the stack for thread: 0x00000273254e6710
R15=0x00000273254e6710 is a thread


Registers:
RAX=0x00000273261b68d0, RBX=0x00000273261a6b30, RCX=0x000002732615b380, RDX=0x0000027326188a50
RSP=0x000000ac608fea88, RBP=0x0000027326188a50, RSI=0x000000ac608feb50, RDI=0x0000027326188a50
R8 =0x00000273261a2d00, R9 =0x000000ac608feb50, R10=0x000002730000f148, R11=0x0000000000000102
R12=0x0000000000000000, R13=0x0000027324ea5cb0, R14=0x000000ac608fecd8, R15=0x00000273254e6710
RIP=0x0000000000000000, EFLAGS=0x0000000000010206

Top of Stack: (sp=0x000000ac608fea88)
0x000000ac608fea88:   000000006e9df82c 00000273254e6710
0x000000ac608fea98:   00007ffd4b00bef5 00000273261a2d00
0x000000ac608feaa8:   000000061fa2d190 0000027326188a50
0x000000ac608feab8:   00000273261a2d00 00000273261a6b30
0x000000ac608feac8:   0000027326188a50 000000ac608feb50
0x000000ac608fead8:   000000006e9de6c9 00000273254e6710
0x000000ac608feae8:   000002732615b370 000002732615b380
0x000000ac608feaf8:   0000000000000000 0000000000000000
0x000000ac608feb08:   0000027324ea5cb0 000000061fa2d190
0x000000ac608feb18:   000002730000a1aa 000000ac608fec60
0x000000ac608feb28:   000000006e9e49bd 000002730001ef71
0x000000ac608feb38:   9e3779b97f4a7c15 0000000000000000
0x000000ac608feb48:   efefc03d06f7895f 000002732615b380
0x000000ac608feb58:   0000000000000000 000000003e4ccccd
0x000000ac608feb68:   0001000000000000 000002730000ffff
0x000000ac608feb78:   0000000000000000 0000000620438d18 

Instructions: (pc=0x0000000000000000)
0xffffffffffffff00:   


Stack slot to memory mapping:
stack at sp + 0 slots: 0x000000006e9df82c gdx-box2d64.dll
stack at sp + 1 slots: 0x00000273254e6710 is a thread
stack at sp + 2 slots: 0x00007ffd4b00bef5 is an unknown value
stack at sp + 3 slots: 0x00000273261a2d00 points into unknown readable memory: 0x0000002600000000 | 00 00 00 00 26 00 00 00
stack at sp + 4 slots: 0x000000061fa2d190 is pointing into object: [Ljava.lang.Object; 
{0x000000061fa2d180} - klass: 'java/lang/Object'[]
 - length: 2
stack at sp + 5 slots: 0x0000027326188a50 points into unknown readable memory: 0x00000273261a1de0 | e0 1d 1a 26 73 02 00 00
stack at sp + 6 slots: 0x00000273261a2d00 points into unknown readable memory: 0x0000002600000000 | 00 00 00 00 26 00 00 00
stack at sp + 7 slots: 0x00000273261a6b30 points into unknown readable memory: 0x0000027300000000 | 00 00 00 00 73 02 00 00


---------------  P R O C E S S  ---------------

Threads class SMR info:
_java_thread_list=0x000002732965e730, length=13, elements={
0x0000027324f0c960, 0x0000027324f0d530, 0x0000027324f24350, 0x0000027324f24d10,
0x0000027324f277d0, 0x0000027324f2a680, 0x0000027324f2e720, 0x0000027324f3f9f0,
0x000002732505ff80, 0x0000027325069130, 0x00000273254e6710, 0x000002737702d480,
0x00000273296805f0
}

Java Threads: ( => current thread )
  0x0000027324f0c960 JavaThread "Reference Handler" daemon [_thread_blocked, id=20348, stack(0x000000ac5fb00000,0x000000ac5fc00000)]
  0x0000027324f0d530 JavaThread "Finalizer" daemon [_thread_blocked, id=16060, stack(0x000000ac5fc00000,0x000000ac5fd00000)]
  0x0000027324f24350 JavaThread "Signal Dispatcher" daemon [_thread_blocked, id=21380, stack(0x000000ac5fd00000,0x000000ac5fe00000)]
  0x0000027324f24d10 JavaThread "Attach Listener" daemon [_thread_blocked, id=12428, stack(0x000000ac5fe00000,0x000000ac5ff00000)]
  0x0000027324f277d0 JavaThread "Service Thread" daemon [_thread_blocked, id=18724, stack(0x000000ac5ff00000,0x000000ac60000000)]
  0x0000027324f2a680 JavaThread "C2 CompilerThread0" daemon [_thread_blocked, id=8484, stack(0x000000ac60000000,0x000000ac60100000)]
  0x0000027324f2e720 JavaThread "C1 CompilerThread0" daemon [_thread_blocked, id=21396, stack(0x000000ac60100000,0x000000ac60200000)]
  0x0000027324f3f9f0 JavaThread "Sweeper thread" daemon [_thread_blocked, id=13092, stack(0x000000ac60200000,0x000000ac60300000)]
  0x000002732505ff80 JavaThread "Notification Thread" daemon [_thread_blocked, id=17880, stack(0x000000ac60300000,0x000000ac60400000)]
  0x0000027325069130 JavaThread "Common-Cleaner" daemon [_thread_blocked, id=8080, stack(0x000000ac60500000,0x000000ac60600000)]
=>0x00000273254e6710 JavaThread "LWJGL Application" [_thread_in_native, id=14276, stack(0x000000ac60800000,0x000000ac60900000)]
  0x000002737702d480 JavaThread "DestroyJavaVM" [_thread_blocked, id=20864, stack(0x000000ac5f400000,0x000000ac5f500000)]
  0x00000273296805f0 JavaThread "LWJGL Timer" daemon [_thread_blocked, id=5708, stack(0x000000ac61000000,0x000000ac61100000)]

Other Threads:
  0x0000027324f050a0 VMThread "VM Thread" [stack: 0x000000ac5fa00000,0x000000ac5fb00000] [id=9972]
  0x0000027325064460 WatcherThread [stack: 0x000000ac60400000,0x000000ac60500000] [id=8528]
  0x00000273770a5b90 GCTaskThread "GC Thread#0" [stack: 0x000000ac5f500000,0x000000ac5f600000] [id=20100]
  0x00000273770b6df0 ConcurrentGCThread "G1 Main Marker" [stack: 0x000000ac5f600000,0x000000ac5f700000] [id=20852]
  0x00000273770b9210 ConcurrentGCThread "G1 Conc#0" [stack: 0x000000ac5f700000,0x000000ac5f800000] [id=14372]
  0x000002737710e9b0 ConcurrentGCThread "G1 Refine#0" [stack: 0x000000ac5f800000,0x000000ac5f900000] [id=6572]
  0x000002732457a7c0 ConcurrentGCThread "G1 Young RemSet Sampling" [stack: 0x000000ac5f900000,0x000000ac5fa00000] [id=19732]

Threads with active compile tasks:

VM state: not at safepoint (normal execution)

VM Mutex/Monitor currently owned by a thread: None

Heap address: 0x0000000600c00000, size: 8180 MB, Compressed Oops mode: Zero based, Oop shift amount: 3
CDS archive(s) mapped at: [0x0000000800000000-0x0000000800b50000-0x0000000800b50000), size 11862016, SharedBaseAddress: 0x0000000800000000, ArchiveRelocationMode: 0.
Compressed class space mapped at: 0x0000000800b50000-0x0000000840b50000, size: 1073741824
Narrow klass base: 0x0000000800000000, Narrow klass shift: 3, Narrow klass range: 0x100000000

GC Precious Log:
 CPUs: 12 total, 12 available
 Memory: 32717M
 Large Page Support: Disabled
 NUMA Support: Disabled
 Compressed Oops: Enabled (Zero based)
 Heap Region Size: 4M
 Heap Min Capacity: 8M
 Heap Initial Capacity: 512M
 Heap Max Capacity: 8180M
 Pre-touch: Disabled
 Parallel Workers: 10
 Concurrent Workers: 3
 Concurrent Refinement Workers: 10
 Periodic GC: Disabled

Heap:
 garbage-first heap   total 524288K, used 20480K [0x0000000600c00000, 0x0000000800000000)
  region size 4096K, 5 young (20480K), 0 survivors (0K)
 Metaspace       used 5683K, capacity 8606K, committed 8960K, reserved 1056768K
  class space    used 441K, capacity 745K, committed 768K, reserved 1048576K

Heap Regions: E=young(eden), S=young(survivor), O=old, HS=humongous(starts), HC=humongous(continues), CS=collection set, F=free, OA=open archive, CA=closed archive, TAMS=top-at-mark-start (previous, next)
|   0|0x0000000600c00000, 0x0000000601000000, 0x0000000601000000|100%|HS|  |TAMS 0x0000000600c00000, 0x0000000600c00000| Complete 
|   1|0x0000000601000000, 0x0000000601000000, 0x0000000601400000|  0%| F|  |TAMS 0x0000000601000000, 0x0000000601000000| Untracked 
|   2|0x0000000601400000, 0x0000000601400000, 0x0000000601800000|  0%| F|  |TAMS 0x0000000601400000, 0x0000000601400000| Untracked 
|   3|0x0000000601800000, 0x0000000601800000, 0x0000000601c00000|  0%| F|  |TAMS 0x0000000601800000, 0x0000000601800000| Untracked 
|   4|0x0000000601c00000, 0x0000000601c00000, 0x0000000602000000|  0%| F|  |TAMS 0x0000000601c00000, 0x0000000601c00000| Untracked 
|   5|0x0000000602000000, 0x0000000602000000, 0x0000000602400000|  0%| F|  |TAMS 0x0000000602000000, 0x0000000602000000| Untracked 
|   6|0x0000000602400000, 0x0000000602400000, 0x0000000602800000|  0%| F|  |TAMS 0x0000000602400000, 0x0000000602400000| Untracked 
|   7|0x0000000602800000, 0x0000000602800000, 0x0000000602c00000|  0%| F|  |TAMS 0x0000000602800000, 0x0000000602800000| Untracked 
|   8|0x0000000602c00000, 0x0000000602c00000, 0x0000000603000000|  0%| F|  |TAMS 0x0000000602c00000, 0x0000000602c00000| Untracked 
|   9|0x0000000603000000, 0x0000000603000000, 0x0000000603400000|  0%| F|  |TAMS 0x0000000603000000, 0x0000000603000000| Untracked 
|  10|0x0000000603400000, 0x0000000603400000, 0x0000000603800000|  0%| F|  |TAMS 0x0000000603400000, 0x0000000603400000| Untracked 
|  11|0x0000000603800000, 0x0000000603800000, 0x0000000603c00000|  0%| F|  |TAMS 0x0000000603800000, 0x0000000603800000| Untracked 
|  12|0x0000000603c00000, 0x0000000603c00000, 0x0000000604000000|  0%| F|  |TAMS 0x0000000603c00000, 0x0000000603c00000| Untracked 
|  13|0x0000000604000000, 0x0000000604000000, 0x0000000604400000|  0%| F|  |TAMS 0x0000000604000000, 0x0000000604000000| Untracked 
|  14|0x0000000604400000, 0x0000000604400000, 0x0000000604800000|  0%| F|  |TAMS 0x0000000604400000, 0x0000000604400000| Untracked 
|  15|0x0000000604800000, 0x0000000604800000, 0x0000000604c00000|  0%| F|  |TAMS 0x0000000604800000, 0x0000000604800000| Untracked 
|  16|0x0000000604c00000, 0x0000000604c00000, 0x0000000605000000|  0%| F|  |TAMS 0x0000000604c00000, 0x0000000604c00000| Untracked 
|  17|0x0000000605000000, 0x0000000605000000, 0x0000000605400000|  0%| F|  |TAMS 0x0000000605000000, 0x0000000605000000| Untracked 
|  18|0x0000000605400000, 0x0000000605400000, 0x0000000605800000|  0%| F|  |TAMS 0x0000000605400000, 0x0000000605400000| Untracked 
|  19|0x0000000605800000, 0x0000000605800000, 0x0000000605c00000|  0%| F|  |TAMS 0x0000000605800000, 0x0000000605800000| Untracked 
|  20|0x0000000605c00000, 0x0000000605c00000, 0x0000000606000000|  0%| F|  |TAMS 0x0000000605c00000, 0x0000000605c00000| Untracked 
|  21|0x0000000606000000, 0x0000000606000000, 0x0000000606400000|  0%| F|  |TAMS 0x0000000606000000, 0x0000000606000000| Untracked 
|  22|0x0000000606400000, 0x0000000606400000, 0x0000000606800000|  0%| F|  |TAMS 0x0000000606400000, 0x0000000606400000| Untracked 
|  23|0x0000000606800000, 0x0000000606800000, 0x0000000606c00000|  0%| F|  |TAMS 0x0000000606800000, 0x0000000606800000| Untracked 
|  24|0x0000000606c00000, 0x0000000606c00000, 0x0000000607000000|  0%| F|  |TAMS 0x0000000606c00000, 0x0000000606c00000| Untracked 
|  25|0x0000000607000000, 0x0000000607000000, 0x0000000607400000|  0%| F|  |TAMS 0x0000000607000000, 0x0000000607000000| Untracked 
|  26|0x0000000607400000, 0x0000000607400000, 0x0000000607800000|  0%| F|  |TAMS 0x0000000607400000, 0x0000000607400000| Untracked 
|  27|0x0000000607800000, 0x0000000607800000, 0x0000000607c00000|  0%| F|  |TAMS 0x0000000607800000, 0x0000000607800000| Untracked 
|  28|0x0000000607c00000, 0x0000000607c00000, 0x0000000608000000|  0%| F|  |TAMS 0x0000000607c00000, 0x0000000607c00000| Untracked 
|  29|0x0000000608000000, 0x0000000608000000, 0x0000000608400000|  0%| F|  |TAMS 0x0000000608000000, 0x0000000608000000| Untracked 
|  30|0x0000000608400000, 0x0000000608400000, 0x0000000608800000|  0%| F|  |TAMS 0x0000000608400000, 0x0000000608400000| Untracked 
|  31|0x0000000608800000, 0x0000000608800000, 0x0000000608c00000|  0%| F|  |TAMS 0x0000000608800000, 0x0000000608800000| Untracked 
|  32|0x0000000608c00000, 0x0000000608c00000, 0x0000000609000000|  0%| F|  |TAMS 0x0000000608c00000, 0x0000000608c00000| Untracked 
|  33|0x0000000609000000, 0x0000000609000000, 0x0000000609400000|  0%| F|  |TAMS 0x0000000609000000, 0x0000000609000000| Untracked 
|  34|0x0000000609400000, 0x0000000609400000, 0x0000000609800000|  0%| F|  |TAMS 0x0000000609400000, 0x0000000609400000| Untracked 
|  35|0x0000000609800000, 0x0000000609800000, 0x0000000609c00000|  0%| F|  |TAMS 0x0000000609800000, 0x0000000609800000| Untracked 
|  36|0x0000000609c00000, 0x0000000609c00000, 0x000000060a000000|  0%| F|  |TAMS 0x0000000609c00000, 0x0000000609c00000| Untracked 
|  37|0x000000060a000000, 0x000000060a000000, 0x000000060a400000|  0%| F|  |TAMS 0x000000060a000000, 0x000000060a000000| Untracked 
|  38|0x000000060a400000, 0x000000060a400000, 0x000000060a800000|  0%| F|  |TAMS 0x000000060a400000, 0x000000060a400000| Untracked 
|  39|0x000000060a800000, 0x000000060a800000, 0x000000060ac00000|  0%| F|  |TAMS 0x000000060a800000, 0x000000060a800000| Untracked 
|  40|0x000000060ac00000, 0x000000060ac00000, 0x000000060b000000|  0%| F|  |TAMS 0x000000060ac00000, 0x000000060ac00000| Untracked 
|  41|0x000000060b000000, 0x000000060b000000, 0x000000060b400000|  0%| F|  |TAMS 0x000000060b000000, 0x000000060b000000| Untracked 
|  42|0x000000060b400000, 0x000000060b400000, 0x000000060b800000|  0%| F|  |TAMS 0x000000060b400000, 0x000000060b400000| Untracked 
|  43|0x000000060b800000, 0x000000060b800000, 0x000000060bc00000|  0%| F|  |TAMS 0x000000060b800000, 0x000000060b800000| Untracked 
|  44|0x000000060bc00000, 0x000000060bc00000, 0x000000060c000000|  0%| F|  |TAMS 0x000000060bc00000, 0x000000060bc00000| Untracked 
|  45|0x000000060c000000, 0x000000060c000000, 0x000000060c400000|  0%| F|  |TAMS 0x000000060c000000, 0x000000060c000000| Untracked 
|  46|0x000000060c400000, 0x000000060c400000, 0x000000060c800000|  0%| F|  |TAMS 0x000000060c400000, 0x000000060c400000| Untracked 
|  47|0x000000060c800000, 0x000000060c800000, 0x000000060cc00000|  0%| F|  |TAMS 0x000000060c800000, 0x000000060c800000| Untracked 
|  48|0x000000060cc00000, 0x000000060cc00000, 0x000000060d000000|  0%| F|  |TAMS 0x000000060cc00000, 0x000000060cc00000| Untracked 
|  49|0x000000060d000000, 0x000000060d000000, 0x000000060d400000|  0%| F|  |TAMS 0x000000060d000000, 0x000000060d000000| Untracked 
|  50|0x000000060d400000, 0x000000060d400000, 0x000000060d800000|  0%| F|  |TAMS 0x000000060d400000, 0x000000060d400000| Untracked 
|  51|0x000000060d800000, 0x000000060d800000, 0x000000060dc00000|  0%| F|  |TAMS 0x000000060d800000, 0x000000060d800000| Untracked 
|  52|0x000000060dc00000, 0x000000060dc00000, 0x000000060e000000|  0%| F|  |TAMS 0x000000060dc00000, 0x000000060dc00000| Untracked 
|  53|0x000000060e000000, 0x000000060e000000, 0x000000060e400000|  0%| F|  |TAMS 0x000000060e000000, 0x000000060e000000| Untracked 
|  54|0x000000060e400000, 0x000000060e400000, 0x000000060e800000|  0%| F|  |TAMS 0x000000060e400000, 0x000000060e400000| Untracked 
|  55|0x000000060e800000, 0x000000060e800000, 0x000000060ec00000|  0%| F|  |TAMS 0x000000060e800000, 0x000000060e800000| Untracked 
|  56|0x000000060ec00000, 0x000000060ec00000, 0x000000060f000000|  0%| F|  |TAMS 0x000000060ec00000, 0x000000060ec00000| Untracked 
|  57|0x000000060f000000, 0x000000060f000000, 0x000000060f400000|  0%| F|  |TAMS 0x000000060f000000, 0x000000060f000000| Untracked 
|  58|0x000000060f400000, 0x000000060f400000, 0x000000060f800000|  0%| F|  |TAMS 0x000000060f400000, 0x000000060f400000| Untracked 
|  59|0x000000060f800000, 0x000000060f800000, 0x000000060fc00000|  0%| F|  |TAMS 0x000000060f800000, 0x000000060f800000| Untracked 
|  60|0x000000060fc00000, 0x000000060fc00000, 0x0000000610000000|  0%| F|  |TAMS 0x000000060fc00000, 0x000000060fc00000| Untracked 
|  61|0x0000000610000000, 0x0000000610000000, 0x0000000610400000|  0%| F|  |TAMS 0x0000000610000000, 0x0000000610000000| Untracked 
|  62|0x0000000610400000, 0x0000000610400000, 0x0000000610800000|  0%| F|  |TAMS 0x0000000610400000, 0x0000000610400000| Untracked 
|  63|0x0000000610800000, 0x0000000610800000, 0x0000000610c00000|  0%| F|  |TAMS 0x0000000610800000, 0x0000000610800000| Untracked 
|  64|0x0000000610c00000, 0x0000000610c00000, 0x0000000611000000|  0%| F|  |TAMS 0x0000000610c00000, 0x0000000610c00000| Untracked 
|  65|0x0000000611000000, 0x0000000611000000, 0x0000000611400000|  0%| F|  |TAMS 0x0000000611000000, 0x0000000611000000| Untracked 
|  66|0x0000000611400000, 0x0000000611400000, 0x0000000611800000|  0%| F|  |TAMS 0x0000000611400000, 0x0000000611400000| Untracked 
|  67|0x0000000611800000, 0x0000000611800000, 0x0000000611c00000|  0%| F|  |TAMS 0x0000000611800000, 0x0000000611800000| Untracked 
|  68|0x0000000611c00000, 0x0000000611c00000, 0x0000000612000000|  0%| F|  |TAMS 0x0000000611c00000, 0x0000000611c00000| Untracked 
|  69|0x0000000612000000, 0x0000000612000000, 0x0000000612400000|  0%| F|  |TAMS 0x0000000612000000, 0x0000000612000000| Untracked 
|  70|0x0000000612400000, 0x0000000612400000, 0x0000000612800000|  0%| F|  |TAMS 0x0000000612400000, 0x0000000612400000| Untracked 
|  71|0x0000000612800000, 0x0000000612800000, 0x0000000612c00000|  0%| F|  |TAMS 0x0000000612800000, 0x0000000612800000| Untracked 
|  72|0x0000000612c00000, 0x0000000612c00000, 0x0000000613000000|  0%| F|  |TAMS 0x0000000612c00000, 0x0000000612c00000| Untracked 
|  73|0x0000000613000000, 0x0000000613000000, 0x0000000613400000|  0%| F|  |TAMS 0x0000000613000000, 0x0000000613000000| Untracked 
|  74|0x0000000613400000, 0x0000000613400000, 0x0000000613800000|  0%| F|  |TAMS 0x0000000613400000, 0x0000000613400000| Untracked 
|  75|0x0000000613800000, 0x0000000613800000, 0x0000000613c00000|  0%| F|  |TAMS 0x0000000613800000, 0x0000000613800000| Untracked 
|  76|0x0000000613c00000, 0x0000000613c00000, 0x0000000614000000|  0%| F|  |TAMS 0x0000000613c00000, 0x0000000613c00000| Untracked 
|  77|0x0000000614000000, 0x0000000614000000, 0x0000000614400000|  0%| F|  |TAMS 0x0000000614000000, 0x0000000614000000| Untracked 
|  78|0x0000000614400000, 0x0000000614400000, 0x0000000614800000|  0%| F|  |TAMS 0x0000000614400000, 0x0000000614400000| Untracked 
|  79|0x0000000614800000, 0x0000000614800000, 0x0000000614c00000|  0%| F|  |TAMS 0x0000000614800000, 0x0000000614800000| Untracked 
|  80|0x0000000614c00000, 0x0000000614c00000, 0x0000000615000000|  0%| F|  |TAMS 0x0000000614c00000, 0x0000000614c00000| Untracked 
|  81|0x0000000615000000, 0x0000000615000000, 0x0000000615400000|  0%| F|  |TAMS 0x0000000615000000, 0x0000000615000000| Untracked 
|  82|0x0000000615400000, 0x0000000615400000, 0x0000000615800000|  0%| F|  |TAMS 0x0000000615400000, 0x0000000615400000| Untracked 
|  83|0x0000000615800000, 0x0000000615800000, 0x0000000615c00000|  0%| F|  |TAMS 0x0000000615800000, 0x0000000615800000| Untracked 
|  84|0x0000000615c00000, 0x0000000615c00000, 0x0000000616000000|  0%| F|  |TAMS 0x0000000615c00000, 0x0000000615c00000| Untracked 
|  85|0x0000000616000000, 0x0000000616000000, 0x0000000616400000|  0%| F|  |TAMS 0x0000000616000000, 0x0000000616000000| Untracked 
|  86|0x0000000616400000, 0x0000000616400000, 0x0000000616800000|  0%| F|  |TAMS 0x0000000616400000, 0x0000000616400000| Untracked 
|  87|0x0000000616800000, 0x0000000616800000, 0x0000000616c00000|  0%| F|  |TAMS 0x0000000616800000, 0x0000000616800000| Untracked 
|  88|0x0000000616c00000, 0x0000000616c00000, 0x0000000617000000|  0%| F|  |TAMS 0x0000000616c00000, 0x0000000616c00000| Untracked 
|  89|0x0000000617000000, 0x0000000617000000, 0x0000000617400000|  0%| F|  |TAMS 0x0000000617000000, 0x0000000617000000| Untracked 
|  90|0x0000000617400000, 0x0000000617400000, 0x0000000617800000|  0%| F|  |TAMS 0x0000000617400000, 0x0000000617400000| Untracked 
|  91|0x0000000617800000, 0x0000000617800000, 0x0000000617c00000|  0%| F|  |TAMS 0x0000000617800000, 0x0000000617800000| Untracked 
|  92|0x0000000617c00000, 0x0000000617c00000, 0x0000000618000000|  0%| F|  |TAMS 0x0000000617c00000, 0x0000000617c00000| Untracked 
|  93|0x0000000618000000, 0x0000000618000000, 0x0000000618400000|  0%| F|  |TAMS 0x0000000618000000, 0x0000000618000000| Untracked 
|  94|0x0000000618400000, 0x0000000618400000, 0x0000000618800000|  0%| F|  |TAMS 0x0000000618400000, 0x0000000618400000| Untracked 
|  95|0x0000000618800000, 0x0000000618800000, 0x0000000618c00000|  0%| F|  |TAMS 0x0000000618800000, 0x0000000618800000| Untracked 
|  96|0x0000000618c00000, 0x0000000618c00000, 0x0000000619000000|  0%| F|  |TAMS 0x0000000618c00000, 0x0000000618c00000| Untracked 
|  97|0x0000000619000000, 0x0000000619000000, 0x0000000619400000|  0%| F|  |TAMS 0x0000000619000000, 0x0000000619000000| Untracked 
|  98|0x0000000619400000, 0x0000000619400000, 0x0000000619800000|  0%| F|  |TAMS 0x0000000619400000, 0x0000000619400000| Untracked 
|  99|0x0000000619800000, 0x0000000619800000, 0x0000000619c00000|  0%| F|  |TAMS 0x0000000619800000, 0x0000000619800000| Untracked 
| 100|0x0000000619c00000, 0x0000000619c00000, 0x000000061a000000|  0%| F|  |TAMS 0x0000000619c00000, 0x0000000619c00000| Untracked 
| 101|0x000000061a000000, 0x000000061a000000, 0x000000061a400000|  0%| F|  |TAMS 0x000000061a000000, 0x000000061a000000| Untracked 
| 102|0x000000061a400000, 0x000000061a400000, 0x000000061a800000|  0%| F|  |TAMS 0x000000061a400000, 0x000000061a400000| Untracked 
| 103|0x000000061a800000, 0x000000061a800000, 0x000000061ac00000|  0%| F|  |TAMS 0x000000061a800000, 0x000000061a800000| Untracked 
| 104|0x000000061ac00000, 0x000000061ac00000, 0x000000061b000000|  0%| F|  |TAMS 0x000000061ac00000, 0x000000061ac00000| Untracked 
| 105|0x000000061b000000, 0x000000061b000000, 0x000000061b400000|  0%| F|  |TAMS 0x000000061b000000, 0x000000061b000000| Untracked 
| 106|0x000000061b400000, 0x000000061b400000, 0x000000061b800000|  0%| F|  |TAMS 0x000000061b400000, 0x000000061b400000| Untracked 
| 107|0x000000061b800000, 0x000000061b800000, 0x000000061bc00000|  0%| F|  |TAMS 0x000000061b800000, 0x000000061b800000| Untracked 
| 108|0x000000061bc00000, 0x000000061bc00000, 0x000000061c000000|  0%| F|  |TAMS 0x000000061bc00000, 0x000000061bc00000| Untracked 
| 109|0x000000061c000000, 0x000000061c000000, 0x000000061c400000|  0%| F|  |TAMS 0x000000061c000000, 0x000000061c000000| Untracked 
| 110|0x000000061c400000, 0x000000061c400000, 0x000000061c800000|  0%| F|  |TAMS 0x000000061c400000, 0x000000061c400000| Untracked 
| 111|0x000000061c800000, 0x000000061c800000, 0x000000061cc00000|  0%| F|  |TAMS 0x000000061c800000, 0x000000061c800000| Untracked 
| 112|0x000000061cc00000, 0x000000061cc00000, 0x000000061d000000|  0%| F|  |TAMS 0x000000061cc00000, 0x000000061cc00000| Untracked 
| 113|0x000000061d000000, 0x000000061d000000, 0x000000061d400000|  0%| F|  |TAMS 0x000000061d000000, 0x000000061d000000| Untracked 
| 114|0x000000061d400000, 0x000000061d400000, 0x000000061d800000|  0%| F|  |TAMS 0x000000061d400000, 0x000000061d400000| Untracked 
| 115|0x000000061d800000, 0x000000061d800000, 0x000000061dc00000|  0%| F|  |TAMS 0x000000061d800000, 0x000000061d800000| Untracked 
| 116|0x000000061dc00000, 0x000000061dc00000, 0x000000061e000000|  0%| F|  |TAMS 0x000000061dc00000, 0x000000061dc00000| Untracked 
| 117|0x000000061e000000, 0x000000061e000000, 0x000000061e400000|  0%| F|  |TAMS 0x000000061e000000, 0x000000061e000000| Untracked 
| 118|0x000000061e400000, 0x000000061e400000, 0x000000061e800000|  0%| F|  |TAMS 0x000000061e400000, 0x000000061e400000| Untracked 
| 119|0x000000061e800000, 0x000000061e800000, 0x000000061ec00000|  0%| F|  |TAMS 0x000000061e800000, 0x000000061e800000| Untracked 
| 120|0x000000061ec00000, 0x000000061ec00000, 0x000000061f000000|  0%| F|  |TAMS 0x000000061ec00000, 0x000000061ec00000| Untracked 
| 121|0x000000061f000000, 0x000000061f000000, 0x000000061f400000|  0%| F|  |TAMS 0x000000061f000000, 0x000000061f000000| Untracked 
| 122|0x000000061f400000, 0x000000061f400000, 0x000000061f800000|  0%| F|  |TAMS 0x000000061f400000, 0x000000061f400000| Untracked 
| 123|0x000000061f800000, 0x000000061fa741e8, 0x000000061fc00000| 61%| E|  |TAMS 0x000000061f800000, 0x000000061f800000| Complete 
| 124|0x000000061fc00000, 0x0000000620000000, 0x0000000620000000|100%| E|CS|TAMS 0x000000061fc00000, 0x000000061fc00000| Complete 
| 125|0x0000000620000000, 0x0000000620400000, 0x0000000620400000|100%| E|CS|TAMS 0x0000000620000000, 0x0000000620000000| Complete 
| 126|0x0000000620400000, 0x0000000620800000, 0x0000000620800000|100%| E|CS|TAMS 0x0000000620400000, 0x0000000620400000| Complete 
| 127|0x0000000620800000, 0x0000000620c00000, 0x0000000620c00000|100%| E|CS|TAMS 0x0000000620800000, 0x0000000620800000| Complete 

Card table byte_map: [0x0000027310000000,0x0000027311000000] _byte_map_base: 0x000002730cffa000

Marking Bits (Prev, Next): (CMBitMap*) 0x00000273770a6400, (CMBitMap*) 0x00000273770a6440
 Prev Bits: [0x0000027312000000, 0x0000027319fd0000)
 Next Bits: [0x0000027319fd0000, 0x0000027321fa0000)

Polling page: 0x0000027374f90000

Metaspace:

Usage:
  Non-class:      7.68 MB capacity,     5.12 MB ( 67%) used,     2.55 MB ( 33%) free+waste,     4.06 KB ( <1%) overhead. 
      Class:    745.00 KB capacity,   441.60 KB ( 59%) used,   302.34 KB ( 41%) free+waste,     1.06 KB ( <1%) overhead. 
       Both:      8.40 MB capacity,     5.55 MB ( 66%) used,     2.85 MB ( 34%) free+waste,     5.13 KB ( <1%) overhead. 

Virtual space:
  Non-class space:        8.00 MB reserved,       8.00 MB (100%) committed 
      Class space:        1.00 GB reserved,     768.00 KB ( <1%) committed 
             Both:        1.01 GB reserved,       8.75 MB ( <1%) committed 

Chunk freelists:
   Non-Class:  139.00 KB
       Class:  23.00 KB
        Both:  162.00 KB

MaxMetaspaceSize: 17179869184.00 GB
CompressedClassSpaceSize: 1.00 GB

CodeHeap 'non-profiled nmethods': size=120000Kb used=281Kb max_used=281Kb free=119719Kb
 bounds [0x0000027307ad0000, 0x0000027307d40000, 0x000002730f000000]
CodeHeap 'profiled nmethods': size=120000Kb used=1618Kb max_used=1618Kb free=118382Kb
 bounds [0x00000273005a0000, 0x0000027300810000, 0x0000027307ad0000]
CodeHeap 'non-nmethods': size=5760Kb used=1281Kb max_used=1295Kb free=4478Kb
 bounds [0x0000027300000000, 0x0000027300270000, 0x00000273005a0000]
 total_blobs=1524 nmethods=951 adapters=486
 compilation: enabled
              stopped_count=0, restarted_count=0
 full_count=0

Compilation events (20 events):
Event: 2.113 Thread 0x0000027324f2e720 nmethod 940 0x000002730072ec10 code [0x000002730072edc0, 0x000002730072eee8]
Event: 2.124 Thread 0x0000027324f2a680  941       4       java.io.WinNTFileSystem::isSlash (18 bytes)
Event: 2.124 Thread 0x0000027324f2a680 nmethod 941 0x0000027307b15c10 code [0x0000027307b15d80, 0x0000027307b15df8]
Event: 2.124 Thread 0x0000027324f2e720  942  s    3       java.io.BufferedInputStream::read (113 bytes)
Event: 2.125 Thread 0x0000027324f2e720 nmethod 942 0x000002730072ef90 code [0x000002730072f1a0, 0x000002730072fa38]
Event: 2.125 Thread 0x0000027324f2e720  943       3       java.io.BufferedInputStream::read1 (108 bytes)
Event: 2.125 Thread 0x0000027324f2e720 nmethod 943 0x000002730072fc90 code [0x000002730072fee0, 0x0000027300730818]
Event: 2.125 Thread 0x0000027324f2e720  944  s    3       java.io.ByteArrayOutputStream::write (43 bytes)
Event: 2.125 Thread 0x0000027324f2e720 nmethod 944 0x0000027300730b10 code [0x0000027300730d00, 0x0000027300731188]
Event: 2.125 Thread 0x0000027324f2e720  945       3       java.io.ByteArrayOutputStream::ensureCapacity (32 bytes)
Event: 2.126 Thread 0x0000027324f2e720 nmethod 945 0x0000027300731390 code [0x0000027300731580, 0x0000027300731a78]
Event: 2.126 Thread 0x0000027324f2e720  946       3       java.io.BufferedInputStream::getInIfOpen (21 bytes)
Event: 2.126 Thread 0x0000027324f2e720 nmethod 946 0x0000027300731c90 code [0x0000027300731e40, 0x0000027300732068]
Event: 2.126 Thread 0x0000027324f2e720  947       3       java.io.BufferedInputStream::fill (203 bytes)
Event: 2.126 Thread 0x0000027324f2e720 nmethod 947 0x0000027300732190 code [0x0000027300732420, 0x0000027300733208]
Event: 2.126 Thread 0x0000027324f2e720  948       3       java.io.FileInputStream::read (8 bytes)
Event: 2.126 Thread 0x0000027324f2e720 nmethod 948 0x0000027300733610 code [0x00000273007337c0, 0x00000273007338e8]
Event: 2.164 Thread 0x0000027324f2a680  949       4       java.lang.String::lastIndexOf (12 bytes)
Event: 2.166 Thread 0x0000027324f2a680 nmethod 949 0x0000027307b15f10 code [0x0000027307b160a0, 0x0000027307b162d8]
Event: 2.166 Thread 0x0000027324f2e720  951       3       java.util.Arrays::fill (28 bytes)

GC Heap History (0 events):
No events

Deoptimization events (20 events):
Event: 0.594 Thread 0x00000273254e6710 DEOPT PACKING pc=0x00000273006bd17b sp=0x000000ac608fe5c0
Event: 0.594 Thread 0x00000273254e6710 DEOPT UNPACKING pc=0x000002730004e23f sp=0x000000ac608fda30 mode 0
Event: 0.595 Thread 0x00000273254e6710 DEOPT PACKING pc=0x00000273006bd17b sp=0x000000ac608fe5c0
Event: 0.595 Thread 0x00000273254e6710 DEOPT UNPACKING pc=0x000002730004e23f sp=0x000000ac608fda30 mode 0
Event: 0.596 Thread 0x00000273254e6710 DEOPT PACKING pc=0x00000273006bd17b sp=0x000000ac608fe5c0
Event: 0.596 Thread 0x00000273254e6710 DEOPT UNPACKING pc=0x000002730004e23f sp=0x000000ac608fda30 mode 0
Event: 0.597 Thread 0x00000273254e6710 DEOPT PACKING pc=0x00000273006bd17b sp=0x000000ac608fe5c0
Event: 0.597 Thread 0x00000273254e6710 DEOPT UNPACKING pc=0x000002730004e23f sp=0x000000ac608fda30 mode 0
Event: 0.953 Thread 0x00000273254e6710 DEOPT PACKING pc=0x00000273006f7340 sp=0x000000ac608ff0e0
Event: 0.953 Thread 0x00000273254e6710 DEOPT UNPACKING pc=0x000002730004e23f sp=0x000000ac608fe678 mode 0
Event: 0.985 Thread 0x00000273254e6710 DEOPT PACKING pc=0x00000273006f9c62 sp=0x000000ac608ff0f0
Event: 0.985 Thread 0x00000273254e6710 DEOPT UNPACKING pc=0x000002730004e23f sp=0x000000ac608fe678 mode 0
Event: 1.002 Thread 0x00000273254e6710 DEOPT PACKING pc=0x00000273006f9c62 sp=0x000000ac608ff0f0
Event: 1.002 Thread 0x00000273254e6710 DEOPT UNPACKING pc=0x000002730004e23f sp=0x000000ac608fe678 mode 0
Event: 1.019 Thread 0x00000273254e6710 DEOPT PACKING pc=0x00000273006f9c62 sp=0x000000ac608ff0f0
Event: 1.019 Thread 0x00000273254e6710 DEOPT UNPACKING pc=0x000002730004e23f sp=0x000000ac608fe678 mode 0
Event: 1.035 Thread 0x00000273254e6710 DEOPT PACKING pc=0x00000273006f9c62 sp=0x000000ac608ff0f0
Event: 1.035 Thread 0x00000273254e6710 DEOPT UNPACKING pc=0x000002730004e23f sp=0x000000ac608fe678 mode 0
Event: 1.052 Thread 0x00000273254e6710 DEOPT PACKING pc=0x00000273006f9c62 sp=0x000000ac608ff0f0
Event: 1.053 Thread 0x00000273254e6710 DEOPT UNPACKING pc=0x000002730004e23f sp=0x000000ac608fe678 mode 0

Classes unloaded (0 events):
No events

Classes redefined (0 events):
No events

Internal exceptions (0 events):
No events

Events (20 events):
Event: 0.604 loading class jdk/internal/reflect/UnsafeObjectFieldAccessorImpl done
Event: 0.612 Loaded shared library C:\Program Files\AdoptOpenJDK\jdk-15.0.1.9-hotspot\bin\zip.dll
Event: 0.621 loading class java/lang/reflect/InvocationTargetException
Event: 0.621 loading class java/lang/reflect/InvocationTargetException done
Event: 0.621 loading class java/lang/NegativeArraySizeException
Event: 0.621 loading class java/lang/NegativeArraySizeException done
Event: 0.621 loading class java/lang/StringIndexOutOfBoundsException
Event: 0.622 loading class java/lang/StringIndexOutOfBoundsException done
Event: 0.622 loading class java/lang/ArrayIndexOutOfBoundsException
Event: 0.622 loading class java/lang/ArrayIndexOutOfBoundsException done
Event: 0.627 Thread 0x00000273296805f0 Thread added: 0x00000273296805f0
Event: 0.702 Loaded shared library C:\Users\nicho\AppData\Local\Temp\libgdxnicho\1cecf4f6\lwjgl64.dll
Event: 0.702 Loaded shared library C:\Program Files\AdoptOpenJDK\jdk-15.0.1.9-hotspot\bin\java.dll
Event: 0.803 Thread 0x00000273299250b0 Thread exited: 0x00000273299250b0
Event: 0.803 Thread 0x000002732962e050 Thread exited: 0x000002732962e050
Event: 1.605 Executing VM operation: HandshakeAllThreads
Event: 1.605 Executing VM operation: HandshakeAllThreads done
Event: 2.094 Loaded shared library C:\Users\nicho\AppData\Local\Temp\libgdxnicho\19bf02c5\gdx-box2d64.dll
Event: 2.111 loading class jdk/internal/math/FDBigInteger
Event: 2.111 loading class jdk/internal/math/FDBigInteger done


Dynamic libraries:
0x00007ff602840000 - 0x00007ff60284d000 	C:\Program Files\AdoptOpenJDK\jdk-15.0.1.9-hotspot\bin\java.exe
0x00007ffda7910000 - 0x00007ffda7b05000 	C:\WINDOWS\SYSTEM32\ntdll.dll
0x00007ffda6bc0000 - 0x00007ffda6c7e000 	C:\WINDOWS\System32\KERNEL32.DLL
0x00007ffda54b0000 - 0x00007ffda5779000 	C:\WINDOWS\System32\KERNELBASE.dll
0x00007ffda5090000 - 0x00007ffda5190000 	C:\WINDOWS\System32\ucrtbase.dll
0x00007ffd96fa0000 - 0x00007ffd96fb8000 	C:\Program Files\AdoptOpenJDK\jdk-15.0.1.9-hotspot\bin\jli.dll
0x00007ffd953f0000 - 0x00007ffd95405000 	C:\Program Files\AdoptOpenJDK\jdk-15.0.1.9-hotspot\bin\VCRUNTIME140.dll
0x00007ffda7530000 - 0x00007ffda76d1000 	C:\WINDOWS\System32\USER32.dll
0x00007ffd97a60000 - 0x00007ffd97cfa000 	C:\WINDOWS\WinSxS\amd64_microsoft.windows.common-controls_6595b64144ccf1df_6.0.19041.1110_none_60b5254171f9507e\COMCTL32.dll
0x00007ffda52a0000 - 0x00007ffda52c2000 	C:\WINDOWS\System32\win32u.dll
0x00007ffda7370000 - 0x00007ffda740e000 	C:\WINDOWS\System32\msvcrt.dll
0x00007ffda71d0000 - 0x00007ffda71fb000 	C:\WINDOWS\System32\GDI32.dll
0x00007ffda5190000 - 0x00007ffda529b000 	C:\WINDOWS\System32\gdi32full.dll
0x00007ffda5360000 - 0x00007ffda53fd000 	C:\WINDOWS\System32\msvcp_win.dll
0x00007ffda5bb0000 - 0x00007ffda5be0000 	C:\WINDOWS\System32\IMM32.DLL
0x00007ffd8a350000 - 0x00007ffd8a3eb000 	C:\Program Files\AdoptOpenJDK\jdk-15.0.1.9-hotspot\bin\msvcp140.dll
0x00007ffd2e070000 - 0x00007ffd2ebfe000 	C:\Program Files\AdoptOpenJDK\jdk-15.0.1.9-hotspot\bin\server\jvm.dll
0x00007ffda7200000 - 0x00007ffda72ac000 	C:\WINDOWS\System32\ADVAPI32.dll
0x00007ffda7750000 - 0x00007ffda77eb000 	C:\WINDOWS\System32\sechost.dll
0x00007ffda6a10000 - 0x00007ffda6b3a000 	C:\WINDOWS\System32\RPCRT4.dll
0x00007ffda5f40000 - 0x00007ffda5f48000 	C:\WINDOWS\System32\PSAPI.DLL
0x00007ffda22f0000 - 0x00007ffda22f9000 	C:\WINDOWS\SYSTEM32\WSOCK32.dll
0x00007ffd9d990000 - 0x00007ffd9d99a000 	C:\WINDOWS\SYSTEM32\VERSION.dll
0x00007ffd99b50000 - 0x00007ffd99b77000 	C:\WINDOWS\SYSTEM32\WINMM.dll
0x00007ffda76e0000 - 0x00007ffda774b000 	C:\WINDOWS\System32\WS2_32.dll
0x00007ffda38d0000 - 0x00007ffda38e2000 	C:\WINDOWS\SYSTEM32\kernel.appcore.dll
0x00007ffda0290000 - 0x00007ffda029a000 	C:\Program Files\AdoptOpenJDK\jdk-15.0.1.9-hotspot\bin\jimage.dll
0x00007ffda2dc0000 - 0x00007ffda2fa4000 	C:\WINDOWS\SYSTEM32\DBGHELP.DLL
0x00007ffd8b9c0000 - 0x00007ffd8b9ec000 	C:\WINDOWS\SYSTEM32\dbgcore.DLL
0x00007ffda52d0000 - 0x00007ffda5353000 	C:\WINDOWS\System32\bcryptPrimitives.dll
0x00007ffd95350000 - 0x00007ffd95375000 	C:\Program Files\AdoptOpenJDK\jdk-15.0.1.9-hotspot\bin\java.dll
0x00007ffda62d0000 - 0x00007ffda6a0f000 	C:\WINDOWS\System32\SHELL32.dll
0x00007ffda2fb0000 - 0x00007ffda3740000 	C:\WINDOWS\SYSTEM32\windows.storage.dll
0x00007ffda5be0000 - 0x00007ffda5f35000 	C:\WINDOWS\System32\combase.dll
0x00007ffda4a80000 - 0x00007ffda4aac000 	C:\WINDOWS\SYSTEM32\Wldp.dll
0x00007ffda72c0000 - 0x00007ffda736d000 	C:\WINDOWS\System32\SHCORE.dll
0x00007ffda59c0000 - 0x00007ffda5a15000 	C:\WINDOWS\System32\shlwapi.dll
0x00007ffda4f70000 - 0x00007ffda4f8f000 	C:\WINDOWS\SYSTEM32\profapi.dll
0x00007ffd8a2f0000 - 0x00007ffd8a309000 	C:\Program Files\AdoptOpenJDK\jdk-15.0.1.9-hotspot\bin\net.dll
0x00007ffd99d50000 - 0x00007ffd99e58000 	C:\WINDOWS\SYSTEM32\WINHTTP.dll
0x00007ffda47e0000 - 0x00007ffda484a000 	C:\WINDOWS\system32\mswsock.dll
0x00007ffd8a2d0000 - 0x00007ffd8a2e2000 	C:\Program Files\AdoptOpenJDK\jdk-15.0.1.9-hotspot\bin\nio.dll
0x00007ffd8a2b0000 - 0x00007ffd8a2c8000 	C:\Program Files\AdoptOpenJDK\jdk-15.0.1.9-hotspot\bin\zip.dll
0x0000000065ac0000 - 0x0000000065aea000 	C:\Users\nicho\AppData\Local\Temp\libgdxnicho\6bae761b\gdx64.dll
0x00007ffd9d720000 - 0x00007ffd9d730000 	C:\Program Files\AdoptOpenJDK\jdk-15.0.1.9-hotspot\bin\verify.dll
0x0000000180000000 - 0x0000000180053000 	C:\Users\nicho\AppData\Local\Temp\libgdxnicho\1cecf4f6\lwjgl64.dll
0x00007ffd86750000 - 0x00007ffd86875000 	C:\WINDOWS\SYSTEM32\OPENGL32.dll
0x00007ffd9fcb0000 - 0x00007ffd9fcdc000 	C:\WINDOWS\SYSTEM32\GLU32.dll
0x0000027325bf0000 - 0x0000027325c54000 	C:\Users\nicho\AppData\Local\Temp\libgdxnicho\1cecf4f6\OpenAL64.dll
0x00007ffda5a80000 - 0x00007ffda5baa000 	C:\WINDOWS\System32\ole32.dll
0x00007ffda25a0000 - 0x00007ffda263e000 	C:\WINDOWS\system32\uxtheme.dll
0x00007ffd44e30000 - 0x00007ffd45011000 	C:\Program Files (x86)\Stardock\Fences\FencesMenu64.dll
0x00007ffda7100000 - 0x00007ffda71cd000 	C:\WINDOWS\System32\OLEAUT32.dll
0x00007ffda4f30000 - 0x00007ffda4f5e000 	C:\WINDOWS\SYSTEM32\USERENV.dll
0x00007ffda06c0000 - 0x00007ffda06d4000 	C:\WINDOWS\SYSTEM32\WTSAPI32.dll
0x00007ffd97d00000 - 0x00007ffd97ea9000 	C:\WINDOWS\WinSxS\amd64_microsoft.windows.gdiplus_6595b64144ccf1df_1.1.19041.1288_none_91a663c8cc864906\gdiplus.dll
0x00007ffda5f50000 - 0x00007ffda5ff9000 	C:\WINDOWS\System32\clbcatq.dll
0x00007ffd8f9c0000 - 0x00007ffd8fa5c000 	C:\WINDOWS\SYSTEM32\dsound.dll
0x00007ffd8f960000 - 0x00007ffd8f986000 	C:\WINDOWS\SYSTEM32\winmmbase.dll
0x00007ffda45f0000 - 0x00007ffda463b000 	C:\WINDOWS\SYSTEM32\powrprof.dll
0x00007ffda4460000 - 0x00007ffda4472000 	C:\WINDOWS\SYSTEM32\UMPDC.dll
0x00007ffd9d5a0000 - 0x00007ffd9d625000 	C:\WINDOWS\System32\MMDevApi.dll
0x00007ffda4dd0000 - 0x00007ffda4e04000 	C:\WINDOWS\System32\DEVOBJ.dll
0x00007ffda5910000 - 0x00007ffda595e000 	C:\WINDOWS\System32\cfgmgr32.dll
0x00007ffd9d7c0000 - 0x00007ffd9d941000 	C:\WINDOWS\SYSTEM32\AUDIOSES.DLL
0x00007ffda2730000 - 0x00007ffda2744000 	C:\WINDOWS\SYSTEM32\resourcepolicyclient.dll
0x00007ffd9d630000 - 0x00007ffd9d6de000 	C:\WINDOWS\SYSTEM32\mscms.dll
0x00007ffd9d580000 - 0x00007ffd9d591000 	C:\WINDOWS\SYSTEM32\ColorAdapterClient.dll
0x00007ffda7410000 - 0x00007ffda7525000 	C:\WINDOWS\System32\MSCTF.dll
0x00007ffd805c0000 - 0x00007ffd806b9000 	C:\WINDOWS\SYSTEM32\textinputframework.dll
0x00007ffda2130000 - 0x00007ffda2222000 	C:\WINDOWS\System32\CoreMessaging.dll
0x00007ffda1dd0000 - 0x00007ffda212e000 	C:\WINDOWS\System32\CoreUIComponents.dll
0x00007ffda3d20000 - 0x00007ffda3d53000 	C:\WINDOWS\SYSTEM32\ntmarta.dll
0x00007ffda0900000 - 0x00007ffda0a54000 	C:\WINDOWS\SYSTEM32\wintypes.dll
0x00007ffd9e770000 - 0x00007ffd9e869000 	C:\Windows\System32\AppXDeploymentClient.dll
0x00007ffd2b550000 - 0x00007ffd2e070000 	C:\WINDOWS\System32\DriverStore\FileRepository\nv_dispi.inf_amd64_19c79fb6254e3b11\nvoglv64.dll
0x00007ffda6c80000 - 0x00007ffda70f2000 	C:\WINDOWS\System32\SETUPAPI.dll
0x00007ffda5780000 - 0x00007ffda57a7000 	C:\WINDOWS\System32\bcrypt.dll
0x00007ffda4c10000 - 0x00007ffda4c22000 	C:\WINDOWS\SYSTEM32\msasn1.dll
0x00007ffd9d950000 - 0x00007ffd9d981000 	C:\WINDOWS\SYSTEM32\cryptnet.dll
0x00007ffda57b0000 - 0x00007ffda5906000 	C:\WINDOWS\System32\CRYPT32.dll
0x00007ffd9a7c0000 - 0x00007ffd9a90a000 	C:\WINDOWS\SYSTEM32\drvstore.dll
0x00007ffda49f0000 - 0x00007ffda49fc000 	C:\WINDOWS\SYSTEM32\cryptbase.dll
0x00007ffda5030000 - 0x00007ffda5090000 	C:\WINDOWS\System32\WINTRUST.dll
0x00007ffd9b420000 - 0x00007ffd9b45b000 	C:\WINDOWS\SYSTEM32\dxcore.dll
0x00007ffd6a7d0000 - 0x00007ffd6aa93000 	C:\WINDOWS\system32\nvspcap64.dll
0x00007ffda2830000 - 0x00007ffda285f000 	C:\WINDOWS\SYSTEM32\dwmapi.dll
0x00007ffd7bbc0000 - 0x00007ffd7bc03000 	C:\WINDOWS\SYSTEM32\icm32.dll
0x00007ffda3d90000 - 0x00007ffda3dea000 	C:\WINDOWS\SYSTEM32\WINSTA.dll
0x000000006e9c0000 - 0x000000006ea1b000 	C:\Users\nicho\AppData\Local\Temp\libgdxnicho\19bf02c5\gdx-box2d64.dll

dbghelp: loaded successfully - version: 4.0.5 - missing functions: none
symbol engine: initialized successfully - sym options: 0x614 - pdb path: .;C:\Program Files\AdoptOpenJDK\jdk-15.0.1.9-hotspot\bin;C:\WINDOWS\SYSTEM32;C:\WINDOWS\WinSxS\amd64_microsoft.windows.common-controls_6595b64144ccf1df_6.0.19041.1110_none_60b5254171f9507e;C:\Program Files\AdoptOpenJDK\jdk-15.0.1.9-hotspot\bin\server;C:\Users\nicho\AppData\Local\Temp\libgdxnicho\6bae761b;C:\Users\nicho\AppData\Local\Temp\libgdxnicho\1cecf4f6;C:\Program Files (x86)\Stardock\Fences;C:\WINDOWS\WinSxS\amd64_microsoft.windows.gdiplus_6595b64144ccf1df_1.1.19041.1288_none_91a663c8cc864906;C:\WINDOWS\System32\DriverStore\FileRepository\nv_dispi.inf_amd64_19c79fb6254e3b11;C:\Users\nicho\AppData\Local\Temp\libgdxnicho\19bf02c5

VM Arguments:
jvm_args: -Dfile.encoding=windows-1252 -Duser.country=US -Duser.language=en -Duser.variant 
java_command: com.mygdx.nextlevel.desktop.DesktopLauncher
java_class_path (initial): C:\Users\nicho\Projects\code\Level-Up\Next Level\desktop\build\classes\java\main;C:\Users\nicho\Projects\code\Level-Up\Next Level\desktop\build\resources\main;C:\Users\nicho\.gradle\caches\modules-2\files-2.1\com.badlogicgames.gdx\gdx-backend-lwjgl\1.9.14\76d214441fa6faed9a4b9a2c02473f0d0a467a52\gdx-backend-lwjgl-1.9.14.jar;C:\Users\nicho\.gradle\caches\modules-2\files-2.1\com.badlogicgames.gdx\gdx-platform\1.9.14\c972092618b729ebfec229c9214fb9e87861fb7a\gdx-platform-1.9.14-natives-desktop.jar;C:\Users\nicho\.gradle\caches\modules-2\files-2.1\com.badlogicgames.gdx\gdx-box2d-platform\1.9.14\3c70a6038ec970ae49f96292ed48bd2a098a7f47\gdx-box2d-platform-1.9.14-natives-desktop.jar;C:\Users\nicho\Projects\code\Level-Up\Next Level\core\build\libs\core-1.0.jar;C:\Users\nicho\.gradle\caches\modules-2\files-2.1\com.badlogicgames.box2dlights\box2dlights\1.5\6902dbcd250c95a27973aa24a147a95b3828d348\box2dlights-1.5.jar;C:\Users\nicho\.gradle\caches\modules-2\files-2.1\com.badlogicgames.gdx\gdx-box2d\1.9.14\1c52434c5c7ad1a19e08dcc53047eb1cd79b5e62\gdx-box2d-1.9.14.jar;C:\Users\nicho\.gradle\caches\modules-2\files-2.1\com.kotcrab.vis\vis-ui\1.5.0\cf5f4d925657b14c50716417b1b207ab3a4b0008\vis-ui-1.5.0.jar;C:\Users\nicho\.gradle\caches\modules-2\files-2.1\com.badlogicgames.gdx\gdx\1.10.0\74c240f79dc4fb6b766a834249600d0a019d0489\gdx-1.10.0.jar;C:\Users\nicho\.gradle\caches\modules-2\files-2.1\org.lwjgl.lwjgl\lwjgl_util\2.9.3\751f06b62424da056954c67288fd5c494431e350\lwjgl_util-2.9.3.jar;C:\Users\nicho\.gradle\caches\modules-2\files-2.1\org.lwjgl.lwjgl\lwjgl\2.9.3\3df168ac74e4a8c96562cdff24ad352e255bf89c\lwjgl-2.9.3.jar;C:\Users\nicho\.gradle\caches\modules-2\files-2.1\com.badlogicgames.jlayer\jlayer\1.0.1-gdx\7cca83cec5c1b2f011362f4d85aabd71a73b049d\jlayer-1.0.1-gdx.jar;C:\Users\nicho\.gradle\caches\modules-2\files-2.1\org.jcraft\jorbis\0.0.17\8872d22b293e8f5d7d56ff92be966e6dc28ebdc6\jorbis-0.0.17.jar;C:\Users\nicho\.gradle\caches\modules-2\files-2.1\org.xer
Launcher Type: SUN_STANDARD

[Global flags]
     intx CICompilerCount                          = 4                                         {product} {ergonomic}
     uint ConcGCThreads                            = 3                                         {product} {ergonomic}
     uint G1ConcRefinementThreads                  = 10                                        {product} {ergonomic}
   size_t G1HeapRegionSize                         = 4194304                                   {product} {ergonomic}
    uintx GCDrainStackTargetSize                   = 64                                        {product} {ergonomic}
   size_t InitialHeapSize                          = 536870912                                 {product} {ergonomic}
   size_t MarkStackSize                            = 4194304                                   {product} {ergonomic}
   size_t MaxHeapSize                              = 8577351680                                {product} {ergonomic}
   size_t MaxNewSize                               = 5146411008                                {product} {ergonomic}
   size_t MinHeapDeltaBytes                        = 4194304                                   {product} {ergonomic}
   size_t MinHeapSize                              = 8388608                                   {product} {ergonomic}
    uintx NonNMethodCodeHeapSize                   = 5839372                                {pd product} {ergonomic}
    uintx NonProfiledCodeHeapSize                  = 122909434                              {pd product} {ergonomic}
    uintx ProfiledCodeHeapSize                     = 122909434                              {pd product} {ergonomic}
    uintx ReservedCodeCacheSize                    = 251658240                              {pd product} {ergonomic}
     bool SegmentedCodeCache                       = true                                      {product} {ergonomic}
   size_t SoftMaxHeapSize                          = 8577351680                             {manageable} {ergonomic}
     bool UseCompressedClassPointers               = true                                 {lp64_product} {ergonomic}
     bool UseCompressedOops                        = true                                 {lp64_product} {ergonomic}
     bool UseG1GC                                  = true                                      {product} {ergonomic}
     bool UseLargePagesIndividualAllocation        = false                                  {pd product} {ergonomic}

Logging:
Log output configuration:
 #0: stdout all=warning uptime,level,tags
 #1: stderr all=off uptime,level,tags

Environment Variables:
PATH=C:\Program Files\AdoptOpenJDK\jdk-15.0.1.9-hotspot\bin;C:\Program Files (x86)\Common Files\Oracle\Java\javapath;C:\WINDOWS\system32;C:\WINDOWS;C:\WINDOWS\System32\Wbem;C:\WINDOWS\System32\WindowsPowerShell\v1.0\;C:\WINDOWS\System32\OpenSSH\;C:\Program Files\NVIDIA Corporation\NVIDIA NvDLISR;C:\Program Files (x86)\NVIDIA Corporation\PhysX\Common;C:\PROGRA~1\MATLAB\R2020a\bin;C:\Program Files\MATLAB\R2020a\bin;C:\Program Files\PuTTY\;C:\Program Files\Git\cmd;C:\Program Files\nodejs\;C:\WINDOWS\system32;C:\WINDOWS;C:\WINDOWS\System32\Wbem;C:\WINDOWS\System32\WindowsPowerShell\v1.0\;C:\WINDOWS\System32\OpenSSH\;C:\Program Files (x86)\HP\Common\HPDestPlgIn\;C:\Users\nicho\AppData\Local\Microsoft\WindowsApps;C:\Users\nicho\AppData\Local\GitHubDesktop\bin;C:\Users\nicho\AppData\Local\Programs\Microsoft VS Code\bin;C:\Users\nicho\Projects\bin;C:\Users\nicho\AppData\Roaming\npm;C:\Users\nicho\AppData\Local\Microsoft\WindowsApps;C:\Program Files (x86)\HP\Common\HPDestPlgIn\;C:\Program Files\JetBrains\IntelliJ IDEA 2021.2.2\bin;
USERNAME=nicho
OS=Windows_NT
PROCESSOR_IDENTIFIER=AMD64 Family 23 Model 113 Stepping 0, AuthenticAMD



---------------  S Y S T E M  ---------------

OS:
 Windows 10 , 64 bit Build 19041 (10.0.19041.1202)
OS uptime: 0 days 12:24 hours

CPU: total 12 (initial active 12) (12 cores per cpu, 2 threads per core) family 23 model 113 stepping 0 microcode 0x0, cmov, cx8, fxsr, mmx, sse, sse2, sse3, ssse3, sse4.1, sse4.2, popcnt, vzeroupper, avx, avx2, aes, clmul, 3dnowpref, lzcnt, sse4a, ht, tsc, tscinvbit, tscinv, bmi1, bmi2, adx, sha, fma, clflush, clflushopt

Memory: 4k page, system-wide physical 32717M (23778M free)
TotalPageFile size 37581M (AvailPageFile size 23756M)
current process WorkingSet (physical memory assigned to process): 124M, peak: 137M
current process commit charge ("private bytes"): 732M, peak: 744M

vm_info: OpenJDK 64-Bit Server VM (15.0.1+9) for windows-amd64 JRE (15.0.1+9), built on Oct 23 2020 04:11:16 by "" with MS VC++ 15.9 (VS2017)

END.
