#
# A fatal error has been detected by the Java Runtime Environment:
#
#  SIGSEGV (0xb) at pc=0x0000000000000000, pid=1427, tid=92931
#
# JRE version: Java(TM) SE Runtime Environment (12.0.2+10) (build 12.0.2+10)
# Java VM: Java HotSpot(TM) 64-Bit Server VM (12.0.2+10, mixed mode, sharing, tiered, compressed oops, g1 gc, bsd-amd64)
# Problematic frame:
# C  0x0000000000000000
#
# No core dump will be written. Core dumps have been disabled. To enable core dumping, try "ulimit -c unlimited" before starting Java again
#
# If you would like to submit a bug report, please visit:
#   http://bugreport.java.com/bugreport/crash.jsp
#

---------------  S U M M A R Y ------------

Command Line: -Dfile.encoding=UTF-8 -Duser.country=US -Duser.language=en -Duser.variant com.mygdx.nextlevel.desktop.DesktopLauncher

Host: MacBookPro15,2 x86_64 2800 MHz, 8 cores, 16G, Darwin 20.6.0
Time: Sun Oct 10 15:39:58 2021 EDT elapsed time: 431 seconds (0d 0h 7m 11s)

---------------  T H R E A D  ---------------

Current thread is native thread

Stack: [0x00007000021aa000,0x000070000222a000],  sp=0x0000700002229a38,  free space=510k

siginfo: si_signo: 11 (SIGSEGV), si_code: 1 (SEGV_MAPERR), si_addr: 0x0000000000000000

Register to memory mapping:

RAX=
[error occurred during error reporting (printing register info), id 0xb, SIGSEGV (0xb) at pc=0x0000000103ed919e]

Registers:
RAX=0x0000000132ba3508, RBX=0x00000000000161b0, RCX=0x0000000000000010, RDX=0xfffffffffffffff0
RSP=0x0000700002229a38, RBP=0x0000700002229ae0, RSI=0x0000000000000000, RDI=0x00007f90b7a87000
R8 =0x0000000000000200, R9 =0x00007f90b1fa8660, R10=0x0000000132cf24f2, R11=0x0000000000000020
R12=0x0000000000000200, R13=0x00007f90b7a87000, R14=0x00007f90b1e11c30, R15=0x0000000000000800
RIP=0x0000000000000000, EFLAGS=0x0000000000010246, ERR=0x0000000000000014
  TRAPNO=0x000000000000000e

Top of Stack: (sp=0x0000700002229a38)
0x0000700002229a38:   0000000132b75639 0000000000000000
0x0000700002229a48:   0000000000000000 00007f90b7a8f1b0
0x0000700002229a58:   0000000132e89000 00007f90b7a8d1b0
0x0000700002229a68:   0000020000000000 0000000000000000
0x0000700002229a78:   0000000000000800 e0982a5200000200
0x0000700002229a88:   00007f90b7a8b1b0