#
# A fatal error has been detected by the Java Runtime Environment:
#
#  EXCEPTION_ACCESS_VIOLATION (0xc0000005) at pc=0x000000006e9cbbb1, pid=5756, tid=1268
#
# JRE version: OpenJDK Runtime Environment Corretto-15.0.2.7.1 (15.0.2+7) (build 15.0.2+7)
# Java VM: OpenJDK 64-Bit Server VM Corretto-15.0.2.7.1 (15.0.2+7, mixed mode, sharing, tiered, compressed oops, g1 gc, windows-amd64)
# Problematic frame:
# C  [gdx-box2d64.dll+0xbbb1]
#
# No core dump will be written. Minidumps are not enabled by default on client versions of Windows
#
# If you would like to submit a bug report, please visit:
#   https://github.com/corretto/corretto-jdk/issues/
# The crash happened outside the Java Virtual Machine in native code.
# See problematic frame for where to report the bug.
#

---------------  S U M M A R Y ------------

Command Line: -Dfile.encoding=windows-1252 -Duser.country=US -Duser.language=en -Duser.variant com.mygdx.nextlevel.desktop.DesktopLauncher

Host: Intel(R) Core(TM) i7-10875H CPU @ 2.30GHz, 16 cores, 31G,  Windows 10 , 64 bit Build 19041 (10.0.19041.1202)
Time: Sat Oct 16 11:05:13 2021 US Eastern Daylight Time elapsed time: 38.042523 seconds (0d 0h 0m 38s)

---------------  T H R E A D  ---------------

Current thread (0x000001a51008f340):  JavaThread "LWJGL Application" [_thread_in_native, id=1268, stack(0x0000007ff6700000,0x0000007ff6800000)]

Stack: [0x0000007ff6700000,0x0000007ff6800000],  sp=0x0000007ff67fe720,  free space=1017k
Native frames: (J=compiled Java code, j=interpreted, Vv=VM code, C=native code)
C  [gdx-box2d64.dll+0xbbb1]

Java frames: (J=compiled Java code, j=interpreted, Vv=VM code)
j  com.badlogic.gdx.physics.box2d.World.jniCreateBody(JIFFFFFFFFZZZZZF)J+0
j  com.badlogic.gdx.physics.box2d.World.createBody(Lcom/badlogic/gdx/physics/box2d/BodyDef;)Lcom/badlogic/gdx/physics/box2d/Body;+80
j  com.mygdx.nextlevel.actors.Actor.setBody(Lcom/badlogic/gdx/physics/box2d/BodyDef$BodyType;)V+79
j  com.mygdx.nextlevel.actors.Item.<init>(Lcom/badlogic/gdx/graphics/Texture;Lcom/badlogic/gdx/physics/box2d/World;Lcom/badlogic/gdx/math/Vector2;FF)V+53
J 1602 c1 com.mygdx.nextlevel.screens.GameScreen.render(F)V (1870 bytes) @ 0x000001a56a1ba83c [0x000001a56a1b79a0+0x0000000000002e9c]
J 1593 c1 com.mygdx.nextlevel.NextLevel.render()V (5 bytes) @ 0x000001a56a1b24b4 [0x000001a56a1b2260+0x0000000000000254]
j  com.badlogic.gdx.backends.lwjgl.LwjglApplication.mainLoop()V+776
j  com.badlogic.gdx.backends.lwjgl.LwjglApplication$1.run()V+27
v  ~StubRoutines::call_stub

siginfo: EXCEPTION_ACCESS_VIOLATION (0xc0000005), reading address 0x000001a710d32420


Register to memory mapping:

RIP=0x000000006e9cbbb1 gdx-box2d64.dll
RAX=0x000000006ea10060 gdx-box2d64.dll
RBX=0x000001a710d32420 is an unknown value
RCX=0x000001a510d17cf0 points into unknown readable memory: 0x000001a510d31080 | 80 10 d3 10 a5 01 00 00
RDX=0x00000000000000b8 is an unknown value
RSP=0x0000007ff67fe720 is pointing into the stack for thread: 0x000001a51008f340
RBP=0x000001a510d17d20 points into unknown readable memory: 0x0000000000000000 | 00 00 00 00 00 00 00 00
RSI=0x000001a510d17cf0 points into unknown readable memory: 0x000001a510d31080 | 80 10 d3 10 a5 01 00 00
RDI=0x0000007ff67fe7e0 is pointing into the stack for thread: 0x000001a51008f340
R8 =0x000001a510d17cf0 points into unknown readable memory: 0x000001a510d31080 | 80 10 d3 10 a5 01 00 00
R9 =0x0 is NULL
R10=0x0 is NULL
R11=0x0000000000000001 is an unknown value
R12=0x0 is NULL
R13=0x0000000000000006 is an unknown value
R14=0x0000007ff67fe9d8 is pointing into the stack for thread: 0x000001a51008f340
R15=0x000001a51008f340 is a thread


Registers:
RAX=0x000000006ea10060, RBX=0x000001a710d32420, RCX=0x000001a510d17cf0, RDX=0x00000000000000b8
RSP=0x0000007ff67fe720, RBP=0x000001a510d17d20, RSI=0x000001a510d17cf0, RDI=0x0000007ff67fe7e0
R8 =0x000001a510d17cf0, R9 =0x0000000000000000, R10=0x0000000000000000, R11=0x0000000000000001
R12=0x0000000000000000, R13=0x0000000000000006, R14=0x0000007ff67fe9d8, R15=0x000001a51008f340
RIP=0x000000006e9cbbb1, EFLAGS=0x0000000000010202

Top of Stack: (sp=0x0000007ff67fe720)
0x0000007ff67fe720:   00007ff96910ab50 000001a5194b2d30
0x0000007ff67fe730:   000000000000000b ffffffffffffffff
0x0000007ff67fe740:   0000000000000001 000001a510d17cf0
0x0000007ff67fe750:   0000007ff67fe7e0 0000007ff67fe930
0x0000007ff67fe760:   0000000000000000 000001a57ff5d120
0x0000007ff67fe770:   0000007ff67fe9d8 000000006e9e1163
0x0000007ff67fe780:   0000000000000003 000001a57ff5d120
0x0000007ff67fe790:   000001a51008f340 000001a57ff5d120
0x0000007ff67fe7a0:   0000000000000001 000001a57f7cba20
0x0000007ff67fe7b0:   00000000000236dc 000000006e9e6a36
0x0000007ff67fe7c0:   000001a57ff5d120 0000000000000000
0x0000007ff67fe7d0:   0000007ff67fe930 000001a569788b8b
0x0000007ff67fe7e0:   4000000000000000 0000000000000000
0x0000007ff67fe7f0:   0000000000000000 0000000000000000
0x0000007ff67fe800:   0000010100000000 0000007ff67fe901
0x0000007ff67fe810:   0000000000000000 000000003f800000 

Instructions: (pc=0x000000006e9cbbb1)
0x000000006e9cbab1:   3d 89 45 04 00 00 75 5e 48 8d 3d a1 45 04 00 bb
0x000000006e9cbac1:   01 00 00 00 31 f6 48 8d 2d 32 45 03 00 eb 04 48
0x000000006e9cbad1:   83 c7 01 48 63 c6 39 5c 85 00 7d 03 83 c6 01 83
0x000000006e9cbae1:   c3 01 40 88 37 81 fb 81 02 00 00 74 22 83 fe 0d
0x000000006e9cbaf1:   7e dd 48 8d 15 56 60 03 00 48 8d 0d bb 60 03 00
0x000000006e9cbb01:   41 b8 49 00 00 00 e8 c4 aa 02 00 eb c2 66 90 c6
0x000000006e9cbb11:   05 29 45 04 00 01 48 83 c4 28 5b 5e 5f 5d c3 57
0x000000006e9cbb21:   56 53 48 83 ec 20 8b 41 08 31 f6 31 db 48 89 cf
0x000000006e9cbb31:   85 c0 7e 19 48 8b 07 83 c3 01 48 8b 4c 30 08 48
0x000000006e9cbb41:   83 c6 10 e8 c7 08 00 00 39 5f 08 7f e7 48 8b 0f
0x000000006e9cbb51:   48 83 c4 20 5b 5e 5f e9 b3 08 00 00 90 66 90 41
0x000000006e9cbb61:   56 41 55 41 54 55 57 56 53 48 83 ec 20 48 63 da
0x000000006e9cbb71:   48 89 ce 83 fb 00 0f 84 66 01 00 00 0f 8e 42 01
0x000000006e9cbb81:   00 00 81 fb 80 02 00 00 0f 8f 21 01 00 00 48 8d
0x000000006e9cbb91:   05 ca 44 04 00 44 0f b6 2c 18 41 80 fd 0d 4c 89
0x000000006e9cbba1:   eb 77 2c 48 8d 2c de 48 8b 5d 10 48 85 db 74 45
0x000000006e9cbbb1:   48 8b 03 48 89 45 10 48 89 d8 48 83 c4 20 5b 5e
0x000000006e9cbbc1:   5f 5d 41 5c 41 5d 41 5e c3 66 0f 1f 44 00 00 48
0x000000006e9cbbd1:   8d 15 79 5f 03 00 48 8d 0d fa 5f 03 00 48 8d 2c
0x000000006e9cbbe1:   de 41 b8 70 00 00 00 e8 e3 a9 02 00 48 8b 5d 10
0x000000006e9cbbf1:   48 85 db 75 bb 4c 63 66 08 44 3b 66 0c 0f 84 1c
0x000000006e9cbc01:   01 00 00 49 c1 e4 04 4c 03 26 b9 00 40 00 00 e8
0x000000006e9cbc11:   eb 07 00 00 48 89 c3 4d 63 ed 49 89 44 24 08 48
0x000000006e9cbc21:   8d 05 d9 43 03 00 42 8b 3c a8 b8 00 40 00 00 99
0x000000006e9cbc31:   f7 ff 41 89 fd 41 89 3c 24 44 0f af e8 41 89 c6
0x000000006e9cbc41:   41 81 fd 00 40 00 00 0f 8f a6 00 00 00 41 83 fe
0x000000006e9cbc51:   01 7e 2a 4c 63 c7 41 8d 46 ff 31 d2 4d 89 c1 4a
0x000000006e9cbc61:   8d 0c 03 49 f7 d9 66 0f 1f 84 00 00 00 00 00 83
0x000000006e9cbc71:   c2 01 4a 89 0c 09 4c 01 c1 39 c2 75 f2 41 29 fd
0x000000006e9cbc81:   4d 63 ed 4a c7 04 2b 00 00 00 00 48 8b 03 48 89
0x000000006e9cbc91:   45 10 83 46 08 01 48 89 d8 48 83 c4 20 5b 5e 5f
0x000000006e9cbca1:   5d 41 5c 41 5d 41 5e c3 0f 1f 80 00 00 00 00 89 


Stack slot to memory mapping:
stack at sp + 0 slots: 0x00007ff96910ab50 jvm.dll
stack at sp + 1 slots: 0x000001a5194b2d30 points into unknown readable memory: 0x4a280013e6840001 | 01 00 84 e6 13 00 28 4a
stack at sp + 2 slots: 0x000000000000000b is an unknown value
stack at sp + 3 slots: 0xffffffffffffffff is an unknown value
stack at sp + 4 slots: 0x0000000000000001 is an unknown value
stack at sp + 5 slots: 0x000001a510d17cf0 points into unknown readable memory: 0x000001a510d31080 | 80 10 d3 10 a5 01 00 00
stack at sp + 6 slots: 0x0000007ff67fe7e0 is pointing into the stack for thread: 0x000001a51008f340
stack at sp + 7 slots: 0x0000007ff67fe930 is pointing into the stack for thread: 0x000001a51008f340


---------------  P R O C E S S  ---------------

Threads class SMR info:
_java_thread_list=0x000001a51064a470, length=13, elements={
0x000001a57f768890, 0x000001a57f769460, 0x000001a57f783b80, 0x000001a57f786640,
0x000001a57f788100, 0x000001a57f788f90, 0x000001a57f789b30, 0x000001a57f78b630,
0x000001a50ffc4fe0, 0x000001a50ffcd5b0, 0x000001a51008f340, 0x000001a55fa4acf0,
0x000001a519431990
}

Java Threads: ( => current thread )
  0x000001a57f768890 JavaThread "Reference Handler" daemon [_thread_blocked, id=8000, stack(0x0000007ff5800000,0x0000007ff5900000)]
  0x000001a57f769460 JavaThread "Finalizer" daemon [_thread_blocked, id=16816, stack(0x0000007ff5900000,0x0000007ff5a00000)]
  0x000001a57f783b80 JavaThread "Signal Dispatcher" daemon [_thread_blocked, id=14948, stack(0x0000007ff5a00000,0x0000007ff5b00000)]
  0x000001a57f786640 JavaThread "Attach Listener" daemon [_thread_blocked, id=16712, stack(0x0000007ff5b00000,0x0000007ff5c00000)]
  0x000001a57f788100 JavaThread "Service Thread" daemon [_thread_blocked, id=15588, stack(0x0000007ff5c00000,0x0000007ff5d00000)]
  0x000001a57f788f90 JavaThread "C2 CompilerThread0" daemon [_thread_blocked, id=6656, stack(0x0000007ff5d00000,0x0000007ff5e00000)]
  0x000001a57f789b30 JavaThread "C1 CompilerThread0" daemon [_thread_blocked, id=9632, stack(0x0000007ff5e00000,0x0000007ff5f00000)]
  0x000001a57f78b630 JavaThread "Sweeper thread" daemon [_thread_blocked, id=16912, stack(0x0000007ff5f00000,0x0000007ff6000000)]
  0x000001a50ffc4fe0 JavaThread "Notification Thread" daemon [_thread_blocked, id=2800, stack(0x0000007ff6200000,0x0000007ff6300000)]
  0x000001a50ffcd5b0 JavaThread "Common-Cleaner" daemon [_thread_blocked, id=8276, stack(0x0000007ff6400000,0x0000007ff6500000)]
=>0x000001a51008f340 JavaThread "LWJGL Application" [_thread_in_native, id=1268, stack(0x0000007ff6700000,0x0000007ff6800000)]
  0x000001a55fa4acf0 JavaThread "DestroyJavaVM" [_thread_blocked, id=12488, stack(0x0000007ff5100000,0x0000007ff5200000)]
  0x000001a519431990 JavaThread "LWJGL Timer" daemon [_thread_blocked, id=1780, stack(0x0000007ff7100000,0x0000007ff7200000)]

Other Threads:
  0x000001a57f761fe0 VMThread "VM Thread" [stack: 0x0000007ff5700000,0x0000007ff5800000] [id=16568]
  0x000001a50ffc94c0 WatcherThread [stack: 0x0000007ff6300000,0x0000007ff6400000] [id=16948]
  0x000001a55fac6640 GCTaskThread "GC Thread#0" [stack: 0x0000007ff5200000,0x0000007ff5300000] [id=8416]
  0x000001a5106e5c00 GCTaskThread "GC Thread#1" [stack: 0x0000007ff6e00000,0x0000007ff6f00000] [id=10384]
  0x000001a5106e6f20 GCTaskThread "GC Thread#2" [stack: 0x0000007ff6f00000,0x0000007ff7000000] [id=15452]
  0x000001a5106e48e0 GCTaskThread "GC Thread#3" [stack: 0x0000007ff7000000,0x0000007ff7100000] [id=13616]
  0x000001a5106e7580 GCTaskThread "GC Thread#4" [stack: 0x0000007ff7200000,0x0000007ff7300000] [id=7228]
  0x000001a5106e4f40 GCTaskThread "GC Thread#5" [stack: 0x0000007ff7300000,0x0000007ff7400000] [id=13608]
  0x000001a5106e5270 GCTaskThread "GC Thread#6" [stack: 0x0000007ff7400000,0x0000007ff7500000] [id=13872]
  0x000001a5106e7250 GCTaskThread "GC Thread#7" [stack: 0x0000007ff7500000,0x0000007ff7600000] [id=13336]
  0x000001a5106e4280 GCTaskThread "GC Thread#8" [stack: 0x0000007ff7600000,0x0000007ff7700000] [id=13612]
  0x000001a5106e58d0 GCTaskThread "GC Thread#9" [stack: 0x0000007ff7700000,0x0000007ff7800000] [id=14632]
  0x000001a5106e6260 GCTaskThread "GC Thread#10" [stack: 0x0000007ff7800000,0x0000007ff7900000] [id=14664]
  0x000001a5106e6590 GCTaskThread "GC Thread#11" [stack: 0x0000007ff7900000,0x0000007ff7a00000] [id=13828]
  0x000001a55fad85b0 ConcurrentGCThread "G1 Main Marker" [stack: 0x0000007ff5300000,0x0000007ff5400000] [id=14300]
  0x000001a55fad91a0 ConcurrentGCThread "G1 Conc#0" [stack: 0x0000007ff5400000,0x0000007ff5500000] [id=16924]
  0x000001a55fb2e7a0 ConcurrentGCThread "G1 Refine#0" [stack: 0x0000007ff5500000,0x0000007ff5600000] [id=5248]
  0x000001a57f65d9f0 ConcurrentGCThread "G1 Young RemSet Sampling" [stack: 0x0000007ff5600000,0x0000007ff5700000] [id=16576]

Threads with active compile tasks:

VM state: not at safepoint (normal execution)

VM Mutex/Monitor currently owned by a thread: None

Heap address: 0x0000000603c00000, size: 8132 MB, Compressed Oops mode: Zero based, Oop shift amount: 3
CDS archive(s) mapped at: [0x0000000800000000-0x0000000800b50000-0x0000000800b50000), size 11862016, SharedBaseAddress: 0x0000000800000000, ArchiveRelocationMode: 0.
Compressed class space mapped at: 0x0000000800b50000-0x0000000840b50000, size: 1073741824
Narrow klass base: 0x0000000800000000, Narrow klass shift: 3, Narrow klass range: 0x100000000

GC Precious Log:
 CPUs: 16 total, 16 available
 Memory: 32512M
 Large Page Support: Disabled
 NUMA Support: Disabled
 Compressed Oops: Enabled (Zero based)
 Heap Region Size: 4M
 Heap Min Capacity: 8M
 Heap Initial Capacity: 512M
 Heap Max Capacity: 8132M
 Pre-touch: Disabled
 Parallel Workers: 13
 Concurrent Workers: 3
 Concurrent Refinement Workers: 13
 Periodic GC: Disabled

Heap:
 garbage-first heap   total 524288K, used 219927K [0x0000000603c00000, 0x0000000800000000)
  region size 4096K, 56 young (229376K), 1 survivors (4096K)
 Metaspace       used 6355K, capacity 9054K, committed 9216K, reserved 1058816K
  class space    used 452K, capacity 745K, committed 768K, reserved 1048576K

Heap Regions: E=young(eden), S=young(survivor), O=old, HS=humongous(starts), HC=humongous(continues), CS=collection set, F=free, OA=open archive, CA=closed archive, TAMS=top-at-mark-start (previous, next)
|   0|0x0000000603c00000, 0x0000000603c00000, 0x0000000604000000|  0%| F|  |TAMS 0x0000000603c00000, 0x0000000603c00000| Untracked 
|   1|0x0000000604000000, 0x0000000604000000, 0x0000000604400000|  0%| F|  |TAMS 0x0000000604000000, 0x0000000604000000| Untracked 
|   2|0x0000000604400000, 0x0000000604400000, 0x0000000604800000|  0%| F|  |TAMS 0x0000000604400000, 0x0000000604400000| Untracked 
|   3|0x0000000604800000, 0x0000000604800000, 0x0000000604c00000|  0%| F|  |TAMS 0x0000000604800000, 0x0000000604800000| Untracked 
|   4|0x0000000604c00000, 0x0000000604c00000, 0x0000000605000000|  0%| F|  |TAMS 0x0000000604c00000, 0x0000000604c00000| Untracked 
|   5|0x0000000605000000, 0x0000000605000000, 0x0000000605400000|  0%| F|  |TAMS 0x0000000605000000, 0x0000000605000000| Untracked 
|   6|0x0000000605400000, 0x0000000605400000, 0x0000000605800000|  0%| F|  |TAMS 0x0000000605400000, 0x0000000605400000| Untracked 
|   7|0x0000000605800000, 0x0000000605800000, 0x0000000605c00000|  0%| F|  |TAMS 0x0000000605800000, 0x0000000605800000| Untracked 
|   8|0x0000000605c00000, 0x0000000605c00000, 0x0000000606000000|  0%| F|  |TAMS 0x0000000605c00000, 0x0000000605c00000| Untracked 
|   9|0x0000000606000000, 0x0000000606000000, 0x0000000606400000|  0%| F|  |TAMS 0x0000000606000000, 0x0000000606000000| Untracked 
|  10|0x0000000606400000, 0x0000000606400000, 0x0000000606800000|  0%| F|  |TAMS 0x0000000606400000, 0x0000000606400000| Untracked 
|  11|0x0000000606800000, 0x0000000606800000, 0x0000000606c00000|  0%| F|  |TAMS 0x0000000606800000, 0x0000000606800000| Untracked 
|  12|0x0000000606c00000, 0x0000000606c00000, 0x0000000607000000|  0%| F|  |TAMS 0x0000000606c00000, 0x0000000606c00000| Untracked 
|  13|0x0000000607000000, 0x0000000607000000, 0x0000000607400000|  0%| F|  |TAMS 0x0000000607000000, 0x0000000607000000| Untracked 
|  14|0x0000000607400000, 0x0000000607400000, 0x0000000607800000|  0%| F|  |TAMS 0x0000000607400000, 0x0000000607400000| Untracked 
|  15|0x0000000607800000, 0x0000000607800000, 0x0000000607c00000|  0%| F|  |TAMS 0x0000000607800000, 0x0000000607800000| Untracked 
|  16|0x0000000607c00000, 0x0000000607c00000, 0x0000000608000000|  0%| F|  |TAMS 0x0000000607c00000, 0x0000000607c00000| Untracked 
|  17|0x0000000608000000, 0x0000000608000000, 0x0000000608400000|  0%| F|  |TAMS 0x0000000608000000, 0x0000000608000000| Untracked 
|  18|0x0000000608400000, 0x0000000608400000, 0x0000000608800000|  0%| F|  |TAMS 0x0000000608400000, 0x0000000608400000| Untracked 
|  19|0x0000000608800000, 0x0000000608800000, 0x0000000608c00000|  0%| F|  |TAMS 0x0000000608800000, 0x0000000608800000| Untracked 
|  20|0x0000000608c00000, 0x0000000608c00000, 0x0000000609000000|  0%| F|  |TAMS 0x0000000608c00000, 0x0000000608c00000| Untracked 
|  21|0x0000000609000000, 0x0000000609000000, 0x0000000609400000|  0%| F|  |TAMS 0x0000000609000000, 0x0000000609000000| Untracked 
|  22|0x0000000609400000, 0x0000000609400000, 0x0000000609800000|  0%| F|  |TAMS 0x0000000609400000, 0x0000000609400000| Untracked 
|  23|0x0000000609800000, 0x0000000609800000, 0x0000000609c00000|  0%| F|  |TAMS 0x0000000609800000, 0x0000000609800000| Untracked 
|  24|0x0000000609c00000, 0x0000000609c00000, 0x000000060a000000|  0%| F|  |TAMS 0x0000000609c00000, 0x0000000609c00000| Untracked 
|  25|0x000000060a000000, 0x000000060a000000, 0x000000060a400000|  0%| F|  |TAMS 0x000000060a000000, 0x000000060a000000| Untracked 
|  26|0x000000060a400000, 0x000000060a400000, 0x000000060a800000|  0%| F|  |TAMS 0x000000060a400000, 0x000000060a400000| Untracked 
|  27|0x000000060a800000, 0x000000060a800000, 0x000000060ac00000|  0%| F|  |TAMS 0x000000060a800000, 0x000000060a800000| Untracked 
|  28|0x000000060ac00000, 0x000000060ac00000, 0x000000060b000000|  0%| F|  |TAMS 0x000000060ac00000, 0x000000060ac00000| Untracked 
|  29|0x000000060b000000, 0x000000060b000000, 0x000000060b400000|  0%| F|  |TAMS 0x000000060b000000, 0x000000060b000000| Untracked 
|  30|0x000000060b400000, 0x000000060b400000, 0x000000060b800000|  0%| F|  |TAMS 0x000000060b400000, 0x000000060b400000| Untracked 
|  31|0x000000060b800000, 0x000000060b800000, 0x000000060bc00000|  0%| F|  |TAMS 0x000000060b800000, 0x000000060b800000| Untracked 
|  32|0x000000060bc00000, 0x000000060bc00000, 0x000000060c000000|  0%| F|  |TAMS 0x000000060bc00000, 0x000000060bc00000| Untracked 
|  33|0x000000060c000000, 0x000000060c000000, 0x000000060c400000|  0%| F|  |TAMS 0x000000060c000000, 0x000000060c000000| Untracked 
|  34|0x000000060c400000, 0x000000060c400000, 0x000000060c800000|  0%| F|  |TAMS 0x000000060c400000, 0x000000060c400000| Untracked 
|  35|0x000000060c800000, 0x000000060c800000, 0x000000060cc00000|  0%| F|  |TAMS 0x000000060c800000, 0x000000060c800000| Untracked 
|  36|0x000000060cc00000, 0x000000060cc00000, 0x000000060d000000|  0%| F|  |TAMS 0x000000060cc00000, 0x000000060cc00000| Untracked 
|  37|0x000000060d000000, 0x000000060d000000, 0x000000060d400000|  0%| F|  |TAMS 0x000000060d000000, 0x000000060d000000| Untracked 
|  38|0x000000060d400000, 0x000000060d400000, 0x000000060d800000|  0%| F|  |TAMS 0x000000060d400000, 0x000000060d400000| Untracked 
|  39|0x000000060d800000, 0x000000060d800000, 0x000000060dc00000|  0%| F|  |TAMS 0x000000060d800000, 0x000000060d800000| Untracked 
|  40|0x000000060dc00000, 0x000000060dc00000, 0x000000060e000000|  0%| F|  |TAMS 0x000000060dc00000, 0x000000060dc00000| Untracked 
|  41|0x000000060e000000, 0x000000060e000000, 0x000000060e400000|  0%| F|  |TAMS 0x000000060e000000, 0x000000060e000000| Untracked 
|  42|0x000000060e400000, 0x000000060e400000, 0x000000060e800000|  0%| F|  |TAMS 0x000000060e400000, 0x000000060e400000| Untracked 
|  43|0x000000060e800000, 0x000000060e800000, 0x000000060ec00000|  0%| F|  |TAMS 0x000000060e800000, 0x000000060e800000| Untracked 
|  44|0x000000060ec00000, 0x000000060ec00000, 0x000000060f000000|  0%| F|  |TAMS 0x000000060ec00000, 0x000000060ec00000| Untracked 
|  45|0x000000060f000000, 0x000000060f000000, 0x000000060f400000|  0%| F|  |TAMS 0x000000060f000000, 0x000000060f000000| Untracked 
|  46|0x000000060f400000, 0x000000060f400000, 0x000000060f800000|  0%| F|  |TAMS 0x000000060f400000, 0x000000060f400000| Untracked 
|  47|0x000000060f800000, 0x000000060f800000, 0x000000060fc00000|  0%| F|  |TAMS 0x000000060f800000, 0x000000060f800000| Untracked 
|  48|0x000000060fc00000, 0x000000060fc00000, 0x0000000610000000|  0%| F|  |TAMS 0x000000060fc00000, 0x000000060fc00000| Untracked 
|  49|0x0000000610000000, 0x0000000610000000, 0x0000000610400000|  0%| F|  |TAMS 0x0000000610000000, 0x0000000610000000| Untracked 
|  50|0x0000000610400000, 0x0000000610400000, 0x0000000610800000|  0%| F|  |TAMS 0x0000000610400000, 0x0000000610400000| Untracked 
|  51|0x0000000610800000, 0x0000000610800000, 0x0000000610c00000|  0%| F|  |TAMS 0x0000000610800000, 0x0000000610800000| Untracked 
|  52|0x0000000610c00000, 0x0000000610c00000, 0x0000000611000000|  0%| F|  |TAMS 0x0000000610c00000, 0x0000000610c00000| Untracked 
|  53|0x0000000611000000, 0x0000000611000000, 0x0000000611400000|  0%| F|  |TAMS 0x0000000611000000, 0x0000000611000000| Untracked 
|  54|0x0000000611400000, 0x0000000611400000, 0x0000000611800000|  0%| F|  |TAMS 0x0000000611400000, 0x0000000611400000| Untracked 
|  55|0x0000000611800000, 0x0000000611800000, 0x0000000611c00000|  0%| F|  |TAMS 0x0000000611800000, 0x0000000611800000| Untracked 
|  56|0x0000000611c00000, 0x0000000611c00000, 0x0000000612000000|  0%| F|  |TAMS 0x0000000611c00000, 0x0000000611c00000| Untracked 
|  57|0x0000000612000000, 0x0000000612000000, 0x0000000612400000|  0%| F|  |TAMS 0x0000000612000000, 0x0000000612000000| Untracked 
|  58|0x0000000612400000, 0x0000000612400000, 0x0000000612800000|  0%| F|  |TAMS 0x0000000612400000, 0x0000000612400000| Untracked 
|  59|0x0000000612800000, 0x0000000612800000, 0x0000000612c00000|  0%| F|  |TAMS 0x0000000612800000, 0x0000000612800000| Untracked 
|  60|0x0000000612c00000, 0x0000000612c00000, 0x0000000613000000|  0%| F|  |TAMS 0x0000000612c00000, 0x0000000612c00000| Untracked 
|  61|0x0000000613000000, 0x0000000613000000, 0x0000000613400000|  0%| F|  |TAMS 0x0000000613000000, 0x0000000613000000| Untracked 
|  62|0x0000000613400000, 0x0000000613400000, 0x0000000613800000|  0%| F|  |TAMS 0x0000000613400000, 0x0000000613400000| Untracked 
|  63|0x0000000613800000, 0x0000000613800000, 0x0000000613c00000|  0%| F|  |TAMS 0x0000000613800000, 0x0000000613800000| Untracked 
|  64|0x0000000613c00000, 0x0000000613c00000, 0x0000000614000000|  0%| F|  |TAMS 0x0000000613c00000, 0x0000000613c00000| Untracked 
|  65|0x0000000614000000, 0x0000000614000000, 0x0000000614400000|  0%| F|  |TAMS 0x0000000614000000, 0x0000000614000000| Untracked 
|  66|0x0000000614400000, 0x0000000614400000, 0x0000000614800000|  0%| F|  |TAMS 0x0000000614400000, 0x0000000614400000| Untracked 
|  67|0x0000000614800000, 0x0000000614800000, 0x0000000614c00000|  0%| F|  |TAMS 0x0000000614800000, 0x0000000614800000| Untracked 
|  68|0x0000000614c00000, 0x0000000614c00000, 0x0000000615000000|  0%| F|  |TAMS 0x0000000614c00000, 0x0000000614c00000| Untracked 
|  69|0x0000000615000000, 0x0000000615000000, 0x0000000615400000|  0%| F|  |TAMS 0x0000000615000000, 0x0000000615000000| Untracked 
|  70|0x0000000615400000, 0x0000000615400000, 0x0000000615800000|  0%| F|  |TAMS 0x0000000615400000, 0x0000000615400000| Untracked 
|  71|0x0000000615800000, 0x0000000615800000, 0x0000000615c00000|  0%| F|  |TAMS 0x0000000615800000, 0x0000000615800000| Untracked 
|  72|0x0000000615c00000, 0x0000000615dd4c40, 0x0000000616000000| 45%| E|  |TAMS 0x0000000615c00000, 0x0000000615c00000| Complete 
|  73|0x0000000616000000, 0x0000000616400000, 0x0000000616400000|100%| E|  |TAMS 0x0000000616000000, 0x0000000616000000| Complete 
|  74|0x0000000616400000, 0x0000000616800000, 0x0000000616800000|100%| E|CS|TAMS 0x0000000616400000, 0x0000000616400000| Complete 
|  75|0x0000000616800000, 0x0000000616c00000, 0x0000000616c00000|100%| E|CS|TAMS 0x0000000616800000, 0x0000000616800000| Complete 
|  76|0x0000000616c00000, 0x0000000617000000, 0x0000000617000000|100%| E|CS|TAMS 0x0000000616c00000, 0x0000000616c00000| Complete 
|  77|0x0000000617000000, 0x0000000617400000, 0x0000000617400000|100%| E|CS|TAMS 0x0000000617000000, 0x0000000617000000| Complete 
|  78|0x0000000617400000, 0x0000000617800000, 0x0000000617800000|100%| E|CS|TAMS 0x0000000617400000, 0x0000000617400000| Complete 
|  79|0x0000000617800000, 0x0000000617c00000, 0x0000000617c00000|100%| E|CS|TAMS 0x0000000617800000, 0x0000000617800000| Complete 
|  80|0x0000000617c00000, 0x0000000618000000, 0x0000000618000000|100%| E|CS|TAMS 0x0000000617c00000, 0x0000000617c00000| Complete 
|  81|0x0000000618000000, 0x0000000618400000, 0x0000000618400000|100%| E|CS|TAMS 0x0000000618000000, 0x0000000618000000| Complete 
|  82|0x0000000618400000, 0x0000000618800000, 0x0000000618800000|100%| E|CS|TAMS 0x0000000618400000, 0x0000000618400000| Complete 
|  83|0x0000000618800000, 0x0000000618c00000, 0x0000000618c00000|100%| E|CS|TAMS 0x0000000618800000, 0x0000000618800000| Complete 
|  84|0x0000000618c00000, 0x0000000619000000, 0x0000000619000000|100%| E|CS|TAMS 0x0000000618c00000, 0x0000000618c00000| Complete 
|  85|0x0000000619000000, 0x0000000619400000, 0x0000000619400000|100%| E|CS|TAMS 0x0000000619000000, 0x0000000619000000| Complete 
|  86|0x0000000619400000, 0x0000000619800000, 0x0000000619800000|100%| E|CS|TAMS 0x0000000619400000, 0x0000000619400000| Complete 
|  87|0x0000000619800000, 0x0000000619c00000, 0x0000000619c00000|100%| E|CS|TAMS 0x0000000619800000, 0x0000000619800000| Complete 
|  88|0x0000000619c00000, 0x000000061a000000, 0x000000061a000000|100%| E|CS|TAMS 0x0000000619c00000, 0x0000000619c00000| Complete 
|  89|0x000000061a000000, 0x000000061a400000, 0x000000061a400000|100%| E|CS|TAMS 0x000000061a000000, 0x000000061a000000| Complete 
|  90|0x000000061a400000, 0x000000061a800000, 0x000000061a800000|100%| E|CS|TAMS 0x000000061a400000, 0x000000061a400000| Complete 
|  91|0x000000061a800000, 0x000000061ac00000, 0x000000061ac00000|100%| E|CS|TAMS 0x000000061a800000, 0x000000061a800000| Complete 
|  92|0x000000061ac00000, 0x000000061b000000, 0x000000061b000000|100%| E|CS|TAMS 0x000000061ac00000, 0x000000061ac00000| Complete 
|  93|0x000000061b000000, 0x000000061b400000, 0x000000061b400000|100%| E|CS|TAMS 0x000000061b000000, 0x000000061b000000| Complete 
|  94|0x000000061b400000, 0x000000061b800000, 0x000000061b800000|100%| E|CS|TAMS 0x000000061b400000, 0x000000061b400000| Complete 
|  95|0x000000061b800000, 0x000000061bc00000, 0x000000061bc00000|100%| E|CS|TAMS 0x000000061b800000, 0x000000061b800000| Complete 
|  96|0x000000061bc00000, 0x000000061c000000, 0x000000061c000000|100%| E|CS|TAMS 0x000000061bc00000, 0x000000061bc00000| Complete 
|  97|0x000000061c000000, 0x000000061c400000, 0x000000061c400000|100%| E|CS|TAMS 0x000000061c000000, 0x000000061c000000| Complete 
|  98|0x000000061c400000, 0x000000061c800000, 0x000000061c800000|100%| E|CS|TAMS 0x000000061c400000, 0x000000061c400000| Complete 
|  99|0x000000061c800000, 0x000000061cc00000, 0x000000061cc00000|100%| E|CS|TAMS 0x000000061c800000, 0x000000061c800000| Complete 
| 100|0x000000061cc00000, 0x000000061d000000, 0x000000061d000000|100%| E|CS|TAMS 0x000000061cc00000, 0x000000061cc00000| Complete 
| 101|0x000000061d000000, 0x000000061d400000, 0x000000061d400000|100%| E|CS|TAMS 0x000000061d000000, 0x000000061d000000| Complete 
| 102|0x000000061d400000, 0x000000061d800000, 0x000000061d800000|100%| E|CS|TAMS 0x000000061d400000, 0x000000061d400000| Complete 
| 103|0x000000061d800000, 0x000000061dc00000, 0x000000061dc00000|100%| E|CS|TAMS 0x000000061d800000, 0x000000061d800000| Complete 
| 104|0x000000061dc00000, 0x000000061e000000, 0x000000061e000000|100%| E|CS|TAMS 0x000000061dc00000, 0x000000061dc00000| Complete 
| 105|0x000000061e000000, 0x000000061e400000, 0x000000061e400000|100%| E|CS|TAMS 0x000000061e000000, 0x000000061e000000| Complete 
| 106|0x000000061e400000, 0x000000061e800000, 0x000000061e800000|100%| E|CS|TAMS 0x000000061e400000, 0x000000061e400000| Complete 
| 107|0x000000061e800000, 0x000000061ec00000, 0x000000061ec00000|100%| E|CS|TAMS 0x000000061e800000, 0x000000061e800000| Complete 
| 108|0x000000061ec00000, 0x000000061f000000, 0x000000061f000000|100%| E|CS|TAMS 0x000000061ec00000, 0x000000061ec00000| Complete 
| 109|0x000000061f000000, 0x000000061f400000, 0x000000061f400000|100%| E|CS|TAMS 0x000000061f000000, 0x000000061f000000| Complete 
| 110|0x000000061f400000, 0x000000061f800000, 0x000000061f800000|100%| E|CS|TAMS 0x000000061f400000, 0x000000061f400000| Complete 
| 111|0x000000061f800000, 0x000000061fc00000, 0x000000061fc00000|100%| E|CS|TAMS 0x000000061f800000, 0x000000061f800000| Complete 
| 112|0x000000061fc00000, 0x0000000620000000, 0x0000000620000000|100%| E|CS|TAMS 0x000000061fc00000, 0x000000061fc00000| Complete 
| 113|0x0000000620000000, 0x0000000620400000, 0x0000000620400000|100%| E|CS|TAMS 0x0000000620000000, 0x0000000620000000| Complete 
| 114|0x0000000620400000, 0x0000000620800000, 0x0000000620800000|100%| E|CS|TAMS 0x0000000620400000, 0x0000000620400000| Complete 
| 115|0x0000000620800000, 0x0000000620c00000, 0x0000000620c00000|100%| E|CS|TAMS 0x0000000620800000, 0x0000000620800000| Complete 
| 116|0x0000000620c00000, 0x0000000621000000, 0x0000000621000000|100%| E|CS|TAMS 0x0000000620c00000, 0x0000000620c00000| Complete 
| 117|0x0000000621000000, 0x0000000621400000, 0x0000000621400000|100%| E|CS|TAMS 0x0000000621000000, 0x0000000621000000| Complete 
| 118|0x0000000621400000, 0x00000006216c5e50, 0x0000000621800000| 69%| S|CS|TAMS 0x0000000621400000, 0x0000000621400000| Complete 
| 119|0x0000000621800000, 0x0000000621c00000, 0x0000000621c00000|100%| E|CS|TAMS 0x0000000621800000, 0x0000000621800000| Complete 
| 120|0x0000000621c00000, 0x0000000622000000, 0x0000000622000000|100%| E|CS|TAMS 0x0000000621c00000, 0x0000000621c00000| Complete 
| 121|0x0000000622000000, 0x0000000622400000, 0x0000000622400000|100%| E|CS|TAMS 0x0000000622000000, 0x0000000622000000| Complete 
| 122|0x0000000622400000, 0x0000000622800000, 0x0000000622800000|100%| E|CS|TAMS 0x0000000622400000, 0x0000000622400000| Complete 
| 123|0x0000000622800000, 0x0000000622c00000, 0x0000000622c00000|100%| E|CS|TAMS 0x0000000622800000, 0x0000000622800000| Complete 
| 124|0x0000000622c00000, 0x0000000623000000, 0x0000000623000000|100%| E|CS|TAMS 0x0000000622c00000, 0x0000000622c00000| Complete 
| 125|0x0000000623000000, 0x0000000623400000, 0x0000000623400000|100%| E|CS|TAMS 0x0000000623000000, 0x0000000623000000| Complete 
| 126|0x0000000623400000, 0x0000000623800000, 0x0000000623800000|100%| E|CS|TAMS 0x0000000623400000, 0x0000000623400000| Complete 
| 127|0x0000000623800000, 0x0000000623c00000, 0x0000000623c00000|100%| E|CS|TAMS 0x0000000623800000, 0x0000000623800000| Complete 

Card table byte_map: [0x000001a57a730000,0x000001a57b720000] _byte_map_base: 0x000001a577712000

Marking Bits (Prev, Next): (CMBitMap*) 0x000001a55fac6e30, (CMBitMap*) 0x000001a55fac6e70
 Prev Bits: [0x000001a500000000, 0x000001a507f10000)
 Next Bits: [0x000001a507f10000, 0x000001a50fe20000)

Polling page: 0x000001a55f820000

Metaspace:

Usage:
  Non-class:      8.11 MB capacity,     5.76 MB ( 71%) used,     2.35 MB ( 29%) free+waste,     4.50 KB ( <1%) overhead. 
      Class:    745.00 KB capacity,   452.94 KB ( 61%) used,   291.00 KB ( 39%) free+waste,     1.06 KB ( <1%) overhead. 
       Both:      8.84 MB capacity,     6.21 MB ( 70%) used,     2.63 MB ( 30%) free+waste,     5.56 KB ( <1%) overhead. 

Virtual space:
  Non-class space:       10.00 MB reserved,       8.25 MB ( 83%) committed 
      Class space:        1.00 GB reserved,     768.00 KB ( <1%) committed 
             Both:        1.01 GB reserved,       9.00 MB ( <1%) committed 

Chunk freelists:
   Non-Class:  139.00 KB
       Class:  23.00 KB
        Both:  162.00 KB

MaxMetaspaceSize: 17179869184.00 GB
CompressedClassSpaceSize: 1.00 GB

CodeHeap 'non-profiled nmethods': size=119168Kb used=614Kb max_used=614Kb free=118553Kb
 bounds [0x000001a571320000, 0x000001a571590000, 0x000001a578780000]
CodeHeap 'profiled nmethods': size=119104Kb used=3143Kb max_used=3143Kb free=115961Kb
 bounds [0x000001a569ed0000, 0x000001a56a1f0000, 0x000001a571320000]
CodeHeap 'non-nmethods': size=7488Kb used=1295Kb max_used=3010Kb free=6192Kb
 bounds [0x000001a569780000, 0x000001a569ae0000, 0x000001a569ed0000]
 total_blobs=2265 nmethods=1673 adapters=505
 compilation: enabled
              stopped_count=0, restarted_count=0
 full_count=0

Compilation events (20 events):
Event: 37.189 Thread 0x000001a57f788f90 nmethod 1662 0x000001a5713b8010 code [0x000001a5713b81a0, 0x000001a5713b82a8]
Event: 37.280 Thread 0x000001a57f789b30 1663       3       java.nio.HeapByteBuffer::putInt (31 bytes)
Event: 37.281 Thread 0x000001a57f789b30 nmethod 1663 0x000001a56a1ddf90 code [0x000001a56a1de180, 0x000001a56a1de668]
Event: 37.281 Thread 0x000001a57f789b30 1664       3       jdk.internal.misc.Unsafe::putIntUnaligned (14 bytes)
Event: 37.281 Thread 0x000001a57f789b30 nmethod 1664 0x000001a56a1de890 code [0x000001a56a1dea40, 0x000001a56a1dec78]
Event: 37.281 Thread 0x000001a57f789b30 1665       3       jdk.internal.misc.Unsafe::putIntUnaligned (79 bytes)
Event: 37.281 Thread 0x000001a57f789b30 nmethod 1665 0x000001a56a1ded90 code [0x000001a56a1def40, 0x000001a56a1df2b8]
Event: 37.281 Thread 0x000001a57f789b30 1666       3       java.nio.HeapByteBuffer::getInt (29 bytes)
Event: 37.281 Thread 0x000001a57f789b30 nmethod 1666 0x000001a56a1df390 code [0x000001a56a1df580, 0x000001a56a1dfa48]
Event: 37.281 Thread 0x000001a57f789b30 1667       3       jdk.internal.misc.Unsafe::getIntUnaligned (12 bytes)
Event: 37.281 Thread 0x000001a57f789b30 nmethod 1667 0x000001a56a1dfc10 code [0x000001a56a1dfdc0, 0x000001a56a1dfff8]
Event: 37.281 Thread 0x000001a57f789b30 1668       3       jdk.internal.misc.Unsafe::getIntUnaligned (83 bytes)
Event: 37.282 Thread 0x000001a57f789b30 nmethod 1668 0x000001a56a1e0110 code [0x000001a56a1e02e0, 0x000001a56a1e0768]
Event: 37.559 Thread 0x000001a57f788f90 1669       4       com.badlogic.gdx.graphics.glutils.ShaderProgram::fetchUniformLocation (120 bytes)
Event: 37.565 Thread 0x000001a57f788f90 nmethod 1669 0x000001a5713b8390 code [0x000001a5713b8520, 0x000001a5713b8b58]
Event: 37.613 Thread 0x000001a57f788f90 1670       4       com.badlogic.gdx.graphics.Color::toFloatBits (50 bytes)
Event: 37.614 Thread 0x000001a57f788f90 nmethod 1670 0x000001a5713b8f90 code [0x000001a5713b9140, 0x000001a5713b9258]
Event: 37.824 Thread 0x000001a57f788f90 1671       4       com.badlogic.gdx.physics.box2d.Box2DDebugRenderer::getColorByBody (59 bytes)
Event: 37.825 Thread 0x000001a57f788f90 nmethod 1671 0x000001a5713b9310 code [0x000001a5713b94c0, 0x000001a5713b9670]
Event: 38.035 Thread 0x000001a57f789b30 1672       3       com.badlogic.gdx.graphics.GLTexture::unsafeSetWrap (81 bytes)

GC Heap History (4 events):
Event: 28.409 GC heap before
{Heap before GC invocations=0 (full 0):
 garbage-first heap   total 524288K, used 28672K [0x0000000603c00000, 0x0000000800000000)
  region size 4096K, 6 young (24576K), 0 survivors (0K)
 Metaspace       used 5861K, capacity 8670K, committed 8960K, reserved 1056768K
  class space    used 443K, capacity 745K, committed 768K, reserved 1048576K
}
Event: 28.412 GC heap after
{Heap after GC invocations=1 (full 0):
 garbage-first heap   total 524288K, used 2933K [0x0000000603c00000, 0x0000000800000000)
  region size 4096K, 1 young (4096K), 1 survivors (4096K)
 Metaspace       used 5861K, capacity 8670K, committed 8960K, reserved 1056768K
  class space    used 443K, capacity 745K, committed 768K, reserved 1048576K
}
Event: 29.666 GC heap before
{Heap before GC invocations=1 (full 0):
 garbage-first heap   total 524288K, used 31605K [0x0000000603c00000, 0x0000000800000000)
  region size 4096K, 9 young (36864K), 1 survivors (4096K)
 Metaspace       used 6101K, capacity 8862K, committed 9216K, reserved 1058816K
  class space    used 452K, capacity 745K, committed 768K, reserved 1048576K
}
Event: 29.669 GC heap after
{Heap after GC invocations=2 (full 0):
 garbage-first heap   total 524288K, used 2839K [0x0000000603c00000, 0x0000000800000000)
  region size 4096K, 1 young (4096K), 1 survivors (4096K)
 Metaspace       used 6101K, capacity 8862K, committed 9216K, reserved 1058816K
  class space    used 452K, capacity 745K, committed 768K, reserved 1048576K
}

Deoptimization events (20 events):
Event: 28.393 Thread 0x000001a51008f340 DEOPT PACKING pc=0x000001a56a01a9f7 sp=0x0000007ff67fdbc0
Event: 28.393 Thread 0x000001a51008f340 DEOPT UNPACKING pc=0x000001a5697ce23f sp=0x0000007ff67fd120 mode 0
Event: 28.394 Thread 0x000001a51008f340 DEOPT PACKING pc=0x000001a56a01a9f7 sp=0x0000007ff67fdbc0
Event: 28.394 Thread 0x000001a51008f340 DEOPT UNPACKING pc=0x000001a5697ce23f sp=0x0000007ff67fd120 mode 0
Event: 28.394 Thread 0x000001a51008f340 DEOPT PACKING pc=0x000001a56a01a9f7 sp=0x0000007ff67fdbc0
Event: 28.394 Thread 0x000001a51008f340 DEOPT UNPACKING pc=0x000001a5697ce23f sp=0x0000007ff67fd120 mode 0
Event: 28.399 Thread 0x000001a51008f340 DEOPT PACKING pc=0x000001a56a01a9f7 sp=0x0000007ff67fe2a0
Event: 28.399 Thread 0x000001a51008f340 DEOPT UNPACKING pc=0x000001a5697ce23f sp=0x0000007ff67fd800 mode 0
Event: 28.399 Thread 0x000001a51008f340 DEOPT PACKING pc=0x000001a56a01a9f7 sp=0x0000007ff67fe2a0
Event: 28.399 Thread 0x000001a51008f340 DEOPT UNPACKING pc=0x000001a5697ce23f sp=0x0000007ff67fd800 mode 0
Event: 28.399 Thread 0x000001a51008f340 DEOPT PACKING pc=0x000001a56a01a9f7 sp=0x0000007ff67fe2a0
Event: 28.399 Thread 0x000001a51008f340 DEOPT UNPACKING pc=0x000001a5697ce23f sp=0x0000007ff67fd800 mode 0
Event: 28.401 Thread 0x000001a51008f340 DEOPT PACKING pc=0x000001a56a01a9f7 sp=0x0000007ff67fe2a0
Event: 28.401 Thread 0x000001a51008f340 DEOPT UNPACKING pc=0x000001a5697ce23f sp=0x0000007ff67fd800 mode 0
Event: 28.402 Thread 0x000001a51008f340 DEOPT PACKING pc=0x000001a56a01a9f7 sp=0x0000007ff67fe2a0
Event: 28.402 Thread 0x000001a51008f340 DEOPT UNPACKING pc=0x000001a5697ce23f sp=0x0000007ff67fd800 mode 0
Event: 32.112 Thread 0x000001a51008f340 DEOPT PACKING pc=0x000001a56a0c6083 sp=0x0000007ff67fe680
Event: 32.113 Thread 0x000001a51008f340 DEOPT UNPACKING pc=0x000001a5697ce23f sp=0x0000007ff67fdba0 mode 0
Event: 33.940 Thread 0x000001a51008f340 DEOPT PACKING pc=0x000001a56a0dcb7f sp=0x0000007ff67fe440
Event: 33.940 Thread 0x000001a51008f340 DEOPT UNPACKING pc=0x000001a5697ce23f sp=0x0000007ff67fd988 mode 0

Classes unloaded (0 events):
No events

Classes redefined (0 events):
No events

Internal exceptions (0 events):
No events

Events (20 events):
Event: 30.793 Loaded shared library C:\Users\nicho\AppData\Local\Temp\libgdxnicho\6bae761b\gdx64.dll
Event: 31.792 Thread 0x000001a51045bb90 Thread exited: 0x000001a51045bb90
Event: 31.792 Thread 0x000001a51045b280 Thread exited: 0x000001a51045b280
Event: 32.290 Loaded shared library C:\Users\nicho\AppData\Local\Temp\libgdxnicho\1cecf4f6\lwjgl64.dll
Event: 32.290 Loaded shared library C:\Users\nicho\AppData\Local\Temp\libgdxnicho\1cecf4f6\lwjgl64.dll
Event: 33.228 Loaded shared library C:\Users\nicho\AppData\Local\Temp\libgdxnicho\1cecf4f6\lwjgl64.dll
Event: 33.230 Loaded shared library C:\Users\nicho\AppData\Local\Temp\libgdxnicho\1cecf4f6\lwjgl64.dll
Event: 33.230 Loaded shared library C:\Users\nicho\AppData\Local\Temp\libgdxnicho\1cecf4f6\lwjgl64.dll
Event: 33.250 Thread 0x000001a5194916e0 Thread added: 0x000001a5194916e0
Event: 33.250 Thread 0x000001a510649920 Thread added: 0x000001a510649920
Event: 33.250 Thread 0x000001a51064a240 Thread added: 0x000001a51064a240
Event: 34.288 Thread 0x000001a5194916e0 Thread exited: 0x000001a5194916e0
Event: 34.288 Thread 0x000001a51064a240 Thread exited: 0x000001a51064a240
Event: 34.288 Thread 0x000001a510649920 Thread exited: 0x000001a510649920
Event: 35.644 Loaded shared library C:\Users\nicho\AppData\Local\Temp\libgdxnicho\1cecf4f6\lwjgl64.dll
Event: 35.645 Thread 0x000001a510840b90 Thread added: 0x000001a510840b90
Event: 35.645 Loaded shared library C:\Users\nicho\AppData\Local\Temp\libgdxnicho\1cecf4f6\lwjgl64.dll
Event: 35.646 Loaded shared library C:\Users\nicho\AppData\Local\Temp\libgdxnicho\6bae761b\gdx64.dll
Event: 35.647 Loaded shared library C:\Users\nicho\AppData\Local\Temp\libgdxnicho\1cecf4f6\lwjgl64.dll
Event: 36.416 Thread 0x000001a510840b90 Thread exited: 0x000001a510840b90


Dynamic libraries:
0x00007ff666f80000 - 0x00007ff666f8d000 	C:\Users\nicho\.jdks\corretto-15.0.2\bin\java.exe
0x00007ff9b1790000 - 0x00007ff9b1985000 	C:\Windows\SYSTEM32\ntdll.dll
0x00007ff9b1440000 - 0x00007ff9b14fe000 	C:\Windows\System32\KERNEL32.DLL
0x00007ff9af040000 - 0x00007ff9af309000 	C:\Windows\System32\KERNELBASE.dll
0x00007ff9aeeb0000 - 0x00007ff9aefb0000 	C:\Windows\System32\ucrtbase.dll
0x00007ff96c410000 - 0x00007ff96c428000 	C:\Users\nicho\.jdks\corretto-15.0.2\bin\jli.dll
0x00007ff9694a0000 - 0x00007ff9694b5000 	C:\Users\nicho\.jdks\corretto-15.0.2\bin\VCRUNTIME140.dll
0x00007ff9b0cd0000 - 0x00007ff9b0e71000 	C:\Windows\System32\USER32.dll
0x00007ff9af7b0000 - 0x00007ff9af7d2000 	C:\Windows\System32\win32u.dll
0x00007ff9959c0000 - 0x00007ff995c5a000 	C:\Windows\WinSxS\amd64_microsoft.windows.common-controls_6595b64144ccf1df_6.0.19041.1110_none_60b5254171f9507e\COMCTL32.dll
0x00007ff9afcc0000 - 0x00007ff9afceb000 	C:\Windows\System32\GDI32.dll
0x00007ff9b11e0000 - 0x00007ff9b127e000 	C:\Windows\System32\msvcrt.dll
0x00007ff9af4b0000 - 0x00007ff9af5bb000 	C:\Windows\System32\gdi32full.dll
0x00007ff9af310000 - 0x00007ff9af3ad000 	C:\Windows\System32\msvcp_win.dll
0x00007ff9b1500000 - 0x00007ff9b1530000 	C:\Windows\System32\IMM32.DLL
0x00007ff969400000 - 0x00007ff96949b000 	C:\Users\nicho\.jdks\corretto-15.0.2\bin\msvcp140.dll
0x00007ff968860000 - 0x00007ff9693f1000 	C:\Users\nicho\.jdks\corretto-15.0.2\bin\server\jvm.dll
0x00007ff9b0040000 - 0x00007ff9b00ec000 	C:\Windows\System32\ADVAPI32.dll
0x00007ff9b13a0000 - 0x00007ff9b143b000 	C:\Windows\System32\sechost.dll
0x00007ff9b00f0000 - 0x00007ff9b021a000 	C:\Windows\System32\RPCRT4.dll
0x00007ff9b16e0000 - 0x00007ff9b16e8000 	C:\Windows\System32\PSAPI.DLL
0x00007ff9a47e0000 - 0x00007ff9a4807000 	C:\Windows\SYSTEM32\WINMM.dll
0x00007ff994160000 - 0x00007ff994169000 	C:\Windows\SYSTEM32\WSOCK32.dll
0x00007ff9a7240000 - 0x00007ff9a724a000 	C:\Windows\SYSTEM32\VERSION.dll
0x00007ff9b0c60000 - 0x00007ff9b0ccb000 	C:\Windows\System32\WS2_32.dll
0x00007ff9ad730000 - 0x00007ff9ad742000 	C:\Windows\SYSTEM32\kernel.appcore.dll
0x00007ff9ac280000 - 0x00007ff9ac28a000 	C:\Users\nicho\.jdks\corretto-15.0.2\bin\jimage.dll
0x00007ff9aca90000 - 0x00007ff9acc74000 	C:\Windows\SYSTEM32\DBGHELP.DLL
0x00007ff9a4760000 - 0x00007ff9a478c000 	C:\Windows\SYSTEM32\dbgcore.DLL
0x00007ff9aefb0000 - 0x00007ff9af033000 	C:\Windows\System32\bcryptPrimitives.dll
0x00007ff968830000 - 0x00007ff968855000 	C:\Users\nicho\.jdks\corretto-15.0.2\bin\java.dll
0x00007ff9b0370000 - 0x00007ff9b0aaf000 	C:\Windows\System32\SHELL32.dll
0x00007ff9acf90000 - 0x00007ff9ad720000 	C:\Windows\SYSTEM32\windows.storage.dll
0x00007ff9b0e80000 - 0x00007ff9b11d5000 	C:\Windows\System32\combase.dll
0x00007ff9ae900000 - 0x00007ff9ae92c000 	C:\Windows\SYSTEM32\Wldp.dll
0x00007ff9b1530000 - 0x00007ff9b15dd000 	C:\Windows\System32\SHCORE.dll
0x00007ff9affe0000 - 0x00007ff9b0035000 	C:\Windows\System32\shlwapi.dll
0x00007ff9aedf0000 - 0x00007ff9aee0f000 	C:\Windows\SYSTEM32\profapi.dll
0x00007ff968810000 - 0x00007ff968829000 	C:\Users\nicho\.jdks\corretto-15.0.2\bin\net.dll
0x00007ff9aba00000 - 0x00007ff9abb08000 	C:\Windows\SYSTEM32\WINHTTP.dll
0x00007ff9ae660000 - 0x00007ff9ae6ca000 	C:\Windows\system32\mswsock.dll
0x00007ff9687f0000 - 0x00007ff968802000 	C:\Users\nicho\.jdks\corretto-15.0.2\bin\nio.dll
0x00007ff9687d0000 - 0x00007ff9687e8000 	C:\Users\nicho\.jdks\corretto-15.0.2\bin\zip.dll
0x0000000065ac0000 - 0x0000000065aea000 	C:\Users\nicho\AppData\Local\Temp\libgdxnicho\6bae761b\gdx64.dll
0x00007ff9ac250000 - 0x00007ff9ac260000 	C:\Users\nicho\.jdks\corretto-15.0.2\bin\verify.dll
0x0000000180000000 - 0x0000000180053000 	C:\Users\nicho\AppData\Local\Temp\libgdxnicho\1cecf4f6\lwjgl64.dll
0x00007ff9950e0000 - 0x00007ff995205000 	C:\Windows\SYSTEM32\OPENGL32.dll
0x00007ff9950a0000 - 0x00007ff9950cc000 	C:\Windows\SYSTEM32\GLU32.dll
0x000001a510b90000 - 0x000001a510bf4000 	C:\Users\nicho\AppData\Local\Temp\libgdxnicho\1cecf4f6\OpenAL64.dll
0x00007ff9afeb0000 - 0x00007ff9affda000 	C:\Windows\System32\ole32.dll
0x00007ff9ac3b0000 - 0x00007ff9ac44e000 	C:\Windows\system32\uxtheme.dll
0x00007ff947b20000 - 0x00007ff947d01000 	C:\Program Files (x86)\Stardock\Fences\FencesMenu64.dll
0x00007ff9b0220000 - 0x00007ff9b02ed000 	C:\Windows\System32\OLEAUT32.dll
0x00007ff9aedb0000 - 0x00007ff9aedde000 	C:\Windows\SYSTEM32\USERENV.dll
0x00007ff9ab9a0000 - 0x00007ff9ab9b4000 	C:\Windows\SYSTEM32\WTSAPI32.dll
0x00007ff98c1a0000 - 0x00007ff98c349000 	C:\Windows\WinSxS\amd64_microsoft.windows.gdiplus_6595b64144ccf1df_1.1.19041.1288_none_91a663c8cc864906\gdiplus.dll
0x00007ff9b0ab0000 - 0x00007ff9b0b59000 	C:\Windows\System32\clbcatq.dll
0x00007ff965e90000 - 0x00007ff965f2c000 	C:\Windows\SYSTEM32\dsound.dll
0x00007ff9ae420000 - 0x00007ff9ae46b000 	C:\Windows\SYSTEM32\powrprof.dll
0x00007ff99c3d0000 - 0x00007ff99c3f6000 	C:\Windows\SYSTEM32\winmmbase.dll
0x00007ff9ae2e0000 - 0x00007ff9ae2f2000 	C:\Windows\SYSTEM32\UMPDC.dll
0x00007ff9a5e40000 - 0x00007ff9a5ec5000 	C:\Windows\System32\MMDevApi.dll
0x00007ff9aec50000 - 0x00007ff9aec84000 	C:\Windows\System32\DEVOBJ.dll
0x00007ff9af3b0000 - 0x00007ff9af3fe000 	C:\Windows\System32\cfgmgr32.dll
0x00007ff9a5f20000 - 0x00007ff9a60a1000 	C:\Windows\SYSTEM32\AUDIOSES.DLL
0x00007ff9ac5e0000 - 0x00007ff9ac5f4000 	C:\Windows\SYSTEM32\resourcepolicyclient.dll
0x00007ff9a96b0000 - 0x00007ff9a975e000 	C:\Windows\SYSTEM32\mscms.dll
0x00007ff9a9660000 - 0x00007ff9a9671000 	C:\Windows\SYSTEM32\ColorAdapterClient.dll
0x00007ff9a5650000 - 0x00007ff9a5694000 	C:\Windows\System32\Windows.Internal.Graphics.Display.DisplayColorManagement.dll
0x00007ff9b1280000 - 0x00007ff9b1395000 	C:\Windows\System32\MSCTF.dll
0x00007ff98f5e0000 - 0x00007ff98f6d9000 	C:\Windows\SYSTEM32\textinputframework.dll
0x00007ff9ab660000 - 0x00007ff9ab752000 	C:\Windows\System32\CoreMessaging.dll
0x00007ff9aae80000 - 0x00007ff9ab1de000 	C:\Windows\System32\CoreUIComponents.dll
0x00007ff9adba0000 - 0x00007ff9adbd3000 	C:\Windows\SYSTEM32\ntmarta.dll
0x00007ff9a9c20000 - 0x00007ff9a9d74000 	C:\Windows\SYSTEM32\wintypes.dll
0x00007ff98c130000 - 0x00007ff98c196000 	C:\Windows\system32\Oleacc.dll
0x00007ff9a7e00000 - 0x00007ff9a7ef9000 	C:\Windows\System32\AppXDeploymentClient.dll
0x00007ff960560000 - 0x00007ff961526000 	C:\Windows\System32\DriverStore\FileRepository\iigd_dch.inf_amd64_cf2a6988eeddf859\ig9icd64.dll
0x00007ff9ac6e0000 - 0x00007ff9ac70f000 	C:\Windows\system32\dwmapi.dll
0x00007ff9ad7a0000 - 0x00007ff9ad894000 	C:\Windows\system32\dxgi.dll
0x00007ff960120000 - 0x00007ff96055c000 	C:\Windows\System32\DriverStore\FileRepository\iigd_dch.inf_amd64_cf2a6988eeddf859\igdml64.dll
0x00007ff9a2810000 - 0x00007ff9a2bc8000 	C:\Windows\System32\DriverStore\FileRepository\iigd_dch.inf_amd64_cf2a6988eeddf859\igdgmm64.dll
0x00007ff9a5ed0000 - 0x00007ff9a5f13000 	C:\Windows\SYSTEM32\icm32.dll
0x00007ff99f920000 - 0x00007ff9a26c8000 	C:\Windows\System32\DriverStore\FileRepository\iigd_dch.inf_amd64_cf2a6988eeddf859\igc64.dll
0x000000006e9c0000 - 0x000000006ea1b000 	C:\Users\nicho\AppData\Local\Temp\libgdxnicho\19bf02c5\gdx-box2d64.dll

dbghelp: loaded successfully - version: 4.0.5 - missing functions: none
symbol engine: initialized successfully - sym options: 0x614 - pdb path: .;C:\Users\nicho\.jdks\corretto-15.0.2\bin;C:\Windows\SYSTEM32;C:\Windows\WinSxS\amd64_microsoft.windows.common-controls_6595b64144ccf1df_6.0.19041.1110_none_60b5254171f9507e;C:\Users\nicho\.jdks\corretto-15.0.2\bin\server;C:\Users\nicho\AppData\Local\Temp\libgdxnicho\6bae761b;C:\Users\nicho\AppData\Local\Temp\libgdxnicho\1cecf4f6;C:\Program Files (x86)\Stardock\Fences;C:\Windows\WinSxS\amd64_microsoft.windows.gdiplus_6595b64144ccf1df_1.1.19041.1288_none_91a663c8cc864906;C:\Windows\System32\DriverStore\FileRepository\iigd_dch.inf_amd64_cf2a6988eeddf859;C:\Users\nicho\AppData\Local\Temp\libgdxnicho\19bf02c5

VM Arguments:
jvm_args: -Dfile.encoding=windows-1252 -Duser.country=US -Duser.language=en -Duser.variant 
java_command: com.mygdx.nextlevel.desktop.DesktopLauncher
java_class_path (initial): C:\Users\nicho\Projects\code\Level-Up\Next Level\desktop\build\classes\java\main;C:\Users\nicho\Projects\code\Level-Up\Next Level\desktop\build\resources\main;C:\Users\nicho\.gradle\caches\modules-2\files-2.1\com.badlogicgames.gdx\gdx-backend-lwjgl\1.9.14\76d214441fa6faed9a4b9a2c02473f0d0a467a52\gdx-backend-lwjgl-1.9.14.jar;C:\Users\nicho\.gradle\caches\modules-2\files-2.1\com.badlogicgames.gdx\gdx-platform\1.9.14\c972092618b729ebfec229c9214fb9e87861fb7a\gdx-platform-1.9.14-natives-desktop.jar;C:\Users\nicho\.gradle\caches\modules-2\files-2.1\com.badlogicgames.gdx\gdx-box2d-platform\1.9.14\3c70a6038ec970ae49f96292ed48bd2a098a7f47\gdx-box2d-platform-1.9.14-natives-desktop.jar;C:\Users\nicho\Projects\code\Level-Up\Next Level\core\build\libs\core-1.0.jar;C:\Users\nicho\.gradle\caches\modules-2\files-2.1\com.badlogicgames.box2dlights\box2dlights\1.5\6902dbcd250c95a27973aa24a147a95b3828d348\box2dlights-1.5.jar;C:\Users\nicho\.gradle\caches\modules-2\files-2.1\com.badlogicgames.gdx\gdx-box2d\1.9.14\1c52434c5c7ad1a19e08dcc53047eb1cd79b5e62\gdx-box2d-1.9.14.jar;C:\Users\nicho\.gradle\caches\modules-2\files-2.1\com.kotcrab.vis\vis-ui\1.5.0\cf5f4d925657b14c50716417b1b207ab3a4b0008\vis-ui-1.5.0.jar;C:\Users\nicho\.gradle\caches\modules-2\files-2.1\com.badlogicgames.gdx\gdx\1.10.0\74c240f79dc4fb6b766a834249600d0a019d0489\gdx-1.10.0.jar;C:\Users\nicho\.gradle\caches\modules-2\files-2.1\org.lwjgl.lwjgl\lwjgl_util\2.9.3\751f06b62424da056954c67288fd5c494431e350\lwjgl_util-2.9.3.jar;C:\Users\nicho\.gradle\caches\modules-2\files-2.1\org.lwjgl.lwjgl\lwjgl\2.9.3\3df168ac74e4a8c96562cdff24ad352e255bf89c\lwjgl-2.9.3.jar;C:\Users\nicho\.gradle\caches\modules-2\files-2.1\com.badlogicgames.jlayer\jlayer\1.0.1-gdx\7cca83cec5c1b2f011362f4d85aabd71a73b049d\jlayer-1.0.1-gdx.jar;C:\Users\nicho\.gradle\caches\modules-2\files-2.1\org.jcraft\jorbis\0.0.17\8872d22b293e8f5d7d56ff92be966e6dc28ebdc6\jorbis-0.0.17.jar;C:\Users\nicho\.gradle\caches\modules-2\files-2.1\org.xer
Launcher Type: SUN_STANDARD

[Global flags]
     intx CICompilerCount                          = 12                                        {product} {ergonomic}
     uint ConcGCThreads                            = 3                                         {product} {ergonomic}
     uint G1ConcRefinementThreads                  = 13                                        {product} {ergonomic}
   size_t G1HeapRegionSize                         = 4194304                                   {product} {ergonomic}
    uintx GCDrainStackTargetSize                   = 64                                        {product} {ergonomic}
   size_t InitialHeapSize                          = 536870912                                 {product} {ergonomic}
   size_t MarkStackSize                            = 4194304                                   {product} {ergonomic}
   size_t MaxHeapSize                              = 8527020032                                {product} {ergonomic}
   size_t MaxNewSize                               = 5112856576                                {product} {ergonomic}
   size_t MinHeapDeltaBytes                        = 4194304                                   {product} {ergonomic}
   size_t MinHeapSize                              = 8388608                                   {product} {ergonomic}
    uintx NonNMethodCodeHeapSize                   = 7602480                                {pd product} {ergonomic}
    uintx NonProfiledCodeHeapSize                  = 122027880                              {pd product} {ergonomic}
    uintx ProfiledCodeHeapSize                     = 122027880                              {pd product} {ergonomic}
    uintx ReservedCodeCacheSize                    = 251658240                              {pd product} {ergonomic}
     bool SegmentedCodeCache                       = true                                      {product} {ergonomic}
   size_t SoftMaxHeapSize                          = 8527020032                             {manageable} {ergonomic}
     bool UseCompressedClassPointers               = true                                 {lp64_product} {ergonomic}
     bool UseCompressedOops                        = true                                 {lp64_product} {ergonomic}
     bool UseG1GC                                  = true                                      {product} {ergonomic}
     bool UseLargePagesIndividualAllocation        = false                                  {pd product} {ergonomic}

Logging:
Log output configuration:
 #0: stdout all=warning uptime,level,tags
 #1: stderr all=off uptime,level,tags

Environment Variables:
PATH=C:\Windows\system32;C:\Windows;C:\Windows\System32\Wbem;C:\Windows\System32\WindowsPowerShell\v1.0\;C:\Windows\System32\OpenSSH\;C:\Program Files (x86)\NVIDIA Corporation\PhysX\Common;C:\Program Files\NVIDIA Corporation\NVIDIA NvDLISR;C:\Program Files\Git\cmd;C:\Program Files\MATLAB\R2020a\bin;C:\Users\nicho\AppData\Local\Microsoft\WindowsApps;C:\Users\nicho\AppData\Local\GitHubDesktop\bin;C:\Users\nicho\Projects\bin;C:\Users\ProgramFiles\Git\bin;;C:\Program Files\JetBrains\IntelliJ IDEA 2021.2.2\bin;;C:\Users\nicho\AppData\Local\Programs\Microsoft VS Code\bin
USERNAME=nicho
OS=Windows_NT
PROCESSOR_IDENTIFIER=Intel64 Family 6 Model 165 Stepping 2, GenuineIntel



---------------  S Y S T E M  ---------------

OS:
 Windows 10 , 64 bit Build 19041 (10.0.19041.1202)
OS uptime: 0 days 0:08 hours

CPU: total 16 (initial active 16) (8 cores per cpu, 2 threads per core) family 6 model 165 stepping 2 microcode 0xea, cmov, cx8, fxsr, mmx, sse, sse2, sse3, ssse3, sse4.1, sse4.2, popcnt, vzeroupper, avx, avx2, aes, clmul, erms, 3dnowpref, lzcnt, ht, tsc, tscinvbit, bmi1, bmi2, adx, fma, clflush, clflushopt

Memory: 4k page, system-wide physical 32512M (20741M free)
TotalPageFile size 37376M (AvailPageFile size 23347M)
current process WorkingSet (physical memory assigned to process): 2664M, peak: 2666M
current process commit charge ("private bytes"): 2892M, peak: 2894M

vm_info: OpenJDK 64-Bit Server VM (15.0.2+7) for windows-amd64 JRE (15.0.2+7), built on Jan 20 2021 22:17:45 by "Administrator" with MS VC++ 15.9 (VS2017)

END.
