#
# A fatal error has been detected by the Java Runtime Environment:
#
#  EXCEPTION_ACCESS_VIOLATION (0xc0000005) at pc=0x000000006e9cbbb1, pid=17092, tid=11396
#
# JRE version: OpenJDK Runtime Environment (11.0.3+12) (build 11.0.3+12-b304.10)
# Java VM: OpenJDK 64-Bit Server VM (11.0.3+12-b304.10, mixed mode, sharing, tiered, compressed oops, g1 gc, windows-amd64)
# Problematic frame:
# C  [gdx-box2d64.dll+0xbbb1]
#
# No core dump will be written. Minidumps are not enabled by default on client versions of Windows
#
# If you would like to submit a bug report, please visit:
#   http://bugreport.java.com/bugreport/crash.jsp
# The crash happened outside the Java Virtual Machine in native code.
# See problematic frame for where to report the bug.
#

---------------  S U M M A R Y ------------

Command Line: -Dfile.encoding=windows-1252 -Duser.country=US -Duser.language=en -Duser.variant com.mygdx.nextlevel.desktop.DesktopLauncher

Host: AMD Ryzen 5 3500U with Radeon Vega Mobile Gfx  , 8 cores, 13G,  Windows 10 , 64 bit Build 19041 (10.0.19041.1202)
Time: Fri Oct 15 11:42:55 2021 US Eastern Daylight Time elapsed time: 16 seconds (0d 0h 0m 16s)

---------------  T H R E A D  ---------------

Current thread (0x0000020c6cb0d000):  JavaThread "LWJGL Application" [_thread_in_native, id=11396, stack(0x000000dc24800000,0x000000dc24900000)]

Stack: [0x000000dc24800000,0x000000dc24900000],  sp=0x000000dc248fecd0,  free space=1019k
Native frames: (J=compiled Java code, j=interpreted, Vv=VM code, C=native code)
C  [gdx-box2d64.dll+0xbbb1]

Java frames: (J=compiled Java code, j=interpreted, Vv=VM code)
j  com.badlogic.gdx.physics.box2d.World.jniCreateBody(JIFFFFFFFFZZZZZF)J+0
j  com.badlogic.gdx.physics.box2d.World.createBody(Lcom/badlogic/gdx/physics/box2d/BodyDef;)Lcom/badlogic/gdx/physics/box2d/Body;+80
j  com.mygdx.nextlevel.actors.Actor.setBody(Lcom/badlogic/gdx/physics/box2d/BodyDef$BodyType;)V+79
j  com.mygdx.nextlevel.actors.Item.<init>(Lcom/badlogic/gdx/graphics/Texture;Lcom/badlogic/gdx/physics/box2d/World;Lcom/badlogic/gdx/math/Vector2;FF)V+53
j  com.mygdx.nextlevel.screens.GameScreen.render(F)V+395
j  com.badlogic.gdx.Game.render()V+19
j  com.mygdx.nextlevel.NextLevel.render()V+1
j  com.badlogic.gdx.backends.lwjgl.LwjglApplication.mainLoop()V+776
j  com.badlogic.gdx.backends.lwjgl.LwjglApplication$1.run()V+27
v  ~StubRoutines::call_stub

siginfo: EXCEPTION_ACCESS_VIOLATION (0xc0000005), reading address 0x0000020e6e1cb050


Register to memory mapping:

RIP=0x000000006e9cbbb1 gdx-box2d64.dll
RAX=0x000000006ea10060 gdx-box2d64.dll
RBX=0x0000020e6e1cb050 is an unknown value
RCX=0x0000020c6e1b0b60 points into unknown readable memory: f0 9e 1c 6e 0c 02 00 00
RDX=0x00000000000000b8 is an unknown value
RSP=0x000000dc248fecd0 is pointing into the stack for thread: 0x0000020c6cb0d000
RBP=0x0000020c6e1b0b90 points into unknown readable memory: 00 00 00 00 00 00 00 00
RSI=0x0000020c6e1b0b60 points into unknown readable memory: f0 9e 1c 6e 0c 02 00 00
RDI=0x000000dc248fed90 is pointing into the stack for thread: 0x0000020c6cb0d000
R8 =0x0000020c6e1b0b60 points into unknown readable memory: f0 9e 1c 6e 0c 02 00 00
R9 =0x0 is NULL
R10=0x0 is NULL
R11=0x0000000000000001 is an unknown value
R12=0x0 is NULL
R13=0x0000000000000006 is an unknown value
R14=0x000000dc248fef88 is pointing into the stack for thread: 0x0000020c6cb0d000
R15=0x0000020c6cb0d000 is a thread


Registers:
RAX=0x000000006ea10060, RBX=0x0000020e6e1cb050, RCX=0x0000020c6e1b0b60, RDX=0x00000000000000b8
RSP=0x000000dc248fecd0, RBP=0x0000020c6e1b0b90, RSI=0x0000020c6e1b0b60, RDI=0x000000dc248fed90
R8 =0x0000020c6e1b0b60, R9 =0x0000000000000000, R10=0x0000000000000000, R11=0x0000000000000001
R12=0x0000000000000000, R13=0x0000000000000006, R14=0x000000dc248fef88, R15=0x0000020c6cb0d000
RIP=0x000000006e9cbbb1, EFLAGS=0x0000000000010206

Top of Stack: (sp=0x000000dc248fecd0)
0x000000dc248fecd0:   0000020c6c0bff30 0000020c6cb0d000
0x000000dc248fece0:   00007ffd8f6f7ee8 0000020c6f1329e0
0x000000dc248fecf0:   0000000000000001 0000020c6e1b0b60
0x000000dc248fed00:   000000dc248fed90 000000dc248feee0
0x000000dc248fed10:   0000000000000000 0000020c6c3330a0
0x000000dc248fed20:   000000dc248fef88 000000006e9e1163
0x000000dc248fed30:   000000dc248fedd0 000000dc248fedd0
0x000000dc248fed40:   000000dc00000003 0000020c6c0bff30
0x000000dc248fed50:   0000000000000001 0000020c6bb8b5a8
0x000000dc248fed60:   00000000000affe0 000000006e9e6a36
0x000000dc248fed70:   0000020c6cb0d000 000000dc248fef88
0x000000dc248fed80:   000000dc248feee0 0000020c5118878b
0x000000dc248fed90:   4000000000000000 0000000000000000
0x000000dc248feda0:   0000000000000000 0000000000000000
0x000000dc248fedb0:   0000010100000000 000000dc248fef01
0x000000dc248fedc0:   0000000000000000 000000003f800000 

Instructions: (pc=0x000000006e9cbbb1)
0x000000006e9cbb91:   05 ca 44 04 00 44 0f b6 2c 18 41 80 fd 0d 4c 89
0x000000006e9cbba1:   eb 77 2c 48 8d 2c de 48 8b 5d 10 48 85 db 74 45
0x000000006e9cbbb1:   48 8b 03 48 89 45 10 48 89 d8 48 83 c4 20 5b 5e
0x000000006e9cbbc1:   5f 5d 41 5c 41 5d 41 5e c3 66 0f 1f 44 00 00 48 


Stack slot to memory mapping:
stack at sp + 0 slots: {method} {0x0000020c6c0bff38} 'jniCreateBody' '(JIFFFFFFFFZZZZZF)J' in 'com/badlogic/gdx/physics/box2d/World'
stack at sp + 1 slots: 0x0000020c6cb0d000 is a thread
stack at sp + 2 slots: 0x00007ffd8f6f7ee8 jvm.dll
stack at sp + 3 slots: 0x0000020c6f1329e0 points into unknown readable memory: 13 00 01 00 04 7a 28 4a
stack at sp + 4 slots: 0x0000000000000001 is an unknown value
stack at sp + 5 slots: 0x0000020c6e1b0b60 points into unknown readable memory: f0 9e 1c 6e 0c 02 00 00
stack at sp + 6 slots: 0x000000dc248fed90 is pointing into the stack for thread: 0x0000020c6cb0d000
stack at sp + 7 slots: 0x000000dc248feee0 is pointing into the stack for thread: 0x0000020c6cb0d000


---------------  P R O C E S S  ---------------

Threads class SMR info:
_java_thread_list=0x0000020c6eeb50a0, length=12, elements={
0x0000020c6bb75000, 0x0000020c6bb76800, 0x0000020c6c398000, 0x0000020c6c39a800,
0x0000020c6c39c800, 0x0000020c6c3aa000, 0x0000020c6c3b0800, 0x0000020c6c526000,
0x0000020c6c534800, 0x0000020c6cb0d000, 0x0000020c4d2b4000, 0x0000020c6ee1b000
}

Java Threads: ( => current thread )
  0x0000020c6bb75000 JavaThread "Reference Handler" daemon [_thread_blocked, id=16356, stack(0x000000dc23c00000,0x000000dc23d00000)]
  0x0000020c6bb76800 JavaThread "Finalizer" daemon [_thread_blocked, id=812, stack(0x000000dc23d00000,0x000000dc23e00000)]
  0x0000020c6c398000 JavaThread "Signal Dispatcher" daemon [_thread_blocked, id=5612, stack(0x000000dc23e00000,0x000000dc23f00000)]
  0x0000020c6c39a800 JavaThread "Attach Listener" daemon [_thread_blocked, id=4492, stack(0x000000dc23f00000,0x000000dc24000000)]
  0x0000020c6c39c800 JavaThread "C2 CompilerThread0" daemon [_thread_blocked, id=18220, stack(0x000000dc24000000,0x000000dc24100000)]
  0x0000020c6c3aa000 JavaThread "C1 CompilerThread0" daemon [_thread_blocked, id=8968, stack(0x000000dc24100000,0x000000dc24200000)]
  0x0000020c6c3b0800 JavaThread "Sweeper thread" daemon [_thread_blocked, id=8748, stack(0x000000dc24200000,0x000000dc24300000)]
  0x0000020c6c526000 JavaThread "Service Thread" daemon [_thread_blocked, id=12936, stack(0x000000dc24300000,0x000000dc24400000)]
  0x0000020c6c534800 JavaThread "Common-Cleaner" daemon [_thread_blocked, id=4908, stack(0x000000dc24500000,0x000000dc24600000)]
=>0x0000020c6cb0d000 JavaThread "LWJGL Application" [_thread_in_native, id=11396, stack(0x000000dc24800000,0x000000dc24900000)]
  0x0000020c4d2b4000 JavaThread "DestroyJavaVM" [_thread_blocked, id=780, stack(0x000000dc23500000,0x000000dc23600000)]
  0x0000020c6ee1b000 JavaThread "LWJGL Timer" daemon [_thread_blocked, id=16044, stack(0x000000dc24e00000,0x000000dc24f00000)]

Other Threads:
  0x0000020c6bb73800 VMThread "VM Thread" [stack: 0x000000dc23b00000,0x000000dc23c00000] [id=13660]
  0x0000020c6c528000 WatcherThread [stack: 0x000000dc24400000,0x000000dc24500000] [id=17060]
  0x0000020c4d2cd800 GCTaskThread "GC Thread#0" [stack: 0x000000dc23600000,0x000000dc23700000] [id=12400]
  0x0000020c6c907800 GCTaskThread "GC Thread#1" [stack: 0x000000dc24c00000,0x000000dc24d00000] [id=16964]
  0x0000020c6cbb6000 GCTaskThread "GC Thread#2" [stack: 0x000000dc24d00000,0x000000dc24e00000] [id=11188]
  0x0000020c6c98a800 GCTaskThread "GC Thread#3" [stack: 0x000000dc24f00000,0x000000dc25000000] [id=15608]
  0x0000020c6f06f800 GCTaskThread "GC Thread#4" [stack: 0x000000dc25000000,0x000000dc25100000] [id=16844]
  0x0000020c4d31e800 ConcurrentGCThread "G1 Main Marker" [stack: 0x000000dc23700000,0x000000dc23800000] [id=5672]
  0x0000020c4d320000 ConcurrentGCThread "G1 Conc#0" [stack: 0x000000dc23800000,0x000000dc23900000] [id=10696]
  0x0000020c6ba04800 ConcurrentGCThread "G1 Refine#0" [stack: 0x000000dc23900000,0x000000dc23a00000] [id=17704]
  0x0000020c6ba05800 ConcurrentGCThread "G1 Young RemSet Sampling" [stack: 0x000000dc23a00000,0x000000dc23b00000] [id=5880]

Threads with active compile tasks:

VM state:not at safepoint (normal execution)

VM Mutex/Monitor currently owned by a thread: None

Heap address: 0x0000000721e00000, size: 3554 MB, Compressed Oops mode: Zero based, Oop shift amount: 3
Narrow klass base: 0x0000000800000000, Narrow klass shift: 3
Compressed class space size: 1073741824 Address: 0x0000000840000000

Heap:
 garbage-first heap   total 229376K, used 68377K [0x0000000721e00000, 0x0000000800000000)
  region size 1024K, 69 young (70656K), 3 survivors (3072K)
 Metaspace       used 6248K, capacity 9097K, committed 9216K, reserved 1058816K
  class space    used 482K, capacity 759K, committed 768K, reserved 1048576K
Heap Regions: E=young(eden), S=young(survivor), O=old, HS=humongous(starts), HC=humongous(continues), CS=collection set, F=free, A=archive, TAMS=top-at-mark-start (previous, next)
|   0|0x0000000721e00000, 0x0000000721e00000, 0x0000000721f00000|  0%| F|  |TAMS 0x0000000721e00000, 0x0000000721e00000| Untracked 
|   1|0x0000000721f00000, 0x0000000721f00000, 0x0000000722000000|  0%| F|  |TAMS 0x0000000721f00000, 0x0000000721f00000| Untracked 
|   2|0x0000000722000000, 0x0000000722000000, 0x0000000722100000|  0%| F|  |TAMS 0x0000000722000000, 0x0000000722000000| Untracked 
|   3|0x0000000722100000, 0x0000000722100000, 0x0000000722200000|  0%| F|  |TAMS 0x0000000722100000, 0x0000000722100000| Untracked 
|   4|0x0000000722200000, 0x0000000722200000, 0x0000000722300000|  0%| F|  |TAMS 0x0000000722200000, 0x0000000722200000| Untracked 
|   5|0x0000000722300000, 0x0000000722300000, 0x0000000722400000|  0%| F|  |TAMS 0x0000000722300000, 0x0000000722300000| Untracked 
|   6|0x0000000722400000, 0x0000000722400000, 0x0000000722500000|  0%| F|  |TAMS 0x0000000722400000, 0x0000000722400000| Untracked 
|   7|0x0000000722500000, 0x0000000722500000, 0x0000000722600000|  0%| F|  |TAMS 0x0000000722500000, 0x0000000722500000| Untracked 
|   8|0x0000000722600000, 0x0000000722600000, 0x0000000722700000|  0%| F|  |TAMS 0x0000000722600000, 0x0000000722600000| Untracked 
|   9|0x0000000722700000, 0x0000000722700000, 0x0000000722800000|  0%| F|  |TAMS 0x0000000722700000, 0x0000000722700000| Untracked 
|  10|0x0000000722800000, 0x0000000722800000, 0x0000000722900000|  0%| F|  |TAMS 0x0000000722800000, 0x0000000722800000| Untracked 
|  11|0x0000000722900000, 0x0000000722900000, 0x0000000722a00000|  0%| F|  |TAMS 0x0000000722900000, 0x0000000722900000| Untracked 
|  12|0x0000000722a00000, 0x0000000722a00000, 0x0000000722b00000|  0%| F|  |TAMS 0x0000000722a00000, 0x0000000722a00000| Untracked 
|  13|0x0000000722b00000, 0x0000000722b00000, 0x0000000722c00000|  0%| F|  |TAMS 0x0000000722b00000, 0x0000000722b00000| Untracked 
|  14|0x0000000722c00000, 0x0000000722c00000, 0x0000000722d00000|  0%| F|  |TAMS 0x0000000722c00000, 0x0000000722c00000| Untracked 
|  15|0x0000000722d00000, 0x0000000722d00000, 0x0000000722e00000|  0%| F|  |TAMS 0x0000000722d00000, 0x0000000722d00000| Untracked 
|  16|0x0000000722e00000, 0x0000000722e00000, 0x0000000722f00000|  0%| F|  |TAMS 0x0000000722e00000, 0x0000000722e00000| Untracked 
|  17|0x0000000722f00000, 0x0000000722f00000, 0x0000000723000000|  0%| F|  |TAMS 0x0000000722f00000, 0x0000000722f00000| Untracked 
|  18|0x0000000723000000, 0x0000000723000000, 0x0000000723100000|  0%| F|  |TAMS 0x0000000723000000, 0x0000000723000000| Untracked 
|  19|0x0000000723100000, 0x0000000723100000, 0x0000000723200000|  0%| F|  |TAMS 0x0000000723100000, 0x0000000723100000| Untracked 
|  20|0x0000000723200000, 0x0000000723200000, 0x0000000723300000|  0%| F|  |TAMS 0x0000000723200000, 0x0000000723200000| Untracked 
|  21|0x0000000723300000, 0x0000000723300000, 0x0000000723400000|  0%| F|  |TAMS 0x0000000723300000, 0x0000000723300000| Untracked 
|  22|0x0000000723400000, 0x0000000723400000, 0x0000000723500000|  0%| F|  |TAMS 0x0000000723400000, 0x0000000723400000| Untracked 
|  23|0x0000000723500000, 0x0000000723500000, 0x0000000723600000|  0%| F|  |TAMS 0x0000000723500000, 0x0000000723500000| Untracked 
|  24|0x0000000723600000, 0x0000000723600000, 0x0000000723700000|  0%| F|  |TAMS 0x0000000723600000, 0x0000000723600000| Untracked 
|  25|0x0000000723700000, 0x0000000723700000, 0x0000000723800000|  0%| F|  |TAMS 0x0000000723700000, 0x0000000723700000| Untracked 
|  26|0x0000000723800000, 0x0000000723800000, 0x0000000723900000|  0%| F|  |TAMS 0x0000000723800000, 0x0000000723800000| Untracked 
|  27|0x0000000723900000, 0x0000000723900000, 0x0000000723a00000|  0%| F|  |TAMS 0x0000000723900000, 0x0000000723900000| Untracked 
|  28|0x0000000723a00000, 0x0000000723a00000, 0x0000000723b00000|  0%| F|  |TAMS 0x0000000723a00000, 0x0000000723a00000| Untracked 
|  29|0x0000000723b00000, 0x0000000723b00000, 0x0000000723c00000|  0%| F|  |TAMS 0x0000000723b00000, 0x0000000723b00000| Untracked 
|  30|0x0000000723c00000, 0x0000000723c00000, 0x0000000723d00000|  0%| F|  |TAMS 0x0000000723c00000, 0x0000000723c00000| Untracked 
|  31|0x0000000723d00000, 0x0000000723d00000, 0x0000000723e00000|  0%| F|  |TAMS 0x0000000723d00000, 0x0000000723d00000| Untracked 
|  32|0x0000000723e00000, 0x0000000723e00000, 0x0000000723f00000|  0%| F|  |TAMS 0x0000000723e00000, 0x0000000723e00000| Untracked 
|  33|0x0000000723f00000, 0x0000000723f00000, 0x0000000724000000|  0%| F|  |TAMS 0x0000000723f00000, 0x0000000723f00000| Untracked 
|  34|0x0000000724000000, 0x0000000724000000, 0x0000000724100000|  0%| F|  |TAMS 0x0000000724000000, 0x0000000724000000| Untracked 
|  35|0x0000000724100000, 0x0000000724100000, 0x0000000724200000|  0%| F|  |TAMS 0x0000000724100000, 0x0000000724100000| Untracked 
|  36|0x0000000724200000, 0x0000000724200000, 0x0000000724300000|  0%| F|  |TAMS 0x0000000724200000, 0x0000000724200000| Untracked 
|  37|0x0000000724300000, 0x0000000724300000, 0x0000000724400000|  0%| F|  |TAMS 0x0000000724300000, 0x0000000724300000| Untracked 
|  38|0x0000000724400000, 0x0000000724400000, 0x0000000724500000|  0%| F|  |TAMS 0x0000000724400000, 0x0000000724400000| Untracked 
|  39|0x0000000724500000, 0x0000000724500000, 0x0000000724600000|  0%| F|  |TAMS 0x0000000724500000, 0x0000000724500000| Untracked 
|  40|0x0000000724600000, 0x0000000724600000, 0x0000000724700000|  0%| F|  |TAMS 0x0000000724600000, 0x0000000724600000| Untracked 
|  41|0x0000000724700000, 0x0000000724700000, 0x0000000724800000|  0%| F|  |TAMS 0x0000000724700000, 0x0000000724700000| Untracked 
|  42|0x0000000724800000, 0x0000000724800000, 0x0000000724900000|  0%| F|  |TAMS 0x0000000724800000, 0x0000000724800000| Untracked 
|  43|0x0000000724900000, 0x0000000724900000, 0x0000000724a00000|  0%| F|  |TAMS 0x0000000724900000, 0x0000000724900000| Untracked 
|  44|0x0000000724a00000, 0x0000000724a00000, 0x0000000724b00000|  0%| F|  |TAMS 0x0000000724a00000, 0x0000000724a00000| Untracked 
|  45|0x0000000724b00000, 0x0000000724b00000, 0x0000000724c00000|  0%| F|  |TAMS 0x0000000724b00000, 0x0000000724b00000| Untracked 
|  46|0x0000000724c00000, 0x0000000724c00000, 0x0000000724d00000|  0%| F|  |TAMS 0x0000000724c00000, 0x0000000724c00000| Untracked 
|  47|0x0000000724d00000, 0x0000000724d00000, 0x0000000724e00000|  0%| F|  |TAMS 0x0000000724d00000, 0x0000000724d00000| Untracked 
|  48|0x0000000724e00000, 0x0000000724e00000, 0x0000000724f00000|  0%| F|  |TAMS 0x0000000724e00000, 0x0000000724e00000| Untracked 
|  49|0x0000000724f00000, 0x0000000724f00000, 0x0000000725000000|  0%| F|  |TAMS 0x0000000724f00000, 0x0000000724f00000| Untracked 
|  50|0x0000000725000000, 0x0000000725000000, 0x0000000725100000|  0%| F|  |TAMS 0x0000000725000000, 0x0000000725000000| Untracked 
|  51|0x0000000725100000, 0x0000000725100000, 0x0000000725200000|  0%| F|  |TAMS 0x0000000725100000, 0x0000000725100000| Untracked 
|  52|0x0000000725200000, 0x0000000725200000, 0x0000000725300000|  0%| F|  |TAMS 0x0000000725200000, 0x0000000725200000| Untracked 
|  53|0x0000000725300000, 0x0000000725300000, 0x0000000725400000|  0%| F|  |TAMS 0x0000000725300000, 0x0000000725300000| Untracked 
|  54|0x0000000725400000, 0x0000000725400000, 0x0000000725500000|  0%| F|  |TAMS 0x0000000725400000, 0x0000000725400000| Untracked 
|  55|0x0000000725500000, 0x0000000725500000, 0x0000000725600000|  0%| F|  |TAMS 0x0000000725500000, 0x0000000725500000| Untracked 
|  56|0x0000000725600000, 0x0000000725600000, 0x0000000725700000|  0%| F|  |TAMS 0x0000000725600000, 0x0000000725600000| Untracked 
|  57|0x0000000725700000, 0x0000000725700000, 0x0000000725800000|  0%| F|  |TAMS 0x0000000725700000, 0x0000000725700000| Untracked 
|  58|0x0000000725800000, 0x0000000725800000, 0x0000000725900000|  0%| F|  |TAMS 0x0000000725800000, 0x0000000725800000| Untracked 
|  59|0x0000000725900000, 0x0000000725900000, 0x0000000725a00000|  0%| F|  |TAMS 0x0000000725900000, 0x0000000725900000| Untracked 
|  60|0x0000000725a00000, 0x0000000725a00000, 0x0000000725b00000|  0%| F|  |TAMS 0x0000000725a00000, 0x0000000725a00000| Untracked 
|  61|0x0000000725b00000, 0x0000000725b00000, 0x0000000725c00000|  0%| F|  |TAMS 0x0000000725b00000, 0x0000000725b00000| Untracked 
|  62|0x0000000725c00000, 0x0000000725c00000, 0x0000000725d00000|  0%| F|  |TAMS 0x0000000725c00000, 0x0000000725c00000| Untracked 
|  63|0x0000000725d00000, 0x0000000725d00000, 0x0000000725e00000|  0%| F|  |TAMS 0x0000000725d00000, 0x0000000725d00000| Untracked 
|  64|0x0000000725e00000, 0x0000000725e00000, 0x0000000725f00000|  0%| F|  |TAMS 0x0000000725e00000, 0x0000000725e00000| Untracked 
|  65|0x0000000725f00000, 0x0000000725f00000, 0x0000000726000000|  0%| F|  |TAMS 0x0000000725f00000, 0x0000000725f00000| Untracked 
|  66|0x0000000726000000, 0x0000000726000000, 0x0000000726100000|  0%| F|  |TAMS 0x0000000726000000, 0x0000000726000000| Untracked 
|  67|0x0000000726100000, 0x0000000726100000, 0x0000000726200000|  0%| F|  |TAMS 0x0000000726100000, 0x0000000726100000| Untracked 
|  68|0x0000000726200000, 0x0000000726200000, 0x0000000726300000|  0%| F|  |TAMS 0x0000000726200000, 0x0000000726200000| Untracked 
|  69|0x0000000726300000, 0x0000000726300000, 0x0000000726400000|  0%| F|  |TAMS 0x0000000726300000, 0x0000000726300000| Untracked 
|  70|0x0000000726400000, 0x0000000726400000, 0x0000000726500000|  0%| F|  |TAMS 0x0000000726400000, 0x0000000726400000| Untracked 
|  71|0x0000000726500000, 0x0000000726500000, 0x0000000726600000|  0%| F|  |TAMS 0x0000000726500000, 0x0000000726500000| Untracked 
|  72|0x0000000726600000, 0x0000000726600000, 0x0000000726700000|  0%| F|  |TAMS 0x0000000726600000, 0x0000000726600000| Untracked 
|  73|0x0000000726700000, 0x0000000726700000, 0x0000000726800000|  0%| F|  |TAMS 0x0000000726700000, 0x0000000726700000| Untracked 
|  74|0x0000000726800000, 0x0000000726800000, 0x0000000726900000|  0%| F|  |TAMS 0x0000000726800000, 0x0000000726800000| Untracked 
|  75|0x0000000726900000, 0x0000000726900000, 0x0000000726a00000|  0%| F|  |TAMS 0x0000000726900000, 0x0000000726900000| Untracked 
|  76|0x0000000726a00000, 0x0000000726a00000, 0x0000000726b00000|  0%| F|  |TAMS 0x0000000726a00000, 0x0000000726a00000| Untracked 
|  77|0x0000000726b00000, 0x0000000726b00000, 0x0000000726c00000|  0%| F|  |TAMS 0x0000000726b00000, 0x0000000726b00000| Untracked 
|  78|0x0000000726c00000, 0x0000000726c00000, 0x0000000726d00000|  0%| F|  |TAMS 0x0000000726c00000, 0x0000000726c00000| Untracked 
|  79|0x0000000726d00000, 0x0000000726d00000, 0x0000000726e00000|  0%| F|  |TAMS 0x0000000726d00000, 0x0000000726d00000| Untracked 
|  80|0x0000000726e00000, 0x0000000726e00000, 0x0000000726f00000|  0%| F|  |TAMS 0x0000000726e00000, 0x0000000726e00000| Untracked 
|  81|0x0000000726f00000, 0x0000000726f00000, 0x0000000727000000|  0%| F|  |TAMS 0x0000000726f00000, 0x0000000726f00000| Untracked 
|  82|0x0000000727000000, 0x0000000727000000, 0x0000000727100000|  0%| F|  |TAMS 0x0000000727000000, 0x0000000727000000| Untracked 
|  83|0x0000000727100000, 0x0000000727100000, 0x0000000727200000|  0%| F|  |TAMS 0x0000000727100000, 0x0000000727100000| Untracked 
|  84|0x0000000727200000, 0x0000000727200000, 0x0000000727300000|  0%| F|  |TAMS 0x0000000727200000, 0x0000000727200000| Untracked 
|  85|0x0000000727300000, 0x0000000727300000, 0x0000000727400000|  0%| F|  |TAMS 0x0000000727300000, 0x0000000727300000| Untracked 
|  86|0x0000000727400000, 0x0000000727400000, 0x0000000727500000|  0%| F|  |TAMS 0x0000000727400000, 0x0000000727400000| Untracked 
|  87|0x0000000727500000, 0x0000000727500000, 0x0000000727600000|  0%| F|  |TAMS 0x0000000727500000, 0x0000000727500000| Untracked 
|  88|0x0000000727600000, 0x0000000727600000, 0x0000000727700000|  0%| F|  |TAMS 0x0000000727600000, 0x0000000727600000| Untracked 
|  89|0x0000000727700000, 0x0000000727700000, 0x0000000727800000|  0%| F|  |TAMS 0x0000000727700000, 0x0000000727700000| Untracked 
|  90|0x0000000727800000, 0x0000000727800000, 0x0000000727900000|  0%| F|  |TAMS 0x0000000727800000, 0x0000000727800000| Untracked 
|  91|0x0000000727900000, 0x0000000727900000, 0x0000000727a00000|  0%| F|  |TAMS 0x0000000727900000, 0x0000000727900000| Untracked 
|  92|0x0000000727a00000, 0x0000000727a00000, 0x0000000727b00000|  0%| F|  |TAMS 0x0000000727a00000, 0x0000000727a00000| Untracked 
|  93|0x0000000727b00000, 0x0000000727b00000, 0x0000000727c00000|  0%| F|  |TAMS 0x0000000727b00000, 0x0000000727b00000| Untracked 
|  94|0x0000000727c00000, 0x0000000727c00000, 0x0000000727d00000|  0%| F|  |TAMS 0x0000000727c00000, 0x0000000727c00000| Untracked 
|  95|0x0000000727d00000, 0x0000000727d00000, 0x0000000727e00000|  0%| F|  |TAMS 0x0000000727d00000, 0x0000000727d00000| Untracked 
|  96|0x0000000727e00000, 0x0000000727e00000, 0x0000000727f00000|  0%| F|  |TAMS 0x0000000727e00000, 0x0000000727e00000| Untracked 
|  97|0x0000000727f00000, 0x0000000727f00000, 0x0000000728000000|  0%| F|  |TAMS 0x0000000727f00000, 0x0000000727f00000| Untracked 
|  98|0x0000000728000000, 0x0000000728000000, 0x0000000728100000|  0%| F|  |TAMS 0x0000000728000000, 0x0000000728000000| Untracked 
|  99|0x0000000728100000, 0x0000000728100000, 0x0000000728200000|  0%| F|  |TAMS 0x0000000728100000, 0x0000000728100000| Untracked 
| 100|0x0000000728200000, 0x0000000728200000, 0x0000000728300000|  0%| F|  |TAMS 0x0000000728200000, 0x0000000728200000| Untracked 
| 101|0x0000000728300000, 0x0000000728300000, 0x0000000728400000|  0%| F|  |TAMS 0x0000000728300000, 0x0000000728300000| Untracked 
| 102|0x0000000728400000, 0x0000000728400000, 0x0000000728500000|  0%| F|  |TAMS 0x0000000728400000, 0x0000000728400000| Untracked 
| 103|0x0000000728500000, 0x0000000728500000, 0x0000000728600000|  0%| F|  |TAMS 0x0000000728500000, 0x0000000728500000| Untracked 
| 104|0x0000000728600000, 0x0000000728600000, 0x0000000728700000|  0%| F|  |TAMS 0x0000000728600000, 0x0000000728600000| Untracked 
| 105|0x0000000728700000, 0x0000000728700000, 0x0000000728800000|  0%| F|  |TAMS 0x0000000728700000, 0x0000000728700000| Untracked 
| 106|0x0000000728800000, 0x0000000728800000, 0x0000000728900000|  0%| F|  |TAMS 0x0000000728800000, 0x0000000728800000| Untracked 
| 107|0x0000000728900000, 0x0000000728900000, 0x0000000728a00000|  0%| F|  |TAMS 0x0000000728900000, 0x0000000728900000| Untracked 
| 108|0x0000000728a00000, 0x0000000728a00000, 0x0000000728b00000|  0%| F|  |TAMS 0x0000000728a00000, 0x0000000728a00000| Untracked 
| 109|0x0000000728b00000, 0x0000000728b00000, 0x0000000728c00000|  0%| F|  |TAMS 0x0000000728b00000, 0x0000000728b00000| Untracked 
| 110|0x0000000728c00000, 0x0000000728c00000, 0x0000000728d00000|  0%| F|  |TAMS 0x0000000728c00000, 0x0000000728c00000| Untracked 
| 111|0x0000000728d00000, 0x0000000728d00000, 0x0000000728e00000|  0%| F|  |TAMS 0x0000000728d00000, 0x0000000728d00000| Untracked 
| 112|0x0000000728e00000, 0x0000000728e00000, 0x0000000728f00000|  0%| F|  |TAMS 0x0000000728e00000, 0x0000000728e00000| Untracked 
| 113|0x0000000728f00000, 0x0000000728f00000, 0x0000000729000000|  0%| F|  |TAMS 0x0000000728f00000, 0x0000000728f00000| Untracked 
| 114|0x0000000729000000, 0x0000000729000000, 0x0000000729100000|  0%| F|  |TAMS 0x0000000729000000, 0x0000000729000000| Untracked 
| 115|0x0000000729100000, 0x0000000729100000, 0x0000000729200000|  0%| F|  |TAMS 0x0000000729100000, 0x0000000729100000| Untracked 
| 116|0x0000000729200000, 0x0000000729200000, 0x0000000729300000|  0%| F|  |TAMS 0x0000000729200000, 0x0000000729200000| Untracked 
| 117|0x0000000729300000, 0x0000000729300000, 0x0000000729400000|  0%| F|  |TAMS 0x0000000729300000, 0x0000000729300000| Untracked 
| 118|0x0000000729400000, 0x0000000729400000, 0x0000000729500000|  0%| F|  |TAMS 0x0000000729400000, 0x0000000729400000| Untracked 
| 119|0x0000000729500000, 0x0000000729500000, 0x0000000729600000|  0%| F|  |TAMS 0x0000000729500000, 0x0000000729500000| Untracked 
| 120|0x0000000729600000, 0x0000000729600000, 0x0000000729700000|  0%| F|  |TAMS 0x0000000729600000, 0x0000000729600000| Untracked 
| 121|0x0000000729700000, 0x0000000729700000, 0x0000000729800000|  0%| F|  |TAMS 0x0000000729700000, 0x0000000729700000| Untracked 
| 122|0x0000000729800000, 0x0000000729800000, 0x0000000729900000|  0%| F|  |TAMS 0x0000000729800000, 0x0000000729800000| Untracked 
| 123|0x0000000729900000, 0x0000000729900000, 0x0000000729a00000|  0%| F|  |TAMS 0x0000000729900000, 0x0000000729900000| Untracked 
| 124|0x0000000729a00000, 0x0000000729a00000, 0x0000000729b00000|  0%| F|  |TAMS 0x0000000729a00000, 0x0000000729a00000| Untracked 
| 125|0x0000000729b00000, 0x0000000729b00000, 0x0000000729c00000|  0%| F|  |TAMS 0x0000000729b00000, 0x0000000729b00000| Untracked 
| 126|0x0000000729c00000, 0x0000000729c00000, 0x0000000729d00000|  0%| F|  |TAMS 0x0000000729c00000, 0x0000000729c00000| Untracked 
| 127|0x0000000729d00000, 0x0000000729d00000, 0x0000000729e00000|  0%| F|  |TAMS 0x0000000729d00000, 0x0000000729d00000| Untracked 
| 128|0x0000000729e00000, 0x0000000729e00000, 0x0000000729f00000|  0%| F|  |TAMS 0x0000000729e00000, 0x0000000729e00000| Untracked 
| 129|0x0000000729f00000, 0x0000000729f00000, 0x000000072a000000|  0%| F|  |TAMS 0x0000000729f00000, 0x0000000729f00000| Untracked 
| 130|0x000000072a000000, 0x000000072a000000, 0x000000072a100000|  0%| F|  |TAMS 0x000000072a000000, 0x000000072a000000| Untracked 
| 131|0x000000072a100000, 0x000000072a100000, 0x000000072a200000|  0%| F|  |TAMS 0x000000072a100000, 0x000000072a100000| Untracked 
| 132|0x000000072a200000, 0x000000072a200000, 0x000000072a300000|  0%| F|  |TAMS 0x000000072a200000, 0x000000072a200000| Untracked 
| 133|0x000000072a300000, 0x000000072a300000, 0x000000072a400000|  0%| F|  |TAMS 0x000000072a300000, 0x000000072a300000| Untracked 
| 134|0x000000072a400000, 0x000000072a400000, 0x000000072a500000|  0%| F|  |TAMS 0x000000072a400000, 0x000000072a400000| Untracked 
| 135|0x000000072a500000, 0x000000072a500000, 0x000000072a600000|  0%| F|  |TAMS 0x000000072a500000, 0x000000072a500000| Untracked 
| 136|0x000000072a600000, 0x000000072a600000, 0x000000072a700000|  0%| F|  |TAMS 0x000000072a600000, 0x000000072a600000| Untracked 
| 137|0x000000072a700000, 0x000000072a700000, 0x000000072a800000|  0%| F|  |TAMS 0x000000072a700000, 0x000000072a700000| Untracked 
| 138|0x000000072a800000, 0x000000072a800000, 0x000000072a900000|  0%| F|  |TAMS 0x000000072a800000, 0x000000072a800000| Untracked 
| 139|0x000000072a900000, 0x000000072a900000, 0x000000072aa00000|  0%| F|  |TAMS 0x000000072a900000, 0x000000072a900000| Untracked 
| 140|0x000000072aa00000, 0x000000072aa00000, 0x000000072ab00000|  0%| F|  |TAMS 0x000000072aa00000, 0x000000072aa00000| Untracked 
| 141|0x000000072ab00000, 0x000000072ab00000, 0x000000072ac00000|  0%| F|  |TAMS 0x000000072ab00000, 0x000000072ab00000| Untracked 
| 142|0x000000072ac00000, 0x000000072ac00000, 0x000000072ad00000|  0%| F|  |TAMS 0x000000072ac00000, 0x000000072ac00000| Untracked 
| 143|0x000000072ad00000, 0x000000072ad00000, 0x000000072ae00000|  0%| F|  |TAMS 0x000000072ad00000, 0x000000072ad00000| Untracked 
| 144|0x000000072ae00000, 0x000000072ae00000, 0x000000072af00000|  0%| F|  |TAMS 0x000000072ae00000, 0x000000072ae00000| Untracked 
| 145|0x000000072af00000, 0x000000072af00000, 0x000000072b000000|  0%| F|  |TAMS 0x000000072af00000, 0x000000072af00000| Untracked 
| 146|0x000000072b000000, 0x000000072b000000, 0x000000072b100000|  0%| F|  |TAMS 0x000000072b000000, 0x000000072b000000| Untracked 
| 147|0x000000072b100000, 0x000000072b100000, 0x000000072b200000|  0%| F|  |TAMS 0x000000072b100000, 0x000000072b100000| Untracked 
| 148|0x000000072b200000, 0x000000072b200000, 0x000000072b300000|  0%| F|  |TAMS 0x000000072b200000, 0x000000072b200000| Untracked 
| 149|0x000000072b300000, 0x000000072b300000, 0x000000072b400000|  0%| F|  |TAMS 0x000000072b300000, 0x000000072b300000| Untracked 
| 150|0x000000072b400000, 0x000000072b400000, 0x000000072b500000|  0%| F|  |TAMS 0x000000072b400000, 0x000000072b400000| Untracked 
| 151|0x000000072b500000, 0x000000072b500000, 0x000000072b600000|  0%| F|  |TAMS 0x000000072b500000, 0x000000072b500000| Untracked 
| 152|0x000000072b600000, 0x000000072b600000, 0x000000072b700000|  0%| F|  |TAMS 0x000000072b600000, 0x000000072b600000| Untracked 
| 153|0x000000072b700000, 0x000000072b700000, 0x000000072b800000|  0%| F|  |TAMS 0x000000072b700000, 0x000000072b700000| Untracked 
| 154|0x000000072b800000, 0x000000072b800000, 0x000000072b900000|  0%| F|  |TAMS 0x000000072b800000, 0x000000072b800000| Untracked 
| 155|0x000000072b900000, 0x000000072b9ea620, 0x000000072ba00000| 91%| E|  |TAMS 0x000000072b900000, 0x000000072b900000| Complete 
| 156|0x000000072ba00000, 0x000000072bb00000, 0x000000072bb00000|100%| E|CS|TAMS 0x000000072ba00000, 0x000000072ba00000| Complete 
| 157|0x000000072bb00000, 0x000000072bc00000, 0x000000072bc00000|100%| E|  |TAMS 0x000000072bb00000, 0x000000072bb00000| Complete 
| 158|0x000000072bc00000, 0x000000072bd00000, 0x000000072bd00000|100%| E|CS|TAMS 0x000000072bc00000, 0x000000072bc00000| Complete 
| 159|0x000000072bd00000, 0x000000072be00000, 0x000000072be00000|100%| E|CS|TAMS 0x000000072bd00000, 0x000000072bd00000| Complete 
| 160|0x000000072be00000, 0x000000072bf00000, 0x000000072bf00000|100%| E|CS|TAMS 0x000000072be00000, 0x000000072be00000| Complete 
| 161|0x000000072bf00000, 0x000000072c000000, 0x000000072c000000|100%| E|CS|TAMS 0x000000072bf00000, 0x000000072bf00000| Complete 
| 162|0x000000072c000000, 0x000000072c100000, 0x000000072c100000|100%| E|CS|TAMS 0x000000072c000000, 0x000000072c000000| Complete 
| 163|0x000000072c100000, 0x000000072c200000, 0x000000072c200000|100%| E|CS|TAMS 0x000000072c100000, 0x000000072c100000| Complete 
| 164|0x000000072c200000, 0x000000072c300000, 0x000000072c300000|100%| E|CS|TAMS 0x000000072c200000, 0x000000072c200000| Complete 
| 165|0x000000072c300000, 0x000000072c400000, 0x000000072c400000|100%| E|CS|TAMS 0x000000072c300000, 0x000000072c300000| Complete 
| 166|0x000000072c400000, 0x000000072c500000, 0x000000072c500000|100%| E|CS|TAMS 0x000000072c400000, 0x000000072c400000| Complete 
| 167|0x000000072c500000, 0x000000072c600000, 0x000000072c600000|100%| E|CS|TAMS 0x000000072c500000, 0x000000072c500000| Complete 
| 168|0x000000072c600000, 0x000000072c700000, 0x000000072c700000|100%| E|CS|TAMS 0x000000072c600000, 0x000000072c600000| Complete 
| 169|0x000000072c700000, 0x000000072c800000, 0x000000072c800000|100%| E|CS|TAMS 0x000000072c700000, 0x000000072c700000| Complete 
| 170|0x000000072c800000, 0x000000072c900000, 0x000000072c900000|100%| E|CS|TAMS 0x000000072c800000, 0x000000072c800000| Complete 
| 171|0x000000072c900000, 0x000000072ca00000, 0x000000072ca00000|100%| E|CS|TAMS 0x000000072c900000, 0x000000072c900000| Complete 
| 172|0x000000072ca00000, 0x000000072cb00000, 0x000000072cb00000|100%| E|CS|TAMS 0x000000072ca00000, 0x000000072ca00000| Complete 
| 173|0x000000072cb00000, 0x000000072cc00000, 0x000000072cc00000|100%| E|CS|TAMS 0x000000072cb00000, 0x000000072cb00000| Complete 
| 174|0x000000072cc00000, 0x000000072cd00000, 0x000000072cd00000|100%| E|CS|TAMS 0x000000072cc00000, 0x000000072cc00000| Complete 
| 175|0x000000072cd00000, 0x000000072ce00000, 0x000000072ce00000|100%| E|CS|TAMS 0x000000072cd00000, 0x000000072cd00000| Complete 
| 176|0x000000072ce00000, 0x000000072cf00000, 0x000000072cf00000|100%| E|CS|TAMS 0x000000072ce00000, 0x000000072ce00000| Complete 
| 177|0x000000072cf00000, 0x000000072d000000, 0x000000072d000000|100%| E|CS|TAMS 0x000000072cf00000, 0x000000072cf00000| Complete 
| 178|0x000000072d000000, 0x000000072d100000, 0x000000072d100000|100%| E|CS|TAMS 0x000000072d000000, 0x000000072d000000| Complete 
| 179|0x000000072d100000, 0x000000072d200000, 0x000000072d200000|100%| E|CS|TAMS 0x000000072d100000, 0x000000072d100000| Complete 
| 180|0x000000072d200000, 0x000000072d300000, 0x000000072d300000|100%| E|CS|TAMS 0x000000072d200000, 0x000000072d200000| Complete 
| 181|0x000000072d300000, 0x000000072d400000, 0x000000072d400000|100%| E|CS|TAMS 0x000000072d300000, 0x000000072d300000| Complete 
| 182|0x000000072d400000, 0x000000072d500000, 0x000000072d500000|100%| E|CS|TAMS 0x000000072d400000, 0x000000072d400000| Complete 
| 183|0x000000072d500000, 0x000000072d600000, 0x000000072d600000|100%| E|CS|TAMS 0x000000072d500000, 0x000000072d500000| Complete 
| 184|0x000000072d600000, 0x000000072d700000, 0x000000072d700000|100%| E|CS|TAMS 0x000000072d600000, 0x000000072d600000| Complete 
| 185|0x000000072d700000, 0x000000072d800000, 0x000000072d800000|100%| E|CS|TAMS 0x000000072d700000, 0x000000072d700000| Complete 
| 186|0x000000072d800000, 0x000000072d900000, 0x000000072d900000|100%| E|CS|TAMS 0x000000072d800000, 0x000000072d800000| Complete 
| 187|0x000000072d900000, 0x000000072da00000, 0x000000072da00000|100%| E|CS|TAMS 0x000000072d900000, 0x000000072d900000| Complete 
| 188|0x000000072da00000, 0x000000072db00000, 0x000000072db00000|100%| E|CS|TAMS 0x000000072da00000, 0x000000072da00000| Complete 
| 189|0x000000072db00000, 0x000000072dc00000, 0x000000072dc00000|100%| E|CS|TAMS 0x000000072db00000, 0x000000072db00000| Complete 
| 190|0x000000072dc00000, 0x000000072dd00000, 0x000000072dd00000|100%| E|CS|TAMS 0x000000072dc00000, 0x000000072dc00000| Complete 
| 191|0x000000072dd00000, 0x000000072de00000, 0x000000072de00000|100%| E|CS|TAMS 0x000000072dd00000, 0x000000072dd00000| Complete 
| 192|0x000000072de00000, 0x000000072df00000, 0x000000072df00000|100%| E|CS|TAMS 0x000000072de00000, 0x000000072de00000| Complete 
| 193|0x000000072df00000, 0x000000072e000000, 0x000000072e000000|100%| E|CS|TAMS 0x000000072df00000, 0x000000072df00000| Complete 
| 194|0x000000072e000000, 0x000000072e100000, 0x000000072e100000|100%| E|CS|TAMS 0x000000072e000000, 0x000000072e000000| Complete 
| 195|0x000000072e100000, 0x000000072e200000, 0x000000072e200000|100%| E|CS|TAMS 0x000000072e100000, 0x000000072e100000| Complete 
| 196|0x000000072e200000, 0x000000072e300000, 0x000000072e300000|100%| E|CS|TAMS 0x000000072e200000, 0x000000072e200000| Complete 
| 197|0x000000072e300000, 0x000000072e3c65d0, 0x000000072e400000| 77%| S|CS|TAMS 0x000000072e300000, 0x000000072e300000| Complete 
| 198|0x000000072e400000, 0x000000072e500000, 0x000000072e500000|100%| S|CS|TAMS 0x000000072e400000, 0x000000072e400000| Complete 
| 199|0x000000072e500000, 0x000000072e600000, 0x000000072e600000|100%| S|CS|TAMS 0x000000072e500000, 0x000000072e500000| Complete 
| 200|0x000000072e600000, 0x000000072e700000, 0x000000072e700000|100%| E|CS|TAMS 0x000000072e600000, 0x000000072e600000| Complete 
| 201|0x000000072e700000, 0x000000072e800000, 0x000000072e800000|100%| E|CS|TAMS 0x000000072e700000, 0x000000072e700000| Complete 
| 202|0x000000072e800000, 0x000000072e900000, 0x000000072e900000|100%| E|CS|TAMS 0x000000072e800000, 0x000000072e800000| Complete 
| 203|0x000000072e900000, 0x000000072ea00000, 0x000000072ea00000|100%| E|CS|TAMS 0x000000072e900000, 0x000000072e900000| Complete 
| 204|0x000000072ea00000, 0x000000072eb00000, 0x000000072eb00000|100%| E|CS|TAMS 0x000000072ea00000, 0x000000072ea00000| Complete 
| 205|0x000000072eb00000, 0x000000072ec00000, 0x000000072ec00000|100%| E|CS|TAMS 0x000000072eb00000, 0x000000072eb00000| Complete 
| 206|0x000000072ec00000, 0x000000072ed00000, 0x000000072ed00000|100%| E|CS|TAMS 0x000000072ec00000, 0x000000072ec00000| Complete 
| 207|0x000000072ed00000, 0x000000072ee00000, 0x000000072ee00000|100%| E|CS|TAMS 0x000000072ed00000, 0x000000072ed00000| Complete 
| 208|0x000000072ee00000, 0x000000072ef00000, 0x000000072ef00000|100%| E|CS|TAMS 0x000000072ee00000, 0x000000072ee00000| Complete 
| 209|0x000000072ef00000, 0x000000072f000000, 0x000000072f000000|100%| E|CS|TAMS 0x000000072ef00000, 0x000000072ef00000| Complete 
| 210|0x000000072f000000, 0x000000072f100000, 0x000000072f100000|100%| E|CS|TAMS 0x000000072f000000, 0x000000072f000000| Complete 
| 211|0x000000072f100000, 0x000000072f200000, 0x000000072f200000|100%| E|CS|TAMS 0x000000072f100000, 0x000000072f100000| Complete 
| 212|0x000000072f200000, 0x000000072f300000, 0x000000072f300000|100%| E|CS|TAMS 0x000000072f200000, 0x000000072f200000| Complete 
| 213|0x000000072f300000, 0x000000072f400000, 0x000000072f400000|100%| E|CS|TAMS 0x000000072f300000, 0x000000072f300000| Complete 
| 214|0x000000072f400000, 0x000000072f500000, 0x000000072f500000|100%| E|CS|TAMS 0x000000072f400000, 0x000000072f400000| Complete 
| 215|0x000000072f500000, 0x000000072f600000, 0x000000072f600000|100%| E|CS|TAMS 0x000000072f500000, 0x000000072f500000| Complete 
| 216|0x000000072f600000, 0x000000072f700000, 0x000000072f700000|100%| E|CS|TAMS 0x000000072f600000, 0x000000072f600000| Complete 
| 217|0x000000072f700000, 0x000000072f800000, 0x000000072f800000|100%| E|CS|TAMS 0x000000072f700000, 0x000000072f700000| Complete 
| 218|0x000000072f800000, 0x000000072f900000, 0x000000072f900000|100%| E|CS|TAMS 0x000000072f800000, 0x000000072f800000| Complete 
| 219|0x000000072f900000, 0x000000072fa00000, 0x000000072fa00000|100%| E|CS|TAMS 0x000000072f900000, 0x000000072f900000| Complete 
| 220|0x000000072fa00000, 0x000000072fb00000, 0x000000072fb00000|100%| E|CS|TAMS 0x000000072fa00000, 0x000000072fa00000| Complete 
| 221|0x000000072fb00000, 0x000000072fc00000, 0x000000072fc00000|100%| E|CS|TAMS 0x000000072fb00000, 0x000000072fb00000| Complete 
| 222|0x000000072fc00000, 0x000000072fd00000, 0x000000072fd00000|100%| E|CS|TAMS 0x000000072fc00000, 0x000000072fc00000| Complete 
| 223|0x000000072fd00000, 0x000000072fe00000, 0x000000072fe00000|100%| E|CS|TAMS 0x000000072fd00000, 0x000000072fd00000| Complete 

Card table byte_map: [0x0000020c612f0000,0x0000020c619f0000] _byte_map_base: 0x0000020c5d9e1000

Marking Bits (Prev, Next): (CMBitMap*) 0x0000020c4d30fc28, (CMBitMap*) 0x0000020c4d30fc60
 Prev Bits: [0x0000020c620f0000, 0x0000020c65878000)
 Next Bits: [0x0000020c65880000, 0x0000020c69008000)

Polling page: 0x0000020c4b8d0000

Metaspace:

Usage:
  Non-class:      8.14 MB capacity,     5.63 MB ( 69%) used,     2.51 MB ( 31%) free+waste,     6.13 KB ( <1%) overhead. 
      Class:    759.00 KB capacity,   482.97 KB ( 64%) used,   274.09 KB ( 36%) free+waste,     1.94 KB ( <1%) overhead. 
       Both:      8.88 MB capacity,     6.10 MB ( 69%) used,     2.77 MB ( 31%) free+waste,     8.06 KB ( <1%) overhead. 

Virtual space:
  Non-class space:       10.00 MB reserved,       8.25 MB ( 83%) committed 
      Class space:        1.00 GB reserved,     768.00 KB ( <1%) committed 
             Both:        1.01 GB reserved,       9.00 MB ( <1%) committed 

Chunk freelists:
   Non-Class:  110.00 KB
       Class:  9.00 KB
        Both:  119.00 KB

CodeHeap 'non-profiled nmethods': size=120000Kb used=432Kb max_used=432Kb free=119567Kb
 bounds [0x0000020c58c50000, 0x0000020c58ec0000, 0x0000020c60180000]
CodeHeap 'profiled nmethods': size=120000Kb used=2828Kb max_used=2828Kb free=117171Kb
 bounds [0x0000020c51720000, 0x0000020c519f0000, 0x0000020c58c50000]
CodeHeap 'non-nmethods': size=5760Kb used=1205Kb max_used=1217Kb free=4554Kb
 bounds [0x0000020c51180000, 0x0000020c513f0000, 0x0000020c51720000]
 total_blobs=2178 nmethods=1325 adapters=480
 compilation: enabled
              stopped_count=0, restarted_count=0
 full_count=0

Compilation events (10 events):
Event: 15.565 Thread 0x0000020c6c3aa000 1320       3       org.lwjgl.opengl.GL20::glVertexAttribPointer (36 bytes)
Event: 15.568 Thread 0x0000020c6c3aa000 nmethod 1320 0x0000020c519e0990 code [0x0000020c519e0c00, 0x0000020c519e16d0]
Event: 15.568 Thread 0x0000020c6c3aa000 1321       3       org.lwjgl.opengl.StateTracker::bindBuffer (125 bytes)
Event: 15.569 Thread 0x0000020c6c3aa000 nmethod 1321 0x0000020c519e1b90 code [0x0000020c519e1da0, 0x0000020c519e23d0]
Event: 15.876 Thread 0x0000020c6c3aa000 1322       1       com.badlogic.gdx.physics.box2d.Body::getUserData (5 bytes)
Event: 15.876 Thread 0x0000020c6c3aa000 nmethod 1322 0x0000020c58cbb890 code [0x0000020c58cbba40, 0x0000020c58cbbb78]
Event: 15.876 Thread 0x0000020c6c3aa000 1323       3       com.badlogic.gdx.utils.LongMap::locateKey (55 bytes)
Event: 15.877 Thread 0x0000020c6c3aa000 nmethod 1323 0x0000020c519e2710 code [0x0000020c519e28e0, 0x0000020c519e2c38]
Event: 15.877 Thread 0x0000020c6c3aa000 1324       3       com.badlogic.gdx.utils.LongMap::place (17 bytes)
Event: 15.877 Thread 0x0000020c6c3aa000 nmethod 1324 0x0000020c519e2d90 code [0x0000020c519e2f40, 0x0000020c519e30d8]

GC Heap History (2 events):
Event: 7.498 GC heap before
{Heap before GC invocations=0 (full 0):
 garbage-first heap   total 229376K, used 26624K [0x0000000721e00000, 0x0000000800000000)
  region size 1024K, 24 young (24576K), 0 survivors (0K)
 Metaspace       used 5924K, capacity 8777K, committed 8960K, reserved 1056768K
  class space    used 472K, capacity 759K, committed 768K, reserved 1048576K
}
Event: 7.511 GC heap after
{Heap after GC invocations=1 (full 0):
 garbage-first heap   total 229376K, used 2841K [0x0000000721e00000, 0x0000000800000000)
  region size 1024K, 3 young (3072K), 3 survivors (3072K)
 Metaspace       used 5924K, capacity 8777K, committed 8960K, reserved 1056768K
  class space    used 472K, capacity 759K, committed 768K, reserved 1048576K
}

Deoptimization events (10 events):
Event: 1.942 Thread 0x0000020c6cb0d000 Uncommon trap: reason=unstable_if action=reinterpret pc=0x0000020c58c687b0 method=java.lang.String.startsWith(Ljava/lang/String;I)Z @ 46 c2
Event: 1.942 Thread 0x0000020c6cb0d000 Uncommon trap: reason=unstable_if action=reinterpret pc=0x0000020c58c52c08 method=java.lang.String.isLatin1()Z @ 10 c2
Event: 1.942 Thread 0x0000020c6cb0d000 Uncommon trap: reason=unstable_if action=reinterpret pc=0x0000020c58c790b0 method=java.lang.String.substring(II)Ljava/lang/String; @ 31 c2
Event: 1.955 Thread 0x0000020c6cb0d000 Uncommon trap: reason=unstable_if action=reinterpret pc=0x0000020c58c80918 method=java.util.StringTokenizer.scanToken(I)I @ 7 c2
Event: 7.570 Thread 0x0000020c6cb0d000 Uncommon trap: reason=array_check action=maybe_recompile pc=0x0000020c58ca7cc4 method=com.badlogic.gdx.utils.Array.add(Ljava/lang/Object;)V @ 46 c2
Event: 7.571 Thread 0x0000020c6cb0d000 Uncommon trap: reason=array_check action=maybe_recompile pc=0x0000020c58ca7cc4 method=com.badlogic.gdx.utils.Array.add(Ljava/lang/Object;)V @ 46 c2
Event: 7.571 Thread 0x0000020c6cb0d000 Uncommon trap: reason=array_check action=maybe_recompile pc=0x0000020c58ca7cc4 method=com.badlogic.gdx.utils.Array.add(Ljava/lang/Object;)V @ 46 c2
Event: 7.571 Thread 0x0000020c6cb0d000 Uncommon trap: reason=array_check action=maybe_recompile pc=0x0000020c58ca7cc4 method=com.badlogic.gdx.utils.Array.add(Ljava/lang/Object;)V @ 46 c2
Event: 7.587 Thread 0x0000020c6cb0d000 Uncommon trap: reason=bimorphic_or_optimized_type_check action=maybe_recompile pc=0x0000020c58ca047c method=com.badlogic.gdx.utils.ObjectMap.place(Ljava/lang/Object;)I @ 1 c2
Event: 7.587 Thread 0x0000020c6cb0d000 Uncommon trap: reason=bimorphic_or_optimized_type_check action=maybe_recompile pc=0x0000020c58ca047c method=com.badlogic.gdx.utils.ObjectMap.place(Ljava/lang/Object;)I @ 1 c2

Classes redefined (0 events):
No events

Internal exceptions (7 events):
Event: 0.573 Thread 0x0000020c4d2b4000 Exception <a 'java/security/PrivilegedActionException'{0x000000072fabd400}> (0x000000072fabd400) thrown at [c:/BuildAgent/work/494cbf65e275b67e/src/hotspot/share/prims/jvm.cpp, line 1300]
Event: 0.573 Thread 0x0000020c4d2b4000 Exception <a 'java/security/PrivilegedActionException'{0x000000072fabfbe0}> (0x000000072fabfbe0) thrown at [c:/BuildAgent/work/494cbf65e275b67e/src/hotspot/share/prims/jvm.cpp, line 1300]
Event: 0.573 Thread 0x0000020c4d2b4000 Exception <a 'java/security/PrivilegedActionException'{0x000000072fac0bd8}> (0x000000072fac0bd8) thrown at [c:/BuildAgent/work/494cbf65e275b67e/src/hotspot/share/prims/jvm.cpp, line 1300]
Event: 0.582 Thread 0x0000020c4d2b4000 Exception <a 'java/security/PrivilegedActionException'{0x000000072fad27a8}> (0x000000072fad27a8) thrown at [c:/BuildAgent/work/494cbf65e275b67e/src/hotspot/share/prims/jvm.cpp, line 1300]
Event: 0.583 Thread 0x0000020c4d2b4000 Exception <a 'java/security/PrivilegedActionException'{0x000000072fad3368}> (0x000000072fad3368) thrown at [c:/BuildAgent/work/494cbf65e275b67e/src/hotspot/share/prims/jvm.cpp, line 1300]
Event: 0.583 Thread 0x0000020c4d2b4000 Exception <a 'java/security/PrivilegedActionException'{0x000000072fad3ee8}> (0x000000072fad3ee8) thrown at [c:/BuildAgent/work/494cbf65e275b67e/src/hotspot/share/prims/jvm.cpp, line 1300]
Event: 1.680 Thread 0x0000020c6cb0d000 Exception <a 'java/lang/NoSuchMethodError'{0x000000072f5f56f0}: java.lang.invoke.DirectMethodHandle$Holder.invokeSpecialIFC(Ljava/lang/Object;Ljava/lang/Object;I)I> (0x000000072f5f56f0) thrown at [c:/BuildAgent/work/494cbf65e275b67e/src/hotspot/share/inte

Events (10 events):
Event: 7.654 loading class com/badlogic/gdx/utils/LongMap$Values
Event: 7.654 loading class com/badlogic/gdx/utils/LongMap$Values done
Event: 7.655 loading class com/badlogic/gdx/utils/LongMap$MapIterator
Event: 7.655 loading class com/badlogic/gdx/utils/LongMap$MapIterator done
Event: 7.657 loading class com/badlogic/gdx/physics/box2d/Shape$Type
Event: 7.657 loading class com/badlogic/gdx/physics/box2d/Shape$Type done
Event: 8.683 loading class org/lwjgl/opengl/WindowsKeycodes
Event: 8.683 loading class org/lwjgl/opengl/WindowsKeycodes done
Event: 15.909 loading class com/mygdx/nextlevel/actors/Item
Event: 15.909 loading class com/mygdx/nextlevel/actors/Item done


Dynamic libraries:
0x00007ff668590000 - 0x00007ff6685d7000 	C:\Program Files\JetBrains\IntelliJ IDEA Community Edition 2019.2\jbr\bin\java.exe
0x00007ffde3f50000 - 0x00007ffde4145000 	C:\WINDOWS\SYSTEM32\ntdll.dll
0x00007ffde3270000 - 0x00007ffde332e000 	C:\WINDOWS\System32\KERNEL32.DLL
0x00007ffde1bb0000 - 0x00007ffde1e79000 	C:\WINDOWS\System32\KERNELBASE.dll
0x00007ffde35c0000 - 0x00007ffde3761000 	C:\WINDOWS\System32\USER32.dll
0x00007ffde1820000 - 0x00007ffde1842000 	C:\WINDOWS\System32\win32u.dll
0x00007ffde2db0000 - 0x00007ffde2ddb000 	C:\WINDOWS\System32\GDI32.dll
0x00007ffde1850000 - 0x00007ffde195b000 	C:\WINDOWS\System32\gdi32full.dll
0x00007ffde1b10000 - 0x00007ffde1bad000 	C:\WINDOWS\System32\msvcp_win.dll
0x00007ffde1a10000 - 0x00007ffde1b10000 	C:\WINDOWS\System32\ucrtbase.dll
0x00007ffdcc6b0000 - 0x00007ffdcc94a000 	C:\WINDOWS\WinSxS\amd64_microsoft.windows.common-controls_6595b64144ccf1df_6.0.19041.1110_none_60b5254171f9507e\COMCTL32.dll
0x00007ffde3510000 - 0x00007ffde35ae000 	C:\WINDOWS\System32\msvcrt.dll
0x00007ffde3410000 - 0x00007ffde3440000 	C:\WINDOWS\System32\IMM32.DLL
0x00007ffddaf40000 - 0x00007ffddaf57000 	C:\Program Files\JetBrains\IntelliJ IDEA Community Edition 2019.2\jbr\bin\vcruntime140.dll
0x00007ffdbcd90000 - 0x00007ffdbce2d000 	C:\Program Files\JetBrains\IntelliJ IDEA Community Edition 2019.2\jbr\bin\msvcp140.dll
0x00007ffd8eee0000 - 0x00007ffd8f997000 	C:\Program Files\JetBrains\IntelliJ IDEA Community Edition 2019.2\jbr\bin\server\jvm.dll
0x00007ffde3a70000 - 0x00007ffde3b1c000 	C:\WINDOWS\System32\ADVAPI32.dll
0x00007ffde2d10000 - 0x00007ffde2dab000 	C:\WINDOWS\System32\sechost.dll
0x00007ffde3860000 - 0x00007ffde398a000 	C:\WINDOWS\System32\RPCRT4.dll
0x00007ffde3260000 - 0x00007ffde3268000 	C:\WINDOWS\System32\PSAPI.DLL
0x00007ffddd150000 - 0x00007ffddd159000 	C:\WINDOWS\SYSTEM32\WSOCK32.dll
0x00007ffdd5510000 - 0x00007ffdd5537000 	C:\WINDOWS\SYSTEM32\WINMM.dll
0x00007ffdd78e0000 - 0x00007ffdd78ea000 	C:\WINDOWS\SYSTEM32\VERSION.dll
0x00007ffde2200000 - 0x00007ffde226b000 	C:\WINDOWS\System32\WS2_32.dll
0x00007ffddff00000 - 0x00007ffddff12000 	C:\WINDOWS\SYSTEM32\kernel.appcore.dll
0x00007ffdd1c00000 - 0x00007ffdd1c11000 	C:\Program Files\JetBrains\IntelliJ IDEA Community Edition 2019.2\jbr\bin\verify.dll
0x00007ffddfc90000 - 0x00007ffddfe74000 	C:\WINDOWS\SYSTEM32\DBGHELP.DLL
0x00007ffddaad0000 - 0x00007ffddaafc000 	C:\WINDOWS\SYSTEM32\dbgcore.DLL
0x00007ffde1ee0000 - 0x00007ffde1f63000 	C:\WINDOWS\System32\bcryptPrimitives.dll
0x00007ffdd1bd0000 - 0x00007ffdd1bf9000 	C:\Program Files\JetBrains\IntelliJ IDEA Community Edition 2019.2\jbr\bin\java.dll
0x00007ffdd0530000 - 0x00007ffdd0547000 	C:\Program Files\JetBrains\IntelliJ IDEA Community Edition 2019.2\jbr\bin\zip.dll
0x00007ffddd130000 - 0x00007ffddd13b000 	C:\Program Files\JetBrains\IntelliJ IDEA Community Edition 2019.2\jbr\bin\jimage.dll
0x00007ffde25d0000 - 0x00007ffde2d0f000 	C:\WINDOWS\System32\SHELL32.dll
0x00007ffddf500000 - 0x00007ffddfc90000 	C:\WINDOWS\SYSTEM32\windows.storage.dll
0x00007ffde2270000 - 0x00007ffde25c5000 	C:\WINDOWS\System32\combase.dll
0x00007ffde0f10000 - 0x00007ffde0f3c000 	C:\WINDOWS\SYSTEM32\Wldp.dll
0x00007ffde1fa0000 - 0x00007ffde204e000 	C:\WINDOWS\System32\SHCORE.dll
0x00007ffde3b20000 - 0x00007ffde3b75000 	C:\WINDOWS\System32\shlwapi.dll
0x00007ffde15b0000 - 0x00007ffde15cf000 	C:\WINDOWS\SYSTEM32\profapi.dll
0x00007ffdc69b0000 - 0x00007ffdc69ca000 	C:\Program Files\JetBrains\IntelliJ IDEA Community Edition 2019.2\jbr\bin\net.dll
0x00007ffdd6130000 - 0x00007ffdd6238000 	C:\WINDOWS\SYSTEM32\WINHTTP.dll
0x00007ffdd6fe0000 - 0x00007ffdd71cb000 	C:\WINDOWS\SYSTEM32\urlmon.dll
0x00007ffdd7910000 - 0x00007ffdd7bc0000 	C:\WINDOWS\SYSTEM32\iertutil.dll
0x00007ffdd71e0000 - 0x00007ffdd7208000 	C:\WINDOWS\SYSTEM32\srvcli.dll
0x00007ffde0b10000 - 0x00007ffde0b1c000 	C:\WINDOWS\SYSTEM32\netutils.dll
0x00007ffde0cf0000 - 0x00007ffde0d5a000 	C:\WINDOWS\system32\mswsock.dll
0x00007ffdc6990000 - 0x00007ffdc69a4000 	C:\Program Files\JetBrains\IntelliJ IDEA Community Edition 2019.2\jbr\bin\nio.dll
0x0000000065ac0000 - 0x0000000065aea000 	C:\Users\stump\AppData\Local\Temp\libgdxstump\6bae761b\gdx64.dll
0x0000000180000000 - 0x0000000180053000 	C:\Users\stump\AppData\Local\Temp\libgdxstump\1cecf4f6\lwjgl64.dll
0x00007ffda8850000 - 0x00007ffda8975000 	C:\WINDOWS\SYSTEM32\OPENGL32.dll
0x00007ffda9770000 - 0x00007ffda979c000 	C:\WINDOWS\SYSTEM32\GLU32.dll
0x0000020c6d0d0000 - 0x0000020c6d134000 	C:\Users\stump\AppData\Local\Temp\libgdxstump\1cecf4f6\OpenAL64.dll
0x00007ffde3d50000 - 0x00007ffde3e7a000 	C:\WINDOWS\System32\ole32.dll
0x00007ffdded50000 - 0x00007ffddedee000 	C:\WINDOWS\system32\uxtheme.dll
0x00007ffde3b80000 - 0x00007ffde3c29000 	C:\WINDOWS\System32\clbcatq.dll
0x00007ffdbcca0000 - 0x00007ffdbcd3c000 	C:\WINDOWS\SYSTEM32\dsound.dll
0x00007ffde1550000 - 0x00007ffde159b000 	C:\WINDOWS\SYSTEM32\powrprof.dll
0x00007ffdd9ff0000 - 0x00007ffdda016000 	C:\WINDOWS\SYSTEM32\winmmbase.dll
0x00007ffde14c0000 - 0x00007ffde14d2000 	C:\WINDOWS\SYSTEM32\UMPDC.dll
0x00007ffdd72f0000 - 0x00007ffdd7375000 	C:\WINDOWS\System32\MMDevApi.dll
0x00007ffde1360000 - 0x00007ffde1394000 	C:\WINDOWS\System32\DEVOBJ.dll
0x00007ffde1670000 - 0x00007ffde16be000 	C:\WINDOWS\System32\cfgmgr32.dll
0x00007ffdcf380000 - 0x00007ffdcf501000 	C:\WINDOWS\SYSTEM32\AUDIOSES.DLL
0x00007ffde3440000 - 0x00007ffde350d000 	C:\WINDOWS\System32\OLEAUT32.dll
0x00007ffdded30000 - 0x00007ffdded44000 	C:\WINDOWS\SYSTEM32\resourcepolicyclient.dll
0x00007ffddcab0000 - 0x00007ffddcb5e000 	C:\WINDOWS\SYSTEM32\mscms.dll
0x00007ffde1520000 - 0x00007ffde154e000 	C:\WINDOWS\SYSTEM32\USERENV.dll
0x00007ffddcde0000 - 0x00007ffddcdf1000 	C:\WINDOWS\SYSTEM32\ColorAdapterClient.dll
0x00007ffdd6b00000 - 0x00007ffdd6b44000 	C:\Windows\System32\Windows.Internal.Graphics.Display.DisplayColorManagement.dll
0x00007ffde3c30000 - 0x00007ffde3d45000 	C:\WINDOWS\System32\MSCTF.dll
0x00007ffdd9b20000 - 0x00007ffdd9c19000 	C:\WINDOWS\SYSTEM32\textinputframework.dll
0x00007ffdde770000 - 0x00007ffddeace000 	C:\WINDOWS\System32\CoreUIComponents.dll
0x00007ffdde670000 - 0x00007ffdde762000 	C:\WINDOWS\System32\CoreMessaging.dll
0x00007ffde0320000 - 0x00007ffde0353000 	C:\WINDOWS\SYSTEM32\ntmarta.dll
0x00007ffdddfa0000 - 0x00007ffdde0f4000 	C:\WINDOWS\SYSTEM32\wintypes.dll
0x00007ffddb050000 - 0x00007ffddb149000 	C:\Windows\System32\AppXDeploymentClient.dll
0x00007ffdc16c0000 - 0x00007ffdc16e9000 	C:\WINDOWS\System32\DriverStore\FileRepository\u0354259.inf_amd64_9c1fcd1df26ce806\B354183\atig6pxx.dll
0x00007ffd86930000 - 0x00007ffd8a24e000 	C:\WINDOWS\System32\DriverStore\FileRepository\u0354259.inf_amd64_9c1fcd1df26ce806\B354183\atio6axx.dll
0x00007ffde2de0000 - 0x00007ffde3252000 	C:\WINDOWS\System32\SETUPAPI.dll
0x00007ffde1f70000 - 0x00007ffde1f97000 	C:\WINDOWS\System32\bcrypt.dll
0x00007ffdda9c0000 - 0x00007ffdda9e4000 	C:\WINDOWS\SYSTEM32\dxva2.dll
0x00007ffddf0e0000 - 0x00007ffddf10f000 	C:\WINDOWS\SYSTEM32\dwmapi.dll
0x00007ffdbcc60000 - 0x00007ffdbcc9a000 	C:\WINDOWS\System32\DriverStore\FileRepository\u0354259.inf_amd64_9c1fcd1df26ce806\B354183\atig6txx.dll
0x00007ffdac280000 - 0x00007ffdac42e000 	C:\WINDOWS\SYSTEM32\atiadlxx.dll
0x00007ffddc830000 - 0x00007ffddc926000 	C:\WINDOWS\SYSTEM32\PROPSYS.dll
0x00007ffde1e80000 - 0x00007ffde1ee0000 	C:\WINDOWS\System32\WINTRUST.dll
0x00007ffde16c0000 - 0x00007ffde1816000 	C:\WINDOWS\System32\CRYPT32.dll
0x00007ffde1160000 - 0x00007ffde1172000 	C:\WINDOWS\SYSTEM32\MSASN1.dll
0x00007ffdd5540000 - 0x00007ffdd557b000 	C:\WINDOWS\SYSTEM32\dxcore.dll
0x00007ffda93d0000 - 0x00007ffda9413000 	C:\WINDOWS\SYSTEM32\icm32.dll
0x000000006e9c0000 - 0x000000006ea1b000 	C:\Users\stump\AppData\Local\Temp\libgdxstump\19bf02c5\gdx-box2d64.dll

dbghelp: loaded successfully - version: 4.0.5 - missing functions: none
symbol engine: initialized successfully - sym options: 0x614 - pdb path: .;C:\Program Files\JetBrains\IntelliJ IDEA Community Edition 2019.2\jbr\bin;C:\WINDOWS\SYSTEM32;C:\WINDOWS\WinSxS\amd64_microsoft.windows.common-controls_6595b64144ccf1df_6.0.19041.1110_none_60b5254171f9507e;C:\Program Files\JetBrains\IntelliJ IDEA Community Edition 2019.2\jbr\bin\server;C:\Users\stump\AppData\Local\Temp\libgdxstump\6bae761b;C:\Users\stump\AppData\Local\Temp\libgdxstump\1cecf4f6;C:\WINDOWS\System32\DriverStore\FileRepository\u0354259.inf_amd64_9c1fcd1df26ce806\B354183;C:\Users\stump\AppData\Local\Temp\libgdxstump\19bf02c5

VM Arguments:
jvm_args: -Dfile.encoding=windows-1252 -Duser.country=US -Duser.language=en -Duser.variant 
java_command: com.mygdx.nextlevel.desktop.DesktopLauncher
java_class_path (initial): C:\Users\stump\Documents\School\Fall 2021\CS 307\Level-Up\Next Level\desktop\build\classes\java\main;C:\Users\stump\Documents\School\Fall 2021\CS 307\Level-Up\Next Level\desktop\build\resources\main;C:\Users\stump\.gradle\caches\modules-2\files-2.1\com.badlogicgames.gdx\gdx-backend-lwjgl\1.9.14\76d214441fa6faed9a4b9a2c02473f0d0a467a52\gdx-backend-lwjgl-1.9.14.jar;C:\Users\stump\.gradle\caches\modules-2\files-2.1\com.badlogicgames.gdx\gdx-platform\1.9.14\c972092618b729ebfec229c9214fb9e87861fb7a\gdx-platform-1.9.14-natives-desktop.jar;C:\Users\stump\.gradle\caches\modules-2\files-2.1\com.badlogicgames.gdx\gdx-box2d-platform\1.9.14\3c70a6038ec970ae49f96292ed48bd2a098a7f47\gdx-box2d-platform-1.9.14-natives-desktop.jar;C:\Users\stump\Documents\School\Fall 2021\CS 307\Level-Up\Next Level\core\build\libs\core-1.0.jar;C:\Users\stump\.gradle\caches\modules-2\files-2.1\com.badlogicgames.box2dlights\box2dlights\1.5\6902dbcd250c95a27973aa24a147a95b3828d348\box2dlights-1.5.jar;C:\Users\stump\.gradle\caches\modules-2\files-2.1\com.badlogicgames.gdx\gdx-box2d\1.9.14\1c52434c5c7ad1a19e08dcc53047eb1cd79b5e62\gdx-box2d-1.9.14.jar;C:\Users\stump\.gradle\caches\modules-2\files-2.1\com.kotcrab.vis\vis-ui\1.5.0\cf5f4d925657b14c50716417b1b207ab3a4b0008\vis-ui-1.5.0.jar;C:\Users\stump\.gradle\caches\modules-2\files-2.1\com.badlogicgames.gdx\gdx\1.10.0\74c240f79dc4fb6b766a834249600d0a019d0489\gdx-1.10.0.jar;C:\Users\stump\.gradle\caches\modules-2\files-2.1\org.lwjgl.lwjgl\lwjgl_util\2.9.3\751f06b62424da056954c67288fd5c494431e350\lwjgl_util-2.9.3.jar;C:\Users\stump\.gradle\caches\modules-2\files-2.1\org.lwjgl.lwjgl\lwjgl\2.9.3\3df168ac74e4a8c96562cdff24ad352e255bf89c\lwjgl-2.9.3.jar;C:\Users\stump\.gradle\caches\modules-2\files-2.1\com.badlogicgames.jlayer\jlayer\1.0.1-gdx\7cca83cec5c1b2f011362f4d85aabd71a73b049d\jlayer-1.0.1-gdx.jar;C:\Users\stump\.gradle\caches\modules-2\files-2.1\org.jcraft\jorbis\0.0.17\8872d22b293e8f5d7d56ff92be966e6dc28ebdc6\jorbis-0.0.17.j
Launcher Type: SUN_STANDARD

[Global flags]
     intx CICompilerCount                          = 4                                         {product} {ergonomic}
     uint ConcGCThreads                            = 2                                         {product} {ergonomic}
     uint G1ConcRefinementThreads                  = 8                                         {product} {ergonomic}
   size_t G1HeapRegionSize                         = 1048576                                   {product} {ergonomic}
    uintx GCDrainStackTargetSize                   = 64                                        {product} {ergonomic}
   size_t InitialHeapSize                          = 234881024                                 {product} {ergonomic}
   size_t MarkStackSize                            = 4194304                                   {product} {ergonomic}
   size_t MaxHeapSize                              = 3726639104                                {product} {ergonomic}
   size_t MaxNewSize                               = 2235564032                                {product} {ergonomic}
   size_t MinHeapDeltaBytes                        = 1048576                                   {product} {ergonomic}
    uintx NonNMethodCodeHeapSize                   = 5835340                                {pd product} {ergonomic}
    uintx NonProfiledCodeHeapSize                  = 122911450                              {pd product} {ergonomic}
    uintx ProfiledCodeHeapSize                     = 122911450                              {pd product} {ergonomic}
    uintx ReservedCodeCacheSize                    = 251658240                              {pd product} {ergonomic}
     bool SegmentedCodeCache                       = true                                      {product} {ergonomic}
     bool UseCompressedClassPointers               = true                                 {lp64_product} {ergonomic}
     bool UseCompressedOops                        = true                                 {lp64_product} {ergonomic}
     bool UseG1GC                                  = true                                      {product} {ergonomic}
     bool UseLargePagesIndividualAllocation        = false                                  {pd product} {ergonomic}

Logging:
Log output configuration:
 #0: stdout all=warning uptime,level,tags
 #1: stderr all=off uptime,level,tags

Environment Variables:
PATH=C:\Program Files\JetBrains\IntelliJ IDEA Community Edition 2019.2\jbr\\bin;C:\Program Files\JetBrains\IntelliJ IDEA Community Edition 2019.2\jbr\\bin\server;C:\Program Files (x86)\Common Files\Oracle\Java\javapath;C:\Program Files (x86)\Microsoft Visual Studio\Shared\Python37_64\Scripts\;C:\Program Files (x86)\Microsoft Visual Studio\Shared\Python37_64\;C:\WINDOWS\system32;C:\WINDOWS;C:\WINDOWS\System32\Wbem;C:\WINDOWS\System32\WindowsPowerShell\v1.0\;C:\WINDOWS\System32\OpenSSH\;C:\Program Files\dotnet\;C:\Program Files\Git\cmd;C:\Program Files\PuTTY\;C:\Program Files\PROS\toolchain\usr\bin;C:\Program Files\PROS\cquery;C:\Program Files\PROS\cli;C:\Users\stump\AppData\Local\Microsoft\WindowsApps;C:\Program Files\JetBrains\IntelliJ IDEA Community Edition 2019.2\bin;;C:\Users\stump\AppData\Local\Programs\Microsoft VS Code\bin;C:\Program Files\CMake\bin;C:\Users\stump\AppData\Local\Programs\MiKTeX\miktex\bin\x64\
USERNAME=stump
OS=Windows_NT
PROCESSOR_IDENTIFIER=AMD64 Family 23 Model 24 Stepping 1, AuthenticAMD



---------------  S Y S T E M  ---------------

OS: Windows 10 , 64 bit Build 19041 (10.0.19041.1202)

CPU:total 8 (initial active 8) (8 cores per cpu, 2 threads per core) family 23 model 24 stepping 1, cmov, cx8, fxsr, mmx, sse, sse2, sse3, ssse3, sse4.1, sse4.2, popcnt, avx, avx2, aes, clmul, mmxext, 3dnowpref, lzcnt, sse4a, ht, tsc, tscinvbit, tscinv, bmi1, bmi2, adx, sha, fma

Memory: 4k page, system-wide physical 14212M (7504M free)
TotalPageFile size 17936M (AvailPageFile size 8038M)
current process WorkingSet (physical memory assigned to process): 176M, peak: 182M
current process commit charge ("private bytes"): 828M, peak: 830M

vm_info: OpenJDK 64-Bit Server VM (11.0.3+12-b304.10) for windows-amd64 JRE (11.0.3+12-b304.10), built on Jun 25 2019 07:10:45 by "" with MS VC++ 14.0 (VS2015)

END.
